[0.066s] Invoking command in '/home/sunrise/motor_ws/build/receive_msg': CMAKE_PREFIX_PATH=${CMAKE_PREFIX_PATH}:/home/sunrise/motor_ws/install/motor_state:/home/sunrise/motor_ws/install/motor_control:/opt/tros/humble:/opt/ros/humble /usr/bin/cmake --build /home/sunrise/motor_ws/build/receive_msg -- -j8 -l8
[0.328s] [  9%] Built target receive_msg__rosidl_generator_c
[0.331s] [ 12%] Built target receive_msg__cpp
[0.418s] [ 12%] Built target ament_cmake_python_copy_receive_msg
[0.515s] [ 22%] Built target receive_msg__rosidl_typesupport_introspection_c
[0.519s] [ 32%] Built target receive_msg__rosidl_typesupport_c
[0.533s] [ 41%] Built target receive_msg__rosidl_typesupport_fastrtps_cpp
[0.539s] [ 51%] Built target receive_msg__rosidl_typesupport_fastrtps_c
[0.541s] [ 61%] Built target receive_msg__rosidl_typesupport_introspection_cpp
[0.588s] [ 70%] Built target receive_msg__rosidl_typesupport_cpp
[0.690s] [ 70%] Built target receive_msg
[0.786s] [ 74%] Built target receive_msg__py
[0.902s] [ 80%] Built target receive_msg__rosidl_generator_py
[1.064s] [ 93%] Built target receive_msg__rosidl_typesupport_fastrtps_c__pyext
[1.065s] [ 93%] Built target receive_msg__rosidl_typesupport_introspection_c__pyext
[1.072s] [100%] Built target receive_msg__rosidl_typesupport_c__pyext
[2.155s] running egg_info
[2.160s] writing receive_msg.egg-info/PKG-INFO
[2.163s] writing dependency_links to receive_msg.egg-info/dependency_links.txt
[2.163s] writing top-level names to receive_msg.egg-info/top_level.txt
[2.179s] reading manifest file 'receive_msg.egg-info/SOURCES.txt'
[2.183s] writing manifest file 'receive_msg.egg-info/SOURCES.txt'
[2.419s] [100%] Built target ament_cmake_python_build_receive_msg_egg
[2.510s] Invoked command in '/home/sunrise/motor_ws/build/receive_msg' returned '0': CMAKE_PREFIX_PATH=${CMAKE_PREFIX_PATH}:/home/sunrise/motor_ws/install/motor_state:/home/sunrise/motor_ws/install/motor_control:/opt/tros/humble:/opt/ros/humble /usr/bin/cmake --build /home/sunrise/motor_ws/build/receive_msg -- -j8 -l8
[2.518s] Invoking command in '/home/sunrise/motor_ws/build/receive_msg': CMAKE_PREFIX_PATH=${CMAKE_PREFIX_PATH}:/home/sunrise/motor_ws/install/motor_state:/home/sunrise/motor_ws/install/motor_control:/opt/tros/humble:/opt/ros/humble /usr/bin/cmake --install /home/sunrise/motor_ws/build/receive_msg
[2.582s] -- Install configuration: ""
[2.582s] -- Up-to-date: /home/sunrise/motor_ws/install/receive_msg/share/ament_index/resource_index/rosidl_interfaces/receive_msg
[2.583s] -- Up-to-date: /home/sunrise/motor_ws/install/receive_msg/include/receive_msg/receive_msg
[2.584s] -- Up-to-date: /home/sunrise/motor_ws/install/receive_msg/include/receive_msg/receive_msg/msg
[2.586s] -- Up-to-date: /home/sunrise/motor_ws/install/receive_msg/include/receive_msg/receive_msg/msg/receive.h
[2.587s] -- Up-to-date: /home/sunrise/motor_ws/install/receive_msg/include/receive_msg/receive_msg/msg/detail
[2.587s] -- Up-to-date: /home/sunrise/motor_ws/install/receive_msg/include/receive_msg/receive_msg/msg/detail/receive__struct.h
[2.588s] -- Up-to-date: /home/sunrise/motor_ws/install/receive_msg/include/receive_msg/receive_msg/msg/detail/receive__functions.c
[2.589s] -- Up-to-date: /home/sunrise/motor_ws/install/receive_msg/include/receive_msg/receive_msg/msg/detail/receive__functions.h
[2.591s] -- Up-to-date: /home/sunrise/motor_ws/install/receive_msg/include/receive_msg/receive_msg/msg/detail/receive__type_support.h
[2.591s] -- Up-to-date: /home/sunrise/motor_ws/install/receive_msg/include/receive_msg/receive_msg/msg/rosidl_generator_c__visibility_control.h
[2.592s] -- Up-to-date: /home/sunrise/motor_ws/install/receive_msg/share/receive_msg/environment/library_path.sh
[2.593s] -- Up-to-date: /home/sunrise/motor_ws/install/receive_msg/share/receive_msg/environment/library_path.dsv
[2.594s] -- Up-to-date: /home/sunrise/motor_ws/install/receive_msg/lib/libreceive_msg__rosidl_generator_c.so
[2.595s] -- Up-to-date: /home/sunrise/motor_ws/install/receive_msg/include/receive_msg/receive_msg
[2.596s] -- Up-to-date: /home/sunrise/motor_ws/install/receive_msg/include/receive_msg/receive_msg/msg
[2.598s] -- Up-to-date: /home/sunrise/motor_ws/install/receive_msg/include/receive_msg/receive_msg/msg/rosidl_typesupport_fastrtps_c__visibility_control.h
[2.599s] -- Up-to-date: /home/sunrise/motor_ws/install/receive_msg/include/receive_msg/receive_msg/msg/detail
[2.599s] -- Up-to-date: /home/sunrise/motor_ws/install/receive_msg/include/receive_msg/receive_msg/msg/detail/receive__rosidl_typesupport_fastrtps_c.h
[2.602s] -- Up-to-date: /home/sunrise/motor_ws/install/receive_msg/lib/libreceive_msg__rosidl_typesupport_fastrtps_c.so
[2.603s] -- Up-to-date: /home/sunrise/motor_ws/install/receive_msg/include/receive_msg/receive_msg
[2.603s] -- Up-to-date: /home/sunrise/motor_ws/install/receive_msg/include/receive_msg/receive_msg/msg
[2.604s] -- Up-to-date: /home/sunrise/motor_ws/install/receive_msg/include/receive_msg/receive_msg/msg/rosidl_typesupport_introspection_c__visibility_control.h
[2.605s] -- Up-to-date: /home/sunrise/motor_ws/install/receive_msg/include/receive_msg/receive_msg/msg/detail
[2.607s] -- Up-to-date: /home/sunrise/motor_ws/install/receive_msg/include/receive_msg/receive_msg/msg/detail/receive__rosidl_typesupport_introspection_c.h
[2.607s] -- Up-to-date: /home/sunrise/motor_ws/install/receive_msg/include/receive_msg/receive_msg/msg/detail/receive__type_support.c
[2.609s] -- Up-to-date: /home/sunrise/motor_ws/install/receive_msg/lib/libreceive_msg__rosidl_typesupport_introspection_c.so
[2.611s] -- Up-to-date: /home/sunrise/motor_ws/install/receive_msg/lib/libreceive_msg__rosidl_typesupport_c.so
[2.618s] -- Up-to-date: /home/sunrise/motor_ws/install/receive_msg/include/receive_msg/receive_msg
[2.619s] -- Up-to-date: /home/sunrise/motor_ws/install/receive_msg/include/receive_msg/receive_msg/msg
[2.620s] -- Up-to-date: /home/sunrise/motor_ws/install/receive_msg/include/receive_msg/receive_msg/msg/receive.hpp
[2.621s] -- Up-to-date: /home/sunrise/motor_ws/install/receive_msg/include/receive_msg/receive_msg/msg/rosidl_generator_cpp__visibility_control.hpp
[2.621s] -- Up-to-date: /home/sunrise/motor_ws/install/receive_msg/include/receive_msg/receive_msg/msg/detail
[2.622s] -- Up-to-date: /home/sunrise/motor_ws/install/receive_msg/include/receive_msg/receive_msg/msg/detail/receive__struct.hpp
[2.623s] -- Up-to-date: /home/sunrise/motor_ws/install/receive_msg/include/receive_msg/receive_msg/msg/detail/receive__type_support.hpp
[2.623s] -- Up-to-date: /home/sunrise/motor_ws/install/receive_msg/include/receive_msg/receive_msg/msg/detail/receive__traits.hpp
[2.624s] -- Up-to-date: /home/sunrise/motor_ws/install/receive_msg/include/receive_msg/receive_msg/msg/detail/receive__builder.hpp
[2.625s] -- Up-to-date: /home/sunrise/motor_ws/install/receive_msg/include/receive_msg/receive_msg
[2.626s] -- Up-to-date: /home/sunrise/motor_ws/install/receive_msg/include/receive_msg/receive_msg/msg
[2.626s] -- Up-to-date: /home/sunrise/motor_ws/install/receive_msg/include/receive_msg/receive_msg/msg/detail
[2.627s] -- Up-to-date: /home/sunrise/motor_ws/install/receive_msg/include/receive_msg/receive_msg/msg/detail/dds_fastrtps
[2.628s] -- Up-to-date: /home/sunrise/motor_ws/install/receive_msg/include/receive_msg/receive_msg/msg/detail/receive__rosidl_typesupport_fastrtps_cpp.hpp
[2.628s] -- Up-to-date: /home/sunrise/motor_ws/install/receive_msg/include/receive_msg/receive_msg/msg/rosidl_typesupport_fastrtps_cpp__visibility_control.h
[2.629s] -- Up-to-date: /home/sunrise/motor_ws/install/receive_msg/lib/libreceive_msg__rosidl_typesupport_fastrtps_cpp.so
[2.630s] -- Up-to-date: /home/sunrise/motor_ws/install/receive_msg/include/receive_msg/receive_msg
[2.630s] -- Up-to-date: /home/sunrise/motor_ws/install/receive_msg/include/receive_msg/receive_msg/msg
[2.631s] -- Up-to-date: /home/sunrise/motor_ws/install/receive_msg/include/receive_msg/receive_msg/msg/detail
[2.632s] -- Up-to-date: /home/sunrise/motor_ws/install/receive_msg/include/receive_msg/receive_msg/msg/detail/receive__type_support.cpp
[2.632s] -- Up-to-date: /home/sunrise/motor_ws/install/receive_msg/include/receive_msg/receive_msg/msg/detail/receive__rosidl_typesupport_introspection_cpp.hpp
[2.633s] -- Up-to-date: /home/sunrise/motor_ws/install/receive_msg/lib/libreceive_msg__rosidl_typesupport_introspection_cpp.so
[2.634s] -- Up-to-date: /home/sunrise/motor_ws/install/receive_msg/lib/libreceive_msg__rosidl_typesupport_cpp.so
[2.634s] -- Up-to-date: /home/sunrise/motor_ws/install/receive_msg/share/receive_msg/environment/pythonpath.sh
[2.635s] -- Up-to-date: /home/sunrise/motor_ws/install/receive_msg/share/receive_msg/environment/pythonpath.dsv
[2.636s] -- Up-to-date: /home/sunrise/motor_ws/install/receive_msg/local/lib/python3.10/dist-packages/receive_msg-0.0.0-py3.10.egg-info
[2.636s] -- Installing: /home/sunrise/motor_ws/install/receive_msg/local/lib/python3.10/dist-packages/receive_msg-0.0.0-py3.10.egg-info/SOURCES.txt
[2.637s] -- Installing: /home/sunrise/motor_ws/install/receive_msg/local/lib/python3.10/dist-packages/receive_msg-0.0.0-py3.10.egg-info/top_level.txt
[2.637s] -- Installing: /home/sunrise/motor_ws/install/receive_msg/local/lib/python3.10/dist-packages/receive_msg-0.0.0-py3.10.egg-info/dependency_links.txt
[2.638s] -- Installing: /home/sunrise/motor_ws/install/receive_msg/local/lib/python3.10/dist-packages/receive_msg-0.0.0-py3.10.egg-info/PKG-INFO
[2.639s] -- Up-to-date: /home/sunrise/motor_ws/install/receive_msg/local/lib/python3.10/dist-packages/receive_msg
[2.639s] -- Up-to-date: /home/sunrise/motor_ws/install/receive_msg/local/lib/python3.10/dist-packages/receive_msg/_receive_msg_s.ep.rosidl_typesupport_introspection_c.c
[2.640s] -- Up-to-date: /home/sunrise/motor_ws/install/receive_msg/local/lib/python3.10/dist-packages/receive_msg/receive_msg_s__rosidl_typesupport_c.cpython-310-aarch64-linux-gnu.so
[2.640s] -- Up-to-date: /home/sunrise/motor_ws/install/receive_msg/local/lib/python3.10/dist-packages/receive_msg/receive_msg_s__rosidl_typesupport_fastrtps_c.cpython-310-aarch64-linux-gnu.so
[2.641s] -- Up-to-date: /home/sunrise/motor_ws/install/receive_msg/local/lib/python3.10/dist-packages/receive_msg/receive_msg_s__rosidl_typesupport_introspection_c.cpython-310-aarch64-linux-gnu.so
[2.641s] -- Up-to-date: /home/sunrise/motor_ws/install/receive_msg/local/lib/python3.10/dist-packages/receive_msg/libreceive_msg__rosidl_generator_py.so
[2.642s] -- Up-to-date: /home/sunrise/motor_ws/install/receive_msg/local/lib/python3.10/dist-packages/receive_msg/_receive_msg_s.ep.rosidl_typesupport_c.c
[2.643s] -- Up-to-date: /home/sunrise/motor_ws/install/receive_msg/local/lib/python3.10/dist-packages/receive_msg/msg
[2.643s] -- Up-to-date: /home/sunrise/motor_ws/install/receive_msg/local/lib/python3.10/dist-packages/receive_msg/msg/_receive.py
[2.644s] -- Up-to-date: /home/sunrise/motor_ws/install/receive_msg/local/lib/python3.10/dist-packages/receive_msg/msg/_receive_s.c
[2.644s] -- Up-to-date: /home/sunrise/motor_ws/install/receive_msg/local/lib/python3.10/dist-packages/receive_msg/msg/__init__.py
[2.645s] -- Up-to-date: /home/sunrise/motor_ws/install/receive_msg/local/lib/python3.10/dist-packages/receive_msg/_receive_msg_s.ep.rosidl_typesupport_fastrtps_c.c
[2.645s] -- Up-to-date: /home/sunrise/motor_ws/install/receive_msg/local/lib/python3.10/dist-packages/receive_msg/__init__.py
[2.793s] Listing '/home/sunrise/motor_ws/install/receive_msg/local/lib/python3.10/dist-packages/receive_msg'...
[2.794s] Listing '/home/sunrise/motor_ws/install/receive_msg/local/lib/python3.10/dist-packages/receive_msg/msg'...
[2.839s] -- Up-to-date: /home/sunrise/motor_ws/install/receive_msg/local/lib/python3.10/dist-packages/receive_msg/receive_msg_s__rosidl_typesupport_fastrtps_c.cpython-310-aarch64-linux-gnu.so
[2.840s] -- Up-to-date: /home/sunrise/motor_ws/install/receive_msg/local/lib/python3.10/dist-packages/receive_msg/receive_msg_s__rosidl_typesupport_introspection_c.cpython-310-aarch64-linux-gnu.so
[2.841s] -- Up-to-date: /home/sunrise/motor_ws/install/receive_msg/local/lib/python3.10/dist-packages/receive_msg/receive_msg_s__rosidl_typesupport_c.cpython-310-aarch64-linux-gnu.so
[2.845s] -- Up-to-date: /home/sunrise/motor_ws/install/receive_msg/lib/libreceive_msg__rosidl_generator_py.so
[2.846s] -- Up-to-date: /home/sunrise/motor_ws/install/receive_msg/share/receive_msg/msg/Receive.idl
[2.847s] -- Up-to-date: /home/sunrise/motor_ws/install/receive_msg/share/receive_msg/msg/Receive.msg
[2.850s] -- Up-to-date: /home/sunrise/motor_ws/install/receive_msg/share/ament_index/resource_index/package_run_dependencies/receive_msg
[2.851s] -- Up-to-date: /home/sunrise/motor_ws/install/receive_msg/share/ament_index/resource_index/parent_prefix_path/receive_msg
[2.853s] -- Up-to-date: /home/sunrise/motor_ws/install/receive_msg/share/receive_msg/environment/ament_prefix_path.sh
[2.854s] -- Up-to-date: /home/sunrise/motor_ws/install/receive_msg/share/receive_msg/environment/ament_prefix_path.dsv
[2.855s] -- Up-to-date: /home/sunrise/motor_ws/install/receive_msg/share/receive_msg/environment/path.sh
[2.857s] -- Up-to-date: /home/sunrise/motor_ws/install/receive_msg/share/receive_msg/environment/path.dsv
[2.858s] -- Up-to-date: /home/sunrise/motor_ws/install/receive_msg/share/receive_msg/local_setup.bash
[2.860s] -- Up-to-date: /home/sunrise/motor_ws/install/receive_msg/share/receive_msg/local_setup.sh
[2.861s] -- Up-to-date: /home/sunrise/motor_ws/install/receive_msg/share/receive_msg/local_setup.zsh
[2.862s] -- Up-to-date: /home/sunrise/motor_ws/install/receive_msg/share/receive_msg/local_setup.dsv
[2.863s] -- Installing: /home/sunrise/motor_ws/install/receive_msg/share/receive_msg/package.dsv
[2.865s] -- Up-to-date: /home/sunrise/motor_ws/install/receive_msg/share/ament_index/resource_index/packages/receive_msg
[2.871s] -- Up-to-date: /home/sunrise/motor_ws/install/receive_msg/share/receive_msg/cmake/export_receive_msg__rosidl_generator_cExport.cmake
[2.872s] -- Up-to-date: /home/sunrise/motor_ws/install/receive_msg/share/receive_msg/cmake/export_receive_msg__rosidl_generator_cExport-noconfig.cmake
[2.877s] -- Up-to-date: /home/sunrise/motor_ws/install/receive_msg/share/receive_msg/cmake/export_receive_msg__rosidl_typesupport_fastrtps_cExport.cmake
[2.880s] -- Up-to-date: /home/sunrise/motor_ws/install/receive_msg/share/receive_msg/cmake/export_receive_msg__rosidl_typesupport_fastrtps_cExport-noconfig.cmake
[2.883s] -- Up-to-date: /home/sunrise/motor_ws/install/receive_msg/share/receive_msg/cmake/receive_msg__rosidl_typesupport_introspection_cExport.cmake
[2.885s] -- Up-to-date: /home/sunrise/motor_ws/install/receive_msg/share/receive_msg/cmake/receive_msg__rosidl_typesupport_introspection_cExport-noconfig.cmake
[2.889s] -- Up-to-date: /home/sunrise/motor_ws/install/receive_msg/share/receive_msg/cmake/receive_msg__rosidl_typesupport_cExport.cmake
[2.890s] -- Up-to-date: /home/sunrise/motor_ws/install/receive_msg/share/receive_msg/cmake/receive_msg__rosidl_typesupport_cExport-noconfig.cmake
[2.893s] -- Up-to-date: /home/sunrise/motor_ws/install/receive_msg/share/receive_msg/cmake/export_receive_msg__rosidl_generator_cppExport.cmake
[2.895s] -- Up-to-date: /home/sunrise/motor_ws/install/receive_msg/share/receive_msg/cmake/export_receive_msg__rosidl_typesupport_fastrtps_cppExport.cmake
[2.896s] -- Up-to-date: /home/sunrise/motor_ws/install/receive_msg/share/receive_msg/cmake/export_receive_msg__rosidl_typesupport_fastrtps_cppExport-noconfig.cmake
[2.899s] -- Up-to-date: /home/sunrise/motor_ws/install/receive_msg/share/receive_msg/cmake/receive_msg__rosidl_typesupport_introspection_cppExport.cmake
[2.900s] -- Up-to-date: /home/sunrise/motor_ws/install/receive_msg/share/receive_msg/cmake/receive_msg__rosidl_typesupport_introspection_cppExport-noconfig.cmake
[2.904s] -- Up-to-date: /home/sunrise/motor_ws/install/receive_msg/share/receive_msg/cmake/receive_msg__rosidl_typesupport_cppExport.cmake
[2.904s] -- Up-to-date: /home/sunrise/motor_ws/install/receive_msg/share/receive_msg/cmake/receive_msg__rosidl_typesupport_cppExport-noconfig.cmake
[2.913s] -- Up-to-date: /home/sunrise/motor_ws/install/receive_msg/share/receive_msg/cmake/export_receive_msg__rosidl_generator_pyExport.cmake
[2.914s] -- Up-to-date: /home/sunrise/motor_ws/install/receive_msg/share/receive_msg/cmake/export_receive_msg__rosidl_generator_pyExport-noconfig.cmake
[2.916s] -- Up-to-date: /home/sunrise/motor_ws/install/receive_msg/share/receive_msg/cmake/rosidl_cmake-extras.cmake
[2.919s] -- Up-to-date: /home/sunrise/motor_ws/install/receive_msg/share/receive_msg/cmake/ament_cmake_export_dependencies-extras.cmake
[2.920s] -- Up-to-date: /home/sunrise/motor_ws/install/receive_msg/share/receive_msg/cmake/ament_cmake_export_include_directories-extras.cmake
[2.921s] -- Up-to-date: /home/sunrise/motor_ws/install/receive_msg/share/receive_msg/cmake/ament_cmake_export_libraries-extras.cmake
[2.922s] -- Up-to-date: /home/sunrise/motor_ws/install/receive_msg/share/receive_msg/cmake/ament_cmake_export_targets-extras.cmake
[2.923s] -- Up-to-date: /home/sunrise/motor_ws/install/receive_msg/share/receive_msg/cmake/rosidl_cmake_export_typesupport_targets-extras.cmake
[2.925s] -- Up-to-date: /home/sunrise/motor_ws/install/receive_msg/share/receive_msg/cmake/rosidl_cmake_export_typesupport_libraries-extras.cmake
[2.928s] -- Up-to-date: /home/sunrise/motor_ws/install/receive_msg/share/receive_msg/cmake/receive_msgConfig.cmake
[2.928s] -- Up-to-date: /home/sunrise/motor_ws/install/receive_msg/share/receive_msg/cmake/receive_msgConfig-version.cmake
[2.930s] -- Up-to-date: /home/sunrise/motor_ws/install/receive_msg/share/receive_msg/package.xml
[2.945s] Invoked command in '/home/sunrise/motor_ws/build/receive_msg' returned '0': CMAKE_PREFIX_PATH=${CMAKE_PREFIX_PATH}:/home/sunrise/motor_ws/install/motor_state:/home/sunrise/motor_ws/install/motor_control:/opt/tros/humble:/opt/ros/humble /usr/bin/cmake --install /home/sunrise/motor_ws/build/receive_msg
