[4.146s] Invoking command in '/home/sunrise/flask_robot_arm/src/httpController': CONDA_PROMPT_MODIFIER=(base) PYTHONPATH=/home/sunrise/flask_robot_arm/build/httpController/prefix_override:/usr/lib/python3/dist-packages/colcon_core/task/python/colcon_distutils_commands:/home/sunrise/flask_robot_arm/install/httpController/lib/python3.10/site-packages:${PYTHONPATH} /usr/bin/python3 -W ignore:setup.py install is deprecated -W ignore:easy_install command is deprecated setup.py egg_info --egg-base ../../build/httpController build --build-base /home/sunrise/flask_robot_arm/build/httpController/build install --record /home/sunrise/flask_robot_arm/build/httpController/install.log --single-version-externally-managed install_data
[5.661s] running egg_info
[5.665s] writing ../../build/httpController/httpController.egg-info/PKG-INFO
[5.666s] writing dependency_links to ../../build/httpController/httpController.egg-info/dependency_links.txt
[5.667s] writing entry points to ../../build/httpController/httpController.egg-info/entry_points.txt
[5.667s] writing requirements to ../../build/httpController/httpController.egg-info/requires.txt
[5.668s] writing top-level names to ../../build/httpController/httpController.egg-info/top_level.txt
[5.681s] reading manifest file '../../build/httpController/httpController.egg-info/SOURCES.txt'
[5.686s] writing manifest file '../../build/httpController/httpController.egg-info/SOURCES.txt'
[5.687s] running build
[5.688s] running build_py
[5.688s] copying httpController/httpController.py -> /home/sunrise/flask_robot_arm/build/httpController/build/lib/httpController
[5.689s] running install
[5.691s] running install_lib
[5.695s] copying /home/sunrise/flask_robot_arm/build/httpController/build/lib/httpController/httpController.py -> /home/sunrise/flask_robot_arm/install/httpController/lib/python3.10/site-packages/httpController
[5.698s] byte-compiling /home/sunrise/flask_robot_arm/install/httpController/lib/python3.10/site-packages/httpController/httpController.py to httpController.cpython-310.pyc
[5.725s] running install_data
[5.726s] running install_egg_info
[5.735s] removing '/home/sunrise/flask_robot_arm/install/httpController/lib/python3.10/site-packages/httpController-0.0.0-py3.10.egg-info' (and everything under it)
[5.737s] Copying ../../build/httpController/httpController.egg-info to /home/sunrise/flask_robot_arm/install/httpController/lib/python3.10/site-packages/httpController-0.0.0-py3.10.egg-info
[5.742s] running install_scripts
[5.862s] Installing httpController script to /home/sunrise/flask_robot_arm/install/httpController/lib/httpController
[5.864s] writing list of installed files to '/home/sunrise/flask_robot_arm/build/httpController/install.log'
[6.077s] Invoked command in '/home/sunrise/flask_robot_arm/src/httpController' returned '0': CONDA_PROMPT_MODIFIER=(base) PYTHONPATH=/home/sunrise/flask_robot_arm/build/httpController/prefix_override:/usr/lib/python3/dist-packages/colcon_core/task/python/colcon_distutils_commands:/home/sunrise/flask_robot_arm/install/httpController/lib/python3.10/site-packages:${PYTHONPATH} /usr/bin/python3 -W ignore:setup.py install is deprecated -W ignore:easy_install command is deprecated setup.py egg_info --egg-base ../../build/httpController build --build-base /home/sunrise/flask_robot_arm/build/httpController/build install --record /home/sunrise/flask_robot_arm/build/httpController/install.log --single-version-externally-managed install_data
