[0.654s] DEBUG:colcon:Command line arguments: ['/usr/bin/colcon', 'build', '--packages-select', 'motor_state']
[0.655s] DEBUG:colcon:Parsed command line arguments: Namespace(log_base=None, log_level=None, verb_name='build', build_base='build', install_base='install', merge_install=False, symlink_install=False, test_result_base=None, continue_on_error=False, executor='parallel', parallel_workers=8, event_handlers=None, ignore_user_meta=False, metas=['./colcon.meta'], base_paths=['.'], packages_ignore=None, packages_ignore_regex=None, paths=None, packages_up_to=None, packages_up_to_regex=None, packages_above=None, packages_above_and_dependencies=None, packages_above_depth=None, packages_select_by_dep=None, packages_skip_by_dep=None, packages_skip_up_to=None, packages_select_build_failed=False, packages_skip_build_finished=False, packages_select_test_failures=False, packages_skip_test_passed=False, packages_select=['motor_state'], packages_skip=None, packages_select_regex=None, packages_skip_regex=None, packages_start=None, packages_end=None, allow_overriding=[], cmake_args=None, cmake_target=None, cmake_target_skip_unavailable=False, cmake_clean_cache=False, cmake_clean_first=False, cmake_force_configure=False, ament_cmake_args=None, catkin_cmake_args=None, catkin_skip_building_tests=False, mixin_files=None, mixin=None, verb_parser=<colcon_mixin.mixin.mixin_argument.MixinArgumentDecorator object at 0xffff9e5a9fc0>, verb_extension=<colcon_core.verb.build.BuildVerb object at 0xffff9e6a3eb0>, main=<bound method BuildVerb.main of <colcon_core.verb.build.BuildVerb object at 0xffff9e6a3eb0>>, mixin_verb=('build',))
[1.650s] Level 1:colcon.colcon_core.package_discovery:discover_packages(colcon_meta) check parameters
[1.650s] Level 1:colcon.colcon_core.package_discovery:discover_packages(recursive) check parameters
[1.651s] Level 1:colcon.colcon_core.package_discovery:discover_packages(ignore) check parameters
[1.651s] Level 1:colcon.colcon_core.package_discovery:discover_packages(path) check parameters
[1.651s] Level 1:colcon.colcon_core.package_discovery:discover_packages(colcon_meta) discover
[1.651s] Level 1:colcon.colcon_core.package_discovery:discover_packages(recursive) discover
[1.652s] INFO:colcon.colcon_core.package_discovery:Crawling recursively for packages in '/home/sunrise/motor_ws'
[1.652s] Level 1:colcon.colcon_core.package_identification:_identify(.) by extensions ['ignore', 'ignore_ament_install']
[1.653s] Level 1:colcon.colcon_core.package_identification:_identify(.) by extension 'ignore'
[1.653s] Level 1:colcon.colcon_core.package_identification:_identify(.) by extension 'ignore_ament_install'
[1.653s] Level 1:colcon.colcon_core.package_identification:_identify(.) by extensions ['colcon_pkg']
[1.654s] Level 1:colcon.colcon_core.package_identification:_identify(.) by extension 'colcon_pkg'
[1.654s] Level 1:colcon.colcon_core.package_identification:_identify(.) by extensions ['colcon_meta']
[1.654s] Level 1:colcon.colcon_core.package_identification:_identify(.) by extension 'colcon_meta'
[1.654s] Level 1:colcon.colcon_core.package_identification:_identify(.) by extensions ['ros']
[1.654s] Level 1:colcon.colcon_core.package_identification:_identify(.) by extension 'ros'
[1.729s] Level 1:colcon.colcon_core.package_identification:_identify(.) by extensions ['cmake', 'python']
[1.730s] Level 1:colcon.colcon_core.package_identification:_identify(.) by extension 'cmake'
[1.730s] Level 1:colcon.colcon_core.package_identification:_identify(.) by extension 'python'
[1.730s] Level 1:colcon.colcon_core.package_identification:_identify(.) by extensions ['python_setup_py']
[1.730s] Level 1:colcon.colcon_core.package_identification:_identify(.) by extension 'python_setup_py'
[1.731s] Level 1:colcon.colcon_core.package_identification:_identify(build) by extensions ['ignore', 'ignore_ament_install']
[1.731s] Level 1:colcon.colcon_core.package_identification:_identify(build) by extension 'ignore'
[1.732s] Level 1:colcon.colcon_core.package_identification:_identify(build) ignored
[1.732s] Level 1:colcon.colcon_core.package_identification:_identify(install) by extensions ['ignore', 'ignore_ament_install']
[1.733s] Level 1:colcon.colcon_core.package_identification:_identify(install) by extension 'ignore'
[1.733s] Level 1:colcon.colcon_core.package_identification:_identify(install) ignored
[1.734s] Level 1:colcon.colcon_core.package_identification:_identify(log) by extensions ['ignore', 'ignore_ament_install']
[1.734s] Level 1:colcon.colcon_core.package_identification:_identify(log) by extension 'ignore'
[1.734s] Level 1:colcon.colcon_core.package_identification:_identify(log) ignored
[1.735s] Level 1:colcon.colcon_core.package_identification:_identify(src) by extensions ['ignore', 'ignore_ament_install']
[1.735s] Level 1:colcon.colcon_core.package_identification:_identify(src) by extension 'ignore'
[1.736s] Level 1:colcon.colcon_core.package_identification:_identify(src) by extension 'ignore_ament_install'
[1.736s] Level 1:colcon.colcon_core.package_identification:_identify(src) by extensions ['colcon_pkg']
[1.736s] Level 1:colcon.colcon_core.package_identification:_identify(src) by extension 'colcon_pkg'
[1.736s] Level 1:colcon.colcon_core.package_identification:_identify(src) by extensions ['colcon_meta']
[1.737s] Level 1:colcon.colcon_core.package_identification:_identify(src) by extension 'colcon_meta'
[1.737s] Level 1:colcon.colcon_core.package_identification:_identify(src) by extensions ['ros']
[1.737s] Level 1:colcon.colcon_core.package_identification:_identify(src) by extension 'ros'
[1.738s] Level 1:colcon.colcon_core.package_identification:_identify(src) by extensions ['cmake', 'python']
[1.738s] Level 1:colcon.colcon_core.package_identification:_identify(src) by extension 'cmake'
[1.738s] Level 1:colcon.colcon_core.package_identification:_identify(src) by extension 'python'
[1.738s] Level 1:colcon.colcon_core.package_identification:_identify(src) by extensions ['python_setup_py']
[1.739s] Level 1:colcon.colcon_core.package_identification:_identify(src) by extension 'python_setup_py'
[1.739s] Level 1:colcon.colcon_core.package_identification:_identify(src/motor_control) by extensions ['ignore', 'ignore_ament_install']
[1.740s] Level 1:colcon.colcon_core.package_identification:_identify(src/motor_control) by extension 'ignore'
[1.740s] Level 1:colcon.colcon_core.package_identification:_identify(src/motor_control) by extension 'ignore_ament_install'
[1.740s] Level 1:colcon.colcon_core.package_identification:_identify(src/motor_control) by extensions ['colcon_pkg']
[1.741s] Level 1:colcon.colcon_core.package_identification:_identify(src/motor_control) by extension 'colcon_pkg'
[1.741s] Level 1:colcon.colcon_core.package_identification:_identify(src/motor_control) by extensions ['colcon_meta']
[1.741s] Level 1:colcon.colcon_core.package_identification:_identify(src/motor_control) by extension 'colcon_meta'
[1.741s] Level 1:colcon.colcon_core.package_identification:_identify(src/motor_control) by extensions ['ros']
[1.742s] Level 1:colcon.colcon_core.package_identification:_identify(src/motor_control) by extension 'ros'
[1.756s] DEBUG:colcon.colcon_core.package_identification:Package 'src/motor_control' with type 'ros.ament_python' and name 'motor_control'
[1.757s] Level 1:colcon.colcon_core.package_identification:_identify(src/motor_msg) by extensions ['ignore', 'ignore_ament_install']
[1.757s] Level 1:colcon.colcon_core.package_identification:_identify(src/motor_msg) by extension 'ignore'
[1.757s] Level 1:colcon.colcon_core.package_identification:_identify(src/motor_msg) by extension 'ignore_ament_install'
[1.758s] Level 1:colcon.colcon_core.package_identification:_identify(src/motor_msg) by extensions ['colcon_pkg']
[1.758s] Level 1:colcon.colcon_core.package_identification:_identify(src/motor_msg) by extension 'colcon_pkg'
[1.758s] Level 1:colcon.colcon_core.package_identification:_identify(src/motor_msg) by extensions ['colcon_meta']
[1.758s] Level 1:colcon.colcon_core.package_identification:_identify(src/motor_msg) by extension 'colcon_meta'
[1.759s] Level 1:colcon.colcon_core.package_identification:_identify(src/motor_msg) by extensions ['ros']
[1.759s] Level 1:colcon.colcon_core.package_identification:_identify(src/motor_msg) by extension 'ros'
[1.763s] DEBUG:colcon.colcon_core.package_identification:Package 'src/motor_msg' with type 'ros.ament_cmake' and name 'motor_msg'
[1.764s] Level 1:colcon.colcon_core.package_identification:_identify(src/motor_state) by extensions ['ignore', 'ignore_ament_install']
[1.764s] Level 1:colcon.colcon_core.package_identification:_identify(src/motor_state) by extension 'ignore'
[1.765s] Level 1:colcon.colcon_core.package_identification:_identify(src/motor_state) by extension 'ignore_ament_install'
[1.765s] Level 1:colcon.colcon_core.package_identification:_identify(src/motor_state) by extensions ['colcon_pkg']
[1.765s] Level 1:colcon.colcon_core.package_identification:_identify(src/motor_state) by extension 'colcon_pkg'
[1.766s] Level 1:colcon.colcon_core.package_identification:_identify(src/motor_state) by extensions ['colcon_meta']
[1.766s] Level 1:colcon.colcon_core.package_identification:_identify(src/motor_state) by extension 'colcon_meta'
[1.766s] Level 1:colcon.colcon_core.package_identification:_identify(src/motor_state) by extensions ['ros']
[1.766s] Level 1:colcon.colcon_core.package_identification:_identify(src/motor_state) by extension 'ros'
[1.770s] DEBUG:colcon.colcon_core.package_identification:Package 'src/motor_state' with type 'ros.ament_python' and name 'motor_state'
[1.771s] Level 1:colcon.colcon_core.package_identification:_identify(src/receive_msg) by extensions ['ignore', 'ignore_ament_install']
[1.771s] Level 1:colcon.colcon_core.package_identification:_identify(src/receive_msg) by extension 'ignore'
[1.772s] Level 1:colcon.colcon_core.package_identification:_identify(src/receive_msg) by extension 'ignore_ament_install'
[1.772s] Level 1:colcon.colcon_core.package_identification:_identify(src/receive_msg) by extensions ['colcon_pkg']
[1.772s] Level 1:colcon.colcon_core.package_identification:_identify(src/receive_msg) by extension 'colcon_pkg'
[1.772s] Level 1:colcon.colcon_core.package_identification:_identify(src/receive_msg) by extensions ['colcon_meta']
[1.773s] Level 1:colcon.colcon_core.package_identification:_identify(src/receive_msg) by extension 'colcon_meta'
[1.773s] Level 1:colcon.colcon_core.package_identification:_identify(src/receive_msg) by extensions ['ros']
[1.773s] Level 1:colcon.colcon_core.package_identification:_identify(src/receive_msg) by extension 'ros'
[1.778s] DEBUG:colcon.colcon_core.package_identification:Package 'src/receive_msg' with type 'ros.ament_cmake' and name 'receive_msg'
[1.778s] Level 1:colcon.colcon_core.package_discovery:discover_packages(recursive) using defaults
[1.778s] Level 1:colcon.colcon_core.package_discovery:discover_packages(ignore) discover
[1.779s] Level 1:colcon.colcon_core.package_discovery:discover_packages(ignore) using defaults
[1.779s] Level 1:colcon.colcon_core.package_discovery:discover_packages(path) discover
[1.779s] Level 1:colcon.colcon_core.package_discovery:discover_packages(path) using defaults
[1.893s] INFO:colcon.colcon_core.package_selection:Skipping not selected package 'motor_msg' in 'src/motor_msg'
[1.893s] INFO:colcon.colcon_core.package_selection:Skipping not selected package 'receive_msg' in 'src/receive_msg'
[1.893s] INFO:colcon.colcon_core.package_selection:Skipping not selected package 'motor_control' in 'src/motor_control'
[1.895s] Level 1:colcon.colcon_core.package_discovery:discover_packages(prefix_path) check parameters
[1.896s] Level 1:colcon.colcon_core.package_discovery:discover_packages(prefix_path) discover
[1.906s] DEBUG:colcon.colcon_installed_package_information.package_discovery:Found 4 installed packages in /home/sunrise/motor_ws/install
[1.909s] DEBUG:colcon.colcon_installed_package_information.package_discovery:Found 54 installed packages in /opt/tros/humble
[1.917s] DEBUG:colcon.colcon_installed_package_information.package_discovery:Found 187 installed packages in /opt/ros/humble
[1.926s] Level 1:colcon.colcon_core.package_discovery:discover_packages(prefix_path) using defaults
[2.217s] Level 5:colcon.colcon_core.verb:set package 'motor_state' build argument 'cmake_args' from command line to 'None'
[2.218s] Level 5:colcon.colcon_core.verb:set package 'motor_state' build argument 'cmake_target' from command line to 'None'
[2.218s] Level 5:colcon.colcon_core.verb:set package 'motor_state' build argument 'cmake_target_skip_unavailable' from command line to 'False'
[2.218s] Level 5:colcon.colcon_core.verb:set package 'motor_state' build argument 'cmake_clean_cache' from command line to 'False'
[2.218s] Level 5:colcon.colcon_core.verb:set package 'motor_state' build argument 'cmake_clean_first' from command line to 'False'
[2.218s] Level 5:colcon.colcon_core.verb:set package 'motor_state' build argument 'cmake_force_configure' from command line to 'False'
[2.218s] Level 5:colcon.colcon_core.verb:set package 'motor_state' build argument 'ament_cmake_args' from command line to 'None'
[2.219s] Level 5:colcon.colcon_core.verb:set package 'motor_state' build argument 'catkin_cmake_args' from command line to 'None'
[2.219s] Level 5:colcon.colcon_core.verb:set package 'motor_state' build argument 'catkin_skip_building_tests' from command line to 'False'
[2.219s] DEBUG:colcon.colcon_core.verb:Building package 'motor_state' with the following arguments: {'ament_cmake_args': None, 'build_base': '/home/sunrise/motor_ws/build/motor_state', 'catkin_cmake_args': None, 'catkin_skip_building_tests': False, 'cmake_args': None, 'cmake_clean_cache': False, 'cmake_clean_first': False, 'cmake_force_configure': False, 'cmake_target': None, 'cmake_target_skip_unavailable': False, 'install_base': '/home/sunrise/motor_ws/install/motor_state', 'merge_install': False, 'path': '/home/sunrise/motor_ws/src/motor_state', 'symlink_install': False, 'test_result_base': None}
[2.220s] INFO:colcon.colcon_core.executor:Executing jobs using 'parallel' executor
[2.225s] DEBUG:colcon.colcon_parallel_executor.executor.parallel:run_until_complete
[2.226s] INFO:colcon.colcon_ros.task.ament_python.build:Building ROS package in '/home/sunrise/motor_ws/src/motor_state' with build type 'ament_python'
[2.227s] Level 1:colcon.colcon_core.shell:create_environment_hook('motor_state', 'ament_prefix_path')
[2.238s] INFO:colcon.colcon_core.plugin_system:Skipping extension 'colcon_core.shell.bat': Not used on non-Windows systems
[2.240s] INFO:colcon.colcon_core.shell:Creating environment hook '/home/sunrise/motor_ws/install/motor_state/share/motor_state/hook/ament_prefix_path.ps1'
[2.244s] INFO:colcon.colcon_core.shell:Creating environment descriptor '/home/sunrise/motor_ws/install/motor_state/share/motor_state/hook/ament_prefix_path.dsv'
[2.247s] INFO:colcon.colcon_core.shell:Creating environment hook '/home/sunrise/motor_ws/install/motor_state/share/motor_state/hook/ament_prefix_path.sh'
[2.252s] INFO:colcon.colcon_core.shell:Skip shell extension 'powershell' for command environment: Not usable outside of PowerShell
[2.252s] DEBUG:colcon.colcon_core.shell:Skip shell extension 'dsv' for command environment
[3.873s] INFO:colcon.colcon_core.task.python.build:Building Python package in '/home/sunrise/motor_ws/src/motor_state'
[3.875s] INFO:colcon.colcon_core.shell:Skip shell extension 'powershell' for command environment: Not usable outside of PowerShell
[3.875s] DEBUG:colcon.colcon_core.shell:Skip shell extension 'dsv' for command environment
[6.073s] DEBUG:colcon.colcon_core.event_handler.log_command:Invoking command in '/home/sunrise/motor_ws/src/motor_state': LD_LIBRARY_PATH=/home/sunrise/motor_ws/install/receive_msg/lib:/home/sunrise/motor_ws/install/motor_msg/lib:/opt/tros/humble/lib/aarch64-linux-gnu:/opt/tros/humble/lib:/opt/ros/humble/lib/aarch64-linux-gnu:/opt/ros/humble/lib:/usr/hobot/lib:/app/lib:/app/pub/lib:/middleware/lib:/middleware/pub/lib:/usr/hobot/lib/sensor:/system/lib:/system/usr/lib:/lib PYTHONPATH=/home/sunrise/motor_ws/build/motor_state/prefix_override:/usr/lib/python3/dist-packages/colcon_core/task/python/colcon_distutils_commands:/home/sunrise/motor_ws/install/motor_state/lib/python3.10/site-packages:${PYTHONPATH} /usr/bin/python3 -W ignore:setup.py install is deprecated -W ignore:easy_install command is deprecated setup.py egg_info --egg-base ../../build/motor_state build --build-base /home/sunrise/motor_ws/build/motor_state/build install --record /home/sunrise/motor_ws/build/motor_state/install.log --single-version-externally-managed install_data
[7.957s] DEBUG:colcon.colcon_core.event_handler.log_command:Invoked command in '/home/sunrise/motor_ws/src/motor_state' returned '0': LD_LIBRARY_PATH=/home/sunrise/motor_ws/install/receive_msg/lib:/home/sunrise/motor_ws/install/motor_msg/lib:/opt/tros/humble/lib/aarch64-linux-gnu:/opt/tros/humble/lib:/opt/ros/humble/lib/aarch64-linux-gnu:/opt/ros/humble/lib:/usr/hobot/lib:/app/lib:/app/pub/lib:/middleware/lib:/middleware/pub/lib:/usr/hobot/lib/sensor:/system/lib:/system/usr/lib:/lib PYTHONPATH=/home/sunrise/motor_ws/build/motor_state/prefix_override:/usr/lib/python3/dist-packages/colcon_core/task/python/colcon_distutils_commands:/home/sunrise/motor_ws/install/motor_state/lib/python3.10/site-packages:${PYTHONPATH} /usr/bin/python3 -W ignore:setup.py install is deprecated -W ignore:easy_install command is deprecated setup.py egg_info --egg-base ../../build/motor_state build --build-base /home/sunrise/motor_ws/build/motor_state/build install --record /home/sunrise/motor_ws/build/motor_state/install.log --single-version-externally-managed install_data
[7.970s] Level 1:colcon.colcon_core.environment:checking '/home/sunrise/motor_ws/install/motor_state' for CMake module files
[7.973s] Level 1:colcon.colcon_core.environment:checking '/home/sunrise/motor_ws/install/motor_state' for CMake config files
[7.977s] Level 1:colcon.colcon_core.environment:checking '/home/sunrise/motor_ws/install/motor_state/lib'
[7.978s] Level 1:colcon.colcon_core.environment:checking '/home/sunrise/motor_ws/install/motor_state/bin'
[7.978s] Level 1:colcon.colcon_core.environment:checking '/home/sunrise/motor_ws/install/motor_state/lib/pkgconfig/motor_state.pc'
[7.980s] Level 1:colcon.colcon_core.environment:checking '/home/sunrise/motor_ws/install/motor_state/lib/python3.10/site-packages'
[7.980s] Level 1:colcon.colcon_core.shell:create_environment_hook('motor_state', 'pythonpath')
[7.982s] INFO:colcon.colcon_core.shell:Creating environment hook '/home/sunrise/motor_ws/install/motor_state/share/motor_state/hook/pythonpath.ps1'
[7.985s] INFO:colcon.colcon_core.shell:Creating environment descriptor '/home/sunrise/motor_ws/install/motor_state/share/motor_state/hook/pythonpath.dsv'
[7.987s] INFO:colcon.colcon_core.shell:Creating environment hook '/home/sunrise/motor_ws/install/motor_state/share/motor_state/hook/pythonpath.sh'
[7.992s] Level 1:colcon.colcon_core.environment:checking '/home/sunrise/motor_ws/install/motor_state/bin'
[7.992s] Level 1:colcon.colcon_core.environment:create_environment_scripts_only(motor_state)
[7.995s] INFO:colcon.colcon_core.shell:Creating package script '/home/sunrise/motor_ws/install/motor_state/share/motor_state/package.ps1'
[8.001s] INFO:colcon.colcon_core.shell:Creating package descriptor '/home/sunrise/motor_ws/install/motor_state/share/motor_state/package.dsv'
[8.005s] INFO:colcon.colcon_core.shell:Creating package script '/home/sunrise/motor_ws/install/motor_state/share/motor_state/package.sh'
[8.010s] INFO:colcon.colcon_core.shell:Creating package script '/home/sunrise/motor_ws/install/motor_state/share/motor_state/package.bash'
[8.015s] INFO:colcon.colcon_core.shell:Creating package script '/home/sunrise/motor_ws/install/motor_state/share/motor_state/package.zsh'
[8.021s] Level 1:colcon.colcon_core.environment:create_file_with_runtime_dependencies(/home/sunrise/motor_ws/install/motor_state/share/colcon-core/packages/motor_state)
[8.022s] DEBUG:colcon.colcon_parallel_executor.executor.parallel:closing loop
[8.023s] DEBUG:colcon.colcon_parallel_executor.executor.parallel:loop closed
[8.024s] DEBUG:colcon.colcon_parallel_executor.executor.parallel:run_until_complete finished with '0'
[8.024s] DEBUG:colcon.colcon_core.event_reactor:joining thread
[8.053s] INFO:colcon.colcon_core.plugin_system:Skipping extension 'colcon_notification.desktop_notification.notify_send': Could not find 'notify-send'
[8.054s] INFO:colcon.colcon_core.plugin_system:Skipping extension 'colcon_notification.desktop_notification.terminal_notifier': Not used on non-Darwin systems
[8.054s] INFO:colcon.colcon_core.plugin_system:Skipping extension 'colcon_notification.desktop_notification.win32': Not used on non-Windows systems
[8.054s] INFO:colcon.colcon_notification.desktop_notification:Sending desktop notification using 'notify2'
[33.082s] DEBUG:colcon.colcon_notification.desktop_notification.notify2:Failed to initialize notify2: org.freedesktop.DBus.Error.NoReply: Did not receive a reply. Possible causes include: the remote application did not send a reply, the message bus security policy blocked the reply, the reply timeout expired, or the network connection was broken.
[33.083s] DEBUG:colcon.colcon_core.event_reactor:joined thread
[33.085s] INFO:colcon.colcon_core.shell:Creating prefix script '/home/sunrise/motor_ws/install/local_setup.ps1'
[33.092s] INFO:colcon.colcon_core.shell:Creating prefix util module '/home/sunrise/motor_ws/install/_local_setup_util_ps1.py'
[33.101s] INFO:colcon.colcon_core.shell:Creating prefix chain script '/home/sunrise/motor_ws/install/setup.ps1'
[33.108s] INFO:colcon.colcon_core.shell:Creating prefix script '/home/sunrise/motor_ws/install/local_setup.sh'
[33.111s] INFO:colcon.colcon_core.shell:Creating prefix util module '/home/sunrise/motor_ws/install/_local_setup_util_sh.py'
[33.115s] INFO:colcon.colcon_core.shell:Creating prefix chain script '/home/sunrise/motor_ws/install/setup.sh'
[33.122s] INFO:colcon.colcon_core.shell:Creating prefix script '/home/sunrise/motor_ws/install/local_setup.bash'
[33.125s] INFO:colcon.colcon_core.shell:Creating prefix chain script '/home/sunrise/motor_ws/install/setup.bash'
[33.132s] INFO:colcon.colcon_core.shell:Creating prefix script '/home/sunrise/motor_ws/install/local_setup.zsh'
[33.135s] INFO:colcon.colcon_core.shell:Creating prefix chain script '/home/sunrise/motor_ws/install/setup.zsh'
