[6.453s] Invoking command in '/home/sunrise/motor_ws/src/motor_control': CMAKE_PREFIX_PATH=/home/sunrise/motor_ws/install/motor_msg:/home/sunrise/motor_ws/install/receive_msg LD_LIBRARY_PATH=/home/sunrise/motor_ws/install/motor_msg/lib:/home/sunrise/motor_ws/install/receive_msg/lib:/opt/tros/humble/lib/aarch64-linux-gnu:/opt/tros/humble/lib:/opt/ros/humble/lib/aarch64-linux-gnu:/opt/ros/humble/lib:/usr/hobot/lib:/app/lib:/app/pub/lib:/middleware/lib:/middleware/pub/lib:/usr/hobot/lib/sensor:/system/lib:/system/usr/lib:/lib PYTHONPATH=/home/sunrise/motor_ws/build/motor_control/prefix_override:/usr/lib/python3/dist-packages/colcon_core/task/python/colcon_distutils_commands:/home/sunrise/motor_ws/install/motor_control/lib/python3.10/site-packages:${PYTHONPATH} /usr/bin/python3 -W ignore:setup.py install is deprecated -W ignore:easy_install command is deprecated setup.py egg_info --egg-base ../../build/motor_control build --build-base /home/sunrise/motor_ws/build/motor_control/build install --record /home/sunrise/motor_ws/build/motor_control/install.log --single-version-externally-managed install_data
[8.055s] running egg_info
[8.060s] writing ../../build/motor_control/motor_control.egg-info/PKG-INFO
[8.061s] writing dependency_links to ../../build/motor_control/motor_control.egg-info/dependency_links.txt
[8.062s] writing entry points to ../../build/motor_control/motor_control.egg-info/entry_points.txt
[8.063s] writing requirements to ../../build/motor_control/motor_control.egg-info/requires.txt
[8.064s] writing top-level names to ../../build/motor_control/motor_control.egg-info/top_level.txt
[8.075s] reading manifest file '../../build/motor_control/motor_control.egg-info/SOURCES.txt'
[8.081s] writing manifest file '../../build/motor_control/motor_control.egg-info/SOURCES.txt'
[8.083s] running build
[8.083s] running build_py
[8.085s] running install
[8.086s] running install_lib
[8.094s] running install_data
[8.095s] running install_egg_info
[8.105s] removing '/home/sunrise/motor_ws/install/motor_control/lib/python3.10/site-packages/motor_control-0.0.0-py3.10.egg-info' (and everything under it)
[8.107s] Copying ../../build/motor_control/motor_control.egg-info to /home/sunrise/motor_ws/install/motor_control/lib/python3.10/site-packages/motor_control-0.0.0-py3.10.egg-info
[8.112s] running install_scripts
[8.257s] Installing motor_node script to /home/sunrise/motor_ws/install/motor_control/lib/motor_control
[8.259s] writing list of installed files to '/home/sunrise/motor_ws/build/motor_control/install.log'
[8.500s] Invoked command in '/home/sunrise/motor_ws/src/motor_control' returned '0': CMAKE_PREFIX_PATH=/home/sunrise/motor_ws/install/motor_msg:/home/sunrise/motor_ws/install/receive_msg LD_LIBRARY_PATH=/home/sunrise/motor_ws/install/motor_msg/lib:/home/sunrise/motor_ws/install/receive_msg/lib:/opt/tros/humble/lib/aarch64-linux-gnu:/opt/tros/humble/lib:/opt/ros/humble/lib/aarch64-linux-gnu:/opt/ros/humble/lib:/usr/hobot/lib:/app/lib:/app/pub/lib:/middleware/lib:/middleware/pub/lib:/usr/hobot/lib/sensor:/system/lib:/system/usr/lib:/lib PYTHONPATH=/home/sunrise/motor_ws/build/motor_control/prefix_override:/usr/lib/python3/dist-packages/colcon_core/task/python/colcon_distutils_commands:/home/sunrise/motor_ws/install/motor_control/lib/python3.10/site-packages:${PYTHONPATH} /usr/bin/python3 -W ignore:setup.py install is deprecated -W ignore:easy_install command is deprecated setup.py egg_info --egg-base ../../build/motor_control build --build-base /home/sunrise/motor_ws/build/motor_control/build install --record /home/sunrise/motor_ws/build/motor_control/install.log --single-version-externally-managed install_data
