running egg_info
writing ../../build/motor_state/motor_state.egg-info/PKG-INFO
writing dependency_links to ../../build/motor_state/motor_state.egg-info/dependency_links.txt
writing entry points to ../../build/motor_state/motor_state.egg-info/entry_points.txt
writing requirements to ../../build/motor_state/motor_state.egg-info/requires.txt
writing top-level names to ../../build/motor_state/motor_state.egg-info/top_level.txt
reading manifest file '../../build/motor_state/motor_state.egg-info/SOURCES.txt'
writing manifest file '../../build/motor_state/motor_state.egg-info/SOURCES.txt'
running build
running build_py
running install
running install_lib
creating /home/sunrise/motor_ws/install/motor_state/lib/python3.10/site-packages/motor_control
copying /home/sunrise/motor_ws/build/motor_state/build/lib/motor_control/motor_node.py -> /home/sunrise/motor_ws/install/motor_state/lib/python3.10/site-packages/motor_control
copying /home/sunrise/motor_ws/build/motor_state/build/lib/motor_control/__init__.py -> /home/sunrise/motor_ws/install/motor_state/lib/python3.10/site-packages/motor_control
creating /home/sunrise/motor_ws/install/motor_state/lib/python3.10/site-packages/motor_state
copying /home/sunrise/motor_ws/build/motor_state/build/lib/motor_state/state_node.py -> /home/sunrise/motor_ws/install/motor_state/lib/python3.10/site-packages/motor_state
copying /home/sunrise/motor_ws/build/motor_state/build/lib/motor_state/__init__.py -> /home/sunrise/motor_ws/install/motor_state/lib/python3.10/site-packages/motor_state
byte-compiling /home/sunrise/motor_ws/install/motor_state/lib/python3.10/site-packages/motor_control/motor_node.py to motor_node.cpython-310.pyc
byte-compiling /home/sunrise/motor_ws/install/motor_state/lib/python3.10/site-packages/motor_control/__init__.py to __init__.cpython-310.pyc
byte-compiling /home/sunrise/motor_ws/install/motor_state/lib/python3.10/site-packages/motor_state/state_node.py to state_node.cpython-310.pyc
byte-compiling /home/sunrise/motor_ws/install/motor_state/lib/python3.10/site-packages/motor_state/__init__.py to __init__.cpython-310.pyc
running install_data
creating /home/sunrise/motor_ws/install/motor_state/share/ament_index
creating /home/sunrise/motor_ws/install/motor_state/share/ament_index/resource_index
creating /home/sunrise/motor_ws/install/motor_state/share/ament_index/resource_index/packages
copying resource/motor_state -> /home/sunrise/motor_ws/install/motor_state/share/ament_index/resource_index/packages
copying package.xml -> /home/sunrise/motor_ws/install/motor_state/share/motor_state
running install_egg_info
Copying ../../build/motor_state/motor_state.egg-info to /home/sunrise/motor_ws/install/motor_state/lib/python3.10/site-packages/motor_state-0.0.0-py3.10.egg-info
running install_scripts
Installing state_node script to /home/sunrise/motor_ws/install/motor_state/lib/motor_state
writing list of installed files to '/home/sunrise/motor_ws/build/motor_state/install.log'
