[0.441s] Invoking command in '/home/user/pyListener/pyListener': PYTHONPATH=/home/user/pyListener/build/pyListener/prefix_override:/usr/lib/python3/dist-packages/colcon_core/task/python/colcon_distutils_commands:/home/user/pyListener/install/pyListener/lib/python3.10/site-packages:${PYTHONPATH} /usr/bin/python3 -W ignore:setup.py install is deprecated -W ignore:easy_install command is deprecated setup.py egg_info --egg-base ../build/pyListener build --build-base /home/user/pyListener/build/pyListener/build install --record /home/user/pyListener/build/pyListener/install.log --single-version-externally-managed install_data
[0.602s] running egg_info
[0.602s] writing ../build/pyListener/pyListener.egg-info/PKG-INFO
[0.602s] writing dependency_links to ../build/pyListener/pyListener.egg-info/dependency_links.txt
[0.603s] writing entry points to ../build/pyListener/pyListener.egg-info/entry_points.txt
[0.603s] writing requirements to ../build/pyListener/pyListener.egg-info/requires.txt
[0.603s] writing top-level names to ../build/pyListener/pyListener.egg-info/top_level.txt
[0.604s] reading manifest file '../build/pyListener/pyListener.egg-info/SOURCES.txt'
[0.604s] writing manifest file '../build/pyListener/pyListener.egg-info/SOURCES.txt'
[0.605s] running build
[0.605s] running build_py
[0.605s] copying pyListener/pyListener.py -> /home/user/pyListener/build/pyListener/build/lib/pyListener
[0.605s] running install
[0.605s] running install_lib
[0.606s] copying /home/user/pyListener/build/pyListener/build/lib/pyListener/pyListener.py -> /home/user/pyListener/install/pyListener/lib/python3.10/site-packages/pyListener
[0.606s] byte-compiling /home/user/pyListener/install/pyListener/lib/python3.10/site-packages/pyListener/pyListener.py to pyListener.cpython-310.pyc
[0.607s] running install_data
[0.607s] running install_egg_info
[0.609s] removing '/home/user/pyListener/install/pyListener/lib/python3.10/site-packages/pyListener-0.0.0-py3.10.egg-info' (and everything under it)
[0.609s] Copying ../build/pyListener/pyListener.egg-info to /home/user/pyListener/install/pyListener/lib/python3.10/site-packages/pyListener-0.0.0-py3.10.egg-info
[0.610s] running install_scripts
[0.625s] Installing pyListener script to /home/user/pyListener/install/pyListener/lib/pyListener
[0.625s] writing list of installed files to '/home/user/pyListener/build/pyListener/install.log'
[0.641s] Invoked command in '/home/user/pyListener/pyListener' returned '0': PYTHONPATH=/home/user/pyListener/build/pyListener/prefix_override:/usr/lib/python3/dist-packages/colcon_core/task/python/colcon_distutils_commands:/home/user/pyListener/install/pyListener/lib/python3.10/site-packages:${PYTHONPATH} /usr/bin/python3 -W ignore:setup.py install is deprecated -W ignore:easy_install command is deprecated setup.py egg_info --egg-base ../build/pyListener build --build-base /home/user/pyListener/build/pyListener/build install --record /home/user/pyListener/build/pyListener/install.log --single-version-externally-managed install_data
