[0.049s] Invoking command in '/home/sunrise/planning_ws/build/shit': AMENT_PREFIX_PATH=/home/sunrise/planning_ws/install/myArm3:${AMENT_PREFIX_PATH} CMAKE_PREFIX_PATH=/home/sunrise/planning_ws/install/myArm3:/opt/ros/humble /usr/bin/cmake /home/sunrise/planning_ws/myArm_robot_ros2/src/shit -DCMAKE_INSTALL_PREFIX=/home/sunrise/planning_ws/install/shit
[0.354s] -- The C compiler identification is GNU 11.2.0
[0.676s] -- The CXX compiler identification is GNU 11.2.0
[0.712s] -- Detecting C compiler ABI info
[1.083s] -- Detecting C compiler ABI info - done
[1.143s] -- Check for working C compiler: /usr/bin/cc - skipped
[1.144s] -- Detecting C compile features
[1.146s] -- Detecting C compile features - done
[1.162s] -- Detecting CXX compiler ABI info
[1.575s] -- Detecting CXX compiler ABI info - done
[1.646s] -- Check for working CXX compiler: /usr/bin/c++ - skipped
[1.647s] -- Detecting CXX compile features
[1.650s] -- Detecting CXX compile features - done
[1.661s] -- Found ament_cmake: 1.3.11 (/opt/ros/humble/share/ament_cmake/cmake)
[2.540s] -- Found Python3: /usr/bin/python3 (found version "3.10.12") found components: Interpreter 
[3.468s] -- Configuring done
[3.482s] -- Generating done
[3.491s] -- Build files have been written to: /home/sunrise/planning_ws/build/shit
[3.516s] Invoked command in '/home/sunrise/planning_ws/build/shit' returned '0': AMENT_PREFIX_PATH=/home/sunrise/planning_ws/install/myArm3:${AMENT_PREFIX_PATH} CMAKE_PREFIX_PATH=/home/sunrise/planning_ws/install/myArm3:/opt/ros/humble /usr/bin/cmake /home/sunrise/planning_ws/myArm_robot_ros2/src/shit -DCMAKE_INSTALL_PREFIX=/home/sunrise/planning_ws/install/shit
[3.526s] Invoking command in '/home/sunrise/planning_ws/build/shit': AMENT_PREFIX_PATH=/home/sunrise/planning_ws/install/myArm3:${AMENT_PREFIX_PATH} CMAKE_PREFIX_PATH=/home/sunrise/planning_ws/install/myArm3:/opt/ros/humble /usr/bin/cmake --build /home/sunrise/planning_ws/build/shit -- -j8 -l8
[3.724s] Invoked command in '/home/sunrise/planning_ws/build/shit' returned '0': AMENT_PREFIX_PATH=/home/sunrise/planning_ws/install/myArm3:${AMENT_PREFIX_PATH} CMAKE_PREFIX_PATH=/home/sunrise/planning_ws/install/myArm3:/opt/ros/humble /usr/bin/cmake --build /home/sunrise/planning_ws/build/shit -- -j8 -l8
[3.779s] Invoking command in '/home/sunrise/planning_ws/build/shit': AMENT_PREFIX_PATH=/home/sunrise/planning_ws/install/myArm3:${AMENT_PREFIX_PATH} CMAKE_PREFIX_PATH=/home/sunrise/planning_ws/install/myArm3:/opt/ros/humble /usr/bin/cmake --install /home/sunrise/planning_ws/build/shit
[3.814s] -- Install configuration: ""
[3.814s] -- Installing: /home/sunrise/planning_ws/install/shit/share/ament_index/resource_index/package_run_dependencies/shit
[3.815s] -- Installing: /home/sunrise/planning_ws/install/shit/share/ament_index/resource_index/parent_prefix_path/shit
[3.816s] -- Installing: /home/sunrise/planning_ws/install/shit/share/shit/environment/ament_prefix_path.sh
[3.816s] -- Installing: /home/sunrise/planning_ws/install/shit/share/shit/environment/ament_prefix_path.dsv
[3.817s] -- Installing: /home/sunrise/planning_ws/install/shit/share/shit/environment/path.sh
[3.817s] -- Installing: /home/sunrise/planning_ws/install/shit/share/shit/environment/path.dsv
[3.818s] -- Installing: /home/sunrise/planning_ws/install/shit/share/shit/local_setup.bash
[3.819s] -- Installing: /home/sunrise/planning_ws/install/shit/share/shit/local_setup.sh
[3.819s] -- Installing: /home/sunrise/planning_ws/install/shit/share/shit/local_setup.zsh
[3.820s] -- Installing: /home/sunrise/planning_ws/install/shit/share/shit/local_setup.dsv
[3.820s] -- Installing: /home/sunrise/planning_ws/install/shit/share/shit/package.dsv
[3.821s] -- Installing: /home/sunrise/planning_ws/install/shit/share/ament_index/resource_index/packages/shit
[3.821s] -- Installing: /home/sunrise/planning_ws/install/shit/share/shit/cmake/shitConfig.cmake
[3.822s] -- Installing: /home/sunrise/planning_ws/install/shit/share/shit/cmake/shitConfig-version.cmake
[3.823s] -- Installing: /home/sunrise/planning_ws/install/shit/share/shit/package.xml
[3.824s] -- Installing: /home/sunrise/planning_ws/install/shit/share/shit/launch
[3.824s] -- Installing: /home/sunrise/planning_ws/install/shit/share/shit/launch/moveit_rviz.launch.py
[3.825s] -- Installing: /home/sunrise/planning_ws/install/shit/share/shit/launch/setup_assistant.launch.py
[3.825s] -- Installing: /home/sunrise/planning_ws/install/shit/share/shit/launch/custom.launch.py
[3.826s] -- Installing: /home/sunrise/planning_ws/install/shit/share/shit/launch/rsp.launch.py
[3.826s] -- Installing: /home/sunrise/planning_ws/install/shit/share/shit/launch/static_virtual_joint_tfs.launch.py
[3.827s] -- Installing: /home/sunrise/planning_ws/install/shit/share/shit/launch/spawn_controllers.launch.py
[3.827s] -- Installing: /home/sunrise/planning_ws/install/shit/share/shit/launch/demo.launch.py
[3.828s] -- Installing: /home/sunrise/planning_ws/install/shit/share/shit/launch/warehouse_db.launch.py
[3.829s] -- Installing: /home/sunrise/planning_ws/install/shit/share/shit/launch/move_group.launch.py
[3.829s] -- Installing: /home/sunrise/planning_ws/install/shit/share/shit/config
[3.830s] -- Installing: /home/sunrise/planning_ws/install/shit/share/shit/config/ros2_controllers.yaml
[3.830s] -- Installing: /home/sunrise/planning_ws/install/shit/share/shit/config/myArm3.urdf.xacro
[3.831s] -- Installing: /home/sunrise/planning_ws/install/shit/share/shit/config/myArm3.srdf
[3.831s] -- Installing: /home/sunrise/planning_ws/install/shit/share/shit/config/initial_positions.yaml
[3.832s] -- Installing: /home/sunrise/planning_ws/install/shit/share/shit/config/joint_limits.yaml
[3.832s] -- Installing: /home/sunrise/planning_ws/install/shit/share/shit/config/myArm3.ros2_control.xacro
[3.833s] -- Installing: /home/sunrise/planning_ws/install/shit/share/shit/config/moveit_controllers.yaml
[3.834s] -- Installing: /home/sunrise/planning_ws/install/shit/share/shit/config/kinematics.yaml
[3.834s] -- Installing: /home/sunrise/planning_ws/install/shit/share/shit/config/pilz_cartesian_limits.yaml
[3.835s] -- Installing: /home/sunrise/planning_ws/install/shit/share/shit/config/moveit.rviz
[3.836s] -- Installing: /home/sunrise/planning_ws/install/shit/share/shit/.setup_assistant
[3.846s] Invoked command in '/home/sunrise/planning_ws/build/shit' returned '0': AMENT_PREFIX_PATH=/home/sunrise/planning_ws/install/myArm3:${AMENT_PREFIX_PATH} CMAKE_PREFIX_PATH=/home/sunrise/planning_ws/install/myArm3:/opt/ros/humble /usr/bin/cmake --install /home/sunrise/planning_ws/build/shit
