[0.646s] DEBUG:colcon:Command line arguments: ['/usr/bin/colcon', 'build', '--packages-select', 'myArm3']
[0.647s] DEBUG:colcon:Parsed command line arguments: Namespace(log_base=None, log_level=None, verb_name='build', build_base='build', install_base='install', merge_install=False, symlink_install=False, test_result_base=None, continue_on_error=False, executor='parallel', parallel_workers=8, event_handlers=None, ignore_user_meta=False, metas=['./colcon.meta'], base_paths=['.'], packages_ignore=None, packages_ignore_regex=None, paths=None, packages_up_to=None, packages_up_to_regex=None, packages_above=None, packages_above_and_dependencies=None, packages_above_depth=None, packages_select_by_dep=None, packages_skip_by_dep=None, packages_skip_up_to=None, packages_select_build_failed=False, packages_skip_build_finished=False, packages_select_test_failures=False, packages_skip_test_passed=False, packages_select=['myArm3'], packages_skip=None, packages_select_regex=None, packages_skip_regex=None, packages_start=None, packages_end=None, allow_overriding=[], cmake_args=None, cmake_target=None, cmake_target_skip_unavailable=False, cmake_clean_cache=False, cmake_clean_first=False, cmake_force_configure=False, ament_cmake_args=None, catkin_cmake_args=None, catkin_skip_building_tests=False, mixin_files=None, mixin=None, verb_parser=<colcon_mixin.mixin.mixin_argument.MixinArgumentDecorator object at 0xffff9e95ce80>, verb_extension=<colcon_core.verb.build.BuildVerb object at 0xffff9ea6ae90>, main=<bound method BuildVerb.main of <colcon_core.verb.build.BuildVerb object at 0xffff9ea6ae90>>, mixin_verb=('build',))
[1.659s] Level 1:colcon.colcon_core.package_discovery:discover_packages(colcon_meta) check parameters
[1.660s] Level 1:colcon.colcon_core.package_discovery:discover_packages(recursive) check parameters
[1.660s] Level 1:colcon.colcon_core.package_discovery:discover_packages(ignore) check parameters
[1.661s] Level 1:colcon.colcon_core.package_discovery:discover_packages(path) check parameters
[1.661s] Level 1:colcon.colcon_core.package_discovery:discover_packages(colcon_meta) discover
[1.661s] Level 1:colcon.colcon_core.package_discovery:discover_packages(recursive) discover
[1.661s] INFO:colcon.colcon_core.package_discovery:Crawling recursively for packages in '/home/sunrise/planning_ws'
[1.662s] Level 1:colcon.colcon_core.package_identification:_identify(.) by extensions ['ignore', 'ignore_ament_install']
[1.662s] Level 1:colcon.colcon_core.package_identification:_identify(.) by extension 'ignore'
[1.663s] Level 1:colcon.colcon_core.package_identification:_identify(.) by extension 'ignore_ament_install'
[1.663s] Level 1:colcon.colcon_core.package_identification:_identify(.) by extensions ['colcon_pkg']
[1.663s] Level 1:colcon.colcon_core.package_identification:_identify(.) by extension 'colcon_pkg'
[1.663s] Level 1:colcon.colcon_core.package_identification:_identify(.) by extensions ['colcon_meta']
[1.664s] Level 1:colcon.colcon_core.package_identification:_identify(.) by extension 'colcon_meta'
[1.664s] Level 1:colcon.colcon_core.package_identification:_identify(.) by extensions ['ros']
[1.664s] Level 1:colcon.colcon_core.package_identification:_identify(.) by extension 'ros'
[1.740s] Level 1:colcon.colcon_core.package_identification:_identify(.) by extensions ['cmake', 'python']
[1.741s] Level 1:colcon.colcon_core.package_identification:_identify(.) by extension 'cmake'
[1.741s] Level 1:colcon.colcon_core.package_identification:_identify(.) by extension 'python'
[1.741s] Level 1:colcon.colcon_core.package_identification:_identify(.) by extensions ['python_setup_py']
[1.741s] Level 1:colcon.colcon_core.package_identification:_identify(.) by extension 'python_setup_py'
[1.742s] Level 1:colcon.colcon_core.package_identification:_identify(build) by extensions ['ignore', 'ignore_ament_install']
[1.743s] Level 1:colcon.colcon_core.package_identification:_identify(build) by extension 'ignore'
[1.743s] Level 1:colcon.colcon_core.package_identification:_identify(build) ignored
[1.744s] Level 1:colcon.colcon_core.package_identification:_identify(install) by extensions ['ignore', 'ignore_ament_install']
[1.744s] Level 1:colcon.colcon_core.package_identification:_identify(install) by extension 'ignore'
[1.744s] Level 1:colcon.colcon_core.package_identification:_identify(install) ignored
[1.745s] Level 1:colcon.colcon_core.package_identification:_identify(log) by extensions ['ignore', 'ignore_ament_install']
[1.745s] Level 1:colcon.colcon_core.package_identification:_identify(log) by extension 'ignore'
[1.745s] Level 1:colcon.colcon_core.package_identification:_identify(log) ignored
[1.746s] Level 1:colcon.colcon_core.package_identification:_identify(myArm_robot_ros2) by extensions ['ignore', 'ignore_ament_install']
[1.746s] Level 1:colcon.colcon_core.package_identification:_identify(myArm_robot_ros2) by extension 'ignore'
[1.747s] Level 1:colcon.colcon_core.package_identification:_identify(myArm_robot_ros2) by extension 'ignore_ament_install'
[1.747s] Level 1:colcon.colcon_core.package_identification:_identify(myArm_robot_ros2) by extensions ['colcon_pkg']
[1.747s] Level 1:colcon.colcon_core.package_identification:_identify(myArm_robot_ros2) by extension 'colcon_pkg'
[1.747s] Level 1:colcon.colcon_core.package_identification:_identify(myArm_robot_ros2) by extensions ['colcon_meta']
[1.748s] Level 1:colcon.colcon_core.package_identification:_identify(myArm_robot_ros2) by extension 'colcon_meta'
[1.748s] Level 1:colcon.colcon_core.package_identification:_identify(myArm_robot_ros2) by extensions ['ros']
[1.748s] Level 1:colcon.colcon_core.package_identification:_identify(myArm_robot_ros2) by extension 'ros'
[1.748s] Level 1:colcon.colcon_core.package_identification:_identify(myArm_robot_ros2) by extensions ['cmake', 'python']
[1.749s] Level 1:colcon.colcon_core.package_identification:_identify(myArm_robot_ros2) by extension 'cmake'
[1.749s] Level 1:colcon.colcon_core.package_identification:_identify(myArm_robot_ros2) by extension 'python'
[1.749s] Level 1:colcon.colcon_core.package_identification:_identify(myArm_robot_ros2) by extensions ['python_setup_py']
[1.749s] Level 1:colcon.colcon_core.package_identification:_identify(myArm_robot_ros2) by extension 'python_setup_py'
[1.750s] Level 1:colcon.colcon_core.package_identification:_identify(myArm_robot_ros2/src) by extensions ['ignore', 'ignore_ament_install']
[1.750s] Level 1:colcon.colcon_core.package_identification:_identify(myArm_robot_ros2/src) by extension 'ignore'
[1.751s] Level 1:colcon.colcon_core.package_identification:_identify(myArm_robot_ros2/src) by extension 'ignore_ament_install'
[1.751s] Level 1:colcon.colcon_core.package_identification:_identify(myArm_robot_ros2/src) by extensions ['colcon_pkg']
[1.751s] Level 1:colcon.colcon_core.package_identification:_identify(myArm_robot_ros2/src) by extension 'colcon_pkg'
[1.751s] Level 1:colcon.colcon_core.package_identification:_identify(myArm_robot_ros2/src) by extensions ['colcon_meta']
[1.752s] Level 1:colcon.colcon_core.package_identification:_identify(myArm_robot_ros2/src) by extension 'colcon_meta'
[1.752s] Level 1:colcon.colcon_core.package_identification:_identify(myArm_robot_ros2/src) by extensions ['ros']
[1.752s] Level 1:colcon.colcon_core.package_identification:_identify(myArm_robot_ros2/src) by extension 'ros'
[1.753s] Level 1:colcon.colcon_core.package_identification:_identify(myArm_robot_ros2/src) by extensions ['cmake', 'python']
[1.753s] Level 1:colcon.colcon_core.package_identification:_identify(myArm_robot_ros2/src) by extension 'cmake'
[1.753s] Level 1:colcon.colcon_core.package_identification:_identify(myArm_robot_ros2/src) by extension 'python'
[1.753s] Level 1:colcon.colcon_core.package_identification:_identify(myArm_robot_ros2/src) by extensions ['python_setup_py']
[1.753s] Level 1:colcon.colcon_core.package_identification:_identify(myArm_robot_ros2/src) by extension 'python_setup_py'
[1.754s] Level 1:colcon.colcon_core.package_identification:_identify(myArm_robot_ros2/src/myArm3) by extensions ['ignore', 'ignore_ament_install']
[1.754s] Level 1:colcon.colcon_core.package_identification:_identify(myArm_robot_ros2/src/myArm3) by extension 'ignore'
[1.755s] Level 1:colcon.colcon_core.package_identification:_identify(myArm_robot_ros2/src/myArm3) by extension 'ignore_ament_install'
[1.755s] Level 1:colcon.colcon_core.package_identification:_identify(myArm_robot_ros2/src/myArm3) by extensions ['colcon_pkg']
[1.755s] Level 1:colcon.colcon_core.package_identification:_identify(myArm_robot_ros2/src/myArm3) by extension 'colcon_pkg'
[1.755s] Level 1:colcon.colcon_core.package_identification:_identify(myArm_robot_ros2/src/myArm3) by extensions ['colcon_meta']
[1.756s] Level 1:colcon.colcon_core.package_identification:_identify(myArm_robot_ros2/src/myArm3) by extension 'colcon_meta'
[1.756s] Level 1:colcon.colcon_core.package_identification:_identify(myArm_robot_ros2/src/myArm3) by extensions ['ros']
[1.756s] Level 1:colcon.colcon_core.package_identification:_identify(myArm_robot_ros2/src/myArm3) by extension 'ros'
[1.770s] DEBUG:colcon.colcon_core.package_identification:Package 'myArm_robot_ros2/src/myArm3' with type 'ros.ament_cmake' and name 'myArm3'
[1.771s] Level 1:colcon.colcon_core.package_identification:_identify(myArm_robot_ros2/src/myArm_moveit2) by extensions ['ignore', 'ignore_ament_install']
[1.772s] Level 1:colcon.colcon_core.package_identification:_identify(myArm_robot_ros2/src/myArm_moveit2) by extension 'ignore'
[1.772s] Level 1:colcon.colcon_core.package_identification:_identify(myArm_robot_ros2/src/myArm_moveit2) by extension 'ignore_ament_install'
[1.773s] Level 1:colcon.colcon_core.package_identification:_identify(myArm_robot_ros2/src/myArm_moveit2) by extensions ['colcon_pkg']
[1.773s] Level 1:colcon.colcon_core.package_identification:_identify(myArm_robot_ros2/src/myArm_moveit2) by extension 'colcon_pkg'
[1.773s] Level 1:colcon.colcon_core.package_identification:_identify(myArm_robot_ros2/src/myArm_moveit2) by extensions ['colcon_meta']
[1.773s] Level 1:colcon.colcon_core.package_identification:_identify(myArm_robot_ros2/src/myArm_moveit2) by extension 'colcon_meta'
[1.774s] Level 1:colcon.colcon_core.package_identification:_identify(myArm_robot_ros2/src/myArm_moveit2) by extensions ['ros']
[1.774s] Level 1:colcon.colcon_core.package_identification:_identify(myArm_robot_ros2/src/myArm_moveit2) by extension 'ros'
[1.774s] Level 1:colcon.colcon_core.package_identification:_identify(myArm_robot_ros2/src/myArm_moveit2) by extensions ['cmake', 'python']
[1.775s] Level 1:colcon.colcon_core.package_identification:_identify(myArm_robot_ros2/src/myArm_moveit2) by extension 'cmake'
[1.775s] Level 1:colcon.colcon_core.package_identification:_identify(myArm_robot_ros2/src/myArm_moveit2) by extension 'python'
[1.775s] Level 1:colcon.colcon_core.package_identification:_identify(myArm_robot_ros2/src/myArm_moveit2) by extensions ['python_setup_py']
[1.775s] Level 1:colcon.colcon_core.package_identification:_identify(myArm_robot_ros2/src/myArm_moveit2) by extension 'python_setup_py'
[1.776s] Level 1:colcon.colcon_core.package_identification:_identify(myArm_robot_ros2/src/myArm_moveit2/myArm_moveit_config) by extensions ['ignore', 'ignore_ament_install']
[1.777s] Level 1:colcon.colcon_core.package_identification:_identify(myArm_robot_ros2/src/myArm_moveit2/myArm_moveit_config) by extension 'ignore'
[1.777s] Level 1:colcon.colcon_core.package_identification:_identify(myArm_robot_ros2/src/myArm_moveit2/myArm_moveit_config) by extension 'ignore_ament_install'
[1.777s] Level 1:colcon.colcon_core.package_identification:_identify(myArm_robot_ros2/src/myArm_moveit2/myArm_moveit_config) by extensions ['colcon_pkg']
[1.777s] Level 1:colcon.colcon_core.package_identification:_identify(myArm_robot_ros2/src/myArm_moveit2/myArm_moveit_config) by extension 'colcon_pkg'
[1.778s] Level 1:colcon.colcon_core.package_identification:_identify(myArm_robot_ros2/src/myArm_moveit2/myArm_moveit_config) by extensions ['colcon_meta']
[1.778s] Level 1:colcon.colcon_core.package_identification:_identify(myArm_robot_ros2/src/myArm_moveit2/myArm_moveit_config) by extension 'colcon_meta'
[1.778s] Level 1:colcon.colcon_core.package_identification:_identify(myArm_robot_ros2/src/myArm_moveit2/myArm_moveit_config) by extensions ['ros']
[1.779s] Level 1:colcon.colcon_core.package_identification:_identify(myArm_robot_ros2/src/myArm_moveit2/myArm_moveit_config) by extension 'ros'
[1.785s] DEBUG:colcon.colcon_core.package_identification:Package 'myArm_robot_ros2/src/myArm_moveit2/myArm_moveit_config' with type 'ros.ament_cmake' and name 'myArm_moveit_config'
[1.785s] Level 1:colcon.colcon_core.package_identification:_identify(myArm_robot_ros2/src/shit) by extensions ['ignore', 'ignore_ament_install']
[1.786s] Level 1:colcon.colcon_core.package_identification:_identify(myArm_robot_ros2/src/shit) by extension 'ignore'
[1.786s] Level 1:colcon.colcon_core.package_identification:_identify(myArm_robot_ros2/src/shit) by extension 'ignore_ament_install'
[1.787s] Level 1:colcon.colcon_core.package_identification:_identify(myArm_robot_ros2/src/shit) by extensions ['colcon_pkg']
[1.787s] Level 1:colcon.colcon_core.package_identification:_identify(myArm_robot_ros2/src/shit) by extension 'colcon_pkg'
[1.787s] Level 1:colcon.colcon_core.package_identification:_identify(myArm_robot_ros2/src/shit) by extensions ['colcon_meta']
[1.787s] Level 1:colcon.colcon_core.package_identification:_identify(myArm_robot_ros2/src/shit) by extension 'colcon_meta'
[1.788s] Level 1:colcon.colcon_core.package_identification:_identify(myArm_robot_ros2/src/shit) by extensions ['ros']
[1.788s] Level 1:colcon.colcon_core.package_identification:_identify(myArm_robot_ros2/src/shit) by extension 'ros'
[1.795s] DEBUG:colcon.colcon_core.package_identification:Package 'myArm_robot_ros2/src/shit' with type 'ros.ament_cmake' and name 'shit'
[1.795s] Level 1:colcon.colcon_core.package_discovery:discover_packages(recursive) using defaults
[1.796s] Level 1:colcon.colcon_core.package_discovery:discover_packages(ignore) discover
[1.796s] Level 1:colcon.colcon_core.package_discovery:discover_packages(ignore) using defaults
[1.796s] Level 1:colcon.colcon_core.package_discovery:discover_packages(path) discover
[1.796s] Level 1:colcon.colcon_core.package_discovery:discover_packages(path) using defaults
[1.908s] INFO:colcon.colcon_core.package_selection:Skipping not selected package 'myArm_moveit_config' in 'myArm_robot_ros2/src/myArm_moveit2/myArm_moveit_config'
[1.909s] INFO:colcon.colcon_core.package_selection:Skipping not selected package 'shit' in 'myArm_robot_ros2/src/shit'
[1.911s] Level 1:colcon.colcon_core.package_discovery:discover_packages(prefix_path) check parameters
[1.911s] Level 1:colcon.colcon_core.package_discovery:discover_packages(prefix_path) discover
[1.919s] DEBUG:colcon.colcon_installed_package_information.package_discovery:Found 0 installed packages in /home/sunrise/planning_ws/install
[1.926s] DEBUG:colcon.colcon_installed_package_information.package_discovery:Found 246 installed packages in /opt/ros/humble
[1.937s] Level 1:colcon.colcon_core.package_discovery:discover_packages(prefix_path) using defaults
[2.245s] Level 5:colcon.colcon_core.verb:set package 'myArm3' build argument 'cmake_args' from command line to 'None'
[2.246s] Level 5:colcon.colcon_core.verb:set package 'myArm3' build argument 'cmake_target' from command line to 'None'
[2.246s] Level 5:colcon.colcon_core.verb:set package 'myArm3' build argument 'cmake_target_skip_unavailable' from command line to 'False'
[2.246s] Level 5:colcon.colcon_core.verb:set package 'myArm3' build argument 'cmake_clean_cache' from command line to 'False'
[2.246s] Level 5:colcon.colcon_core.verb:set package 'myArm3' build argument 'cmake_clean_first' from command line to 'False'
[2.246s] Level 5:colcon.colcon_core.verb:set package 'myArm3' build argument 'cmake_force_configure' from command line to 'False'
[2.247s] Level 5:colcon.colcon_core.verb:set package 'myArm3' build argument 'ament_cmake_args' from command line to 'None'
[2.247s] Level 5:colcon.colcon_core.verb:set package 'myArm3' build argument 'catkin_cmake_args' from command line to 'None'
[2.247s] Level 5:colcon.colcon_core.verb:set package 'myArm3' build argument 'catkin_skip_building_tests' from command line to 'False'
[2.247s] DEBUG:colcon.colcon_core.verb:Building package 'myArm3' with the following arguments: {'ament_cmake_args': None, 'build_base': '/home/sunrise/planning_ws/build/myArm3', 'catkin_cmake_args': None, 'catkin_skip_building_tests': False, 'cmake_args': None, 'cmake_clean_cache': False, 'cmake_clean_first': False, 'cmake_force_configure': False, 'cmake_target': None, 'cmake_target_skip_unavailable': False, 'install_base': '/home/sunrise/planning_ws/install/myArm3', 'merge_install': False, 'path': '/home/sunrise/planning_ws/myArm_robot_ros2/src/myArm3', 'symlink_install': False, 'test_result_base': None}
[2.248s] INFO:colcon.colcon_core.executor:Executing jobs using 'parallel' executor
[2.253s] DEBUG:colcon.colcon_parallel_executor.executor.parallel:run_until_complete
[2.254s] INFO:colcon.colcon_ros.task.ament_cmake.build:Building ROS package in '/home/sunrise/planning_ws/myArm_robot_ros2/src/myArm3' with build type 'ament_cmake'
[2.255s] INFO:colcon.colcon_cmake.task.cmake.build:Building CMake package in '/home/sunrise/planning_ws/myArm_robot_ros2/src/myArm3'
[2.265s] INFO:colcon.colcon_core.plugin_system:Skipping extension 'colcon_core.shell.bat': Not used on non-Windows systems
[2.267s] INFO:colcon.colcon_core.shell:Skip shell extension 'powershell' for command environment: Not usable outside of PowerShell
[2.267s] DEBUG:colcon.colcon_core.shell:Skip shell extension 'dsv' for command environment
[2.299s] DEBUG:colcon.colcon_core.event_handler.log_command:Invoking command in '/home/sunrise/planning_ws/build/myArm3': CMAKE_PREFIX_PATH=/opt/ros/humble /usr/bin/cmake /home/sunrise/planning_ws/myArm_robot_ros2/src/myArm3 -DCMAKE_INSTALL_PREFIX=/home/sunrise/planning_ws/install/myArm3
[5.927s] DEBUG:colcon.colcon_core.event_handler.log_command:Invoked command in '/home/sunrise/planning_ws/build/myArm3' returned '0': CMAKE_PREFIX_PATH=/opt/ros/humble /usr/bin/cmake /home/sunrise/planning_ws/myArm_robot_ros2/src/myArm3 -DCMAKE_INSTALL_PREFIX=/home/sunrise/planning_ws/install/myArm3
[5.947s] DEBUG:colcon.colcon_core.event_handler.log_command:Invoking command in '/home/sunrise/planning_ws/build/myArm3': CMAKE_PREFIX_PATH=/opt/ros/humble /usr/bin/cmake --build /home/sunrise/planning_ws/build/myArm3 -- -j8 -l8
[6.122s] DEBUG:colcon.colcon_core.event_handler.log_command:Invoked command in '/home/sunrise/planning_ws/build/myArm3' returned '0': CMAKE_PREFIX_PATH=/opt/ros/humble /usr/bin/cmake --build /home/sunrise/planning_ws/build/myArm3 -- -j8 -l8
[6.181s] DEBUG:colcon.colcon_core.event_handler.log_command:Invoking command in '/home/sunrise/planning_ws/build/myArm3': CMAKE_PREFIX_PATH=/opt/ros/humble /usr/bin/cmake --install /home/sunrise/planning_ws/build/myArm3
[6.323s] Level 1:colcon.colcon_core.environment:create_environment_scripts_only(myArm3)
[6.327s] DEBUG:colcon.colcon_core.event_handler.log_command:Invoked command in '/home/sunrise/planning_ws/build/myArm3' returned '0': CMAKE_PREFIX_PATH=/opt/ros/humble /usr/bin/cmake --install /home/sunrise/planning_ws/build/myArm3
[6.351s] Level 1:colcon.colcon_core.environment:checking '/home/sunrise/planning_ws/install/myArm3' for CMake module files
[6.357s] Level 1:colcon.colcon_core.environment:checking '/home/sunrise/planning_ws/install/myArm3' for CMake config files
[6.359s] Level 1:colcon.colcon_core.shell:create_environment_hook('myArm3', 'cmake_prefix_path')
[6.362s] INFO:colcon.colcon_core.shell:Creating environment hook '/home/sunrise/planning_ws/install/myArm3/share/myArm3/hook/cmake_prefix_path.ps1'
[6.369s] INFO:colcon.colcon_core.shell:Creating environment descriptor '/home/sunrise/planning_ws/install/myArm3/share/myArm3/hook/cmake_prefix_path.dsv'
[6.371s] INFO:colcon.colcon_core.shell:Creating environment hook '/home/sunrise/planning_ws/install/myArm3/share/myArm3/hook/cmake_prefix_path.sh'
[6.377s] Level 1:colcon.colcon_core.environment:checking '/home/sunrise/planning_ws/install/myArm3/bin'
[6.377s] Level 1:colcon.colcon_core.environment:checking '/home/sunrise/planning_ws/install/myArm3/lib/pkgconfig/myArm3.pc'
[6.379s] Level 1:colcon.colcon_core.environment:checking '/home/sunrise/planning_ws/install/myArm3/lib/python3.10/site-packages'
[6.381s] Level 1:colcon.colcon_core.environment:checking '/home/sunrise/planning_ws/install/myArm3/bin'
[6.383s] INFO:colcon.colcon_core.shell:Creating package script '/home/sunrise/planning_ws/install/myArm3/share/myArm3/package.ps1'
[6.394s] INFO:colcon.colcon_core.shell:Creating package descriptor '/home/sunrise/planning_ws/install/myArm3/share/myArm3/package.dsv'
[6.398s] INFO:colcon.colcon_core.shell:Creating package script '/home/sunrise/planning_ws/install/myArm3/share/myArm3/package.sh'
[6.403s] INFO:colcon.colcon_core.shell:Creating package script '/home/sunrise/planning_ws/install/myArm3/share/myArm3/package.bash'
[6.409s] INFO:colcon.colcon_core.shell:Creating package script '/home/sunrise/planning_ws/install/myArm3/share/myArm3/package.zsh'
[6.415s] Level 1:colcon.colcon_core.environment:create_file_with_runtime_dependencies(/home/sunrise/planning_ws/install/myArm3/share/colcon-core/packages/myArm3)
[6.419s] Level 1:colcon.colcon_core.environment:create_environment_scripts_only(myArm3)
[6.421s] Level 1:colcon.colcon_core.environment:checking '/home/sunrise/planning_ws/install/myArm3' for CMake module files
[6.424s] Level 1:colcon.colcon_core.environment:checking '/home/sunrise/planning_ws/install/myArm3' for CMake config files
[6.425s] Level 1:colcon.colcon_core.shell:create_environment_hook('myArm3', 'cmake_prefix_path')
[6.427s] INFO:colcon.colcon_core.shell:Creating environment hook '/home/sunrise/planning_ws/install/myArm3/share/myArm3/hook/cmake_prefix_path.ps1'
[6.430s] INFO:colcon.colcon_core.shell:Creating environment descriptor '/home/sunrise/planning_ws/install/myArm3/share/myArm3/hook/cmake_prefix_path.dsv'
[6.432s] INFO:colcon.colcon_core.shell:Creating environment hook '/home/sunrise/planning_ws/install/myArm3/share/myArm3/hook/cmake_prefix_path.sh'
[6.435s] Level 1:colcon.colcon_core.environment:checking '/home/sunrise/planning_ws/install/myArm3/bin'
[6.435s] Level 1:colcon.colcon_core.environment:checking '/home/sunrise/planning_ws/install/myArm3/lib/pkgconfig/myArm3.pc'
[6.436s] Level 1:colcon.colcon_core.environment:checking '/home/sunrise/planning_ws/install/myArm3/lib/python3.10/site-packages'
[6.438s] Level 1:colcon.colcon_core.environment:checking '/home/sunrise/planning_ws/install/myArm3/bin'
[6.440s] INFO:colcon.colcon_core.shell:Creating package script '/home/sunrise/planning_ws/install/myArm3/share/myArm3/package.ps1'
[6.443s] INFO:colcon.colcon_core.shell:Creating package descriptor '/home/sunrise/planning_ws/install/myArm3/share/myArm3/package.dsv'
[6.446s] INFO:colcon.colcon_core.shell:Creating package script '/home/sunrise/planning_ws/install/myArm3/share/myArm3/package.sh'
[6.448s] INFO:colcon.colcon_core.shell:Creating package script '/home/sunrise/planning_ws/install/myArm3/share/myArm3/package.bash'
[6.451s] INFO:colcon.colcon_core.shell:Creating package script '/home/sunrise/planning_ws/install/myArm3/share/myArm3/package.zsh'
[6.454s] Level 1:colcon.colcon_core.environment:create_file_with_runtime_dependencies(/home/sunrise/planning_ws/install/myArm3/share/colcon-core/packages/myArm3)
[6.455s] DEBUG:colcon.colcon_parallel_executor.executor.parallel:closing loop
[6.457s] DEBUG:colcon.colcon_parallel_executor.executor.parallel:loop closed
[6.457s] DEBUG:colcon.colcon_parallel_executor.executor.parallel:run_until_complete finished with '0'
[6.458s] DEBUG:colcon.colcon_core.event_reactor:joining thread
[6.488s] INFO:colcon.colcon_core.plugin_system:Skipping extension 'colcon_notification.desktop_notification.notify_send': Could not find 'notify-send'
[6.489s] INFO:colcon.colcon_core.plugin_system:Skipping extension 'colcon_notification.desktop_notification.terminal_notifier': Not used on non-Darwin systems
[6.489s] INFO:colcon.colcon_core.plugin_system:Skipping extension 'colcon_notification.desktop_notification.win32': Not used on non-Windows systems
[6.490s] INFO:colcon.colcon_notification.desktop_notification:Sending desktop notification using 'notify2'
[6.512s] DEBUG:colcon.colcon_core.event_reactor:joined thread
[6.515s] INFO:colcon.colcon_core.shell:Creating prefix script '/home/sunrise/planning_ws/install/local_setup.ps1'
[6.523s] INFO:colcon.colcon_core.shell:Creating prefix util module '/home/sunrise/planning_ws/install/_local_setup_util_ps1.py'
[6.533s] INFO:colcon.colcon_core.shell:Creating prefix chain script '/home/sunrise/planning_ws/install/setup.ps1'
[6.540s] INFO:colcon.colcon_core.shell:Creating prefix script '/home/sunrise/planning_ws/install/local_setup.sh'
[6.543s] INFO:colcon.colcon_core.shell:Creating prefix util module '/home/sunrise/planning_ws/install/_local_setup_util_sh.py'
[6.546s] INFO:colcon.colcon_core.shell:Creating prefix chain script '/home/sunrise/planning_ws/install/setup.sh'
[6.552s] INFO:colcon.colcon_core.shell:Creating prefix script '/home/sunrise/planning_ws/install/local_setup.bash'
[6.555s] INFO:colcon.colcon_core.shell:Creating prefix chain script '/home/sunrise/planning_ws/install/setup.bash'
[6.561s] INFO:colcon.colcon_core.shell:Creating prefix script '/home/sunrise/planning_ws/install/local_setup.zsh'
[6.564s] INFO:colcon.colcon_core.shell:Creating prefix chain script '/home/sunrise/planning_ws/install/setup.zsh'
