[4.399s] Invoking command in '/home/sunrise/pyListener/pyListener': CONDA_PROMPT_MODIFIER=(base) PYTHONPATH=/home/sunrise/pyListener/build/pyListener/prefix_override:/usr/lib/python3/dist-packages/colcon_core/task/python/colcon_distutils_commands:/home/sunrise/pyListener/install/pyListener/lib/python3.10/site-packages:${PYTHONPATH} /usr/bin/python3 -W ignore:setup.py install is deprecated -W ignore:easy_install command is deprecated setup.py egg_info --egg-base ../build/pyListener build --build-base /home/sunrise/pyListener/build/pyListener/build install --record /home/sunrise/pyListener/build/pyListener/install.log --single-version-externally-managed install_data
[5.861s] running egg_info
[5.865s] writing ../build/pyListener/pyListener.egg-info/PKG-INFO
[5.866s] writing dependency_links to ../build/pyListener/pyListener.egg-info/dependency_links.txt
[5.867s] writing entry points to ../build/pyListener/pyListener.egg-info/entry_points.txt
[5.868s] writing requirements to ../build/pyListener/pyListener.egg-info/requires.txt
[5.868s] writing top-level names to ../build/pyListener/pyListener.egg-info/top_level.txt
[5.881s] reading manifest file '../build/pyListener/pyListener.egg-info/SOURCES.txt'
[5.887s] writing manifest file '../build/pyListener/pyListener.egg-info/SOURCES.txt'
[5.887s] running build
[5.888s] running build_py
[5.888s] copying pyListener/pyListener.py -> /home/sunrise/pyListener/build/pyListener/build/lib/pyListener
[5.889s] copying pyListener/ZDT.py -> /home/sunrise/pyListener/build/pyListener/build/lib/pyListener
[5.891s] running install
[5.892s] running install_lib
[5.896s] copying /home/sunrise/pyListener/build/pyListener/build/lib/pyListener/pyListener.py -> /home/sunrise/pyListener/install/pyListener/lib/python3.10/site-packages/pyListener
[5.897s] copying /home/sunrise/pyListener/build/pyListener/build/lib/pyListener/ZDT.py -> /home/sunrise/pyListener/install/pyListener/lib/python3.10/site-packages/pyListener
[5.900s] byte-compiling /home/sunrise/pyListener/install/pyListener/lib/python3.10/site-packages/pyListener/pyListener.py to pyListener.cpython-310.pyc
[5.906s] byte-compiling /home/sunrise/pyListener/install/pyListener/lib/python3.10/site-packages/pyListener/ZDT.py to ZDT.cpython-310.pyc
[5.940s] running install_data
[5.941s] copying package.xml -> /home/sunrise/pyListener/install/pyListener/share/pyListener
[5.941s] running install_egg_info
[5.950s] removing '/home/sunrise/pyListener/install/pyListener/lib/python3.10/site-packages/pyListener-0.0.0-py3.10.egg-info' (and everything under it)
[5.952s] Copying ../build/pyListener/pyListener.egg-info to /home/sunrise/pyListener/install/pyListener/lib/python3.10/site-packages/pyListener-0.0.0-py3.10.egg-info
[5.957s] running install_scripts
[6.072s] Installing pyListener script to /home/sunrise/pyListener/install/pyListener/lib/pyListener
[6.074s] writing list of installed files to '/home/sunrise/pyListener/build/pyListener/install.log'
[6.280s] Invoked command in '/home/sunrise/pyListener/pyListener' returned '0': CONDA_PROMPT_MODIFIER=(base) PYTHONPATH=/home/sunrise/pyListener/build/pyListener/prefix_override:/usr/lib/python3/dist-packages/colcon_core/task/python/colcon_distutils_commands:/home/sunrise/pyListener/install/pyListener/lib/python3.10/site-packages:${PYTHONPATH} /usr/bin/python3 -W ignore:setup.py install is deprecated -W ignore:easy_install command is deprecated setup.py egg_info --egg-base ../build/pyListener build --build-base /home/sunrise/pyListener/build/pyListener/build install --record /home/sunrise/pyListener/build/pyListener/install.log --single-version-externally-managed install_data
