[0.069s] Invoking command in '/home/sunrise/motor_ws/build/motor_msg': CMAKE_PREFIX_PATH=${CMAKE_PREFIX_PATH}:/home/sunrise/motor_ws/install/motor_state:/home/sunrise/motor_ws/install/motor_control:/opt/tros/humble:/opt/ros/humble /usr/bin/cmake --build /home/sunrise/motor_ws/build/motor_msg -- -j8 -l8
[0.363s] -- Found ament_cmake: 1.3.11 (/opt/ros/humble/share/ament_cmake/cmake)
[1.381s] -- Found rosidl_default_generators: 1.2.0 (/opt/ros/humble/share/rosidl_default_generators/cmake)
[1.397s] -- Using all available rosidl_typesupport_c: rosidl_typesupport_fastrtps_c;rosidl_typesupport_introspection_c
[1.420s] -- Found rosidl_adapter: 3.1.6 (/opt/ros/humble/share/rosidl_adapter/cmake)
[1.633s] -- Using all available rosidl_typesupport_cpp: rosidl_typesupport_fastrtps_cpp;rosidl_typesupport_introspection_cpp
[1.823s] -- Found builtin_interfaces: 1.2.1 (/opt/ros/humble/share/builtin_interfaces/cmake)
[3.648s] -- Found ament_cmake_ros: 0.10.0 (/opt/ros/humble/share/ament_cmake_ros/cmake)
[4.833s] -- Using all available rosidl_typesupport_c: rosidl_typesupport_fastrtps_c;rosidl_typesupport_introspection_c
[6.588s] -- Using all available rosidl_typesupport_cpp: rosidl_typesupport_fastrtps_cpp;rosidl_typesupport_introspection_cpp
[6.780s] -- Found python_cmake_module: 0.10.0 (/opt/ros/humble/share/python_cmake_module/cmake)
[6.971s] -- Using PYTHON_EXECUTABLE: /usr/bin/python3
[6.971s] -- Using PYTHON_INCLUDE_DIRS: /usr/include/python3.10
[6.978s] -- Using PYTHON_LIBRARIES: /usr/lib/aarch64-linux-gnu/libpython3.10.so
[7.119s] -- Found ament_lint_auto: 0.12.12 (/opt/ros/humble/share/ament_lint_auto/cmake)
[7.252s] -- Added test 'lint_cmake' to check CMake code style
[7.271s] -- Added test 'xmllint' to check XML markup files
[7.298s] -- Configuring done
[7.649s] -- Generating done
[7.763s] -- Build files have been written to: /home/sunrise/motor_ws/build/motor_msg
[7.959s] [35m[1mConsolidate compiler generated dependencies of target motor_msg__rosidl_generator_c[0m
[8.055s] [  9%] Built target motor_msg__rosidl_generator_c
[8.074s] [ 12%] Built target motor_msg__cpp
[8.125s] [35m[1mConsolidate compiler generated dependencies of target motor_msg__rosidl_typesupport_fastrtps_c[0m
[8.155s] [35m[1mConsolidate compiler generated dependencies of target motor_msg__rosidl_typesupport_c[0m
[8.179s] [ 12%] Built target ament_cmake_python_copy_motor_msg
[8.180s] [35m[1mConsolidate compiler generated dependencies of target motor_msg__rosidl_typesupport_introspection_c[0m
[8.209s] [35m[1mConsolidate compiler generated dependencies of target motor_msg__rosidl_typesupport_cpp[0m
[8.229s] [ 22%] Built target motor_msg__rosidl_typesupport_fastrtps_c
[8.230s] [35m[1mConsolidate compiler generated dependencies of target motor_msg__rosidl_typesupport_introspection_cpp[0m
[8.240s] [35m[1mConsolidate compiler generated dependencies of target motor_msg__rosidl_typesupport_fastrtps_cpp[0m
[8.242s] [ 32%] Built target motor_msg__rosidl_typesupport_c
[8.322s] [ 41%] Built target motor_msg__rosidl_typesupport_introspection_c
[8.353s] [ 51%] Built target motor_msg__rosidl_typesupport_cpp
[8.409s] [ 61%] Built target motor_msg__rosidl_typesupport_introspection_cpp
[8.418s] [ 70%] Built target motor_msg__rosidl_typesupport_fastrtps_cpp
[8.538s] [ 70%] Built target motor_msg
[8.754s] [ 74%] Built target motor_msg__py
[8.806s] [35m[1mConsolidate compiler generated dependencies of target motor_msg__rosidl_generator_py[0m
[8.877s] [ 80%] Built target motor_msg__rosidl_generator_py
[8.929s] [35m[1mConsolidate compiler generated dependencies of target motor_msg__rosidl_typesupport_fastrtps_c__pyext[0m
[8.930s] [35m[1mConsolidate compiler generated dependencies of target motor_msg__rosidl_typesupport_c__pyext[0m
[8.946s] [35m[1mConsolidate compiler generated dependencies of target motor_msg__rosidl_typesupport_introspection_c__pyext[0m
[8.998s] [ 87%] Built target motor_msg__rosidl_typesupport_fastrtps_c__pyext
[9.004s] [ 93%] Built target motor_msg__rosidl_typesupport_c__pyext
[9.028s] [100%] Built target motor_msg__rosidl_typesupport_introspection_c__pyext
[10.036s] running egg_info
[10.041s] writing motor_msg.egg-info/PKG-INFO
[10.043s] writing dependency_links to motor_msg.egg-info/dependency_links.txt
[10.044s] writing top-level names to motor_msg.egg-info/top_level.txt
[10.062s] reading manifest file 'motor_msg.egg-info/SOURCES.txt'
[10.071s] writing manifest file 'motor_msg.egg-info/SOURCES.txt'
[10.292s] [100%] Built target ament_cmake_python_build_motor_msg_egg
[10.345s] Invoked command in '/home/sunrise/motor_ws/build/motor_msg' returned '0': CMAKE_PREFIX_PATH=${CMAKE_PREFIX_PATH}:/home/sunrise/motor_ws/install/motor_state:/home/sunrise/motor_ws/install/motor_control:/opt/tros/humble:/opt/ros/humble /usr/bin/cmake --build /home/sunrise/motor_ws/build/motor_msg -- -j8 -l8
[10.353s] Invoking command in '/home/sunrise/motor_ws/build/motor_msg': CMAKE_PREFIX_PATH=${CMAKE_PREFIX_PATH}:/home/sunrise/motor_ws/install/motor_state:/home/sunrise/motor_ws/install/motor_control:/opt/tros/humble:/opt/ros/humble /usr/bin/cmake --install /home/sunrise/motor_ws/build/motor_msg
[10.393s] -- Install configuration: ""
[10.394s] -- Up-to-date: /home/sunrise/motor_ws/install/motor_msg/share/ament_index/resource_index/rosidl_interfaces/motor_msg
[10.395s] -- Up-to-date: /home/sunrise/motor_ws/install/motor_msg/include/motor_msg/motor_msg
[10.396s] -- Up-to-date: /home/sunrise/motor_ws/install/motor_msg/include/motor_msg/motor_msg/msg
[10.397s] -- Up-to-date: /home/sunrise/motor_ws/install/motor_msg/include/motor_msg/motor_msg/msg/detail
[10.399s] -- Up-to-date: /home/sunrise/motor_ws/install/motor_msg/include/motor_msg/motor_msg/msg/detail/motor__functions.c
[10.400s] -- Up-to-date: /home/sunrise/motor_ws/install/motor_msg/include/motor_msg/motor_msg/msg/detail/motor__struct.h
[10.401s] -- Up-to-date: /home/sunrise/motor_ws/install/motor_msg/include/motor_msg/motor_msg/msg/detail/motor__functions.h
[10.403s] -- Up-to-date: /home/sunrise/motor_ws/install/motor_msg/include/motor_msg/motor_msg/msg/detail/motor__type_support.h
[10.403s] -- Up-to-date: /home/sunrise/motor_ws/install/motor_msg/include/motor_msg/motor_msg/msg/motor.h
[10.411s] -- Up-to-date: /home/sunrise/motor_ws/install/motor_msg/include/motor_msg/motor_msg/msg/rosidl_generator_c__visibility_control.h
[10.412s] -- Up-to-date: /home/sunrise/motor_ws/install/motor_msg/share/motor_msg/environment/library_path.sh
[10.413s] -- Installing: /home/sunrise/motor_ws/install/motor_msg/share/motor_msg/environment/library_path.dsv
[10.415s] -- Up-to-date: /home/sunrise/motor_ws/install/motor_msg/lib/libmotor_msg__rosidl_generator_c.so
[10.415s] -- Up-to-date: /home/sunrise/motor_ws/install/motor_msg/include/motor_msg/motor_msg
[10.417s] -- Up-to-date: /home/sunrise/motor_ws/install/motor_msg/include/motor_msg/motor_msg/msg
[10.418s] -- Up-to-date: /home/sunrise/motor_ws/install/motor_msg/include/motor_msg/motor_msg/msg/rosidl_typesupport_fastrtps_c__visibility_control.h
[10.419s] -- Up-to-date: /home/sunrise/motor_ws/install/motor_msg/include/motor_msg/motor_msg/msg/detail
[10.420s] -- Up-to-date: /home/sunrise/motor_ws/install/motor_msg/include/motor_msg/motor_msg/msg/detail/motor__rosidl_typesupport_fastrtps_c.h
[10.422s] -- Up-to-date: /home/sunrise/motor_ws/install/motor_msg/lib/libmotor_msg__rosidl_typesupport_fastrtps_c.so
[10.423s] -- Up-to-date: /home/sunrise/motor_ws/install/motor_msg/include/motor_msg/motor_msg
[10.424s] -- Up-to-date: /home/sunrise/motor_ws/install/motor_msg/include/motor_msg/motor_msg/msg
[10.425s] -- Up-to-date: /home/sunrise/motor_ws/install/motor_msg/include/motor_msg/motor_msg/msg/rosidl_typesupport_introspection_c__visibility_control.h
[10.426s] -- Up-to-date: /home/sunrise/motor_ws/install/motor_msg/include/motor_msg/motor_msg/msg/detail
[10.426s] -- Up-to-date: /home/sunrise/motor_ws/install/motor_msg/include/motor_msg/motor_msg/msg/detail/motor__rosidl_typesupport_introspection_c.h
[10.427s] -- Up-to-date: /home/sunrise/motor_ws/install/motor_msg/include/motor_msg/motor_msg/msg/detail/motor__type_support.c
[10.428s] -- Up-to-date: /home/sunrise/motor_ws/install/motor_msg/lib/libmotor_msg__rosidl_typesupport_introspection_c.so
[10.429s] -- Up-to-date: /home/sunrise/motor_ws/install/motor_msg/lib/libmotor_msg__rosidl_typesupport_c.so
[10.429s] -- Up-to-date: /home/sunrise/motor_ws/install/motor_msg/include/motor_msg/motor_msg
[10.430s] -- Up-to-date: /home/sunrise/motor_ws/install/motor_msg/include/motor_msg/motor_msg/msg
[10.431s] -- Up-to-date: /home/sunrise/motor_ws/install/motor_msg/include/motor_msg/motor_msg/msg/rosidl_generator_cpp__visibility_control.hpp
[10.432s] -- Up-to-date: /home/sunrise/motor_ws/install/motor_msg/include/motor_msg/motor_msg/msg/detail
[10.432s] -- Up-to-date: /home/sunrise/motor_ws/install/motor_msg/include/motor_msg/motor_msg/msg/detail/motor__traits.hpp
[10.433s] -- Up-to-date: /home/sunrise/motor_ws/install/motor_msg/include/motor_msg/motor_msg/msg/detail/motor__struct.hpp
[10.434s] -- Up-to-date: /home/sunrise/motor_ws/install/motor_msg/include/motor_msg/motor_msg/msg/detail/motor__type_support.hpp
[10.434s] -- Up-to-date: /home/sunrise/motor_ws/install/motor_msg/include/motor_msg/motor_msg/msg/detail/motor__builder.hpp
[10.435s] -- Up-to-date: /home/sunrise/motor_ws/install/motor_msg/include/motor_msg/motor_msg/msg/motor.hpp
[10.436s] -- Up-to-date: /home/sunrise/motor_ws/install/motor_msg/include/motor_msg/motor_msg
[10.437s] -- Up-to-date: /home/sunrise/motor_ws/install/motor_msg/include/motor_msg/motor_msg/msg
[10.437s] -- Up-to-date: /home/sunrise/motor_ws/install/motor_msg/include/motor_msg/motor_msg/msg/detail
[10.438s] -- Up-to-date: /home/sunrise/motor_ws/install/motor_msg/include/motor_msg/motor_msg/msg/detail/motor__rosidl_typesupport_fastrtps_cpp.hpp
[10.439s] -- Up-to-date: /home/sunrise/motor_ws/install/motor_msg/include/motor_msg/motor_msg/msg/detail/dds_fastrtps
[10.440s] -- Up-to-date: /home/sunrise/motor_ws/install/motor_msg/include/motor_msg/motor_msg/msg/rosidl_typesupport_fastrtps_cpp__visibility_control.h
[10.440s] -- Up-to-date: /home/sunrise/motor_ws/install/motor_msg/lib/libmotor_msg__rosidl_typesupport_fastrtps_cpp.so
[10.441s] -- Up-to-date: /home/sunrise/motor_ws/install/motor_msg/include/motor_msg/motor_msg
[10.442s] -- Up-to-date: /home/sunrise/motor_ws/install/motor_msg/include/motor_msg/motor_msg/msg
[10.442s] -- Up-to-date: /home/sunrise/motor_ws/install/motor_msg/include/motor_msg/motor_msg/msg/detail
[10.443s] -- Up-to-date: /home/sunrise/motor_ws/install/motor_msg/include/motor_msg/motor_msg/msg/detail/motor__rosidl_typesupport_introspection_cpp.hpp
[10.444s] -- Up-to-date: /home/sunrise/motor_ws/install/motor_msg/include/motor_msg/motor_msg/msg/detail/motor__type_support.cpp
[10.444s] -- Up-to-date: /home/sunrise/motor_ws/install/motor_msg/lib/libmotor_msg__rosidl_typesupport_introspection_cpp.so
[10.445s] -- Up-to-date: /home/sunrise/motor_ws/install/motor_msg/lib/libmotor_msg__rosidl_typesupport_cpp.so
[10.446s] -- Up-to-date: /home/sunrise/motor_ws/install/motor_msg/share/motor_msg/environment/pythonpath.sh
[10.446s] -- Installing: /home/sunrise/motor_ws/install/motor_msg/share/motor_msg/environment/pythonpath.dsv
[10.447s] -- Up-to-date: /home/sunrise/motor_ws/install/motor_msg/local/lib/python3.10/dist-packages/motor_msg-0.0.0-py3.10.egg-info
[10.448s] -- Installing: /home/sunrise/motor_ws/install/motor_msg/local/lib/python3.10/dist-packages/motor_msg-0.0.0-py3.10.egg-info/SOURCES.txt
[10.448s] -- Installing: /home/sunrise/motor_ws/install/motor_msg/local/lib/python3.10/dist-packages/motor_msg-0.0.0-py3.10.egg-info/top_level.txt
[10.449s] -- Installing: /home/sunrise/motor_ws/install/motor_msg/local/lib/python3.10/dist-packages/motor_msg-0.0.0-py3.10.egg-info/dependency_links.txt
[10.450s] -- Installing: /home/sunrise/motor_ws/install/motor_msg/local/lib/python3.10/dist-packages/motor_msg-0.0.0-py3.10.egg-info/PKG-INFO
[10.451s] -- Up-to-date: /home/sunrise/motor_ws/install/motor_msg/local/lib/python3.10/dist-packages/motor_msg
[10.451s] -- Up-to-date: /home/sunrise/motor_ws/install/motor_msg/local/lib/python3.10/dist-packages/motor_msg/libmotor_msg__rosidl_generator_py.so
[10.452s] -- Up-to-date: /home/sunrise/motor_ws/install/motor_msg/local/lib/python3.10/dist-packages/motor_msg/_motor_msg_s.ep.rosidl_typesupport_c.c
[10.453s] -- Up-to-date: /home/sunrise/motor_ws/install/motor_msg/local/lib/python3.10/dist-packages/motor_msg/msg
[10.453s] -- Up-to-date: /home/sunrise/motor_ws/install/motor_msg/local/lib/python3.10/dist-packages/motor_msg/msg/_motor.py
[10.454s] -- Up-to-date: /home/sunrise/motor_ws/install/motor_msg/local/lib/python3.10/dist-packages/motor_msg/msg/_motor_s.c
[10.455s] -- Up-to-date: /home/sunrise/motor_ws/install/motor_msg/local/lib/python3.10/dist-packages/motor_msg/msg/__init__.py
[10.455s] -- Up-to-date: /home/sunrise/motor_ws/install/motor_msg/local/lib/python3.10/dist-packages/motor_msg/_motor_msg_s.ep.rosidl_typesupport_fastrtps_c.c
[10.456s] -- Up-to-date: /home/sunrise/motor_ws/install/motor_msg/local/lib/python3.10/dist-packages/motor_msg/motor_msg_s__rosidl_typesupport_c.cpython-310-aarch64-linux-gnu.so
[10.457s] -- Up-to-date: /home/sunrise/motor_ws/install/motor_msg/local/lib/python3.10/dist-packages/motor_msg/motor_msg_s__rosidl_typesupport_fastrtps_c.cpython-310-aarch64-linux-gnu.so
[10.457s] -- Installing: /home/sunrise/motor_ws/install/motor_msg/local/lib/python3.10/dist-packages/motor_msg/__init__.py
[10.458s] -- Up-to-date: /home/sunrise/motor_ws/install/motor_msg/local/lib/python3.10/dist-packages/motor_msg/motor_msg_s__rosidl_typesupport_introspection_c.cpython-310-aarch64-linux-gnu.so
[10.459s] -- Up-to-date: /home/sunrise/motor_ws/install/motor_msg/local/lib/python3.10/dist-packages/motor_msg/_motor_msg_s.ep.rosidl_typesupport_introspection_c.c
[10.665s] Listing '/home/sunrise/motor_ws/install/motor_msg/local/lib/python3.10/dist-packages/motor_msg'...
[10.666s] Compiling '/home/sunrise/motor_ws/install/motor_msg/local/lib/python3.10/dist-packages/motor_msg/__init__.py'...
[10.667s] Listing '/home/sunrise/motor_ws/install/motor_msg/local/lib/python3.10/dist-packages/motor_msg/msg'...
[10.714s] -- Up-to-date: /home/sunrise/motor_ws/install/motor_msg/local/lib/python3.10/dist-packages/motor_msg/motor_msg_s__rosidl_typesupport_fastrtps_c.cpython-310-aarch64-linux-gnu.so
[10.716s] -- Up-to-date: /home/sunrise/motor_ws/install/motor_msg/local/lib/python3.10/dist-packages/motor_msg/motor_msg_s__rosidl_typesupport_introspection_c.cpython-310-aarch64-linux-gnu.so
[10.718s] -- Up-to-date: /home/sunrise/motor_ws/install/motor_msg/local/lib/python3.10/dist-packages/motor_msg/motor_msg_s__rosidl_typesupport_c.cpython-310-aarch64-linux-gnu.so
[10.721s] -- Up-to-date: /home/sunrise/motor_ws/install/motor_msg/lib/libmotor_msg__rosidl_generator_py.so
[10.721s] -- Up-to-date: /home/sunrise/motor_ws/install/motor_msg/share/motor_msg/msg/Motor.idl
[10.722s] -- Installing: /home/sunrise/motor_ws/install/motor_msg/share/motor_msg/msg/Motor.msg
[10.723s] -- Up-to-date: /home/sunrise/motor_ws/install/motor_msg/share/ament_index/resource_index/package_run_dependencies/motor_msg
[10.724s] -- Installing: /home/sunrise/motor_ws/install/motor_msg/share/ament_index/resource_index/parent_prefix_path/motor_msg
[10.725s] -- Up-to-date: /home/sunrise/motor_ws/install/motor_msg/share/motor_msg/environment/ament_prefix_path.sh
[10.725s] -- Installing: /home/sunrise/motor_ws/install/motor_msg/share/motor_msg/environment/ament_prefix_path.dsv
[10.726s] -- Up-to-date: /home/sunrise/motor_ws/install/motor_msg/share/motor_msg/environment/path.sh
[10.727s] -- Installing: /home/sunrise/motor_ws/install/motor_msg/share/motor_msg/environment/path.dsv
[10.728s] -- Up-to-date: /home/sunrise/motor_ws/install/motor_msg/share/motor_msg/local_setup.bash
[10.728s] -- Up-to-date: /home/sunrise/motor_ws/install/motor_msg/share/motor_msg/local_setup.sh
[10.729s] -- Up-to-date: /home/sunrise/motor_ws/install/motor_msg/share/motor_msg/local_setup.zsh
[10.730s] -- Installing: /home/sunrise/motor_ws/install/motor_msg/share/motor_msg/local_setup.dsv
[10.730s] -- Installing: /home/sunrise/motor_ws/install/motor_msg/share/motor_msg/package.dsv
[10.731s] -- Up-to-date: /home/sunrise/motor_ws/install/motor_msg/share/ament_index/resource_index/packages/motor_msg
[10.732s] -- Up-to-date: /home/sunrise/motor_ws/install/motor_msg/share/motor_msg/cmake/export_motor_msg__rosidl_generator_cExport.cmake
[10.732s] -- Up-to-date: /home/sunrise/motor_ws/install/motor_msg/share/motor_msg/cmake/export_motor_msg__rosidl_generator_cExport-noconfig.cmake
[10.733s] -- Up-to-date: /home/sunrise/motor_ws/install/motor_msg/share/motor_msg/cmake/export_motor_msg__rosidl_typesupport_fastrtps_cExport.cmake
[10.734s] -- Up-to-date: /home/sunrise/motor_ws/install/motor_msg/share/motor_msg/cmake/export_motor_msg__rosidl_typesupport_fastrtps_cExport-noconfig.cmake
[10.734s] -- Up-to-date: /home/sunrise/motor_ws/install/motor_msg/share/motor_msg/cmake/motor_msg__rosidl_typesupport_introspection_cExport.cmake
[10.735s] -- Up-to-date: /home/sunrise/motor_ws/install/motor_msg/share/motor_msg/cmake/motor_msg__rosidl_typesupport_introspection_cExport-noconfig.cmake
[10.736s] -- Up-to-date: /home/sunrise/motor_ws/install/motor_msg/share/motor_msg/cmake/motor_msg__rosidl_typesupport_cExport.cmake
[10.736s] -- Up-to-date: /home/sunrise/motor_ws/install/motor_msg/share/motor_msg/cmake/motor_msg__rosidl_typesupport_cExport-noconfig.cmake
[10.737s] -- Up-to-date: /home/sunrise/motor_ws/install/motor_msg/share/motor_msg/cmake/export_motor_msg__rosidl_generator_cppExport.cmake
[10.738s] -- Up-to-date: /home/sunrise/motor_ws/install/motor_msg/share/motor_msg/cmake/export_motor_msg__rosidl_typesupport_fastrtps_cppExport.cmake
[10.739s] -- Up-to-date: /home/sunrise/motor_ws/install/motor_msg/share/motor_msg/cmake/export_motor_msg__rosidl_typesupport_fastrtps_cppExport-noconfig.cmake
[10.740s] -- Up-to-date: /home/sunrise/motor_ws/install/motor_msg/share/motor_msg/cmake/motor_msg__rosidl_typesupport_introspection_cppExport.cmake
[10.740s] -- Up-to-date: /home/sunrise/motor_ws/install/motor_msg/share/motor_msg/cmake/motor_msg__rosidl_typesupport_introspection_cppExport-noconfig.cmake
[10.741s] -- Up-to-date: /home/sunrise/motor_ws/install/motor_msg/share/motor_msg/cmake/motor_msg__rosidl_typesupport_cppExport.cmake
[10.742s] -- Up-to-date: /home/sunrise/motor_ws/install/motor_msg/share/motor_msg/cmake/motor_msg__rosidl_typesupport_cppExport-noconfig.cmake
[10.744s] -- Up-to-date: /home/sunrise/motor_ws/install/motor_msg/share/motor_msg/cmake/export_motor_msg__rosidl_generator_pyExport.cmake
[10.745s] -- Up-to-date: /home/sunrise/motor_ws/install/motor_msg/share/motor_msg/cmake/export_motor_msg__rosidl_generator_pyExport-noconfig.cmake
[10.745s] -- Up-to-date: /home/sunrise/motor_ws/install/motor_msg/share/motor_msg/cmake/rosidl_cmake-extras.cmake
[10.746s] -- Up-to-date: /home/sunrise/motor_ws/install/motor_msg/share/motor_msg/cmake/ament_cmake_export_dependencies-extras.cmake
[10.747s] -- Up-to-date: /home/sunrise/motor_ws/install/motor_msg/share/motor_msg/cmake/ament_cmake_export_include_directories-extras.cmake
[10.748s] -- Up-to-date: /home/sunrise/motor_ws/install/motor_msg/share/motor_msg/cmake/ament_cmake_export_libraries-extras.cmake
[10.748s] -- Up-to-date: /home/sunrise/motor_ws/install/motor_msg/share/motor_msg/cmake/ament_cmake_export_targets-extras.cmake
[10.749s] -- Up-to-date: /home/sunrise/motor_ws/install/motor_msg/share/motor_msg/cmake/rosidl_cmake_export_typesupport_targets-extras.cmake
[10.750s] -- Up-to-date: /home/sunrise/motor_ws/install/motor_msg/share/motor_msg/cmake/rosidl_cmake_export_typesupport_libraries-extras.cmake
[10.752s] -- Up-to-date: /home/sunrise/motor_ws/install/motor_msg/share/motor_msg/cmake/motor_msgConfig.cmake
[10.753s] -- Up-to-date: /home/sunrise/motor_ws/install/motor_msg/share/motor_msg/cmake/motor_msgConfig-version.cmake
[10.770s] -- Up-to-date: /home/sunrise/motor_ws/install/motor_msg/share/motor_msg/package.xml
[10.772s] Invoked command in '/home/sunrise/motor_ws/build/motor_msg' returned '0': CMAKE_PREFIX_PATH=${CMAKE_PREFIX_PATH}:/home/sunrise/motor_ws/install/motor_state:/home/sunrise/motor_ws/install/motor_control:/opt/tros/humble:/opt/ros/humble /usr/bin/cmake --install /home/sunrise/motor_ws/build/motor_msg
