running egg_info
writing ../build/pyListener/pyListener.egg-info/PKG-INFO
writing dependency_links to ../build/pyListener/pyListener.egg-info/dependency_links.txt
writing entry points to ../build/pyListener/pyListener.egg-info/entry_points.txt
writing requirements to ../build/pyListener/pyListener.egg-info/requires.txt
writing top-level names to ../build/pyListener/pyListener.egg-info/top_level.txt
reading manifest file '../build/pyListener/pyListener.egg-info/SOURCES.txt'
writing manifest file '../build/pyListener/pyListener.egg-info/SOURCES.txt'
running build
running build_py
copying pyListener/pyListener.py -> /home/user/pyListener/build/pyListener/build/lib/pyListener
running install
running install_lib
copying /home/user/pyListener/build/pyListener/build/lib/pyListener/pyListener.py -> /home/user/pyListener/install/pyListener/lib/python3.10/site-packages/pyListener
byte-compiling /home/user/pyListener/install/pyListener/lib/python3.10/site-packages/pyListener/pyListener.py to pyListener.cpython-310.pyc
running install_data
running install_egg_info
removing '/home/user/pyListener/install/pyListener/lib/python3.10/site-packages/pyListener-0.0.0-py3.10.egg-info' (and everything under it)
Copying ../build/pyListener/pyListener.egg-info to /home/user/pyListener/install/pyListener/lib/python3.10/site-packages/pyListener-0.0.0-py3.10.egg-info
running install_scripts
Installing pyListener script to /home/user/pyListener/install/pyListener/lib/pyListener
writing list of installed files to '/home/user/pyListener/build/pyListener/install.log'
