[4.001s] Invoking command in '/home/sunrise/pyListener/pyListener': CONDA_PROMPT_MODIFIER=(base) PYTHONPATH=/home/sunrise/pyListener/build/pyListener/prefix_override:/usr/lib/python3/dist-packages/colcon_core/task/python/colcon_distutils_commands:/home/sunrise/pyListener/install/pyListener/lib/python3.10/site-packages:${PYTHONPATH} /usr/bin/python3 -W ignore:setup.py install is deprecated -W ignore:easy_install command is deprecated setup.py egg_info --egg-base ../build/pyListener build --build-base /home/sunrise/pyListener/build/pyListener/build install --record /home/sunrise/pyListener/build/pyListener/install.log --single-version-externally-managed install_data
[5.444s] running egg_info
[5.448s] writing ../build/pyListener/pyListener.egg-info/PKG-INFO
[5.449s] writing dependency_links to ../build/pyListener/pyListener.egg-info/dependency_links.txt
[5.450s] writing entry points to ../build/pyListener/pyListener.egg-info/entry_points.txt
[5.450s] writing requirements to ../build/pyListener/pyListener.egg-info/requires.txt
[5.451s] writing top-level names to ../build/pyListener/pyListener.egg-info/top_level.txt
[5.460s] reading manifest file '../build/pyListener/pyListener.egg-info/SOURCES.txt'
[5.465s] writing manifest file '../build/pyListener/pyListener.egg-info/SOURCES.txt'
[5.466s] running build
[5.466s] running build_py
[5.467s] copying pyListener/pyListener.py -> /home/sunrise/pyListener/build/pyListener/build/lib/pyListener
[5.468s] running install
[5.470s] running install_lib
[5.475s] copying /home/sunrise/pyListener/build/pyListener/build/lib/pyListener/pyListener.py -> /home/sunrise/pyListener/install/pyListener/lib/python3.10/site-packages/pyListener
[5.478s] byte-compiling /home/sunrise/pyListener/install/pyListener/lib/python3.10/site-packages/pyListener/pyListener.py to pyListener.cpython-310.pyc
[5.484s] running install_data
[5.485s] running install_egg_info
[5.494s] removing '/home/sunrise/pyListener/install/pyListener/lib/python3.10/site-packages/pyListener-0.0.0-py3.10.egg-info' (and everything under it)
[5.496s] Copying ../build/pyListener/pyListener.egg-info to /home/sunrise/pyListener/install/pyListener/lib/python3.10/site-packages/pyListener-0.0.0-py3.10.egg-info
[5.500s] running install_scripts
[5.616s] Installing pyListener script to /home/sunrise/pyListener/install/pyListener/lib/pyListener
[5.618s] writing list of installed files to '/home/sunrise/pyListener/build/pyListener/install.log'
[5.820s] Invoked command in '/home/sunrise/pyListener/pyListener' returned '0': CONDA_PROMPT_MODIFIER=(base) PYTHONPATH=/home/sunrise/pyListener/build/pyListener/prefix_override:/usr/lib/python3/dist-packages/colcon_core/task/python/colcon_distutils_commands:/home/sunrise/pyListener/install/pyListener/lib/python3.10/site-packages:${PYTHONPATH} /usr/bin/python3 -W ignore:setup.py install is deprecated -W ignore:easy_install command is deprecated setup.py egg_info --egg-base ../build/pyListener build --build-base /home/sunrise/pyListener/build/pyListener/build install --record /home/sunrise/pyListener/build/pyListener/install.log --single-version-externally-managed install_data
