[0.679s] DEBUG:colcon:Command line arguments: ['/usr/bin/colcon', 'build']
[0.679s] DEBUG:colcon:Parsed command line arguments: Namespace(log_base=None, log_level=None, verb_name='build', build_base='build', install_base='install', merge_install=False, symlink_install=False, test_result_base=None, continue_on_error=False, executor='parallel', parallel_workers=8, event_handlers=None, ignore_user_meta=False, metas=['./colcon.meta'], base_paths=['.'], packages_ignore=None, packages_ignore_regex=None, paths=None, packages_up_to=None, packages_up_to_regex=None, packages_above=None, packages_above_and_dependencies=None, packages_above_depth=None, packages_select_by_dep=None, packages_skip_by_dep=None, packages_skip_up_to=None, packages_select_build_failed=False, packages_skip_build_finished=False, packages_select_test_failures=False, packages_skip_test_passed=False, packages_select=None, packages_skip=None, packages_select_regex=None, packages_skip_regex=None, packages_start=None, packages_end=None, allow_overriding=[], cmake_args=None, cmake_target=None, cmake_target_skip_unavailable=False, cmake_clean_cache=False, cmake_clean_first=False, cmake_force_configure=False, ament_cmake_args=None, catkin_cmake_args=None, catkin_skip_building_tests=False, mixin_files=None, mixin=None, verb_parser=<colcon_mixin.mixin.mixin_argument.MixinArgumentDecorator object at 0xffff8cbbe1d0>, verb_extension=<colcon_core.verb.build.BuildVerb object at 0xffff8cd34100>, main=<bound method BuildVerb.main of <colcon_core.verb.build.BuildVerb object at 0xffff8cd34100>>, mixin_verb=('build',))
[1.710s] Level 1:colcon.colcon_core.package_discovery:discover_packages(colcon_meta) check parameters
[1.711s] Level 1:colcon.colcon_core.package_discovery:discover_packages(recursive) check parameters
[1.711s] Level 1:colcon.colcon_core.package_discovery:discover_packages(ignore) check parameters
[1.711s] Level 1:colcon.colcon_core.package_discovery:discover_packages(path) check parameters
[1.711s] Level 1:colcon.colcon_core.package_discovery:discover_packages(colcon_meta) discover
[1.712s] Level 1:colcon.colcon_core.package_discovery:discover_packages(recursive) discover
[1.712s] INFO:colcon.colcon_core.package_discovery:Crawling recursively for packages in '/home/sunrise/motor_ws'
[1.713s] Level 1:colcon.colcon_core.package_identification:_identify(.) by extensions ['ignore', 'ignore_ament_install']
[1.713s] Level 1:colcon.colcon_core.package_identification:_identify(.) by extension 'ignore'
[1.713s] Level 1:colcon.colcon_core.package_identification:_identify(.) by extension 'ignore_ament_install'
[1.714s] Level 1:colcon.colcon_core.package_identification:_identify(.) by extensions ['colcon_pkg']
[1.714s] Level 1:colcon.colcon_core.package_identification:_identify(.) by extension 'colcon_pkg'
[1.714s] Level 1:colcon.colcon_core.package_identification:_identify(.) by extensions ['colcon_meta']
[1.714s] Level 1:colcon.colcon_core.package_identification:_identify(.) by extension 'colcon_meta'
[1.715s] Level 1:colcon.colcon_core.package_identification:_identify(.) by extensions ['ros']
[1.715s] Level 1:colcon.colcon_core.package_identification:_identify(.) by extension 'ros'
[1.791s] Level 1:colcon.colcon_core.package_identification:_identify(.) by extensions ['cmake', 'python']
[1.792s] Level 1:colcon.colcon_core.package_identification:_identify(.) by extension 'cmake'
[1.792s] Level 1:colcon.colcon_core.package_identification:_identify(.) by extension 'python'
[1.792s] Level 1:colcon.colcon_core.package_identification:_identify(.) by extensions ['python_setup_py']
[1.792s] Level 1:colcon.colcon_core.package_identification:_identify(.) by extension 'python_setup_py'
[1.793s] Level 1:colcon.colcon_core.package_identification:_identify(build) by extensions ['ignore', 'ignore_ament_install']
[1.794s] Level 1:colcon.colcon_core.package_identification:_identify(build) by extension 'ignore'
[1.794s] Level 1:colcon.colcon_core.package_identification:_identify(build) ignored
[1.794s] Level 1:colcon.colcon_core.package_identification:_identify(install) by extensions ['ignore', 'ignore_ament_install']
[1.795s] Level 1:colcon.colcon_core.package_identification:_identify(install) by extension 'ignore'
[1.795s] Level 1:colcon.colcon_core.package_identification:_identify(install) ignored
[1.796s] Level 1:colcon.colcon_core.package_identification:_identify(log) by extensions ['ignore', 'ignore_ament_install']
[1.796s] Level 1:colcon.colcon_core.package_identification:_identify(log) by extension 'ignore'
[1.796s] Level 1:colcon.colcon_core.package_identification:_identify(log) ignored
[1.797s] Level 1:colcon.colcon_core.package_identification:_identify(src) by extensions ['ignore', 'ignore_ament_install']
[1.797s] Level 1:colcon.colcon_core.package_identification:_identify(src) by extension 'ignore'
[1.798s] Level 1:colcon.colcon_core.package_identification:_identify(src) by extension 'ignore_ament_install'
[1.798s] Level 1:colcon.colcon_core.package_identification:_identify(src) by extensions ['colcon_pkg']
[1.798s] Level 1:colcon.colcon_core.package_identification:_identify(src) by extension 'colcon_pkg'
[1.798s] Level 1:colcon.colcon_core.package_identification:_identify(src) by extensions ['colcon_meta']
[1.799s] Level 1:colcon.colcon_core.package_identification:_identify(src) by extension 'colcon_meta'
[1.799s] Level 1:colcon.colcon_core.package_identification:_identify(src) by extensions ['ros']
[1.799s] Level 1:colcon.colcon_core.package_identification:_identify(src) by extension 'ros'
[1.800s] Level 1:colcon.colcon_core.package_identification:_identify(src) by extensions ['cmake', 'python']
[1.800s] Level 1:colcon.colcon_core.package_identification:_identify(src) by extension 'cmake'
[1.800s] Level 1:colcon.colcon_core.package_identification:_identify(src) by extension 'python'
[1.800s] Level 1:colcon.colcon_core.package_identification:_identify(src) by extensions ['python_setup_py']
[1.801s] Level 1:colcon.colcon_core.package_identification:_identify(src) by extension 'python_setup_py'
[1.801s] Level 1:colcon.colcon_core.package_identification:_identify(src/motor_control) by extensions ['ignore', 'ignore_ament_install']
[1.802s] Level 1:colcon.colcon_core.package_identification:_identify(src/motor_control) by extension 'ignore'
[1.802s] Level 1:colcon.colcon_core.package_identification:_identify(src/motor_control) by extension 'ignore_ament_install'
[1.802s] Level 1:colcon.colcon_core.package_identification:_identify(src/motor_control) by extensions ['colcon_pkg']
[1.802s] Level 1:colcon.colcon_core.package_identification:_identify(src/motor_control) by extension 'colcon_pkg'
[1.803s] Level 1:colcon.colcon_core.package_identification:_identify(src/motor_control) by extensions ['colcon_meta']
[1.803s] Level 1:colcon.colcon_core.package_identification:_identify(src/motor_control) by extension 'colcon_meta'
[1.803s] Level 1:colcon.colcon_core.package_identification:_identify(src/motor_control) by extensions ['ros']
[1.803s] Level 1:colcon.colcon_core.package_identification:_identify(src/motor_control) by extension 'ros'
[1.817s] DEBUG:colcon.colcon_core.package_identification:Package 'src/motor_control' with type 'ros.ament_python' and name 'motor_control'
[1.818s] Level 1:colcon.colcon_core.package_identification:_identify(src/motor_msg) by extensions ['ignore', 'ignore_ament_install']
[1.818s] Level 1:colcon.colcon_core.package_identification:_identify(src/motor_msg) by extension 'ignore'
[1.819s] Level 1:colcon.colcon_core.package_identification:_identify(src/motor_msg) by extension 'ignore_ament_install'
[1.819s] Level 1:colcon.colcon_core.package_identification:_identify(src/motor_msg) by extensions ['colcon_pkg']
[1.819s] Level 1:colcon.colcon_core.package_identification:_identify(src/motor_msg) by extension 'colcon_pkg'
[1.819s] Level 1:colcon.colcon_core.package_identification:_identify(src/motor_msg) by extensions ['colcon_meta']
[1.820s] Level 1:colcon.colcon_core.package_identification:_identify(src/motor_msg) by extension 'colcon_meta'
[1.820s] Level 1:colcon.colcon_core.package_identification:_identify(src/motor_msg) by extensions ['ros']
[1.820s] Level 1:colcon.colcon_core.package_identification:_identify(src/motor_msg) by extension 'ros'
[1.825s] DEBUG:colcon.colcon_core.package_identification:Package 'src/motor_msg' with type 'ros.ament_cmake' and name 'motor_msg'
[1.825s] Level 1:colcon.colcon_core.package_discovery:discover_packages(recursive) using defaults
[1.825s] Level 1:colcon.colcon_core.package_discovery:discover_packages(ignore) discover
[1.825s] Level 1:colcon.colcon_core.package_discovery:discover_packages(ignore) using defaults
[1.826s] Level 1:colcon.colcon_core.package_discovery:discover_packages(path) discover
[1.826s] Level 1:colcon.colcon_core.package_discovery:discover_packages(path) using defaults
[1.944s] Level 1:colcon.colcon_core.package_discovery:discover_packages(prefix_path) check parameters
[1.944s] Level 1:colcon.colcon_core.package_discovery:discover_packages(prefix_path) discover
[1.957s] DEBUG:colcon.colcon_installed_package_information.package_discovery:Found 2 installed packages in /home/sunrise/motor_ws/install
[1.960s] DEBUG:colcon.colcon_installed_package_information.package_discovery:Found 1 installed packages in /home/sunrise/Motor_WorkSpace/install
[1.963s] DEBUG:colcon.colcon_installed_package_information.package_discovery:Found 54 installed packages in /opt/tros/humble
[1.970s] DEBUG:colcon.colcon_installed_package_information.package_discovery:Found 187 installed packages in /opt/ros/humble
[1.979s] Level 1:colcon.colcon_core.package_discovery:discover_packages(prefix_path) using defaults
[2.273s] Level 5:colcon.colcon_core.verb:set package 'motor_control' build argument 'cmake_args' from command line to 'None'
[2.274s] Level 5:colcon.colcon_core.verb:set package 'motor_control' build argument 'cmake_target' from command line to 'None'
[2.274s] Level 5:colcon.colcon_core.verb:set package 'motor_control' build argument 'cmake_target_skip_unavailable' from command line to 'False'
[2.274s] Level 5:colcon.colcon_core.verb:set package 'motor_control' build argument 'cmake_clean_cache' from command line to 'False'
[2.274s] Level 5:colcon.colcon_core.verb:set package 'motor_control' build argument 'cmake_clean_first' from command line to 'False'
[2.275s] Level 5:colcon.colcon_core.verb:set package 'motor_control' build argument 'cmake_force_configure' from command line to 'False'
[2.275s] Level 5:colcon.colcon_core.verb:set package 'motor_control' build argument 'ament_cmake_args' from command line to 'None'
[2.275s] Level 5:colcon.colcon_core.verb:set package 'motor_control' build argument 'catkin_cmake_args' from command line to 'None'
[2.275s] Level 5:colcon.colcon_core.verb:set package 'motor_control' build argument 'catkin_skip_building_tests' from command line to 'False'
[2.275s] DEBUG:colcon.colcon_core.verb:Building package 'motor_control' with the following arguments: {'ament_cmake_args': None, 'build_base': '/home/sunrise/motor_ws/build/motor_control', 'catkin_cmake_args': None, 'catkin_skip_building_tests': False, 'cmake_args': None, 'cmake_clean_cache': False, 'cmake_clean_first': False, 'cmake_force_configure': False, 'cmake_target': None, 'cmake_target_skip_unavailable': False, 'install_base': '/home/sunrise/motor_ws/install/motor_control', 'merge_install': False, 'path': '/home/sunrise/motor_ws/src/motor_control', 'symlink_install': False, 'test_result_base': None}
[2.278s] Level 5:colcon.colcon_core.verb:set package 'motor_msg' build argument 'cmake_args' from command line to 'None'
[2.278s] Level 5:colcon.colcon_core.verb:set package 'motor_msg' build argument 'cmake_target' from command line to 'None'
[2.278s] Level 5:colcon.colcon_core.verb:set package 'motor_msg' build argument 'cmake_target_skip_unavailable' from command line to 'False'
[2.279s] Level 5:colcon.colcon_core.verb:set package 'motor_msg' build argument 'cmake_clean_cache' from command line to 'False'
[2.279s] Level 5:colcon.colcon_core.verb:set package 'motor_msg' build argument 'cmake_clean_first' from command line to 'False'
[2.279s] Level 5:colcon.colcon_core.verb:set package 'motor_msg' build argument 'cmake_force_configure' from command line to 'False'
[2.279s] Level 5:colcon.colcon_core.verb:set package 'motor_msg' build argument 'ament_cmake_args' from command line to 'None'
[2.279s] Level 5:colcon.colcon_core.verb:set package 'motor_msg' build argument 'catkin_cmake_args' from command line to 'None'
[2.280s] Level 5:colcon.colcon_core.verb:set package 'motor_msg' build argument 'catkin_skip_building_tests' from command line to 'False'
[2.280s] DEBUG:colcon.colcon_core.verb:Building package 'motor_msg' with the following arguments: {'ament_cmake_args': None, 'build_base': '/home/sunrise/motor_ws/build/motor_msg', 'catkin_cmake_args': None, 'catkin_skip_building_tests': False, 'cmake_args': None, 'cmake_clean_cache': False, 'cmake_clean_first': False, 'cmake_force_configure': False, 'cmake_target': None, 'cmake_target_skip_unavailable': False, 'install_base': '/home/sunrise/motor_ws/install/motor_msg', 'merge_install': False, 'path': '/home/sunrise/motor_ws/src/motor_msg', 'symlink_install': False, 'test_result_base': None}
[2.281s] INFO:colcon.colcon_core.executor:Executing jobs using 'parallel' executor
[2.285s] DEBUG:colcon.colcon_parallel_executor.executor.parallel:run_until_complete
[2.287s] INFO:colcon.colcon_ros.task.ament_python.build:Building ROS package in '/home/sunrise/motor_ws/src/motor_control' with build type 'ament_python'
[2.288s] Level 1:colcon.colcon_core.shell:create_environment_hook('motor_control', 'ament_prefix_path')
[2.300s] INFO:colcon.colcon_core.plugin_system:Skipping extension 'colcon_core.shell.bat': Not used on non-Windows systems
[2.302s] INFO:colcon.colcon_core.shell:Creating environment hook '/home/sunrise/motor_ws/install/motor_control/share/motor_control/hook/ament_prefix_path.ps1'
[2.306s] INFO:colcon.colcon_core.shell:Creating environment descriptor '/home/sunrise/motor_ws/install/motor_control/share/motor_control/hook/ament_prefix_path.dsv'
[2.309s] INFO:colcon.colcon_core.shell:Creating environment hook '/home/sunrise/motor_ws/install/motor_control/share/motor_control/hook/ament_prefix_path.sh'
[2.314s] INFO:colcon.colcon_core.shell:Skip shell extension 'powershell' for command environment: Not usable outside of PowerShell
[2.314s] DEBUG:colcon.colcon_core.shell:Skip shell extension 'dsv' for command environment
[2.335s] INFO:colcon.colcon_ros.task.ament_cmake.build:Building ROS package in '/home/sunrise/motor_ws/src/motor_msg' with build type 'ament_cmake'
[2.336s] INFO:colcon.colcon_cmake.task.cmake.build:Building CMake package in '/home/sunrise/motor_ws/src/motor_msg'
[2.337s] INFO:colcon.colcon_core.shell:Skip shell extension 'powershell' for command environment: Not usable outside of PowerShell
[2.338s] DEBUG:colcon.colcon_core.shell:Skip shell extension 'dsv' for command environment
[4.030s] INFO:colcon.colcon_core.task.python.build:Building Python package in '/home/sunrise/motor_ws/src/motor_control'
[4.032s] INFO:colcon.colcon_core.shell:Skip shell extension 'powershell' for command environment: Not usable outside of PowerShell
[4.032s] DEBUG:colcon.colcon_core.shell:Skip shell extension 'dsv' for command environment
[4.073s] DEBUG:colcon.colcon_core.event_handler.log_command:Invoking command in '/home/sunrise/motor_ws/build/motor_msg': CMAKE_PREFIX_PATH=/home/sunrise/motor_ws/install/motor_msg:/home/sunrise/motor_ws/install/motor_control:/opt/tros/humble:/opt/ros/humble:/home/sunrise/Motor_WorkSpace/install/step_motor_control /usr/bin/cmake --build /home/sunrise/motor_ws/build/motor_msg -- -j8 -l8
[6.263s] DEBUG:colcon.colcon_core.event_handler.log_command:Invoked command in '/home/sunrise/motor_ws/build/motor_msg' returned '0': CMAKE_PREFIX_PATH=/home/sunrise/motor_ws/install/motor_msg:/home/sunrise/motor_ws/install/motor_control:/opt/tros/humble:/opt/ros/humble:/home/sunrise/Motor_WorkSpace/install/step_motor_control /usr/bin/cmake --build /home/sunrise/motor_ws/build/motor_msg -- -j8 -l8
[6.313s] DEBUG:colcon.colcon_core.event_handler.log_command:Invoking command in '/home/sunrise/motor_ws/build/motor_msg': CMAKE_PREFIX_PATH=/home/sunrise/motor_ws/install/motor_msg:/home/sunrise/motor_ws/install/motor_control:/opt/tros/humble:/opt/ros/humble:/home/sunrise/Motor_WorkSpace/install/step_motor_control /usr/bin/cmake --install /home/sunrise/motor_ws/build/motor_msg
[6.479s] DEBUG:colcon.colcon_core.event_handler.log_command:Invoking command in '/home/sunrise/motor_ws/src/motor_control': PYTHONPATH=/home/sunrise/motor_ws/build/motor_control/prefix_override:/usr/lib/python3/dist-packages/colcon_core/task/python/colcon_distutils_commands:/home/sunrise/motor_ws/install/motor_control/lib/python3.10/site-packages:${PYTHONPATH} /usr/bin/python3 -W ignore:setup.py install is deprecated -W ignore:easy_install command is deprecated setup.py egg_info --egg-base ../../build/motor_control build --build-base /home/sunrise/motor_ws/build/motor_control/build install --record /home/sunrise/motor_ws/build/motor_control/install.log --single-version-externally-managed install_data
[6.657s] Level 1:colcon.colcon_core.environment:create_environment_scripts_only(motor_msg)
[6.667s] DEBUG:colcon.colcon_core.event_handler.log_command:Invoked command in '/home/sunrise/motor_ws/build/motor_msg' returned '0': CMAKE_PREFIX_PATH=/home/sunrise/motor_ws/install/motor_msg:/home/sunrise/motor_ws/install/motor_control:/opt/tros/humble:/opt/ros/humble:/home/sunrise/Motor_WorkSpace/install/step_motor_control /usr/bin/cmake --install /home/sunrise/motor_ws/build/motor_msg
[6.678s] Level 1:colcon.colcon_core.environment:checking '/home/sunrise/motor_ws/install/motor_msg' for CMake module files
[6.683s] Level 1:colcon.colcon_core.environment:checking '/home/sunrise/motor_ws/install/motor_msg' for CMake config files
[6.685s] Level 1:colcon.colcon_core.shell:create_environment_hook('motor_msg', 'cmake_prefix_path')
[6.687s] INFO:colcon.colcon_core.shell:Creating environment hook '/home/sunrise/motor_ws/install/motor_msg/share/motor_msg/hook/cmake_prefix_path.ps1'
[6.690s] INFO:colcon.colcon_core.shell:Creating environment descriptor '/home/sunrise/motor_ws/install/motor_msg/share/motor_msg/hook/cmake_prefix_path.dsv'
[6.693s] INFO:colcon.colcon_core.shell:Creating environment hook '/home/sunrise/motor_ws/install/motor_msg/share/motor_msg/hook/cmake_prefix_path.sh'
[6.698s] Level 1:colcon.colcon_core.environment:checking '/home/sunrise/motor_ws/install/motor_msg/lib'
[6.699s] Level 1:colcon.colcon_core.shell:create_environment_hook('motor_msg', 'ld_library_path_lib')
[6.700s] INFO:colcon.colcon_core.shell:Creating environment hook '/home/sunrise/motor_ws/install/motor_msg/share/motor_msg/hook/ld_library_path_lib.ps1'
[6.703s] INFO:colcon.colcon_core.shell:Creating environment descriptor '/home/sunrise/motor_ws/install/motor_msg/share/motor_msg/hook/ld_library_path_lib.dsv'
[6.705s] INFO:colcon.colcon_core.shell:Creating environment hook '/home/sunrise/motor_ws/install/motor_msg/share/motor_msg/hook/ld_library_path_lib.sh'
[6.708s] Level 1:colcon.colcon_core.environment:checking '/home/sunrise/motor_ws/install/motor_msg/bin'
[6.709s] Level 1:colcon.colcon_core.environment:checking '/home/sunrise/motor_ws/install/motor_msg/lib/pkgconfig/motor_msg.pc'
[6.710s] Level 1:colcon.colcon_core.environment:checking '/home/sunrise/motor_ws/install/motor_msg/lib/python3.10/site-packages'
[6.712s] Level 1:colcon.colcon_core.environment:checking '/home/sunrise/motor_ws/install/motor_msg/bin'
[6.714s] INFO:colcon.colcon_core.shell:Creating package script '/home/sunrise/motor_ws/install/motor_msg/share/motor_msg/package.ps1'
[6.721s] INFO:colcon.colcon_core.shell:Creating package descriptor '/home/sunrise/motor_ws/install/motor_msg/share/motor_msg/package.dsv'
[6.726s] INFO:colcon.colcon_core.shell:Creating package script '/home/sunrise/motor_ws/install/motor_msg/share/motor_msg/package.sh'
[6.732s] INFO:colcon.colcon_core.shell:Creating package script '/home/sunrise/motor_ws/install/motor_msg/share/motor_msg/package.bash'
[6.737s] INFO:colcon.colcon_core.shell:Creating package script '/home/sunrise/motor_ws/install/motor_msg/share/motor_msg/package.zsh'
[6.742s] Level 1:colcon.colcon_core.environment:create_file_with_runtime_dependencies(/home/sunrise/motor_ws/install/motor_msg/share/colcon-core/packages/motor_msg)
[6.748s] Level 1:colcon.colcon_core.environment:create_environment_scripts_only(motor_msg)
[6.749s] Level 1:colcon.colcon_core.environment:checking '/home/sunrise/motor_ws/install/motor_msg' for CMake module files
[6.754s] Level 1:colcon.colcon_core.environment:checking '/home/sunrise/motor_ws/install/motor_msg' for CMake config files
[6.756s] Level 1:colcon.colcon_core.shell:create_environment_hook('motor_msg', 'cmake_prefix_path')
[6.758s] INFO:colcon.colcon_core.shell:Creating environment hook '/home/sunrise/motor_ws/install/motor_msg/share/motor_msg/hook/cmake_prefix_path.ps1'
[6.761s] INFO:colcon.colcon_core.shell:Creating environment descriptor '/home/sunrise/motor_ws/install/motor_msg/share/motor_msg/hook/cmake_prefix_path.dsv'
[6.764s] INFO:colcon.colcon_core.shell:Creating environment hook '/home/sunrise/motor_ws/install/motor_msg/share/motor_msg/hook/cmake_prefix_path.sh'
[6.769s] Level 1:colcon.colcon_core.environment:checking '/home/sunrise/motor_ws/install/motor_msg/lib'
[6.769s] Level 1:colcon.colcon_core.shell:create_environment_hook('motor_msg', 'ld_library_path_lib')
[6.771s] INFO:colcon.colcon_core.shell:Creating environment hook '/home/sunrise/motor_ws/install/motor_msg/share/motor_msg/hook/ld_library_path_lib.ps1'
[6.774s] INFO:colcon.colcon_core.shell:Creating environment descriptor '/home/sunrise/motor_ws/install/motor_msg/share/motor_msg/hook/ld_library_path_lib.dsv'
[6.777s] INFO:colcon.colcon_core.shell:Creating environment hook '/home/sunrise/motor_ws/install/motor_msg/share/motor_msg/hook/ld_library_path_lib.sh'
[6.780s] Level 1:colcon.colcon_core.environment:checking '/home/sunrise/motor_ws/install/motor_msg/bin'
[6.781s] Level 1:colcon.colcon_core.environment:checking '/home/sunrise/motor_ws/install/motor_msg/lib/pkgconfig/motor_msg.pc'
[6.783s] Level 1:colcon.colcon_core.environment:checking '/home/sunrise/motor_ws/install/motor_msg/lib/python3.10/site-packages'
[6.784s] Level 1:colcon.colcon_core.environment:checking '/home/sunrise/motor_ws/install/motor_msg/bin'
[6.787s] INFO:colcon.colcon_core.shell:Creating package script '/home/sunrise/motor_ws/install/motor_msg/share/motor_msg/package.ps1'
[6.791s] INFO:colcon.colcon_core.shell:Creating package descriptor '/home/sunrise/motor_ws/install/motor_msg/share/motor_msg/package.dsv'
[6.795s] INFO:colcon.colcon_core.shell:Creating package script '/home/sunrise/motor_ws/install/motor_msg/share/motor_msg/package.sh'
[6.798s] INFO:colcon.colcon_core.shell:Creating package script '/home/sunrise/motor_ws/install/motor_msg/share/motor_msg/package.bash'
[6.801s] INFO:colcon.colcon_core.shell:Creating package script '/home/sunrise/motor_ws/install/motor_msg/share/motor_msg/package.zsh'
[6.804s] Level 1:colcon.colcon_core.environment:create_file_with_runtime_dependencies(/home/sunrise/motor_ws/install/motor_msg/share/colcon-core/packages/motor_msg)
[8.395s] Level 1:colcon.colcon_core.environment:checking '/home/sunrise/motor_ws/install/motor_control' for CMake module files
[8.401s] DEBUG:colcon.colcon_core.event_handler.log_command:Invoked command in '/home/sunrise/motor_ws/src/motor_control' returned '0': PYTHONPATH=/home/sunrise/motor_ws/build/motor_control/prefix_override:/usr/lib/python3/dist-packages/colcon_core/task/python/colcon_distutils_commands:/home/sunrise/motor_ws/install/motor_control/lib/python3.10/site-packages:${PYTHONPATH} /usr/bin/python3 -W ignore:setup.py install is deprecated -W ignore:easy_install command is deprecated setup.py egg_info --egg-base ../../build/motor_control build --build-base /home/sunrise/motor_ws/build/motor_control/build install --record /home/sunrise/motor_ws/build/motor_control/install.log --single-version-externally-managed install_data
[8.403s] Level 1:colcon.colcon_core.environment:checking '/home/sunrise/motor_ws/install/motor_control' for CMake config files
[8.406s] Level 1:colcon.colcon_core.environment:checking '/home/sunrise/motor_ws/install/motor_control/lib'
[8.406s] Level 1:colcon.colcon_core.environment:checking '/home/sunrise/motor_ws/install/motor_control/bin'
[8.407s] Level 1:colcon.colcon_core.environment:checking '/home/sunrise/motor_ws/install/motor_control/lib/pkgconfig/motor_control.pc'
[8.409s] Level 1:colcon.colcon_core.environment:checking '/home/sunrise/motor_ws/install/motor_control/lib/python3.10/site-packages'
[8.409s] Level 1:colcon.colcon_core.shell:create_environment_hook('motor_control', 'pythonpath')
[8.412s] INFO:colcon.colcon_core.shell:Creating environment hook '/home/sunrise/motor_ws/install/motor_control/share/motor_control/hook/pythonpath.ps1'
[8.417s] INFO:colcon.colcon_core.shell:Creating environment descriptor '/home/sunrise/motor_ws/install/motor_control/share/motor_control/hook/pythonpath.dsv'
[8.421s] INFO:colcon.colcon_core.shell:Creating environment hook '/home/sunrise/motor_ws/install/motor_control/share/motor_control/hook/pythonpath.sh'
[8.428s] Level 1:colcon.colcon_core.environment:checking '/home/sunrise/motor_ws/install/motor_control/bin'
[8.429s] Level 1:colcon.colcon_core.environment:create_environment_scripts_only(motor_control)
[8.432s] INFO:colcon.colcon_core.shell:Creating package script '/home/sunrise/motor_ws/install/motor_control/share/motor_control/package.ps1'
[8.435s] INFO:colcon.colcon_core.shell:Creating package descriptor '/home/sunrise/motor_ws/install/motor_control/share/motor_control/package.dsv'
[8.438s] INFO:colcon.colcon_core.shell:Creating package script '/home/sunrise/motor_ws/install/motor_control/share/motor_control/package.sh'
[8.441s] INFO:colcon.colcon_core.shell:Creating package script '/home/sunrise/motor_ws/install/motor_control/share/motor_control/package.bash'
[8.443s] INFO:colcon.colcon_core.shell:Creating package script '/home/sunrise/motor_ws/install/motor_control/share/motor_control/package.zsh'
[8.446s] Level 1:colcon.colcon_core.environment:create_file_with_runtime_dependencies(/home/sunrise/motor_ws/install/motor_control/share/colcon-core/packages/motor_control)
[8.447s] DEBUG:colcon.colcon_parallel_executor.executor.parallel:closing loop
[8.449s] DEBUG:colcon.colcon_parallel_executor.executor.parallel:loop closed
[8.449s] DEBUG:colcon.colcon_parallel_executor.executor.parallel:run_until_complete finished with '0'
[8.450s] DEBUG:colcon.colcon_core.event_reactor:joining thread
[8.479s] INFO:colcon.colcon_core.plugin_system:Skipping extension 'colcon_notification.desktop_notification.notify_send': Could not find 'notify-send'
[8.479s] INFO:colcon.colcon_core.plugin_system:Skipping extension 'colcon_notification.desktop_notification.terminal_notifier': Not used on non-Darwin systems
[8.480s] INFO:colcon.colcon_core.plugin_system:Skipping extension 'colcon_notification.desktop_notification.win32': Not used on non-Windows systems
[8.480s] INFO:colcon.colcon_notification.desktop_notification:Sending desktop notification using 'notify2'
[8.501s] DEBUG:colcon.colcon_core.event_reactor:joined thread
[8.503s] INFO:colcon.colcon_core.shell:Creating prefix script '/home/sunrise/motor_ws/install/local_setup.ps1'
[8.511s] INFO:colcon.colcon_core.shell:Creating prefix util module '/home/sunrise/motor_ws/install/_local_setup_util_ps1.py'
[8.522s] INFO:colcon.colcon_core.shell:Creating prefix chain script '/home/sunrise/motor_ws/install/setup.ps1'
[8.531s] INFO:colcon.colcon_core.shell:Creating prefix script '/home/sunrise/motor_ws/install/local_setup.sh'
[8.535s] INFO:colcon.colcon_core.shell:Creating prefix util module '/home/sunrise/motor_ws/install/_local_setup_util_sh.py'
[8.539s] INFO:colcon.colcon_core.shell:Creating prefix chain script '/home/sunrise/motor_ws/install/setup.sh'
[8.548s] INFO:colcon.colcon_core.shell:Creating prefix script '/home/sunrise/motor_ws/install/local_setup.bash'
[8.552s] INFO:colcon.colcon_core.shell:Creating prefix chain script '/home/sunrise/motor_ws/install/setup.bash'
[8.559s] INFO:colcon.colcon_core.shell:Creating prefix script '/home/sunrise/motor_ws/install/local_setup.zsh'
[8.563s] INFO:colcon.colcon_core.shell:Creating prefix chain script '/home/sunrise/motor_ws/install/setup.zsh'
