[3.878s] Invoking command in '/home/sunrise/pyListener/pyListener': PYTHONPATH=/home/sunrise/pyListener/build/pyListener/prefix_override:/usr/lib/python3/dist-packages/colcon_core/task/python/colcon_distutils_commands:/home/sunrise/pyListener/install/pyListener/lib/python3.10/site-packages: /usr/bin/python3 -W ignore:setup.py install is deprecated -W ignore:easy_install command is deprecated setup.py egg_info --egg-base ../build/pyListener build --build-base /home/sunrise/pyListener/build/pyListener/build install --record /home/sunrise/pyListener/build/pyListener/install.log --single-version-externally-managed install_data
[5.076s] running egg_info
[5.088s] writing ../build/pyListener/pyListener.egg-info/PKG-INFO
[5.089s] writing dependency_links to ../build/pyListener/pyListener.egg-info/dependency_links.txt
[5.090s] writing entry points to ../build/pyListener/pyListener.egg-info/entry_points.txt
[5.091s] writing requirements to ../build/pyListener/pyListener.egg-info/requires.txt
[5.091s] writing top-level names to ../build/pyListener/pyListener.egg-info/top_level.txt
[5.100s] reading manifest file '../build/pyListener/pyListener.egg-info/SOURCES.txt'
[5.106s] writing manifest file '../build/pyListener/pyListener.egg-info/SOURCES.txt'
[5.106s] running build
[5.107s] running build_py
[5.107s] copying pyListener/pyListener.py -> /home/sunrise/pyListener/build/pyListener/build/lib/pyListener
[5.108s] running install
[5.110s] running install_lib
[5.113s] copying /home/sunrise/pyListener/build/pyListener/build/lib/pyListener/pyListener.py -> /home/sunrise/pyListener/install/pyListener/lib/python3.10/site-packages/pyListener
[5.116s] byte-compiling /home/sunrise/pyListener/install/pyListener/lib/python3.10/site-packages/pyListener/pyListener.py to pyListener.cpython-310.pyc
[5.122s] running install_data
[5.123s] running install_egg_info
[5.131s] removing '/home/sunrise/pyListener/install/pyListener/lib/python3.10/site-packages/pyListener-0.0.0-py3.10.egg-info' (and everything under it)
[5.133s] Copying ../build/pyListener/pyListener.egg-info to /home/sunrise/pyListener/install/pyListener/lib/python3.10/site-packages/pyListener-0.0.0-py3.10.egg-info
[5.137s] running install_scripts
[5.251s] Installing pyListener script to /home/sunrise/pyListener/install/pyListener/lib/pyListener
[5.253s] writing list of installed files to '/home/sunrise/pyListener/build/pyListener/install.log'
[5.451s] Invoked command in '/home/sunrise/pyListener/pyListener' returned '0': PYTHONPATH=/home/sunrise/pyListener/build/pyListener/prefix_override:/usr/lib/python3/dist-packages/colcon_core/task/python/colcon_distutils_commands:/home/sunrise/pyListener/install/pyListener/lib/python3.10/site-packages: /usr/bin/python3 -W ignore:setup.py install is deprecated -W ignore:easy_install command is deprecated setup.py egg_info --egg-base ../build/pyListener build --build-base /home/sunrise/pyListener/build/pyListener/build install --record /home/sunrise/pyListener/build/pyListener/install.log --single-version-externally-managed install_data
