[3.923s] Invoking command in '/home/sunrise/motor_ws/src/motor_state': CMAKE_PREFIX_PATH=/home/sunrise/motor_ws/install/motor_msg:/home/sunrise/motor_ws/install/receive_msg LD_LIBRARY_PATH=/home/sunrise/motor_ws/install/motor_msg/lib:/home/sunrise/motor_ws/install/receive_msg/lib:/opt/tros/humble/lib/aarch64-linux-gnu:/opt/tros/humble/lib:/opt/ros/humble/lib/aarch64-linux-gnu:/opt/ros/humble/lib:/usr/hobot/lib:/app/lib:/app/pub/lib:/middleware/lib:/middleware/pub/lib:/usr/hobot/lib/sensor:/system/lib:/system/usr/lib:/lib PYTHONPATH=/home/sunrise/motor_ws/build/motor_state/prefix_override:/usr/lib/python3/dist-packages/colcon_core/task/python/colcon_distutils_commands:/home/sunrise/motor_ws/install/motor_state/lib/python3.10/site-packages:${PYTHONPATH} /usr/bin/python3 -W ignore:setup.py install is deprecated -W ignore:easy_install command is deprecated setup.py egg_info --egg-base ../../build/motor_state build --build-base /home/sunrise/motor_ws/build/motor_state/build install --record /home/sunrise/motor_ws/build/motor_state/install.log --single-version-externally-managed install_data
[5.349s] running egg_info
[5.353s] writing ../../build/motor_state/motor_state.egg-info/PKG-INFO
[5.355s] writing dependency_links to ../../build/motor_state/motor_state.egg-info/dependency_links.txt
[5.356s] writing entry points to ../../build/motor_state/motor_state.egg-info/entry_points.txt
[5.356s] writing requirements to ../../build/motor_state/motor_state.egg-info/requires.txt
[5.357s] writing top-level names to ../../build/motor_state/motor_state.egg-info/top_level.txt
[5.366s] reading manifest file '../../build/motor_state/motor_state.egg-info/SOURCES.txt'
[5.371s] writing manifest file '../../build/motor_state/motor_state.egg-info/SOURCES.txt'
[5.372s] running build
[5.372s] running build_py
[5.373s] running install
[5.375s] running install_lib
[5.382s] running install_data
[5.383s] copying resource/motor_state -> /home/sunrise/motor_ws/install/motor_state/share/ament_index/resource_index/packages
[5.383s] copying package.xml -> /home/sunrise/motor_ws/install/motor_state/share/motor_state
[5.384s] running install_egg_info
[5.394s] Copying ../../build/motor_state/motor_state.egg-info to /home/sunrise/motor_ws/install/motor_state/lib/python3.10/site-packages/motor_state-0.0.0-py3.10.egg-info
[5.398s] running install_scripts
[5.518s] Installing state_node script to /home/sunrise/motor_ws/install/motor_state/lib/motor_state
[5.520s] writing list of installed files to '/home/sunrise/motor_ws/build/motor_state/install.log'
[5.730s] Invoked command in '/home/sunrise/motor_ws/src/motor_state' returned '0': CMAKE_PREFIX_PATH=/home/sunrise/motor_ws/install/motor_msg:/home/sunrise/motor_ws/install/receive_msg LD_LIBRARY_PATH=/home/sunrise/motor_ws/install/motor_msg/lib:/home/sunrise/motor_ws/install/receive_msg/lib:/opt/tros/humble/lib/aarch64-linux-gnu:/opt/tros/humble/lib:/opt/ros/humble/lib/aarch64-linux-gnu:/opt/ros/humble/lib:/usr/hobot/lib:/app/lib:/app/pub/lib:/middleware/lib:/middleware/pub/lib:/usr/hobot/lib/sensor:/system/lib:/system/usr/lib:/lib PYTHONPATH=/home/sunrise/motor_ws/build/motor_state/prefix_override:/usr/lib/python3/dist-packages/colcon_core/task/python/colcon_distutils_commands:/home/sunrise/motor_ws/install/motor_state/lib/python3.10/site-packages:${PYTHONPATH} /usr/bin/python3 -W ignore:setup.py install is deprecated -W ignore:easy_install command is deprecated setup.py egg_info --egg-base ../../build/motor_state build --build-base /home/sunrise/motor_ws/build/motor_state/build install --record /home/sunrise/motor_ws/build/motor_state/install.log --single-version-externally-managed install_data
