[0.634s] DEBUG:colcon:Command line arguments: ['/usr/bin/colcon', 'build', '--packages-select', 'shit']
[0.634s] DEBUG:colcon:Parsed command line arguments: Namespace(log_base=None, log_level=None, verb_name='build', build_base='build', install_base='install', merge_install=False, symlink_install=False, test_result_base=None, continue_on_error=False, executor='parallel', parallel_workers=8, event_handlers=None, ignore_user_meta=False, metas=['./colcon.meta'], base_paths=['.'], packages_ignore=None, packages_ignore_regex=None, paths=None, packages_up_to=None, packages_up_to_regex=None, packages_above=None, packages_above_and_dependencies=None, packages_above_depth=None, packages_select_by_dep=None, packages_skip_by_dep=None, packages_skip_up_to=None, packages_select_build_failed=False, packages_skip_build_finished=False, packages_select_test_failures=False, packages_skip_test_passed=False, packages_select=['shit'], packages_skip=None, packages_select_regex=None, packages_skip_regex=None, packages_start=None, packages_end=None, allow_overriding=[], cmake_args=None, cmake_target=None, cmake_target_skip_unavailable=False, cmake_clean_cache=False, cmake_clean_first=False, cmake_force_configure=False, ament_cmake_args=None, catkin_cmake_args=None, catkin_skip_building_tests=False, mixin_files=None, mixin=None, verb_parser=<colcon_mixin.mixin.mixin_argument.MixinArgumentDecorator object at 0xffff8a99d450>, verb_extension=<colcon_core.verb.build.BuildVerb object at 0xffff8aaab460>, main=<bound method BuildVerb.main of <colcon_core.verb.build.BuildVerb object at 0xffff8aaab460>>, mixin_verb=('build',))
[1.687s] Level 1:colcon.colcon_core.package_discovery:discover_packages(colcon_meta) check parameters
[1.688s] Level 1:colcon.colcon_core.package_discovery:discover_packages(recursive) check parameters
[1.688s] Level 1:colcon.colcon_core.package_discovery:discover_packages(ignore) check parameters
[1.688s] Level 1:colcon.colcon_core.package_discovery:discover_packages(path) check parameters
[1.689s] Level 1:colcon.colcon_core.package_discovery:discover_packages(colcon_meta) discover
[1.689s] Level 1:colcon.colcon_core.package_discovery:discover_packages(recursive) discover
[1.689s] INFO:colcon.colcon_core.package_discovery:Crawling recursively for packages in '/home/sunrise/planning_ws'
[1.690s] Level 1:colcon.colcon_core.package_identification:_identify(.) by extensions ['ignore', 'ignore_ament_install']
[1.690s] Level 1:colcon.colcon_core.package_identification:_identify(.) by extension 'ignore'
[1.691s] Level 1:colcon.colcon_core.package_identification:_identify(.) by extension 'ignore_ament_install'
[1.691s] Level 1:colcon.colcon_core.package_identification:_identify(.) by extensions ['colcon_pkg']
[1.691s] Level 1:colcon.colcon_core.package_identification:_identify(.) by extension 'colcon_pkg'
[1.691s] Level 1:colcon.colcon_core.package_identification:_identify(.) by extensions ['colcon_meta']
[1.692s] Level 1:colcon.colcon_core.package_identification:_identify(.) by extension 'colcon_meta'
[1.692s] Level 1:colcon.colcon_core.package_identification:_identify(.) by extensions ['ros']
[1.692s] Level 1:colcon.colcon_core.package_identification:_identify(.) by extension 'ros'
[1.765s] Level 1:colcon.colcon_core.package_identification:_identify(.) by extensions ['cmake', 'python']
[1.765s] Level 1:colcon.colcon_core.package_identification:_identify(.) by extension 'cmake'
[1.766s] Level 1:colcon.colcon_core.package_identification:_identify(.) by extension 'python'
[1.766s] Level 1:colcon.colcon_core.package_identification:_identify(.) by extensions ['python_setup_py']
[1.767s] Level 1:colcon.colcon_core.package_identification:_identify(.) by extension 'python_setup_py'
[1.768s] Level 1:colcon.colcon_core.package_identification:_identify(build) by extensions ['ignore', 'ignore_ament_install']
[1.768s] Level 1:colcon.colcon_core.package_identification:_identify(build) by extension 'ignore'
[1.769s] Level 1:colcon.colcon_core.package_identification:_identify(build) ignored
[1.769s] Level 1:colcon.colcon_core.package_identification:_identify(install) by extensions ['ignore', 'ignore_ament_install']
[1.770s] Level 1:colcon.colcon_core.package_identification:_identify(install) by extension 'ignore'
[1.770s] Level 1:colcon.colcon_core.package_identification:_identify(install) ignored
[1.771s] Level 1:colcon.colcon_core.package_identification:_identify(log) by extensions ['ignore', 'ignore_ament_install']
[1.772s] Level 1:colcon.colcon_core.package_identification:_identify(log) by extension 'ignore'
[1.772s] Level 1:colcon.colcon_core.package_identification:_identify(log) ignored
[1.773s] Level 1:colcon.colcon_core.package_identification:_identify(myArm_robot_ros2) by extensions ['ignore', 'ignore_ament_install']
[1.773s] Level 1:colcon.colcon_core.package_identification:_identify(myArm_robot_ros2) by extension 'ignore'
[1.774s] Level 1:colcon.colcon_core.package_identification:_identify(myArm_robot_ros2) by extension 'ignore_ament_install'
[1.774s] Level 1:colcon.colcon_core.package_identification:_identify(myArm_robot_ros2) by extensions ['colcon_pkg']
[1.774s] Level 1:colcon.colcon_core.package_identification:_identify(myArm_robot_ros2) by extension 'colcon_pkg'
[1.775s] Level 1:colcon.colcon_core.package_identification:_identify(myArm_robot_ros2) by extensions ['colcon_meta']
[1.775s] Level 1:colcon.colcon_core.package_identification:_identify(myArm_robot_ros2) by extension 'colcon_meta'
[1.775s] Level 1:colcon.colcon_core.package_identification:_identify(myArm_robot_ros2) by extensions ['ros']
[1.775s] Level 1:colcon.colcon_core.package_identification:_identify(myArm_robot_ros2) by extension 'ros'
[1.776s] Level 1:colcon.colcon_core.package_identification:_identify(myArm_robot_ros2) by extensions ['cmake', 'python']
[1.776s] Level 1:colcon.colcon_core.package_identification:_identify(myArm_robot_ros2) by extension 'cmake'
[1.776s] Level 1:colcon.colcon_core.package_identification:_identify(myArm_robot_ros2) by extension 'python'
[1.777s] Level 1:colcon.colcon_core.package_identification:_identify(myArm_robot_ros2) by extensions ['python_setup_py']
[1.777s] Level 1:colcon.colcon_core.package_identification:_identify(myArm_robot_ros2) by extension 'python_setup_py'
[1.778s] Level 1:colcon.colcon_core.package_identification:_identify(myArm_robot_ros2/src) by extensions ['ignore', 'ignore_ament_install']
[1.778s] Level 1:colcon.colcon_core.package_identification:_identify(myArm_robot_ros2/src) by extension 'ignore'
[1.778s] Level 1:colcon.colcon_core.package_identification:_identify(myArm_robot_ros2/src) by extension 'ignore_ament_install'
[1.779s] Level 1:colcon.colcon_core.package_identification:_identify(myArm_robot_ros2/src) by extensions ['colcon_pkg']
[1.779s] Level 1:colcon.colcon_core.package_identification:_identify(myArm_robot_ros2/src) by extension 'colcon_pkg'
[1.779s] Level 1:colcon.colcon_core.package_identification:_identify(myArm_robot_ros2/src) by extensions ['colcon_meta']
[1.779s] Level 1:colcon.colcon_core.package_identification:_identify(myArm_robot_ros2/src) by extension 'colcon_meta'
[1.780s] Level 1:colcon.colcon_core.package_identification:_identify(myArm_robot_ros2/src) by extensions ['ros']
[1.780s] Level 1:colcon.colcon_core.package_identification:_identify(myArm_robot_ros2/src) by extension 'ros'
[1.780s] Level 1:colcon.colcon_core.package_identification:_identify(myArm_robot_ros2/src) by extensions ['cmake', 'python']
[1.781s] Level 1:colcon.colcon_core.package_identification:_identify(myArm_robot_ros2/src) by extension 'cmake'
[1.781s] Level 1:colcon.colcon_core.package_identification:_identify(myArm_robot_ros2/src) by extension 'python'
[1.781s] Level 1:colcon.colcon_core.package_identification:_identify(myArm_robot_ros2/src) by extensions ['python_setup_py']
[1.781s] Level 1:colcon.colcon_core.package_identification:_identify(myArm_robot_ros2/src) by extension 'python_setup_py'
[1.782s] Level 1:colcon.colcon_core.package_identification:_identify(myArm_robot_ros2/src/myArm3) by extensions ['ignore', 'ignore_ament_install']
[1.782s] Level 1:colcon.colcon_core.package_identification:_identify(myArm_robot_ros2/src/myArm3) by extension 'ignore'
[1.783s] Level 1:colcon.colcon_core.package_identification:_identify(myArm_robot_ros2/src/myArm3) by extension 'ignore_ament_install'
[1.783s] Level 1:colcon.colcon_core.package_identification:_identify(myArm_robot_ros2/src/myArm3) by extensions ['colcon_pkg']
[1.783s] Level 1:colcon.colcon_core.package_identification:_identify(myArm_robot_ros2/src/myArm3) by extension 'colcon_pkg'
[1.784s] Level 1:colcon.colcon_core.package_identification:_identify(myArm_robot_ros2/src/myArm3) by extensions ['colcon_meta']
[1.784s] Level 1:colcon.colcon_core.package_identification:_identify(myArm_robot_ros2/src/myArm3) by extension 'colcon_meta'
[1.784s] Level 1:colcon.colcon_core.package_identification:_identify(myArm_robot_ros2/src/myArm3) by extensions ['ros']
[1.784s] Level 1:colcon.colcon_core.package_identification:_identify(myArm_robot_ros2/src/myArm3) by extension 'ros'
[1.798s] DEBUG:colcon.colcon_core.package_identification:Package 'myArm_robot_ros2/src/myArm3' with type 'ros.ament_cmake' and name 'myArm3'
[1.799s] Level 1:colcon.colcon_core.package_identification:_identify(myArm_robot_ros2/src/myArm_moveit2) by extensions ['ignore', 'ignore_ament_install']
[1.800s] Level 1:colcon.colcon_core.package_identification:_identify(myArm_robot_ros2/src/myArm_moveit2) by extension 'ignore'
[1.800s] Level 1:colcon.colcon_core.package_identification:_identify(myArm_robot_ros2/src/myArm_moveit2) by extension 'ignore_ament_install'
[1.801s] Level 1:colcon.colcon_core.package_identification:_identify(myArm_robot_ros2/src/myArm_moveit2) by extensions ['colcon_pkg']
[1.801s] Level 1:colcon.colcon_core.package_identification:_identify(myArm_robot_ros2/src/myArm_moveit2) by extension 'colcon_pkg'
[1.801s] Level 1:colcon.colcon_core.package_identification:_identify(myArm_robot_ros2/src/myArm_moveit2) by extensions ['colcon_meta']
[1.801s] Level 1:colcon.colcon_core.package_identification:_identify(myArm_robot_ros2/src/myArm_moveit2) by extension 'colcon_meta'
[1.802s] Level 1:colcon.colcon_core.package_identification:_identify(myArm_robot_ros2/src/myArm_moveit2) by extensions ['ros']
[1.802s] Level 1:colcon.colcon_core.package_identification:_identify(myArm_robot_ros2/src/myArm_moveit2) by extension 'ros'
[1.802s] Level 1:colcon.colcon_core.package_identification:_identify(myArm_robot_ros2/src/myArm_moveit2) by extensions ['cmake', 'python']
[1.803s] Level 1:colcon.colcon_core.package_identification:_identify(myArm_robot_ros2/src/myArm_moveit2) by extension 'cmake'
[1.803s] Level 1:colcon.colcon_core.package_identification:_identify(myArm_robot_ros2/src/myArm_moveit2) by extension 'python'
[1.803s] Level 1:colcon.colcon_core.package_identification:_identify(myArm_robot_ros2/src/myArm_moveit2) by extensions ['python_setup_py']
[1.803s] Level 1:colcon.colcon_core.package_identification:_identify(myArm_robot_ros2/src/myArm_moveit2) by extension 'python_setup_py'
[1.804s] Level 1:colcon.colcon_core.package_identification:_identify(myArm_robot_ros2/src/myArm_moveit2/myArm_moveit_config) by extensions ['ignore', 'ignore_ament_install']
[1.805s] Level 1:colcon.colcon_core.package_identification:_identify(myArm_robot_ros2/src/myArm_moveit2/myArm_moveit_config) by extension 'ignore'
[1.805s] Level 1:colcon.colcon_core.package_identification:_identify(myArm_robot_ros2/src/myArm_moveit2/myArm_moveit_config) by extension 'ignore_ament_install'
[1.805s] Level 1:colcon.colcon_core.package_identification:_identify(myArm_robot_ros2/src/myArm_moveit2/myArm_moveit_config) by extensions ['colcon_pkg']
[1.805s] Level 1:colcon.colcon_core.package_identification:_identify(myArm_robot_ros2/src/myArm_moveit2/myArm_moveit_config) by extension 'colcon_pkg'
[1.806s] Level 1:colcon.colcon_core.package_identification:_identify(myArm_robot_ros2/src/myArm_moveit2/myArm_moveit_config) by extensions ['colcon_meta']
[1.806s] Level 1:colcon.colcon_core.package_identification:_identify(myArm_robot_ros2/src/myArm_moveit2/myArm_moveit_config) by extension 'colcon_meta'
[1.806s] Level 1:colcon.colcon_core.package_identification:_identify(myArm_robot_ros2/src/myArm_moveit2/myArm_moveit_config) by extensions ['ros']
[1.806s] Level 1:colcon.colcon_core.package_identification:_identify(myArm_robot_ros2/src/myArm_moveit2/myArm_moveit_config) by extension 'ros'
[1.813s] DEBUG:colcon.colcon_core.package_identification:Package 'myArm_robot_ros2/src/myArm_moveit2/myArm_moveit_config' with type 'ros.ament_cmake' and name 'myArm_moveit_config'
[1.813s] Level 1:colcon.colcon_core.package_identification:_identify(myArm_robot_ros2/src/pose_sender) by extensions ['ignore', 'ignore_ament_install']
[1.814s] Level 1:colcon.colcon_core.package_identification:_identify(myArm_robot_ros2/src/pose_sender) by extension 'ignore'
[1.814s] Level 1:colcon.colcon_core.package_identification:_identify(myArm_robot_ros2/src/pose_sender) by extension 'ignore_ament_install'
[1.815s] Level 1:colcon.colcon_core.package_identification:_identify(myArm_robot_ros2/src/pose_sender) by extensions ['colcon_pkg']
[1.815s] Level 1:colcon.colcon_core.package_identification:_identify(myArm_robot_ros2/src/pose_sender) by extension 'colcon_pkg'
[1.815s] Level 1:colcon.colcon_core.package_identification:_identify(myArm_robot_ros2/src/pose_sender) by extensions ['colcon_meta']
[1.815s] Level 1:colcon.colcon_core.package_identification:_identify(myArm_robot_ros2/src/pose_sender) by extension 'colcon_meta'
[1.816s] Level 1:colcon.colcon_core.package_identification:_identify(myArm_robot_ros2/src/pose_sender) by extensions ['ros']
[1.816s] Level 1:colcon.colcon_core.package_identification:_identify(myArm_robot_ros2/src/pose_sender) by extension 'ros'
[1.821s] DEBUG:colcon.colcon_core.package_identification:Package 'myArm_robot_ros2/src/pose_sender' with type 'ros.ament_cmake' and name 'pose_sender'
[1.822s] Level 1:colcon.colcon_core.package_identification:_identify(myArm_robot_ros2/src/shit) by extensions ['ignore', 'ignore_ament_install']
[1.822s] Level 1:colcon.colcon_core.package_identification:_identify(myArm_robot_ros2/src/shit) by extension 'ignore'
[1.823s] Level 1:colcon.colcon_core.package_identification:_identify(myArm_robot_ros2/src/shit) by extension 'ignore_ament_install'
[1.823s] Level 1:colcon.colcon_core.package_identification:_identify(myArm_robot_ros2/src/shit) by extensions ['colcon_pkg']
[1.823s] Level 1:colcon.colcon_core.package_identification:_identify(myArm_robot_ros2/src/shit) by extension 'colcon_pkg'
[1.823s] Level 1:colcon.colcon_core.package_identification:_identify(myArm_robot_ros2/src/shit) by extensions ['colcon_meta']
[1.824s] Level 1:colcon.colcon_core.package_identification:_identify(myArm_robot_ros2/src/shit) by extension 'colcon_meta'
[1.824s] Level 1:colcon.colcon_core.package_identification:_identify(myArm_robot_ros2/src/shit) by extensions ['ros']
[1.824s] Level 1:colcon.colcon_core.package_identification:_identify(myArm_robot_ros2/src/shit) by extension 'ros'
[1.830s] DEBUG:colcon.colcon_core.package_identification:Package 'myArm_robot_ros2/src/shit' with type 'ros.ament_cmake' and name 'shit'
[1.830s] Level 1:colcon.colcon_core.package_discovery:discover_packages(recursive) using defaults
[1.831s] Level 1:colcon.colcon_core.package_discovery:discover_packages(ignore) discover
[1.831s] Level 1:colcon.colcon_core.package_discovery:discover_packages(ignore) using defaults
[1.831s] Level 1:colcon.colcon_core.package_discovery:discover_packages(path) discover
[1.831s] Level 1:colcon.colcon_core.package_discovery:discover_packages(path) using defaults
[1.945s] INFO:colcon.colcon_core.package_selection:Skipping not selected package 'myArm3' in 'myArm_robot_ros2/src/myArm3'
[1.946s] INFO:colcon.colcon_core.package_selection:Skipping not selected package 'myArm_moveit_config' in 'myArm_robot_ros2/src/myArm_moveit2/myArm_moveit_config'
[1.946s] INFO:colcon.colcon_core.package_selection:Skipping not selected package 'pose_sender' in 'myArm_robot_ros2/src/pose_sender'
[1.948s] Level 1:colcon.colcon_core.package_discovery:discover_packages(prefix_path) check parameters
[1.948s] Level 1:colcon.colcon_core.package_discovery:discover_packages(prefix_path) discover
[1.958s] DEBUG:colcon.colcon_installed_package_information.package_discovery:Found 3 installed packages in /home/sunrise/planning_ws/install
[1.966s] DEBUG:colcon.colcon_installed_package_information.package_discovery:Found 285 installed packages in /opt/ros/humble
[2.058s] Level 1:colcon.colcon_core.package_discovery:discover_packages(prefix_path) using defaults
[2.312s] Level 5:colcon.colcon_core.verb:set package 'shit' build argument 'cmake_args' from command line to 'None'
[2.313s] Level 5:colcon.colcon_core.verb:set package 'shit' build argument 'cmake_target' from command line to 'None'
[2.313s] Level 5:colcon.colcon_core.verb:set package 'shit' build argument 'cmake_target_skip_unavailable' from command line to 'False'
[2.313s] Level 5:colcon.colcon_core.verb:set package 'shit' build argument 'cmake_clean_cache' from command line to 'False'
[2.313s] Level 5:colcon.colcon_core.verb:set package 'shit' build argument 'cmake_clean_first' from command line to 'False'
[2.314s] Level 5:colcon.colcon_core.verb:set package 'shit' build argument 'cmake_force_configure' from command line to 'False'
[2.314s] Level 5:colcon.colcon_core.verb:set package 'shit' build argument 'ament_cmake_args' from command line to 'None'
[2.314s] Level 5:colcon.colcon_core.verb:set package 'shit' build argument 'catkin_cmake_args' from command line to 'None'
[2.314s] Level 5:colcon.colcon_core.verb:set package 'shit' build argument 'catkin_skip_building_tests' from command line to 'False'
[2.315s] DEBUG:colcon.colcon_core.verb:Building package 'shit' with the following arguments: {'ament_cmake_args': None, 'build_base': '/home/sunrise/planning_ws/build/shit', 'catkin_cmake_args': None, 'catkin_skip_building_tests': False, 'cmake_args': None, 'cmake_clean_cache': False, 'cmake_clean_first': False, 'cmake_force_configure': False, 'cmake_target': None, 'cmake_target_skip_unavailable': False, 'install_base': '/home/sunrise/planning_ws/install/shit', 'merge_install': False, 'path': '/home/sunrise/planning_ws/myArm_robot_ros2/src/shit', 'symlink_install': False, 'test_result_base': None}
[2.315s] INFO:colcon.colcon_core.executor:Executing jobs using 'parallel' executor
[2.321s] DEBUG:colcon.colcon_parallel_executor.executor.parallel:run_until_complete
[2.322s] INFO:colcon.colcon_ros.task.ament_cmake.build:Building ROS package in '/home/sunrise/planning_ws/myArm_robot_ros2/src/shit' with build type 'ament_cmake'
[2.323s] INFO:colcon.colcon_cmake.task.cmake.build:Building CMake package in '/home/sunrise/planning_ws/myArm_robot_ros2/src/shit'
[2.333s] INFO:colcon.colcon_core.plugin_system:Skipping extension 'colcon_core.shell.bat': Not used on non-Windows systems
[2.335s] INFO:colcon.colcon_core.shell:Skip shell extension 'powershell' for command environment: Not usable outside of PowerShell
[2.335s] DEBUG:colcon.colcon_core.shell:Skip shell extension 'dsv' for command environment
[2.381s] DEBUG:colcon.colcon_core.event_handler.log_command:Invoking command in '/home/sunrise/planning_ws/build/shit': CMAKE_PREFIX_PATH=/home/sunrise/planning_ws/install/myArm3:/home/sunrise/planning_ws/install/shit:/home/sunrise/planning_ws/install/pose_sender:/opt/ros/humble CONDA_PROMPT_MODIFIER=(base) /usr/bin/cmake --build /home/sunrise/planning_ws/build/shit -- -j8 -l8
[2.559s] DEBUG:colcon.colcon_core.event_handler.log_command:Invoked command in '/home/sunrise/planning_ws/build/shit' returned '0': CMAKE_PREFIX_PATH=/home/sunrise/planning_ws/install/myArm3:/home/sunrise/planning_ws/install/shit:/home/sunrise/planning_ws/install/pose_sender:/opt/ros/humble CONDA_PROMPT_MODIFIER=(base) /usr/bin/cmake --build /home/sunrise/planning_ws/build/shit -- -j8 -l8
[2.620s] DEBUG:colcon.colcon_core.event_handler.log_command:Invoking command in '/home/sunrise/planning_ws/build/shit': CMAKE_PREFIX_PATH=/home/sunrise/planning_ws/install/myArm3:/home/sunrise/planning_ws/install/shit:/home/sunrise/planning_ws/install/pose_sender:/opt/ros/humble CONDA_PROMPT_MODIFIER=(base) /usr/bin/cmake --install /home/sunrise/planning_ws/build/shit
[2.671s] Level 1:colcon.colcon_core.environment:create_environment_scripts_only(shit)
[2.692s] DEBUG:colcon.colcon_core.event_handler.log_command:Invoked command in '/home/sunrise/planning_ws/build/shit' returned '0': CMAKE_PREFIX_PATH=/home/sunrise/planning_ws/install/myArm3:/home/sunrise/planning_ws/install/shit:/home/sunrise/planning_ws/install/pose_sender:/opt/ros/humble CONDA_PROMPT_MODIFIER=(base) /usr/bin/cmake --install /home/sunrise/planning_ws/build/shit
[2.699s] Level 1:colcon.colcon_core.environment:checking '/home/sunrise/planning_ws/install/shit' for CMake module files
[2.702s] Level 1:colcon.colcon_core.environment:checking '/home/sunrise/planning_ws/install/shit' for CMake config files
[2.703s] Level 1:colcon.colcon_core.shell:create_environment_hook('shit', 'cmake_prefix_path')
[2.704s] INFO:colcon.colcon_core.shell:Creating environment hook '/home/sunrise/planning_ws/install/shit/share/shit/hook/cmake_prefix_path.ps1'
[2.708s] INFO:colcon.colcon_core.shell:Creating environment descriptor '/home/sunrise/planning_ws/install/shit/share/shit/hook/cmake_prefix_path.dsv'
[2.711s] INFO:colcon.colcon_core.shell:Creating environment hook '/home/sunrise/planning_ws/install/shit/share/shit/hook/cmake_prefix_path.sh'
[2.716s] Level 1:colcon.colcon_core.environment:checking '/home/sunrise/planning_ws/install/shit/bin'
[2.716s] Level 1:colcon.colcon_core.environment:checking '/home/sunrise/planning_ws/install/shit/lib/pkgconfig/shit.pc'
[2.718s] Level 1:colcon.colcon_core.environment:checking '/home/sunrise/planning_ws/install/shit/lib/python3.10/site-packages'
[2.720s] Level 1:colcon.colcon_core.environment:checking '/home/sunrise/planning_ws/install/shit/bin'
[2.722s] INFO:colcon.colcon_core.shell:Creating package script '/home/sunrise/planning_ws/install/shit/share/shit/package.ps1'
[2.728s] INFO:colcon.colcon_core.shell:Creating package descriptor '/home/sunrise/planning_ws/install/shit/share/shit/package.dsv'
[2.732s] INFO:colcon.colcon_core.shell:Creating package script '/home/sunrise/planning_ws/install/shit/share/shit/package.sh'
[2.738s] INFO:colcon.colcon_core.shell:Creating package script '/home/sunrise/planning_ws/install/shit/share/shit/package.bash'
[2.744s] INFO:colcon.colcon_core.shell:Creating package script '/home/sunrise/planning_ws/install/shit/share/shit/package.zsh'
[2.749s] Level 1:colcon.colcon_core.environment:create_file_with_runtime_dependencies(/home/sunrise/planning_ws/install/shit/share/colcon-core/packages/shit)
[2.753s] Level 1:colcon.colcon_core.environment:create_environment_scripts_only(shit)
[2.754s] Level 1:colcon.colcon_core.environment:checking '/home/sunrise/planning_ws/install/shit' for CMake module files
[2.758s] Level 1:colcon.colcon_core.environment:checking '/home/sunrise/planning_ws/install/shit' for CMake config files
[2.758s] Level 1:colcon.colcon_core.shell:create_environment_hook('shit', 'cmake_prefix_path')
[2.760s] INFO:colcon.colcon_core.shell:Creating environment hook '/home/sunrise/planning_ws/install/shit/share/shit/hook/cmake_prefix_path.ps1'
[2.762s] INFO:colcon.colcon_core.shell:Creating environment descriptor '/home/sunrise/planning_ws/install/shit/share/shit/hook/cmake_prefix_path.dsv'
[2.764s] INFO:colcon.colcon_core.shell:Creating environment hook '/home/sunrise/planning_ws/install/shit/share/shit/hook/cmake_prefix_path.sh'
[2.767s] Level 1:colcon.colcon_core.environment:checking '/home/sunrise/planning_ws/install/shit/bin'
[2.768s] Level 1:colcon.colcon_core.environment:checking '/home/sunrise/planning_ws/install/shit/lib/pkgconfig/shit.pc'
[2.769s] Level 1:colcon.colcon_core.environment:checking '/home/sunrise/planning_ws/install/shit/lib/python3.10/site-packages'
[2.770s] Level 1:colcon.colcon_core.environment:checking '/home/sunrise/planning_ws/install/shit/bin'
[2.772s] INFO:colcon.colcon_core.shell:Creating package script '/home/sunrise/planning_ws/install/shit/share/shit/package.ps1'
[2.775s] INFO:colcon.colcon_core.shell:Creating package descriptor '/home/sunrise/planning_ws/install/shit/share/shit/package.dsv'
[2.778s] INFO:colcon.colcon_core.shell:Creating package script '/home/sunrise/planning_ws/install/shit/share/shit/package.sh'
[2.780s] INFO:colcon.colcon_core.shell:Creating package script '/home/sunrise/planning_ws/install/shit/share/shit/package.bash'
[2.783s] INFO:colcon.colcon_core.shell:Creating package script '/home/sunrise/planning_ws/install/shit/share/shit/package.zsh'
[2.785s] Level 1:colcon.colcon_core.environment:create_file_with_runtime_dependencies(/home/sunrise/planning_ws/install/shit/share/colcon-core/packages/shit)
[2.787s] DEBUG:colcon.colcon_parallel_executor.executor.parallel:closing loop
[2.788s] DEBUG:colcon.colcon_parallel_executor.executor.parallel:loop closed
[2.789s] DEBUG:colcon.colcon_parallel_executor.executor.parallel:run_until_complete finished with '0'
[2.790s] DEBUG:colcon.colcon_core.event_reactor:joining thread
[2.818s] INFO:colcon.colcon_core.plugin_system:Skipping extension 'colcon_notification.desktop_notification.terminal_notifier': Not used on non-Darwin systems
[2.818s] INFO:colcon.colcon_core.plugin_system:Skipping extension 'colcon_notification.desktop_notification.win32': Not used on non-Windows systems
[2.819s] INFO:colcon.colcon_notification.desktop_notification:Sending desktop notification using 'notify2'
[27.847s] DEBUG:colcon.colcon_notification.desktop_notification.notify2:Failed to initialize notify2: org.freedesktop.DBus.Error.NoReply: Did not receive a reply. Possible causes include: the remote application did not send a reply, the message bus security policy blocked the reply, the reply timeout expired, or the network connection was broken.
[27.847s] DEBUG:colcon.colcon_core.event_reactor:joined thread
[27.850s] INFO:colcon.colcon_core.shell:Creating prefix script '/home/sunrise/planning_ws/install/local_setup.ps1'
[27.857s] INFO:colcon.colcon_core.shell:Creating prefix util module '/home/sunrise/planning_ws/install/_local_setup_util_ps1.py'
[27.867s] INFO:colcon.colcon_core.shell:Creating prefix chain script '/home/sunrise/planning_ws/install/setup.ps1'
[27.875s] INFO:colcon.colcon_core.shell:Creating prefix script '/home/sunrise/planning_ws/install/local_setup.sh'
[27.880s] INFO:colcon.colcon_core.shell:Creating prefix util module '/home/sunrise/planning_ws/install/_local_setup_util_sh.py'
[27.884s] INFO:colcon.colcon_core.shell:Creating prefix chain script '/home/sunrise/planning_ws/install/setup.sh'
[27.891s] INFO:colcon.colcon_core.shell:Creating prefix script '/home/sunrise/planning_ws/install/local_setup.bash'
[27.895s] INFO:colcon.colcon_core.shell:Creating prefix chain script '/home/sunrise/planning_ws/install/setup.bash'
[27.902s] INFO:colcon.colcon_core.shell:Creating prefix script '/home/sunrise/planning_ws/install/local_setup.zsh'
[27.906s] INFO:colcon.colcon_core.shell:Creating prefix chain script '/home/sunrise/planning_ws/install/setup.zsh'
