[3.987s] Invoking command in '/home/sunrise/flask_robot_arm/src/httpController': CONDA_PROMPT_MODIFIER=(base) PYTHONPATH=/home/sunrise/flask_robot_arm/build/httpController/prefix_override:/usr/lib/python3/dist-packages/colcon_core/task/python/colcon_distutils_commands:/home/sunrise/flask_robot_arm/install/httpController/lib/python3.10/site-packages:${PYTHONPATH} /usr/bin/python3 -W ignore:setup.py install is deprecated -W ignore:easy_install command is deprecated setup.py egg_info --egg-base ../../build/httpController build --build-base /home/sunrise/flask_robot_arm/build/httpController/build install --record /home/sunrise/flask_robot_arm/build/httpController/install.log --single-version-externally-managed install_data
[5.402s] running egg_info
[5.405s] creating ../../build/httpController/httpController.egg-info
[5.406s] writing ../../build/httpController/httpController.egg-info/PKG-INFO
[5.407s] writing dependency_links to ../../build/httpController/httpController.egg-info/dependency_links.txt
[5.408s] writing entry points to ../../build/httpController/httpController.egg-info/entry_points.txt
[5.409s] writing requirements to ../../build/httpController/httpController.egg-info/requires.txt
[5.409s] writing top-level names to ../../build/httpController/httpController.egg-info/top_level.txt
[5.410s] writing manifest file '../../build/httpController/httpController.egg-info/SOURCES.txt'
[5.419s] reading manifest file '../../build/httpController/httpController.egg-info/SOURCES.txt'
[5.424s] writing manifest file '../../build/httpController/httpController.egg-info/SOURCES.txt'
[5.424s] running build
[5.425s] running build_py
[5.426s] creating /home/sunrise/flask_robot_arm/build/httpController/build
[5.426s] creating /home/sunrise/flask_robot_arm/build/httpController/build/lib
[5.427s] creating /home/sunrise/flask_robot_arm/build/httpController/build/lib/httpController
[5.427s] copying httpController/httpController.py -> /home/sunrise/flask_robot_arm/build/httpController/build/lib/httpController
[5.428s] copying httpController/__init__.py -> /home/sunrise/flask_robot_arm/build/httpController/build/lib/httpController
[5.428s] running install
[5.429s] running install_lib
[5.433s] creating /home/sunrise/flask_robot_arm/install/httpController/lib/python3.10/site-packages/httpController
[5.433s] copying /home/sunrise/flask_robot_arm/build/httpController/build/lib/httpController/httpController.py -> /home/sunrise/flask_robot_arm/install/httpController/lib/python3.10/site-packages/httpController
[5.434s] copying /home/sunrise/flask_robot_arm/build/httpController/build/lib/httpController/__init__.py -> /home/sunrise/flask_robot_arm/install/httpController/lib/python3.10/site-packages/httpController
[5.436s] byte-compiling /home/sunrise/flask_robot_arm/install/httpController/lib/python3.10/site-packages/httpController/httpController.py to httpController.cpython-310.pyc
[5.461s] byte-compiling /home/sunrise/flask_robot_arm/install/httpController/lib/python3.10/site-packages/httpController/__init__.py to __init__.cpython-310.pyc
[5.461s] running install_data
[5.462s] creating /home/sunrise/flask_robot_arm/install/httpController/share/ament_index
[5.463s] creating /home/sunrise/flask_robot_arm/install/httpController/share/ament_index/resource_index
[5.463s] creating /home/sunrise/flask_robot_arm/install/httpController/share/ament_index/resource_index/packages
[5.464s] copying resource/httpController -> /home/sunrise/flask_robot_arm/install/httpController/share/ament_index/resource_index/packages
[5.464s] copying package.xml -> /home/sunrise/flask_robot_arm/install/httpController/share/httpController
[5.465s] running install_egg_info
[5.472s] Copying ../../build/httpController/httpController.egg-info to /home/sunrise/flask_robot_arm/install/httpController/lib/python3.10/site-packages/httpController-0.0.0-py3.10.egg-info
[5.477s] running install_scripts
[5.590s] Installing httpController script to /home/sunrise/flask_robot_arm/install/httpController/lib/httpController
[5.592s] writing list of installed files to '/home/sunrise/flask_robot_arm/build/httpController/install.log'
[5.794s] Invoked command in '/home/sunrise/flask_robot_arm/src/httpController' returned '0': CONDA_PROMPT_MODIFIER=(base) PYTHONPATH=/home/sunrise/flask_robot_arm/build/httpController/prefix_override:/usr/lib/python3/dist-packages/colcon_core/task/python/colcon_distutils_commands:/home/sunrise/flask_robot_arm/install/httpController/lib/python3.10/site-packages:${PYTHONPATH} /usr/bin/python3 -W ignore:setup.py install is deprecated -W ignore:easy_install command is deprecated setup.py egg_info --egg-base ../../build/httpController build --build-base /home/sunrise/flask_robot_arm/build/httpController/build install --record /home/sunrise/flask_robot_arm/build/httpController/install.log --single-version-externally-managed install_data
