[0.071s] Invoking command in '/home/sunrise/planning_ws/build/pose_sender': CMAKE_PREFIX_PATH=/opt/ros/humble /usr/bin/cmake --build /home/sunrise/planning_ws/build/pose_sender -- -j8 -l8
[0.378s] -- Found ament_cmake: 1.3.11 (/opt/ros/humble/share/ament_cmake/cmake)
[1.205s] -- Found moveit_ros_planning_interface: 2.5.9 (/opt/ros/humble/share/moveit_ros_planning_interface/cmake)
[1.276s] -- Found Boost: /usr/lib/aarch64-linux-gnu/cmake/Boost-1.74.0/BoostConfig.cmake (found version "1.74.0") found components: date_time filesystem program_options system thread 
[1.453s] -- Found rosidl_generator_c: 3.1.6 (/opt/ros/humble/share/rosidl_generator_c/cmake)
[1.472s] -- Found rosidl_adapter: 3.1.6 (/opt/ros/humble/share/rosidl_adapter/cmake)
[1.515s] -- Found rosidl_generator_cpp: 3.1.6 (/opt/ros/humble/share/rosidl_generator_cpp/cmake)
[1.585s] -- Using all available rosidl_typesupport_c: rosidl_typesupport_fastrtps_c;rosidl_typesupport_introspection_c
[1.673s] -- Using all available rosidl_typesupport_cpp: rosidl_typesupport_fastrtps_cpp;rosidl_typesupport_introspection_cpp
[2.921s] -- Found Boost: /usr/lib/aarch64-linux-gnu/cmake/Boost-1.74.0/BoostConfig.cmake (found version "1.74.0") found components: chrono date_time filesystem iostreams program_options regex serialization system thread 
[3.089s] -- Found parameter_traits: 0.4.0 (/opt/ros/humble/share/parameter_traits/cmake)
[3.279s] -- Found rmw_implementation_cmake: 6.1.2 (/opt/ros/humble/share/rmw_implementation_cmake/cmake)
[3.290s] -- Found rmw_fastrtps_cpp: 6.2.7 (/opt/ros/humble/share/rmw_fastrtps_cpp/cmake)
[3.788s] -- Using RMW implementation 'rmw_fastrtps_cpp' as default
[4.096s] -- Found rclcpp_lifecycle: 16.0.12 (/opt/ros/humble/share/rclcpp_lifecycle/cmake)
[4.233s] -- Found Boost: /usr/lib/aarch64-linux-gnu/cmake/Boost-1.74.0/BoostConfig.cmake (found version "1.74.0") found components: filesystem 
[4.396s] -- library: /usr/lib/aarch64-linux-gnu/libcurl.so
[4.570s] -- Ensuring Eigen3 include directory is part of orocos-kdl CMake target
[5.280s] -- Found Boost: /usr/lib/aarch64-linux-gnu/cmake/Boost-1.74.0/BoostConfig.cmake (found version "1.74.0") found components: system filesystem date_time program_options thread chrono 
[5.471s] -- Found Boost: /usr/lib/aarch64-linux-gnu/cmake/Boost-1.74.0/BoostConfig.cmake (found version "1.74.0") found components: thread system filesystem regex date_time program_options 
[5.599s] -- Found Boost: /usr/lib/aarch64-linux-gnu/cmake/Boost-1.74.0/BoostConfig.cmake (found version "1.74.0") found components: system filesystem date_time program_options thread 
[5.788s] -- Found ament_lint_auto: 0.12.12 (/opt/ros/humble/share/ament_lint_auto/cmake)
[6.229s] -- Added test 'cppcheck' to perform static code analysis on C / C++ code
[6.229s] -- Configured cppcheck include dirs: $<BUILD_INTERFACE:/home/sunrise/planning_ws/myArm_robot_ros2/src/pose_sender/include>
[6.230s] -- Configured cppcheck exclude dirs and/or files: 
[6.233s] -- Added test 'lint_cmake' to check CMake code style
[6.238s] -- Added test 'uncrustify' to check C / C++ code style
[6.239s] -- Configured uncrustify additional arguments: 
[6.240s] -- Added test 'xmllint' to check XML markup files
[6.248s] -- Configuring done
[6.446s] -- Generating done
[6.493s] -- Build files have been written to: /home/sunrise/planning_ws/build/pose_sender
[6.676s] [35m[1mConsolidate compiler generated dependencies of target pose_sender[0m
[6.929s] [ 50%] [32mBuilding CXX object CMakeFiles/pose_sender.dir/src/pose_sender.cpp.o[0m
[83.567s] [100%] [32m[1mLinking CXX executable pose_sender[0m
[90.142s] [100%] Built target pose_sender
[90.204s] Invoked command in '/home/sunrise/planning_ws/build/pose_sender' returned '0': CMAKE_PREFIX_PATH=/opt/ros/humble /usr/bin/cmake --build /home/sunrise/planning_ws/build/pose_sender -- -j8 -l8
[90.250s] Invoking command in '/home/sunrise/planning_ws/build/pose_sender': CMAKE_PREFIX_PATH=/opt/ros/humble /usr/bin/cmake --install /home/sunrise/planning_ws/build/pose_sender
[90.283s] -- Install configuration: ""
[90.285s] -- Installing: /home/sunrise/planning_ws/install/pose_sender/lib/pose_sender/pose_sender
[90.310s] -- Set runtime path of "/home/sunrise/planning_ws/install/pose_sender/lib/pose_sender/pose_sender" to ""
[90.311s] -- Up-to-date: /home/sunrise/planning_ws/install/pose_sender/share/ament_index/resource_index/package_run_dependencies/pose_sender
[90.311s] -- Up-to-date: /home/sunrise/planning_ws/install/pose_sender/share/ament_index/resource_index/parent_prefix_path/pose_sender
[90.312s] -- Up-to-date: /home/sunrise/planning_ws/install/pose_sender/share/pose_sender/environment/ament_prefix_path.sh
[90.313s] -- Installing: /home/sunrise/planning_ws/install/pose_sender/share/pose_sender/environment/ament_prefix_path.dsv
[90.314s] -- Up-to-date: /home/sunrise/planning_ws/install/pose_sender/share/pose_sender/environment/path.sh
[90.314s] -- Installing: /home/sunrise/planning_ws/install/pose_sender/share/pose_sender/environment/path.dsv
[90.315s] -- Up-to-date: /home/sunrise/planning_ws/install/pose_sender/share/pose_sender/local_setup.bash
[90.316s] -- Up-to-date: /home/sunrise/planning_ws/install/pose_sender/share/pose_sender/local_setup.sh
[90.316s] -- Up-to-date: /home/sunrise/planning_ws/install/pose_sender/share/pose_sender/local_setup.zsh
[90.317s] -- Installing: /home/sunrise/planning_ws/install/pose_sender/share/pose_sender/local_setup.dsv
[90.317s] -- Installing: /home/sunrise/planning_ws/install/pose_sender/share/pose_sender/package.dsv
[90.318s] -- Up-to-date: /home/sunrise/planning_ws/install/pose_sender/share/ament_index/resource_index/packages/pose_sender
[90.319s] -- Up-to-date: /home/sunrise/planning_ws/install/pose_sender/share/pose_sender/cmake/pose_senderConfig.cmake
[90.319s] -- Up-to-date: /home/sunrise/planning_ws/install/pose_sender/share/pose_sender/cmake/pose_senderConfig-version.cmake
[90.320s] -- Installing: /home/sunrise/planning_ws/install/pose_sender/share/pose_sender/package.xml
[90.326s] Invoked command in '/home/sunrise/planning_ws/build/pose_sender' returned '0': CMAKE_PREFIX_PATH=/opt/ros/humble /usr/bin/cmake --install /home/sunrise/planning_ws/build/pose_sender
