[0.053s] Invoking command in '/home/sunrise/motor_ws/build/motor_msg': CMAKE_PREFIX_PATH=/home/sunrise/motor_ws/install/motor_msg:/home/sunrise/motor_ws/install/motor_control:/opt/tros/humble:/opt/ros/humble:/home/sunrise/Motor_WorkSpace/install/step_motor_control /usr/bin/cmake --build /home/sunrise/motor_ws/build/motor_msg -- -j8 -l8
[0.283s] [  3%] Built target motor_msg__cpp
[0.284s] [ 12%] Built target motor_msg__rosidl_generator_c
[0.325s] [ 12%] Built target ament_cmake_python_copy_motor_msg
[0.380s] [ 32%] Built target motor_msg__rosidl_typesupport_cpp
[0.381s] [ 32%] Built target motor_msg__rosidl_typesupport_introspection_c
[0.384s] [ 51%] Built target motor_msg__rosidl_typesupport_c
[0.385s] [ 51%] Built target motor_msg__rosidl_typesupport_introspection_cpp
[0.388s] [ 61%] Built target motor_msg__rosidl_typesupport_fastrtps_cpp
[0.407s] [ 70%] Built target motor_msg__rosidl_typesupport_fastrtps_c
[0.496s] [ 70%] Built target motor_msg
[0.588s] [ 74%] Built target motor_msg__py
[0.688s] [ 80%] Built target motor_msg__rosidl_generator_py
[0.786s] [ 93%] Built target motor_msg__rosidl_typesupport_fastrtps_c__pyext
[0.787s] [ 93%] Built target motor_msg__rosidl_typesupport_c__pyext
[0.791s] [100%] Built target motor_msg__rosidl_typesupport_introspection_c__pyext
[1.844s] running egg_info
[1.848s] writing motor_msg.egg-info/PKG-INFO
[1.849s] writing dependency_links to motor_msg.egg-info/dependency_links.txt
[1.851s] writing top-level names to motor_msg.egg-info/top_level.txt
[1.864s] reading manifest file 'motor_msg.egg-info/SOURCES.txt'
[1.867s] writing manifest file 'motor_msg.egg-info/SOURCES.txt'
[2.075s] [100%] Built target ament_cmake_python_build_motor_msg_egg
[2.141s] Invoked command in '/home/sunrise/motor_ws/build/motor_msg' returned '0': CMAKE_PREFIX_PATH=/home/sunrise/motor_ws/install/motor_msg:/home/sunrise/motor_ws/install/motor_control:/opt/tros/humble:/opt/ros/humble:/home/sunrise/Motor_WorkSpace/install/step_motor_control /usr/bin/cmake --build /home/sunrise/motor_ws/build/motor_msg -- -j8 -l8
[2.189s] Invoking command in '/home/sunrise/motor_ws/build/motor_msg': CMAKE_PREFIX_PATH=/home/sunrise/motor_ws/install/motor_msg:/home/sunrise/motor_ws/install/motor_control:/opt/tros/humble:/opt/ros/humble:/home/sunrise/Motor_WorkSpace/install/step_motor_control /usr/bin/cmake --install /home/sunrise/motor_ws/build/motor_msg
[2.225s] -- Install configuration: ""
[2.226s] -- Up-to-date: /home/sunrise/motor_ws/install/motor_msg/share/ament_index/resource_index/rosidl_interfaces/motor_msg
[2.227s] -- Up-to-date: /home/sunrise/motor_ws/install/motor_msg/include/motor_msg/motor_msg
[2.227s] -- Up-to-date: /home/sunrise/motor_ws/install/motor_msg/include/motor_msg/motor_msg/msg
[2.228s] -- Up-to-date: /home/sunrise/motor_ws/install/motor_msg/include/motor_msg/motor_msg/msg/detail
[2.228s] -- Up-to-date: /home/sunrise/motor_ws/install/motor_msg/include/motor_msg/motor_msg/msg/detail/motor__functions.c
[2.229s] -- Up-to-date: /home/sunrise/motor_ws/install/motor_msg/include/motor_msg/motor_msg/msg/detail/motor__struct.h
[2.230s] -- Up-to-date: /home/sunrise/motor_ws/install/motor_msg/include/motor_msg/motor_msg/msg/detail/motor__functions.h
[2.230s] -- Up-to-date: /home/sunrise/motor_ws/install/motor_msg/include/motor_msg/motor_msg/msg/detail/motor__type_support.h
[2.231s] -- Up-to-date: /home/sunrise/motor_ws/install/motor_msg/include/motor_msg/motor_msg/msg/motor.h
[2.231s] -- Up-to-date: /home/sunrise/motor_ws/install/motor_msg/include/motor_msg/motor_msg/msg/rosidl_generator_c__visibility_control.h
[2.232s] -- Up-to-date: /home/sunrise/motor_ws/install/motor_msg/share/motor_msg/environment/library_path.sh
[2.232s] -- Up-to-date: /home/sunrise/motor_ws/install/motor_msg/share/motor_msg/environment/library_path.dsv
[2.233s] -- Up-to-date: /home/sunrise/motor_ws/install/motor_msg/lib/libmotor_msg__rosidl_generator_c.so
[2.233s] -- Up-to-date: /home/sunrise/motor_ws/install/motor_msg/include/motor_msg/motor_msg
[2.234s] -- Up-to-date: /home/sunrise/motor_ws/install/motor_msg/include/motor_msg/motor_msg/msg
[2.235s] -- Up-to-date: /home/sunrise/motor_ws/install/motor_msg/include/motor_msg/motor_msg/msg/rosidl_typesupport_fastrtps_c__visibility_control.h
[2.235s] -- Up-to-date: /home/sunrise/motor_ws/install/motor_msg/include/motor_msg/motor_msg/msg/detail
[2.236s] -- Up-to-date: /home/sunrise/motor_ws/install/motor_msg/include/motor_msg/motor_msg/msg/detail/motor__rosidl_typesupport_fastrtps_c.h
[2.237s] -- Up-to-date: /home/sunrise/motor_ws/install/motor_msg/lib/libmotor_msg__rosidl_typesupport_fastrtps_c.so
[2.237s] -- Up-to-date: /home/sunrise/motor_ws/install/motor_msg/include/motor_msg/motor_msg
[2.238s] -- Up-to-date: /home/sunrise/motor_ws/install/motor_msg/include/motor_msg/motor_msg/msg
[2.238s] -- Up-to-date: /home/sunrise/motor_ws/install/motor_msg/include/motor_msg/motor_msg/msg/rosidl_typesupport_introspection_c__visibility_control.h
[2.239s] -- Up-to-date: /home/sunrise/motor_ws/install/motor_msg/include/motor_msg/motor_msg/msg/detail
[2.239s] -- Up-to-date: /home/sunrise/motor_ws/install/motor_msg/include/motor_msg/motor_msg/msg/detail/motor__rosidl_typesupport_introspection_c.h
[2.240s] -- Up-to-date: /home/sunrise/motor_ws/install/motor_msg/include/motor_msg/motor_msg/msg/detail/motor__type_support.c
[2.240s] -- Up-to-date: /home/sunrise/motor_ws/install/motor_msg/lib/libmotor_msg__rosidl_typesupport_introspection_c.so
[2.241s] -- Up-to-date: /home/sunrise/motor_ws/install/motor_msg/lib/libmotor_msg__rosidl_typesupport_c.so
[2.242s] -- Up-to-date: /home/sunrise/motor_ws/install/motor_msg/include/motor_msg/motor_msg
[2.242s] -- Up-to-date: /home/sunrise/motor_ws/install/motor_msg/include/motor_msg/motor_msg/msg
[2.243s] -- Up-to-date: /home/sunrise/motor_ws/install/motor_msg/include/motor_msg/motor_msg/msg/rosidl_generator_cpp__visibility_control.hpp
[2.243s] -- Up-to-date: /home/sunrise/motor_ws/install/motor_msg/include/motor_msg/motor_msg/msg/detail
[2.244s] -- Up-to-date: /home/sunrise/motor_ws/install/motor_msg/include/motor_msg/motor_msg/msg/detail/motor__traits.hpp
[2.245s] -- Up-to-date: /home/sunrise/motor_ws/install/motor_msg/include/motor_msg/motor_msg/msg/detail/motor__struct.hpp
[2.246s] -- Up-to-date: /home/sunrise/motor_ws/install/motor_msg/include/motor_msg/motor_msg/msg/detail/motor__type_support.hpp
[2.247s] -- Up-to-date: /home/sunrise/motor_ws/install/motor_msg/include/motor_msg/motor_msg/msg/detail/motor__builder.hpp
[2.247s] -- Up-to-date: /home/sunrise/motor_ws/install/motor_msg/include/motor_msg/motor_msg/msg/motor.hpp
[2.248s] -- Up-to-date: /home/sunrise/motor_ws/install/motor_msg/include/motor_msg/motor_msg
[2.248s] -- Up-to-date: /home/sunrise/motor_ws/install/motor_msg/include/motor_msg/motor_msg/msg
[2.249s] -- Up-to-date: /home/sunrise/motor_ws/install/motor_msg/include/motor_msg/motor_msg/msg/detail
[2.249s] -- Up-to-date: /home/sunrise/motor_ws/install/motor_msg/include/motor_msg/motor_msg/msg/detail/motor__rosidl_typesupport_fastrtps_cpp.hpp
[2.249s] -- Up-to-date: /home/sunrise/motor_ws/install/motor_msg/include/motor_msg/motor_msg/msg/detail/dds_fastrtps
[2.250s] -- Up-to-date: /home/sunrise/motor_ws/install/motor_msg/include/motor_msg/motor_msg/msg/rosidl_typesupport_fastrtps_cpp__visibility_control.h
[2.250s] -- Up-to-date: /home/sunrise/motor_ws/install/motor_msg/lib/libmotor_msg__rosidl_typesupport_fastrtps_cpp.so
[2.251s] -- Up-to-date: /home/sunrise/motor_ws/install/motor_msg/include/motor_msg/motor_msg
[2.251s] -- Up-to-date: /home/sunrise/motor_ws/install/motor_msg/include/motor_msg/motor_msg/msg
[2.252s] -- Up-to-date: /home/sunrise/motor_ws/install/motor_msg/include/motor_msg/motor_msg/msg/detail
[2.252s] -- Up-to-date: /home/sunrise/motor_ws/install/motor_msg/include/motor_msg/motor_msg/msg/detail/motor__rosidl_typesupport_introspection_cpp.hpp
[2.253s] -- Up-to-date: /home/sunrise/motor_ws/install/motor_msg/include/motor_msg/motor_msg/msg/detail/motor__type_support.cpp
[2.253s] -- Up-to-date: /home/sunrise/motor_ws/install/motor_msg/lib/libmotor_msg__rosidl_typesupport_introspection_cpp.so
[2.254s] -- Up-to-date: /home/sunrise/motor_ws/install/motor_msg/lib/libmotor_msg__rosidl_typesupport_cpp.so
[2.254s] -- Up-to-date: /home/sunrise/motor_ws/install/motor_msg/share/motor_msg/environment/pythonpath.sh
[2.255s] -- Up-to-date: /home/sunrise/motor_ws/install/motor_msg/share/motor_msg/environment/pythonpath.dsv
[2.255s] -- Up-to-date: /home/sunrise/motor_ws/install/motor_msg/local/lib/python3.10/dist-packages/motor_msg-0.0.0-py3.10.egg-info
[2.255s] -- Installing: /home/sunrise/motor_ws/install/motor_msg/local/lib/python3.10/dist-packages/motor_msg-0.0.0-py3.10.egg-info/SOURCES.txt
[2.256s] -- Installing: /home/sunrise/motor_ws/install/motor_msg/local/lib/python3.10/dist-packages/motor_msg-0.0.0-py3.10.egg-info/top_level.txt
[2.256s] -- Installing: /home/sunrise/motor_ws/install/motor_msg/local/lib/python3.10/dist-packages/motor_msg-0.0.0-py3.10.egg-info/dependency_links.txt
[2.257s] -- Installing: /home/sunrise/motor_ws/install/motor_msg/local/lib/python3.10/dist-packages/motor_msg-0.0.0-py3.10.egg-info/PKG-INFO
[2.257s] -- Up-to-date: /home/sunrise/motor_ws/install/motor_msg/local/lib/python3.10/dist-packages/motor_msg
[2.258s] -- Up-to-date: /home/sunrise/motor_ws/install/motor_msg/local/lib/python3.10/dist-packages/motor_msg/libmotor_msg__rosidl_generator_py.so
[2.259s] -- Up-to-date: /home/sunrise/motor_ws/install/motor_msg/local/lib/python3.10/dist-packages/motor_msg/_motor_msg_s.ep.rosidl_typesupport_c.c
[2.259s] -- Up-to-date: /home/sunrise/motor_ws/install/motor_msg/local/lib/python3.10/dist-packages/motor_msg/msg
[2.259s] -- Up-to-date: /home/sunrise/motor_ws/install/motor_msg/local/lib/python3.10/dist-packages/motor_msg/msg/_motor.py
[2.260s] -- Up-to-date: /home/sunrise/motor_ws/install/motor_msg/local/lib/python3.10/dist-packages/motor_msg/msg/_motor_s.c
[2.260s] -- Up-to-date: /home/sunrise/motor_ws/install/motor_msg/local/lib/python3.10/dist-packages/motor_msg/msg/__init__.py
[2.261s] -- Up-to-date: /home/sunrise/motor_ws/install/motor_msg/local/lib/python3.10/dist-packages/motor_msg/_motor_msg_s.ep.rosidl_typesupport_fastrtps_c.c
[2.261s] -- Up-to-date: /home/sunrise/motor_ws/install/motor_msg/local/lib/python3.10/dist-packages/motor_msg/motor_msg_s__rosidl_typesupport_c.cpython-310-aarch64-linux-gnu.so
[2.262s] -- Up-to-date: /home/sunrise/motor_ws/install/motor_msg/local/lib/python3.10/dist-packages/motor_msg/motor_msg_s__rosidl_typesupport_fastrtps_c.cpython-310-aarch64-linux-gnu.so
[2.262s] -- Up-to-date: /home/sunrise/motor_ws/install/motor_msg/local/lib/python3.10/dist-packages/motor_msg/__init__.py
[2.263s] -- Up-to-date: /home/sunrise/motor_ws/install/motor_msg/local/lib/python3.10/dist-packages/motor_msg/motor_msg_s__rosidl_typesupport_introspection_c.cpython-310-aarch64-linux-gnu.so
[2.263s] -- Up-to-date: /home/sunrise/motor_ws/install/motor_msg/local/lib/python3.10/dist-packages/motor_msg/_motor_msg_s.ep.rosidl_typesupport_introspection_c.c
[2.437s] Listing '/home/sunrise/motor_ws/install/motor_msg/local/lib/python3.10/dist-packages/motor_msg'...
[2.438s] Listing '/home/sunrise/motor_ws/install/motor_msg/local/lib/python3.10/dist-packages/motor_msg/msg'...
[2.478s] -- Up-to-date: /home/sunrise/motor_ws/install/motor_msg/local/lib/python3.10/dist-packages/motor_msg/motor_msg_s__rosidl_typesupport_fastrtps_c.cpython-310-aarch64-linux-gnu.so
[2.479s] -- Up-to-date: /home/sunrise/motor_ws/install/motor_msg/local/lib/python3.10/dist-packages/motor_msg/motor_msg_s__rosidl_typesupport_introspection_c.cpython-310-aarch64-linux-gnu.so
[2.480s] -- Up-to-date: /home/sunrise/motor_ws/install/motor_msg/local/lib/python3.10/dist-packages/motor_msg/motor_msg_s__rosidl_typesupport_c.cpython-310-aarch64-linux-gnu.so
[2.482s] -- Up-to-date: /home/sunrise/motor_ws/install/motor_msg/lib/libmotor_msg__rosidl_generator_py.so
[2.482s] -- Up-to-date: /home/sunrise/motor_ws/install/motor_msg/share/motor_msg/msg/Motor.idl
[2.483s] -- Up-to-date: /home/sunrise/motor_ws/install/motor_msg/share/motor_msg/msg/Motor.msg
[2.484s] -- Up-to-date: /home/sunrise/motor_ws/install/motor_msg/share/ament_index/resource_index/package_run_dependencies/motor_msg
[2.485s] -- Up-to-date: /home/sunrise/motor_ws/install/motor_msg/share/ament_index/resource_index/parent_prefix_path/motor_msg
[2.485s] -- Up-to-date: /home/sunrise/motor_ws/install/motor_msg/share/motor_msg/environment/ament_prefix_path.sh
[2.486s] -- Up-to-date: /home/sunrise/motor_ws/install/motor_msg/share/motor_msg/environment/ament_prefix_path.dsv
[2.486s] -- Up-to-date: /home/sunrise/motor_ws/install/motor_msg/share/motor_msg/environment/path.sh
[2.487s] -- Up-to-date: /home/sunrise/motor_ws/install/motor_msg/share/motor_msg/environment/path.dsv
[2.488s] -- Up-to-date: /home/sunrise/motor_ws/install/motor_msg/share/motor_msg/local_setup.bash
[2.488s] -- Up-to-date: /home/sunrise/motor_ws/install/motor_msg/share/motor_msg/local_setup.sh
[2.489s] -- Up-to-date: /home/sunrise/motor_ws/install/motor_msg/share/motor_msg/local_setup.zsh
[2.489s] -- Up-to-date: /home/sunrise/motor_ws/install/motor_msg/share/motor_msg/local_setup.dsv
[2.490s] -- Installing: /home/sunrise/motor_ws/install/motor_msg/share/motor_msg/package.dsv
[2.491s] -- Up-to-date: /home/sunrise/motor_ws/install/motor_msg/share/ament_index/resource_index/packages/motor_msg
[2.491s] -- Up-to-date: /home/sunrise/motor_ws/install/motor_msg/share/motor_msg/cmake/export_motor_msg__rosidl_generator_cExport.cmake
[2.492s] -- Up-to-date: /home/sunrise/motor_ws/install/motor_msg/share/motor_msg/cmake/export_motor_msg__rosidl_generator_cExport-noconfig.cmake
[2.493s] -- Up-to-date: /home/sunrise/motor_ws/install/motor_msg/share/motor_msg/cmake/export_motor_msg__rosidl_typesupport_fastrtps_cExport.cmake
[2.493s] -- Up-to-date: /home/sunrise/motor_ws/install/motor_msg/share/motor_msg/cmake/export_motor_msg__rosidl_typesupport_fastrtps_cExport-noconfig.cmake
[2.494s] -- Up-to-date: /home/sunrise/motor_ws/install/motor_msg/share/motor_msg/cmake/motor_msg__rosidl_typesupport_introspection_cExport.cmake
[2.494s] -- Up-to-date: /home/sunrise/motor_ws/install/motor_msg/share/motor_msg/cmake/motor_msg__rosidl_typesupport_introspection_cExport-noconfig.cmake
[2.495s] -- Up-to-date: /home/sunrise/motor_ws/install/motor_msg/share/motor_msg/cmake/motor_msg__rosidl_typesupport_cExport.cmake
[2.495s] -- Up-to-date: /home/sunrise/motor_ws/install/motor_msg/share/motor_msg/cmake/motor_msg__rosidl_typesupport_cExport-noconfig.cmake
[2.496s] -- Up-to-date: /home/sunrise/motor_ws/install/motor_msg/share/motor_msg/cmake/export_motor_msg__rosidl_generator_cppExport.cmake
[2.496s] -- Up-to-date: /home/sunrise/motor_ws/install/motor_msg/share/motor_msg/cmake/export_motor_msg__rosidl_typesupport_fastrtps_cppExport.cmake
[2.497s] -- Up-to-date: /home/sunrise/motor_ws/install/motor_msg/share/motor_msg/cmake/export_motor_msg__rosidl_typesupport_fastrtps_cppExport-noconfig.cmake
[2.497s] -- Up-to-date: /home/sunrise/motor_ws/install/motor_msg/share/motor_msg/cmake/motor_msg__rosidl_typesupport_introspection_cppExport.cmake
[2.498s] -- Up-to-date: /home/sunrise/motor_ws/install/motor_msg/share/motor_msg/cmake/motor_msg__rosidl_typesupport_introspection_cppExport-noconfig.cmake
[2.498s] -- Up-to-date: /home/sunrise/motor_ws/install/motor_msg/share/motor_msg/cmake/motor_msg__rosidl_typesupport_cppExport.cmake
[2.498s] -- Up-to-date: /home/sunrise/motor_ws/install/motor_msg/share/motor_msg/cmake/motor_msg__rosidl_typesupport_cppExport-noconfig.cmake
[2.499s] -- Up-to-date: /home/sunrise/motor_ws/install/motor_msg/share/motor_msg/cmake/export_motor_msg__rosidl_generator_pyExport.cmake
[2.499s] -- Up-to-date: /home/sunrise/motor_ws/install/motor_msg/share/motor_msg/cmake/export_motor_msg__rosidl_generator_pyExport-noconfig.cmake
[2.500s] -- Up-to-date: /home/sunrise/motor_ws/install/motor_msg/share/motor_msg/cmake/rosidl_cmake-extras.cmake
[2.501s] -- Up-to-date: /home/sunrise/motor_ws/install/motor_msg/share/motor_msg/cmake/ament_cmake_export_dependencies-extras.cmake
[2.502s] -- Up-to-date: /home/sunrise/motor_ws/install/motor_msg/share/motor_msg/cmake/ament_cmake_export_include_directories-extras.cmake
[2.504s] -- Up-to-date: /home/sunrise/motor_ws/install/motor_msg/share/motor_msg/cmake/ament_cmake_export_libraries-extras.cmake
[2.505s] -- Up-to-date: /home/sunrise/motor_ws/install/motor_msg/share/motor_msg/cmake/ament_cmake_export_targets-extras.cmake
[2.506s] -- Up-to-date: /home/sunrise/motor_ws/install/motor_msg/share/motor_msg/cmake/rosidl_cmake_export_typesupport_targets-extras.cmake
[2.507s] -- Up-to-date: /home/sunrise/motor_ws/install/motor_msg/share/motor_msg/cmake/rosidl_cmake_export_typesupport_libraries-extras.cmake
[2.508s] -- Up-to-date: /home/sunrise/motor_ws/install/motor_msg/share/motor_msg/cmake/motor_msgConfig.cmake
[2.509s] -- Up-to-date: /home/sunrise/motor_ws/install/motor_msg/share/motor_msg/cmake/motor_msgConfig-version.cmake
[2.511s] -- Up-to-date: /home/sunrise/motor_ws/install/motor_msg/share/motor_msg/package.xml
[2.513s] Invoked command in '/home/sunrise/motor_ws/build/motor_msg' returned '0': CMAKE_PREFIX_PATH=/home/sunrise/motor_ws/install/motor_msg:/home/sunrise/motor_ws/install/motor_control:/opt/tros/humble:/opt/ros/humble:/home/sunrise/Motor_WorkSpace/install/step_motor_control /usr/bin/cmake --install /home/sunrise/motor_ws/build/motor_msg
