[0.374s] Invoking command in '/home/user/pyListener/pyListener': PYTHONPATH=/home/user/pyListener/build/pyListener/prefix_override:/usr/lib/python3/dist-packages/colcon_core/task/python/colcon_distutils_commands:/home/user/pyListener/install/pyListener/lib/python3.10/site-packages:${PYTHONPATH} /usr/bin/python3 -W ignore:setup.py install is deprecated -W ignore:easy_install command is deprecated setup.py egg_info --egg-base ../build/pyListener build --build-base /home/user/pyListener/build/pyListener/build install --record /home/user/pyListener/build/pyListener/install.log --single-version-externally-managed install_data
[0.512s] running egg_info
[0.513s] writing ../build/pyListener/pyListener.egg-info/PKG-INFO
[0.513s] writing dependency_links to ../build/pyListener/pyListener.egg-info/dependency_links.txt
[0.513s] writing entry points to ../build/pyListener/pyListener.egg-info/entry_points.txt
[0.513s] writing requirements to ../build/pyListener/pyListener.egg-info/requires.txt
[0.514s] writing top-level names to ../build/pyListener/pyListener.egg-info/top_level.txt
[0.514s] reading manifest file '../build/pyListener/pyListener.egg-info/SOURCES.txt'
[0.515s] writing manifest file '../build/pyListener/pyListener.egg-info/SOURCES.txt'
[0.515s] running build
[0.515s] running build_py
[0.515s] running install
[0.515s] running install_lib
[0.516s] running install_data
[0.516s] running install_egg_info
[0.517s] removing '/home/user/pyListener/install/pyListener/lib/python3.10/site-packages/pyListener-0.0.0-py3.10.egg-info' (and everything under it)
[0.518s] Copying ../build/pyListener/pyListener.egg-info to /home/user/pyListener/install/pyListener/lib/python3.10/site-packages/pyListener-0.0.0-py3.10.egg-info
[0.518s] running install_scripts
[0.531s] Installing pyListener script to /home/user/pyListener/install/pyListener/lib/pyListener
[0.531s] writing list of installed files to '/home/user/pyListener/build/pyListener/install.log'
[0.546s] Invoked command in '/home/user/pyListener/pyListener' returned '0': PYTHONPATH=/home/user/pyListener/build/pyListener/prefix_override:/usr/lib/python3/dist-packages/colcon_core/task/python/colcon_distutils_commands:/home/user/pyListener/install/pyListener/lib/python3.10/site-packages:${PYTHONPATH} /usr/bin/python3 -W ignore:setup.py install is deprecated -W ignore:easy_install command is deprecated setup.py egg_info --egg-base ../build/pyListener build --build-base /home/user/pyListener/build/pyListener/build install --record /home/user/pyListener/build/pyListener/install.log --single-version-externally-managed install_data
