[0.672s] DEBUG:colcon:Command line arguments: ['/usr/bin/colcon', 'build']
[0.673s] DEBUG:colcon:Parsed command line arguments: Namespace(log_base=None, log_level=None, verb_name='build', build_base='build', install_base='install', merge_install=False, symlink_install=False, test_result_base=None, continue_on_error=False, executor='parallel', parallel_workers=8, event_handlers=None, ignore_user_meta=False, metas=['./colcon.meta'], base_paths=['.'], packages_ignore=None, packages_ignore_regex=None, paths=None, packages_up_to=None, packages_up_to_regex=None, packages_above=None, packages_above_and_dependencies=None, packages_above_depth=None, packages_select_by_dep=None, packages_skip_by_dep=None, packages_skip_up_to=None, packages_select_build_failed=False, packages_skip_build_finished=False, packages_select_test_failures=False, packages_skip_test_passed=False, packages_select=None, packages_skip=None, packages_select_regex=None, packages_skip_regex=None, packages_start=None, packages_end=None, allow_overriding=[], cmake_args=None, cmake_target=None, cmake_target_skip_unavailable=False, cmake_clean_cache=False, cmake_clean_first=False, cmake_force_configure=False, ament_cmake_args=None, catkin_cmake_args=None, catkin_skip_building_tests=False, mixin_files=None, mixin=None, verb_parser=<colcon_mixin.mixin.mixin_argument.MixinArgumentDecorator object at 0xffffb4795d20>, verb_extension=<colcon_core.verb.build.BuildVerb object at 0xffffb4893c10>, main=<bound method BuildVerb.main of <colcon_core.verb.build.BuildVerb object at 0xffffb4893c10>>, mixin_verb=('build',))
[1.691s] Level 1:colcon.colcon_core.package_discovery:discover_packages(colcon_meta) check parameters
[1.692s] Level 1:colcon.colcon_core.package_discovery:discover_packages(recursive) check parameters
[1.692s] Level 1:colcon.colcon_core.package_discovery:discover_packages(ignore) check parameters
[1.693s] Level 1:colcon.colcon_core.package_discovery:discover_packages(path) check parameters
[1.693s] Level 1:colcon.colcon_core.package_discovery:discover_packages(colcon_meta) discover
[1.693s] Level 1:colcon.colcon_core.package_discovery:discover_packages(recursive) discover
[1.694s] INFO:colcon.colcon_core.package_discovery:Crawling recursively for packages in '/home/sunrise/motor_ws'
[1.694s] Level 1:colcon.colcon_core.package_identification:_identify(.) by extensions ['ignore', 'ignore_ament_install']
[1.695s] Level 1:colcon.colcon_core.package_identification:_identify(.) by extension 'ignore'
[1.695s] Level 1:colcon.colcon_core.package_identification:_identify(.) by extension 'ignore_ament_install'
[1.695s] Level 1:colcon.colcon_core.package_identification:_identify(.) by extensions ['colcon_pkg']
[1.695s] Level 1:colcon.colcon_core.package_identification:_identify(.) by extension 'colcon_pkg'
[1.696s] Level 1:colcon.colcon_core.package_identification:_identify(.) by extensions ['colcon_meta']
[1.696s] Level 1:colcon.colcon_core.package_identification:_identify(.) by extension 'colcon_meta'
[1.696s] Level 1:colcon.colcon_core.package_identification:_identify(.) by extensions ['ros']
[1.696s] Level 1:colcon.colcon_core.package_identification:_identify(.) by extension 'ros'
[1.773s] Level 1:colcon.colcon_core.package_identification:_identify(.) by extensions ['cmake', 'python']
[1.774s] Level 1:colcon.colcon_core.package_identification:_identify(.) by extension 'cmake'
[1.774s] Level 1:colcon.colcon_core.package_identification:_identify(.) by extension 'python'
[1.774s] Level 1:colcon.colcon_core.package_identification:_identify(.) by extensions ['python_setup_py']
[1.775s] Level 1:colcon.colcon_core.package_identification:_identify(.) by extension 'python_setup_py'
[1.775s] Level 1:colcon.colcon_core.package_identification:_identify(build) by extensions ['ignore', 'ignore_ament_install']
[1.776s] Level 1:colcon.colcon_core.package_identification:_identify(build) by extension 'ignore'
[1.776s] Level 1:colcon.colcon_core.package_identification:_identify(build) ignored
[1.777s] Level 1:colcon.colcon_core.package_identification:_identify(install) by extensions ['ignore', 'ignore_ament_install']
[1.777s] Level 1:colcon.colcon_core.package_identification:_identify(install) by extension 'ignore'
[1.777s] Level 1:colcon.colcon_core.package_identification:_identify(install) ignored
[1.778s] Level 1:colcon.colcon_core.package_identification:_identify(log) by extensions ['ignore', 'ignore_ament_install']
[1.778s] Level 1:colcon.colcon_core.package_identification:_identify(log) by extension 'ignore'
[1.778s] Level 1:colcon.colcon_core.package_identification:_identify(log) ignored
[1.779s] Level 1:colcon.colcon_core.package_identification:_identify(src) by extensions ['ignore', 'ignore_ament_install']
[1.779s] Level 1:colcon.colcon_core.package_identification:_identify(src) by extension 'ignore'
[1.780s] Level 1:colcon.colcon_core.package_identification:_identify(src) by extension 'ignore_ament_install'
[1.780s] Level 1:colcon.colcon_core.package_identification:_identify(src) by extensions ['colcon_pkg']
[1.780s] Level 1:colcon.colcon_core.package_identification:_identify(src) by extension 'colcon_pkg'
[1.780s] Level 1:colcon.colcon_core.package_identification:_identify(src) by extensions ['colcon_meta']
[1.781s] Level 1:colcon.colcon_core.package_identification:_identify(src) by extension 'colcon_meta'
[1.781s] Level 1:colcon.colcon_core.package_identification:_identify(src) by extensions ['ros']
[1.781s] Level 1:colcon.colcon_core.package_identification:_identify(src) by extension 'ros'
[1.781s] Level 1:colcon.colcon_core.package_identification:_identify(src) by extensions ['cmake', 'python']
[1.782s] Level 1:colcon.colcon_core.package_identification:_identify(src) by extension 'cmake'
[1.782s] Level 1:colcon.colcon_core.package_identification:_identify(src) by extension 'python'
[1.782s] Level 1:colcon.colcon_core.package_identification:_identify(src) by extensions ['python_setup_py']
[1.783s] Level 1:colcon.colcon_core.package_identification:_identify(src) by extension 'python_setup_py'
[1.783s] Level 1:colcon.colcon_core.package_identification:_identify(src/motor_control) by extensions ['ignore', 'ignore_ament_install']
[1.784s] Level 1:colcon.colcon_core.package_identification:_identify(src/motor_control) by extension 'ignore'
[1.784s] Level 1:colcon.colcon_core.package_identification:_identify(src/motor_control) by extension 'ignore_ament_install'
[1.784s] Level 1:colcon.colcon_core.package_identification:_identify(src/motor_control) by extensions ['colcon_pkg']
[1.784s] Level 1:colcon.colcon_core.package_identification:_identify(src/motor_control) by extension 'colcon_pkg'
[1.785s] Level 1:colcon.colcon_core.package_identification:_identify(src/motor_control) by extensions ['colcon_meta']
[1.785s] Level 1:colcon.colcon_core.package_identification:_identify(src/motor_control) by extension 'colcon_meta'
[1.785s] Level 1:colcon.colcon_core.package_identification:_identify(src/motor_control) by extensions ['ros']
[1.785s] Level 1:colcon.colcon_core.package_identification:_identify(src/motor_control) by extension 'ros'
[1.800s] DEBUG:colcon.colcon_core.package_identification:Package 'src/motor_control' with type 'ros.ament_python' and name 'motor_control'
[1.801s] Level 1:colcon.colcon_core.package_identification:_identify(src/motor_msg) by extensions ['ignore', 'ignore_ament_install']
[1.801s] Level 1:colcon.colcon_core.package_identification:_identify(src/motor_msg) by extension 'ignore'
[1.801s] Level 1:colcon.colcon_core.package_identification:_identify(src/motor_msg) by extension 'ignore_ament_install'
[1.802s] Level 1:colcon.colcon_core.package_identification:_identify(src/motor_msg) by extensions ['colcon_pkg']
[1.802s] Level 1:colcon.colcon_core.package_identification:_identify(src/motor_msg) by extension 'colcon_pkg'
[1.802s] Level 1:colcon.colcon_core.package_identification:_identify(src/motor_msg) by extensions ['colcon_meta']
[1.802s] Level 1:colcon.colcon_core.package_identification:_identify(src/motor_msg) by extension 'colcon_meta'
[1.803s] Level 1:colcon.colcon_core.package_identification:_identify(src/motor_msg) by extensions ['ros']
[1.803s] Level 1:colcon.colcon_core.package_identification:_identify(src/motor_msg) by extension 'ros'
[1.807s] DEBUG:colcon.colcon_core.package_identification:Package 'src/motor_msg' with type 'ros.ament_cmake' and name 'motor_msg'
[1.808s] Level 1:colcon.colcon_core.package_discovery:discover_packages(recursive) using defaults
[1.808s] Level 1:colcon.colcon_core.package_discovery:discover_packages(ignore) discover
[1.808s] Level 1:colcon.colcon_core.package_discovery:discover_packages(ignore) using defaults
[1.808s] Level 1:colcon.colcon_core.package_discovery:discover_packages(path) discover
[1.808s] Level 1:colcon.colcon_core.package_discovery:discover_packages(path) using defaults
[1.923s] Level 1:colcon.colcon_core.package_discovery:discover_packages(prefix_path) check parameters
[1.924s] Level 1:colcon.colcon_core.package_discovery:discover_packages(prefix_path) discover
[1.934s] DEBUG:colcon.colcon_installed_package_information.package_discovery:Found 2 installed packages in /home/sunrise/motor_ws/install
[1.937s] DEBUG:colcon.colcon_installed_package_information.package_discovery:Found 1 installed packages in /home/sunrise/Motor_WorkSpace/install
[1.940s] DEBUG:colcon.colcon_installed_package_information.package_discovery:Found 54 installed packages in /opt/tros/humble
[1.948s] DEBUG:colcon.colcon_installed_package_information.package_discovery:Found 187 installed packages in /opt/ros/humble
[1.957s] Level 1:colcon.colcon_core.package_discovery:discover_packages(prefix_path) using defaults
[2.252s] Level 5:colcon.colcon_core.verb:set package 'motor_msg' build argument 'cmake_args' from command line to 'None'
[2.252s] Level 5:colcon.colcon_core.verb:set package 'motor_msg' build argument 'cmake_target' from command line to 'None'
[2.253s] Level 5:colcon.colcon_core.verb:set package 'motor_msg' build argument 'cmake_target_skip_unavailable' from command line to 'False'
[2.253s] Level 5:colcon.colcon_core.verb:set package 'motor_msg' build argument 'cmake_clean_cache' from command line to 'False'
[2.253s] Level 5:colcon.colcon_core.verb:set package 'motor_msg' build argument 'cmake_clean_first' from command line to 'False'
[2.253s] Level 5:colcon.colcon_core.verb:set package 'motor_msg' build argument 'cmake_force_configure' from command line to 'False'
[2.254s] Level 5:colcon.colcon_core.verb:set package 'motor_msg' build argument 'ament_cmake_args' from command line to 'None'
[2.254s] Level 5:colcon.colcon_core.verb:set package 'motor_msg' build argument 'catkin_cmake_args' from command line to 'None'
[2.254s] Level 5:colcon.colcon_core.verb:set package 'motor_msg' build argument 'catkin_skip_building_tests' from command line to 'False'
[2.254s] DEBUG:colcon.colcon_core.verb:Building package 'motor_msg' with the following arguments: {'ament_cmake_args': None, 'build_base': '/home/sunrise/motor_ws/build/motor_msg', 'catkin_cmake_args': None, 'catkin_skip_building_tests': False, 'cmake_args': None, 'cmake_clean_cache': False, 'cmake_clean_first': False, 'cmake_force_configure': False, 'cmake_target': None, 'cmake_target_skip_unavailable': False, 'install_base': '/home/sunrise/motor_ws/install/motor_msg', 'merge_install': False, 'path': '/home/sunrise/motor_ws/src/motor_msg', 'symlink_install': False, 'test_result_base': None}
[2.257s] Level 5:colcon.colcon_core.verb:set package 'motor_control' build argument 'cmake_args' from command line to 'None'
[2.257s] Level 5:colcon.colcon_core.verb:set package 'motor_control' build argument 'cmake_target' from command line to 'None'
[2.257s] Level 5:colcon.colcon_core.verb:set package 'motor_control' build argument 'cmake_target_skip_unavailable' from command line to 'False'
[2.257s] Level 5:colcon.colcon_core.verb:set package 'motor_control' build argument 'cmake_clean_cache' from command line to 'False'
[2.258s] Level 5:colcon.colcon_core.verb:set package 'motor_control' build argument 'cmake_clean_first' from command line to 'False'
[2.258s] Level 5:colcon.colcon_core.verb:set package 'motor_control' build argument 'cmake_force_configure' from command line to 'False'
[2.258s] Level 5:colcon.colcon_core.verb:set package 'motor_control' build argument 'ament_cmake_args' from command line to 'None'
[2.258s] Level 5:colcon.colcon_core.verb:set package 'motor_control' build argument 'catkin_cmake_args' from command line to 'None'
[2.258s] Level 5:colcon.colcon_core.verb:set package 'motor_control' build argument 'catkin_skip_building_tests' from command line to 'False'
[2.259s] DEBUG:colcon.colcon_core.verb:Building package 'motor_control' with the following arguments: {'ament_cmake_args': None, 'build_base': '/home/sunrise/motor_ws/build/motor_control', 'catkin_cmake_args': None, 'catkin_skip_building_tests': False, 'cmake_args': None, 'cmake_clean_cache': False, 'cmake_clean_first': False, 'cmake_force_configure': False, 'cmake_target': None, 'cmake_target_skip_unavailable': False, 'install_base': '/home/sunrise/motor_ws/install/motor_control', 'merge_install': False, 'path': '/home/sunrise/motor_ws/src/motor_control', 'symlink_install': False, 'test_result_base': None}
[2.259s] INFO:colcon.colcon_core.executor:Executing jobs using 'parallel' executor
[2.265s] DEBUG:colcon.colcon_parallel_executor.executor.parallel:run_until_complete
[2.266s] INFO:colcon.colcon_ros.task.ament_cmake.build:Building ROS package in '/home/sunrise/motor_ws/src/motor_msg' with build type 'ament_cmake'
[2.266s] INFO:colcon.colcon_cmake.task.cmake.build:Building CMake package in '/home/sunrise/motor_ws/src/motor_msg'
[2.278s] INFO:colcon.colcon_core.plugin_system:Skipping extension 'colcon_core.shell.bat': Not used on non-Windows systems
[2.280s] INFO:colcon.colcon_core.shell:Skip shell extension 'powershell' for command environment: Not usable outside of PowerShell
[2.280s] DEBUG:colcon.colcon_core.shell:Skip shell extension 'dsv' for command environment
[2.322s] DEBUG:colcon.colcon_core.event_handler.log_command:Invoking command in '/home/sunrise/motor_ws/build/motor_msg': CMAKE_PREFIX_PATH=/home/sunrise/motor_ws/install/motor_msg:/home/sunrise/motor_ws/install/motor_control:/opt/tros/humble:/opt/ros/humble:/home/sunrise/Motor_WorkSpace/install/step_motor_control /usr/bin/cmake --build /home/sunrise/motor_ws/build/motor_msg -- -j8 -l8
[4.453s] DEBUG:colcon.colcon_core.event_handler.log_command:Invoked command in '/home/sunrise/motor_ws/build/motor_msg' returned '0': CMAKE_PREFIX_PATH=/home/sunrise/motor_ws/install/motor_msg:/home/sunrise/motor_ws/install/motor_control:/opt/tros/humble:/opt/ros/humble:/home/sunrise/Motor_WorkSpace/install/step_motor_control /usr/bin/cmake --build /home/sunrise/motor_ws/build/motor_msg -- -j8 -l8
[4.500s] DEBUG:colcon.colcon_core.event_handler.log_command:Invoking command in '/home/sunrise/motor_ws/build/motor_msg': CMAKE_PREFIX_PATH=/home/sunrise/motor_ws/install/motor_msg:/home/sunrise/motor_ws/install/motor_control:/opt/tros/humble:/opt/ros/humble:/home/sunrise/Motor_WorkSpace/install/step_motor_control /usr/bin/cmake --install /home/sunrise/motor_ws/build/motor_msg
[4.829s] Level 1:colcon.colcon_core.environment:create_environment_scripts_only(motor_msg)
[4.838s] DEBUG:colcon.colcon_core.event_handler.log_command:Invoked command in '/home/sunrise/motor_ws/build/motor_msg' returned '0': CMAKE_PREFIX_PATH=/home/sunrise/motor_ws/install/motor_msg:/home/sunrise/motor_ws/install/motor_control:/opt/tros/humble:/opt/ros/humble:/home/sunrise/Motor_WorkSpace/install/step_motor_control /usr/bin/cmake --install /home/sunrise/motor_ws/build/motor_msg
[4.848s] Level 1:colcon.colcon_core.environment:checking '/home/sunrise/motor_ws/install/motor_msg' for CMake module files
[4.853s] Level 1:colcon.colcon_core.environment:checking '/home/sunrise/motor_ws/install/motor_msg' for CMake config files
[4.856s] Level 1:colcon.colcon_core.shell:create_environment_hook('motor_msg', 'cmake_prefix_path')
[4.858s] INFO:colcon.colcon_core.shell:Creating environment hook '/home/sunrise/motor_ws/install/motor_msg/share/motor_msg/hook/cmake_prefix_path.ps1'
[4.862s] INFO:colcon.colcon_core.shell:Creating environment descriptor '/home/sunrise/motor_ws/install/motor_msg/share/motor_msg/hook/cmake_prefix_path.dsv'
[4.864s] INFO:colcon.colcon_core.shell:Creating environment hook '/home/sunrise/motor_ws/install/motor_msg/share/motor_msg/hook/cmake_prefix_path.sh'
[4.869s] Level 1:colcon.colcon_core.environment:checking '/home/sunrise/motor_ws/install/motor_msg/lib'
[4.870s] Level 1:colcon.colcon_core.shell:create_environment_hook('motor_msg', 'ld_library_path_lib')
[4.872s] INFO:colcon.colcon_core.shell:Creating environment hook '/home/sunrise/motor_ws/install/motor_msg/share/motor_msg/hook/ld_library_path_lib.ps1'
[4.875s] INFO:colcon.colcon_core.shell:Creating environment descriptor '/home/sunrise/motor_ws/install/motor_msg/share/motor_msg/hook/ld_library_path_lib.dsv'
[4.877s] INFO:colcon.colcon_core.shell:Creating environment hook '/home/sunrise/motor_ws/install/motor_msg/share/motor_msg/hook/ld_library_path_lib.sh'
[4.880s] Level 1:colcon.colcon_core.environment:checking '/home/sunrise/motor_ws/install/motor_msg/bin'
[4.880s] Level 1:colcon.colcon_core.environment:checking '/home/sunrise/motor_ws/install/motor_msg/lib/pkgconfig/motor_msg.pc'
[4.882s] Level 1:colcon.colcon_core.environment:checking '/home/sunrise/motor_ws/install/motor_msg/lib/python3.10/site-packages'
[4.883s] Level 1:colcon.colcon_core.environment:checking '/home/sunrise/motor_ws/install/motor_msg/bin'
[4.886s] INFO:colcon.colcon_core.shell:Creating package script '/home/sunrise/motor_ws/install/motor_msg/share/motor_msg/package.ps1'
[4.892s] INFO:colcon.colcon_core.shell:Creating package descriptor '/home/sunrise/motor_ws/install/motor_msg/share/motor_msg/package.dsv'
[4.896s] INFO:colcon.colcon_core.shell:Creating package script '/home/sunrise/motor_ws/install/motor_msg/share/motor_msg/package.sh'
[4.901s] INFO:colcon.colcon_core.shell:Creating package script '/home/sunrise/motor_ws/install/motor_msg/share/motor_msg/package.bash'
[4.907s] INFO:colcon.colcon_core.shell:Creating package script '/home/sunrise/motor_ws/install/motor_msg/share/motor_msg/package.zsh'
[4.912s] Level 1:colcon.colcon_core.environment:create_file_with_runtime_dependencies(/home/sunrise/motor_ws/install/motor_msg/share/colcon-core/packages/motor_msg)
[4.916s] Level 1:colcon.colcon_core.environment:create_environment_scripts_only(motor_msg)
[4.917s] Level 1:colcon.colcon_core.environment:checking '/home/sunrise/motor_ws/install/motor_msg' for CMake module files
[4.922s] Level 1:colcon.colcon_core.environment:checking '/home/sunrise/motor_ws/install/motor_msg' for CMake config files
[4.924s] Level 1:colcon.colcon_core.shell:create_environment_hook('motor_msg', 'cmake_prefix_path')
[4.926s] INFO:colcon.colcon_core.shell:Creating environment hook '/home/sunrise/motor_ws/install/motor_msg/share/motor_msg/hook/cmake_prefix_path.ps1'
[4.929s] INFO:colcon.colcon_core.shell:Creating environment descriptor '/home/sunrise/motor_ws/install/motor_msg/share/motor_msg/hook/cmake_prefix_path.dsv'
[4.931s] INFO:colcon.colcon_core.shell:Creating environment hook '/home/sunrise/motor_ws/install/motor_msg/share/motor_msg/hook/cmake_prefix_path.sh'
[4.935s] Level 1:colcon.colcon_core.environment:checking '/home/sunrise/motor_ws/install/motor_msg/lib'
[4.935s] Level 1:colcon.colcon_core.shell:create_environment_hook('motor_msg', 'ld_library_path_lib')
[4.937s] INFO:colcon.colcon_core.shell:Creating environment hook '/home/sunrise/motor_ws/install/motor_msg/share/motor_msg/hook/ld_library_path_lib.ps1'
[4.939s] INFO:colcon.colcon_core.shell:Creating environment descriptor '/home/sunrise/motor_ws/install/motor_msg/share/motor_msg/hook/ld_library_path_lib.dsv'
[4.941s] INFO:colcon.colcon_core.shell:Creating environment hook '/home/sunrise/motor_ws/install/motor_msg/share/motor_msg/hook/ld_library_path_lib.sh'
[4.944s] Level 1:colcon.colcon_core.environment:checking '/home/sunrise/motor_ws/install/motor_msg/bin'
[4.944s] Level 1:colcon.colcon_core.environment:checking '/home/sunrise/motor_ws/install/motor_msg/lib/pkgconfig/motor_msg.pc'
[4.945s] Level 1:colcon.colcon_core.environment:checking '/home/sunrise/motor_ws/install/motor_msg/lib/python3.10/site-packages'
[4.947s] Level 1:colcon.colcon_core.environment:checking '/home/sunrise/motor_ws/install/motor_msg/bin'
[4.949s] INFO:colcon.colcon_core.shell:Creating package script '/home/sunrise/motor_ws/install/motor_msg/share/motor_msg/package.ps1'
[4.953s] INFO:colcon.colcon_core.shell:Creating package descriptor '/home/sunrise/motor_ws/install/motor_msg/share/motor_msg/package.dsv'
[4.956s] INFO:colcon.colcon_core.shell:Creating package script '/home/sunrise/motor_ws/install/motor_msg/share/motor_msg/package.sh'
[4.959s] INFO:colcon.colcon_core.shell:Creating package script '/home/sunrise/motor_ws/install/motor_msg/share/motor_msg/package.bash'
[4.962s] INFO:colcon.colcon_core.shell:Creating package script '/home/sunrise/motor_ws/install/motor_msg/share/motor_msg/package.zsh'
[4.965s] Level 1:colcon.colcon_core.environment:create_file_with_runtime_dependencies(/home/sunrise/motor_ws/install/motor_msg/share/colcon-core/packages/motor_msg)
[4.967s] INFO:colcon.colcon_ros.task.ament_python.build:Building ROS package in '/home/sunrise/motor_ws/src/motor_control' with build type 'ament_python'
[4.968s] Level 1:colcon.colcon_core.shell:create_environment_hook('motor_control', 'ament_prefix_path')
[4.970s] INFO:colcon.colcon_core.shell:Creating environment hook '/home/sunrise/motor_ws/install/motor_control/share/motor_control/hook/ament_prefix_path.ps1'
[4.973s] INFO:colcon.colcon_core.shell:Creating environment descriptor '/home/sunrise/motor_ws/install/motor_control/share/motor_control/hook/ament_prefix_path.dsv'
[4.976s] INFO:colcon.colcon_core.shell:Creating environment hook '/home/sunrise/motor_ws/install/motor_control/share/motor_control/hook/ament_prefix_path.sh'
[4.981s] INFO:colcon.colcon_core.shell:Skip shell extension 'powershell' for command environment: Not usable outside of PowerShell
[4.982s] DEBUG:colcon.colcon_core.shell:Skip shell extension 'dsv' for command environment
[6.663s] INFO:colcon.colcon_core.task.python.build:Building Python package in '/home/sunrise/motor_ws/src/motor_control'
[6.664s] INFO:colcon.colcon_core.shell:Skip shell extension 'powershell' for command environment: Not usable outside of PowerShell
[6.665s] DEBUG:colcon.colcon_core.shell:Skip shell extension 'dsv' for command environment
[8.978s] DEBUG:colcon.colcon_core.event_handler.log_command:Invoking command in '/home/sunrise/motor_ws/src/motor_control': LD_LIBRARY_PATH=/home/sunrise/motor_ws/install/motor_msg/lib:/home/sunrise/Motor_WorkSpace/install/step_motor_control/lib:/opt/tros/humble/lib/aarch64-linux-gnu:/opt/tros/humble/lib:/opt/ros/humble/lib/aarch64-linux-gnu:/opt/ros/humble/lib:/usr/hobot/lib:/app/lib:/app/pub/lib:/middleware/lib:/middleware/pub/lib:/usr/hobot/lib/sensor:/system/lib:/system/usr/lib:/lib PYTHONPATH=/home/sunrise/motor_ws/build/motor_control/prefix_override:/usr/lib/python3/dist-packages/colcon_core/task/python/colcon_distutils_commands:/home/sunrise/motor_ws/install/motor_control/lib/python3.10/site-packages:${PYTHONPATH} /usr/bin/python3 -W ignore:setup.py install is deprecated -W ignore:easy_install command is deprecated setup.py egg_info --egg-base ../../build/motor_control build --build-base /home/sunrise/motor_ws/build/motor_control/build install --record /home/sunrise/motor_ws/build/motor_control/install.log --single-version-externally-managed install_data
[10.961s] Level 1:colcon.colcon_core.environment:checking '/home/sunrise/motor_ws/install/motor_control' for CMake module files
[10.964s] DEBUG:colcon.colcon_core.event_handler.log_command:Invoked command in '/home/sunrise/motor_ws/src/motor_control' returned '0': LD_LIBRARY_PATH=/home/sunrise/motor_ws/install/motor_msg/lib:/home/sunrise/Motor_WorkSpace/install/step_motor_control/lib:/opt/tros/humble/lib/aarch64-linux-gnu:/opt/tros/humble/lib:/opt/ros/humble/lib/aarch64-linux-gnu:/opt/ros/humble/lib:/usr/hobot/lib:/app/lib:/app/pub/lib:/middleware/lib:/middleware/pub/lib:/usr/hobot/lib/sensor:/system/lib:/system/usr/lib:/lib PYTHONPATH=/home/sunrise/motor_ws/build/motor_control/prefix_override:/usr/lib/python3/dist-packages/colcon_core/task/python/colcon_distutils_commands:/home/sunrise/motor_ws/install/motor_control/lib/python3.10/site-packages:${PYTHONPATH} /usr/bin/python3 -W ignore:setup.py install is deprecated -W ignore:easy_install command is deprecated setup.py egg_info --egg-base ../../build/motor_control build --build-base /home/sunrise/motor_ws/build/motor_control/build install --record /home/sunrise/motor_ws/build/motor_control/install.log --single-version-externally-managed install_data
[10.966s] Level 1:colcon.colcon_core.environment:checking '/home/sunrise/motor_ws/install/motor_control' for CMake config files
[10.969s] Level 1:colcon.colcon_core.environment:checking '/home/sunrise/motor_ws/install/motor_control/lib'
[10.969s] Level 1:colcon.colcon_core.environment:checking '/home/sunrise/motor_ws/install/motor_control/bin'
[10.970s] Level 1:colcon.colcon_core.environment:checking '/home/sunrise/motor_ws/install/motor_control/lib/pkgconfig/motor_control.pc'
[10.971s] Level 1:colcon.colcon_core.environment:checking '/home/sunrise/motor_ws/install/motor_control/lib/python3.10/site-packages'
[10.972s] Level 1:colcon.colcon_core.shell:create_environment_hook('motor_control', 'pythonpath')
[10.974s] INFO:colcon.colcon_core.shell:Creating environment hook '/home/sunrise/motor_ws/install/motor_control/share/motor_control/hook/pythonpath.ps1'
[10.976s] INFO:colcon.colcon_core.shell:Creating environment descriptor '/home/sunrise/motor_ws/install/motor_control/share/motor_control/hook/pythonpath.dsv'
[10.979s] INFO:colcon.colcon_core.shell:Creating environment hook '/home/sunrise/motor_ws/install/motor_control/share/motor_control/hook/pythonpath.sh'
[10.983s] Level 1:colcon.colcon_core.environment:checking '/home/sunrise/motor_ws/install/motor_control/bin'
[10.983s] Level 1:colcon.colcon_core.environment:create_environment_scripts_only(motor_control)
[10.985s] INFO:colcon.colcon_core.shell:Creating package script '/home/sunrise/motor_ws/install/motor_control/share/motor_control/package.ps1'
[10.988s] INFO:colcon.colcon_core.shell:Creating package descriptor '/home/sunrise/motor_ws/install/motor_control/share/motor_control/package.dsv'
[10.992s] INFO:colcon.colcon_core.shell:Creating package script '/home/sunrise/motor_ws/install/motor_control/share/motor_control/package.sh'
[10.995s] INFO:colcon.colcon_core.shell:Creating package script '/home/sunrise/motor_ws/install/motor_control/share/motor_control/package.bash'
[10.998s] INFO:colcon.colcon_core.shell:Creating package script '/home/sunrise/motor_ws/install/motor_control/share/motor_control/package.zsh'
[11.000s] Level 1:colcon.colcon_core.environment:create_file_with_runtime_dependencies(/home/sunrise/motor_ws/install/motor_control/share/colcon-core/packages/motor_control)
[11.002s] DEBUG:colcon.colcon_parallel_executor.executor.parallel:closing loop
[11.004s] DEBUG:colcon.colcon_parallel_executor.executor.parallel:loop closed
[11.004s] DEBUG:colcon.colcon_parallel_executor.executor.parallel:run_until_complete finished with '0'
[11.005s] DEBUG:colcon.colcon_core.event_reactor:joining thread
[11.036s] INFO:colcon.colcon_core.plugin_system:Skipping extension 'colcon_notification.desktop_notification.notify_send': Could not find 'notify-send'
[11.037s] INFO:colcon.colcon_core.plugin_system:Skipping extension 'colcon_notification.desktop_notification.terminal_notifier': Not used on non-Darwin systems
[11.037s] INFO:colcon.colcon_core.plugin_system:Skipping extension 'colcon_notification.desktop_notification.win32': Not used on non-Windows systems
[11.037s] INFO:colcon.colcon_notification.desktop_notification:Sending desktop notification using 'notify2'
[11.057s] DEBUG:colcon.colcon_core.event_reactor:joined thread
[11.059s] INFO:colcon.colcon_core.shell:Creating prefix script '/home/sunrise/motor_ws/install/local_setup.ps1'
[11.066s] INFO:colcon.colcon_core.shell:Creating prefix util module '/home/sunrise/motor_ws/install/_local_setup_util_ps1.py'
[11.077s] INFO:colcon.colcon_core.shell:Creating prefix chain script '/home/sunrise/motor_ws/install/setup.ps1'
[11.085s] INFO:colcon.colcon_core.shell:Creating prefix script '/home/sunrise/motor_ws/install/local_setup.sh'
[11.090s] INFO:colcon.colcon_core.shell:Creating prefix util module '/home/sunrise/motor_ws/install/_local_setup_util_sh.py'
[11.094s] INFO:colcon.colcon_core.shell:Creating prefix chain script '/home/sunrise/motor_ws/install/setup.sh'
[11.103s] INFO:colcon.colcon_core.shell:Creating prefix script '/home/sunrise/motor_ws/install/local_setup.bash'
[11.106s] INFO:colcon.colcon_core.shell:Creating prefix chain script '/home/sunrise/motor_ws/install/setup.bash'
[11.114s] INFO:colcon.colcon_core.shell:Creating prefix script '/home/sunrise/motor_ws/install/local_setup.zsh'
[11.117s] INFO:colcon.colcon_core.shell:Creating prefix chain script '/home/sunrise/motor_ws/install/setup.zsh'
