[4.144s] Invoking command in '/home/sunrise/motor_ws/src/motor_control': PYTHONPATH=/home/sunrise/motor_ws/build/motor_control/prefix_override:/usr/lib/python3/dist-packages/colcon_core/task/python/colcon_distutils_commands:/home/sunrise/motor_ws/install/motor_control/lib/python3.10/site-packages:${PYTHONPATH} /usr/bin/python3 -W ignore:setup.py install is deprecated -W ignore:easy_install command is deprecated setup.py egg_info --egg-base ../../build/motor_control build --build-base /home/sunrise/motor_ws/build/motor_control/build install --record /home/sunrise/motor_ws/build/motor_control/install.log --single-version-externally-managed install_data
[5.615s] running egg_info
[5.619s] writing ../../build/motor_control/motor_control.egg-info/PKG-INFO
[5.620s] writing dependency_links to ../../build/motor_control/motor_control.egg-info/dependency_links.txt
[5.621s] writing entry points to ../../build/motor_control/motor_control.egg-info/entry_points.txt
[5.622s] writing requirements to ../../build/motor_control/motor_control.egg-info/requires.txt
[5.622s] writing top-level names to ../../build/motor_control/motor_control.egg-info/top_level.txt
[5.631s] reading manifest file '../../build/motor_control/motor_control.egg-info/SOURCES.txt'
[5.637s] writing manifest file '../../build/motor_control/motor_control.egg-info/SOURCES.txt'
[5.637s] running build
[5.638s] running build_py
[5.639s] copying motor_control/motor_node.py -> /home/sunrise/motor_ws/build/motor_control/build/lib/motor_control
[5.640s] running install
[5.641s] running install_lib
[5.646s] copying /home/sunrise/motor_ws/build/motor_control/build/lib/motor_control/motor_node.py -> /home/sunrise/motor_ws/install/motor_control/lib/python3.10/site-packages/motor_control
[5.650s] byte-compiling /home/sunrise/motor_ws/install/motor_control/lib/python3.10/site-packages/motor_control/motor_node.py to motor_node.cpython-310.pyc
[5.655s] running install_data
[5.656s] running install_egg_info
[5.666s] removing '/home/sunrise/motor_ws/install/motor_control/lib/python3.10/site-packages/motor_control-0.0.0-py3.10.egg-info' (and everything under it)
[5.667s] Copying ../../build/motor_control/motor_control.egg-info to /home/sunrise/motor_ws/install/motor_control/lib/python3.10/site-packages/motor_control-0.0.0-py3.10.egg-info
[5.672s] running install_scripts
[5.793s] Installing motor_node script to /home/sunrise/motor_ws/install/motor_control/lib/motor_control
[5.795s] writing list of installed files to '/home/sunrise/motor_ws/build/motor_control/install.log'
[6.006s] Invoked command in '/home/sunrise/motor_ws/src/motor_control' returned '0': PYTHONPATH=/home/sunrise/motor_ws/build/motor_control/prefix_override:/usr/lib/python3/dist-packages/colcon_core/task/python/colcon_distutils_commands:/home/sunrise/motor_ws/install/motor_control/lib/python3.10/site-packages:${PYTHONPATH} /usr/bin/python3 -W ignore:setup.py install is deprecated -W ignore:easy_install command is deprecated setup.py egg_info --egg-base ../../build/motor_control build --build-base /home/sunrise/motor_ws/build/motor_control/build install --record /home/sunrise/motor_ws/build/motor_control/install.log --single-version-externally-managed install_data
