[4.150s] Invoking command in '/home/sunrise/pyListener/pyListener': CONDA_PROMPT_MODIFIER=(base) PYTHONPATH=/home/sunrise/pyListener/build/pyListener/prefix_override:/usr/lib/python3/dist-packages/colcon_core/task/python/colcon_distutils_commands:/home/sunrise/pyListener/install/pyListener/lib/python3.10/site-packages:${PYTHONPATH} /usr/bin/python3 -W ignore:setup.py install is deprecated -W ignore:easy_install command is deprecated setup.py egg_info --egg-base ../build/pyListener build --build-base /home/sunrise/pyListener/build/pyListener/build install --record /home/sunrise/pyListener/build/pyListener/install.log --single-version-externally-managed install_data
[5.662s] running egg_info
[5.666s] writing ../build/pyListener/pyListener.egg-info/PKG-INFO
[5.667s] writing dependency_links to ../build/pyListener/pyListener.egg-info/dependency_links.txt
[5.668s] writing entry points to ../build/pyListener/pyListener.egg-info/entry_points.txt
[5.668s] writing requirements to ../build/pyListener/pyListener.egg-info/requires.txt
[5.669s] writing top-level names to ../build/pyListener/pyListener.egg-info/top_level.txt
[5.699s] reading manifest file '../build/pyListener/pyListener.egg-info/SOURCES.txt'
[5.705s] writing manifest file '../build/pyListener/pyListener.egg-info/SOURCES.txt'
[5.705s] running build
[5.706s] running build_py
[5.707s] copying pyListener/pyListener.py -> /home/sunrise/pyListener/build/pyListener/build/lib/pyListener
[5.708s] running install
[5.710s] running install_lib
[5.716s] copying /home/sunrise/pyListener/build/pyListener/build/lib/pyListener/pyListener.py -> /home/sunrise/pyListener/install/pyListener/lib/python3.10/site-packages/pyListener
[5.719s] byte-compiling /home/sunrise/pyListener/install/pyListener/lib/python3.10/site-packages/pyListener/pyListener.py to pyListener.cpython-310.pyc
[5.726s] running install_data
[5.727s] running install_egg_info
[5.737s] removing '/home/sunrise/pyListener/install/pyListener/lib/python3.10/site-packages/pyListener-0.0.0-py3.10.egg-info' (and everything under it)
[5.738s] Copying ../build/pyListener/pyListener.egg-info to /home/sunrise/pyListener/install/pyListener/lib/python3.10/site-packages/pyListener-0.0.0-py3.10.egg-info
[5.742s] running install_scripts
[5.863s] Installing pyListener script to /home/sunrise/pyListener/install/pyListener/lib/pyListener
[5.864s] writing list of installed files to '/home/sunrise/pyListener/build/pyListener/install.log'
[6.070s] Invoked command in '/home/sunrise/pyListener/pyListener' returned '0': CONDA_PROMPT_MODIFIER=(base) PYTHONPATH=/home/sunrise/pyListener/build/pyListener/prefix_override:/usr/lib/python3/dist-packages/colcon_core/task/python/colcon_distutils_commands:/home/sunrise/pyListener/install/pyListener/lib/python3.10/site-packages:${PYTHONPATH} /usr/bin/python3 -W ignore:setup.py install is deprecated -W ignore:easy_install command is deprecated setup.py egg_info --egg-base ../build/pyListener build --build-base /home/sunrise/pyListener/build/pyListener/build install --record /home/sunrise/pyListener/build/pyListener/install.log --single-version-externally-managed install_data
