[1.265s] DEBUG:colcon:Command line arguments: ['/usr/bin/colcon', 'build', '--packages-select', 'pose_sender']
[1.266s] DEBUG:colcon:Parsed command line arguments: Namespace(log_base=None, log_level=None, verb_name='build', build_base='build', install_base='install', merge_install=False, symlink_install=False, test_result_base=None, continue_on_error=False, executor='parallel', parallel_workers=8, event_handlers=None, ignore_user_meta=False, metas=['./colcon.meta'], base_paths=['.'], packages_ignore=None, packages_ignore_regex=None, paths=None, packages_up_to=None, packages_up_to_regex=None, packages_above=None, packages_above_and_dependencies=None, packages_above_depth=None, packages_select_by_dep=None, packages_skip_by_dep=None, packages_skip_up_to=None, packages_select_build_failed=False, packages_skip_build_finished=False, packages_select_test_failures=False, packages_skip_test_passed=False, packages_select=['pose_sender'], packages_skip=None, packages_select_regex=None, packages_skip_regex=None, packages_start=None, packages_end=None, allow_overriding=[], cmake_args=None, cmake_target=None, cmake_target_skip_unavailable=False, cmake_clean_cache=False, cmake_clean_first=False, cmake_force_configure=False, ament_cmake_args=None, catkin_cmake_args=None, catkin_skip_building_tests=False, mixin_files=None, mixin=None, verb_parser=<colcon_mixin.mixin.mixin_argument.MixinArgumentDecorator object at 0xffff9c02d360>, verb_extension=<colcon_core.verb.build.BuildVerb object at 0xffff9c13b370>, main=<bound method BuildVerb.main of <colcon_core.verb.build.BuildVerb object at 0xffff9c13b370>>, mixin_verb=('build',))
[2.631s] Level 1:colcon.colcon_core.package_discovery:discover_packages(colcon_meta) check parameters
[2.632s] Level 1:colcon.colcon_core.package_discovery:discover_packages(recursive) check parameters
[2.632s] Level 1:colcon.colcon_core.package_discovery:discover_packages(ignore) check parameters
[2.633s] Level 1:colcon.colcon_core.package_discovery:discover_packages(path) check parameters
[2.633s] Level 1:colcon.colcon_core.package_discovery:discover_packages(colcon_meta) discover
[2.633s] Level 1:colcon.colcon_core.package_discovery:discover_packages(recursive) discover
[2.633s] INFO:colcon.colcon_core.package_discovery:Crawling recursively for packages in '/home/sunrise/planning_ws'
[2.634s] Level 1:colcon.colcon_core.package_identification:_identify(.) by extensions ['ignore', 'ignore_ament_install']
[2.635s] Level 1:colcon.colcon_core.package_identification:_identify(.) by extension 'ignore'
[2.635s] Level 1:colcon.colcon_core.package_identification:_identify(.) by extension 'ignore_ament_install'
[2.635s] Level 1:colcon.colcon_core.package_identification:_identify(.) by extensions ['colcon_pkg']
[2.636s] Level 1:colcon.colcon_core.package_identification:_identify(.) by extension 'colcon_pkg'
[2.636s] Level 1:colcon.colcon_core.package_identification:_identify(.) by extensions ['colcon_meta']
[2.636s] Level 1:colcon.colcon_core.package_identification:_identify(.) by extension 'colcon_meta'
[2.636s] Level 1:colcon.colcon_core.package_identification:_identify(.) by extensions ['ros']
[2.637s] Level 1:colcon.colcon_core.package_identification:_identify(.) by extension 'ros'
[2.724s] Level 1:colcon.colcon_core.package_identification:_identify(.) by extensions ['cmake', 'python']
[2.724s] Level 1:colcon.colcon_core.package_identification:_identify(.) by extension 'cmake'
[2.724s] Level 1:colcon.colcon_core.package_identification:_identify(.) by extension 'python'
[2.725s] Level 1:colcon.colcon_core.package_identification:_identify(.) by extensions ['python_setup_py']
[2.725s] Level 1:colcon.colcon_core.package_identification:_identify(.) by extension 'python_setup_py'
[2.726s] Level 1:colcon.colcon_core.package_identification:_identify(build) by extensions ['ignore', 'ignore_ament_install']
[2.726s] Level 1:colcon.colcon_core.package_identification:_identify(build) by extension 'ignore'
[2.726s] Level 1:colcon.colcon_core.package_identification:_identify(build) ignored
[2.727s] Level 1:colcon.colcon_core.package_identification:_identify(install) by extensions ['ignore', 'ignore_ament_install']
[2.728s] Level 1:colcon.colcon_core.package_identification:_identify(install) by extension 'ignore'
[2.728s] Level 1:colcon.colcon_core.package_identification:_identify(install) ignored
[2.728s] Level 1:colcon.colcon_core.package_identification:_identify(log) by extensions ['ignore', 'ignore_ament_install']
[2.729s] Level 1:colcon.colcon_core.package_identification:_identify(log) by extension 'ignore'
[2.729s] Level 1:colcon.colcon_core.package_identification:_identify(log) ignored
[2.730s] Level 1:colcon.colcon_core.package_identification:_identify(myArm_robot_ros2) by extensions ['ignore', 'ignore_ament_install']
[2.730s] Level 1:colcon.colcon_core.package_identification:_identify(myArm_robot_ros2) by extension 'ignore'
[2.730s] Level 1:colcon.colcon_core.package_identification:_identify(myArm_robot_ros2) by extension 'ignore_ament_install'
[2.731s] Level 1:colcon.colcon_core.package_identification:_identify(myArm_robot_ros2) by extensions ['colcon_pkg']
[2.731s] Level 1:colcon.colcon_core.package_identification:_identify(myArm_robot_ros2) by extension 'colcon_pkg'
[2.731s] Level 1:colcon.colcon_core.package_identification:_identify(myArm_robot_ros2) by extensions ['colcon_meta']
[2.731s] Level 1:colcon.colcon_core.package_identification:_identify(myArm_robot_ros2) by extension 'colcon_meta'
[2.732s] Level 1:colcon.colcon_core.package_identification:_identify(myArm_robot_ros2) by extensions ['ros']
[2.732s] Level 1:colcon.colcon_core.package_identification:_identify(myArm_robot_ros2) by extension 'ros'
[2.732s] Level 1:colcon.colcon_core.package_identification:_identify(myArm_robot_ros2) by extensions ['cmake', 'python']
[2.733s] Level 1:colcon.colcon_core.package_identification:_identify(myArm_robot_ros2) by extension 'cmake'
[2.733s] Level 1:colcon.colcon_core.package_identification:_identify(myArm_robot_ros2) by extension 'python'
[2.733s] Level 1:colcon.colcon_core.package_identification:_identify(myArm_robot_ros2) by extensions ['python_setup_py']
[2.733s] Level 1:colcon.colcon_core.package_identification:_identify(myArm_robot_ros2) by extension 'python_setup_py'
[2.734s] Level 1:colcon.colcon_core.package_identification:_identify(myArm_robot_ros2/src) by extensions ['ignore', 'ignore_ament_install']
[2.734s] Level 1:colcon.colcon_core.package_identification:_identify(myArm_robot_ros2/src) by extension 'ignore'
[2.735s] Level 1:colcon.colcon_core.package_identification:_identify(myArm_robot_ros2/src) by extension 'ignore_ament_install'
[2.735s] Level 1:colcon.colcon_core.package_identification:_identify(myArm_robot_ros2/src) by extensions ['colcon_pkg']
[2.735s] Level 1:colcon.colcon_core.package_identification:_identify(myArm_robot_ros2/src) by extension 'colcon_pkg'
[2.736s] Level 1:colcon.colcon_core.package_identification:_identify(myArm_robot_ros2/src) by extensions ['colcon_meta']
[2.736s] Level 1:colcon.colcon_core.package_identification:_identify(myArm_robot_ros2/src) by extension 'colcon_meta'
[2.736s] Level 1:colcon.colcon_core.package_identification:_identify(myArm_robot_ros2/src) by extensions ['ros']
[2.736s] Level 1:colcon.colcon_core.package_identification:_identify(myArm_robot_ros2/src) by extension 'ros'
[2.737s] Level 1:colcon.colcon_core.package_identification:_identify(myArm_robot_ros2/src) by extensions ['cmake', 'python']
[2.737s] Level 1:colcon.colcon_core.package_identification:_identify(myArm_robot_ros2/src) by extension 'cmake'
[2.737s] Level 1:colcon.colcon_core.package_identification:_identify(myArm_robot_ros2/src) by extension 'python'
[2.737s] Level 1:colcon.colcon_core.package_identification:_identify(myArm_robot_ros2/src) by extensions ['python_setup_py']
[2.738s] Level 1:colcon.colcon_core.package_identification:_identify(myArm_robot_ros2/src) by extension 'python_setup_py'
[2.738s] Level 1:colcon.colcon_core.package_identification:_identify(myArm_robot_ros2/src/myArm3) by extensions ['ignore', 'ignore_ament_install']
[2.739s] Level 1:colcon.colcon_core.package_identification:_identify(myArm_robot_ros2/src/myArm3) by extension 'ignore'
[2.739s] Level 1:colcon.colcon_core.package_identification:_identify(myArm_robot_ros2/src/myArm3) by extension 'ignore_ament_install'
[2.739s] Level 1:colcon.colcon_core.package_identification:_identify(myArm_robot_ros2/src/myArm3) by extensions ['colcon_pkg']
[2.740s] Level 1:colcon.colcon_core.package_identification:_identify(myArm_robot_ros2/src/myArm3) by extension 'colcon_pkg'
[2.740s] Level 1:colcon.colcon_core.package_identification:_identify(myArm_robot_ros2/src/myArm3) by extensions ['colcon_meta']
[2.740s] Level 1:colcon.colcon_core.package_identification:_identify(myArm_robot_ros2/src/myArm3) by extension 'colcon_meta'
[2.740s] Level 1:colcon.colcon_core.package_identification:_identify(myArm_robot_ros2/src/myArm3) by extensions ['ros']
[2.741s] Level 1:colcon.colcon_core.package_identification:_identify(myArm_robot_ros2/src/myArm3) by extension 'ros'
[2.757s] DEBUG:colcon.colcon_core.package_identification:Package 'myArm_robot_ros2/src/myArm3' with type 'ros.ament_cmake' and name 'myArm3'
[2.757s] Level 1:colcon.colcon_core.package_identification:_identify(myArm_robot_ros2/src/myArm_moveit2) by extensions ['ignore', 'ignore_ament_install']
[2.758s] Level 1:colcon.colcon_core.package_identification:_identify(myArm_robot_ros2/src/myArm_moveit2) by extension 'ignore'
[2.758s] Level 1:colcon.colcon_core.package_identification:_identify(myArm_robot_ros2/src/myArm_moveit2) by extension 'ignore_ament_install'
[2.759s] Level 1:colcon.colcon_core.package_identification:_identify(myArm_robot_ros2/src/myArm_moveit2) by extensions ['colcon_pkg']
[2.759s] Level 1:colcon.colcon_core.package_identification:_identify(myArm_robot_ros2/src/myArm_moveit2) by extension 'colcon_pkg'
[2.759s] Level 1:colcon.colcon_core.package_identification:_identify(myArm_robot_ros2/src/myArm_moveit2) by extensions ['colcon_meta']
[2.759s] Level 1:colcon.colcon_core.package_identification:_identify(myArm_robot_ros2/src/myArm_moveit2) by extension 'colcon_meta'
[2.760s] Level 1:colcon.colcon_core.package_identification:_identify(myArm_robot_ros2/src/myArm_moveit2) by extensions ['ros']
[2.760s] Level 1:colcon.colcon_core.package_identification:_identify(myArm_robot_ros2/src/myArm_moveit2) by extension 'ros'
[2.760s] Level 1:colcon.colcon_core.package_identification:_identify(myArm_robot_ros2/src/myArm_moveit2) by extensions ['cmake', 'python']
[2.761s] Level 1:colcon.colcon_core.package_identification:_identify(myArm_robot_ros2/src/myArm_moveit2) by extension 'cmake'
[2.761s] Level 1:colcon.colcon_core.package_identification:_identify(myArm_robot_ros2/src/myArm_moveit2) by extension 'python'
[2.761s] Level 1:colcon.colcon_core.package_identification:_identify(myArm_robot_ros2/src/myArm_moveit2) by extensions ['python_setup_py']
[2.761s] Level 1:colcon.colcon_core.package_identification:_identify(myArm_robot_ros2/src/myArm_moveit2) by extension 'python_setup_py'
[2.762s] Level 1:colcon.colcon_core.package_identification:_identify(myArm_robot_ros2/src/myArm_moveit2/myArm_moveit_config) by extensions ['ignore', 'ignore_ament_install']
[2.763s] Level 1:colcon.colcon_core.package_identification:_identify(myArm_robot_ros2/src/myArm_moveit2/myArm_moveit_config) by extension 'ignore'
[2.763s] Level 1:colcon.colcon_core.package_identification:_identify(myArm_robot_ros2/src/myArm_moveit2/myArm_moveit_config) by extension 'ignore_ament_install'
[2.763s] Level 1:colcon.colcon_core.package_identification:_identify(myArm_robot_ros2/src/myArm_moveit2/myArm_moveit_config) by extensions ['colcon_pkg']
[2.764s] Level 1:colcon.colcon_core.package_identification:_identify(myArm_robot_ros2/src/myArm_moveit2/myArm_moveit_config) by extension 'colcon_pkg'
[2.764s] Level 1:colcon.colcon_core.package_identification:_identify(myArm_robot_ros2/src/myArm_moveit2/myArm_moveit_config) by extensions ['colcon_meta']
[2.764s] Level 1:colcon.colcon_core.package_identification:_identify(myArm_robot_ros2/src/myArm_moveit2/myArm_moveit_config) by extension 'colcon_meta'
[2.765s] Level 1:colcon.colcon_core.package_identification:_identify(myArm_robot_ros2/src/myArm_moveit2/myArm_moveit_config) by extensions ['ros']
[2.765s] Level 1:colcon.colcon_core.package_identification:_identify(myArm_robot_ros2/src/myArm_moveit2/myArm_moveit_config) by extension 'ros'
[2.771s] DEBUG:colcon.colcon_core.package_identification:Package 'myArm_robot_ros2/src/myArm_moveit2/myArm_moveit_config' with type 'ros.ament_cmake' and name 'myArm_moveit_config'
[2.772s] Level 1:colcon.colcon_core.package_identification:_identify(myArm_robot_ros2/src/pose_sender) by extensions ['ignore', 'ignore_ament_install']
[2.773s] Level 1:colcon.colcon_core.package_identification:_identify(myArm_robot_ros2/src/pose_sender) by extension 'ignore'
[2.773s] Level 1:colcon.colcon_core.package_identification:_identify(myArm_robot_ros2/src/pose_sender) by extension 'ignore_ament_install'
[2.773s] Level 1:colcon.colcon_core.package_identification:_identify(myArm_robot_ros2/src/pose_sender) by extensions ['colcon_pkg']
[2.774s] Level 1:colcon.colcon_core.package_identification:_identify(myArm_robot_ros2/src/pose_sender) by extension 'colcon_pkg'
[2.774s] Level 1:colcon.colcon_core.package_identification:_identify(myArm_robot_ros2/src/pose_sender) by extensions ['colcon_meta']
[2.774s] Level 1:colcon.colcon_core.package_identification:_identify(myArm_robot_ros2/src/pose_sender) by extension 'colcon_meta'
[2.775s] Level 1:colcon.colcon_core.package_identification:_identify(myArm_robot_ros2/src/pose_sender) by extensions ['ros']
[2.775s] Level 1:colcon.colcon_core.package_identification:_identify(myArm_robot_ros2/src/pose_sender) by extension 'ros'
[2.780s] DEBUG:colcon.colcon_core.package_identification:Package 'myArm_robot_ros2/src/pose_sender' with type 'ros.ament_cmake' and name 'pose_sender'
[2.781s] Level 1:colcon.colcon_core.package_identification:_identify(myArm_robot_ros2/src/shit) by extensions ['ignore', 'ignore_ament_install']
[2.781s] Level 1:colcon.colcon_core.package_identification:_identify(myArm_robot_ros2/src/shit) by extension 'ignore'
[2.782s] Level 1:colcon.colcon_core.package_identification:_identify(myArm_robot_ros2/src/shit) by extension 'ignore_ament_install'
[2.782s] Level 1:colcon.colcon_core.package_identification:_identify(myArm_robot_ros2/src/shit) by extensions ['colcon_pkg']
[2.782s] Level 1:colcon.colcon_core.package_identification:_identify(myArm_robot_ros2/src/shit) by extension 'colcon_pkg'
[2.782s] Level 1:colcon.colcon_core.package_identification:_identify(myArm_robot_ros2/src/shit) by extensions ['colcon_meta']
[2.783s] Level 1:colcon.colcon_core.package_identification:_identify(myArm_robot_ros2/src/shit) by extension 'colcon_meta'
[2.783s] Level 1:colcon.colcon_core.package_identification:_identify(myArm_robot_ros2/src/shit) by extensions ['ros']
[2.783s] Level 1:colcon.colcon_core.package_identification:_identify(myArm_robot_ros2/src/shit) by extension 'ros'
[2.789s] DEBUG:colcon.colcon_core.package_identification:Package 'myArm_robot_ros2/src/shit' with type 'ros.ament_cmake' and name 'shit'
[2.790s] Level 1:colcon.colcon_core.package_discovery:discover_packages(recursive) using defaults
[2.790s] Level 1:colcon.colcon_core.package_discovery:discover_packages(ignore) discover
[2.790s] Level 1:colcon.colcon_core.package_discovery:discover_packages(ignore) using defaults
[2.790s] Level 1:colcon.colcon_core.package_discovery:discover_packages(path) discover
[2.791s] Level 1:colcon.colcon_core.package_discovery:discover_packages(path) using defaults
[2.939s] INFO:colcon.colcon_core.package_selection:Skipping not selected package 'myArm3' in 'myArm_robot_ros2/src/myArm3'
[2.940s] INFO:colcon.colcon_core.package_selection:Skipping not selected package 'myArm_moveit_config' in 'myArm_robot_ros2/src/myArm_moveit2/myArm_moveit_config'
[2.940s] INFO:colcon.colcon_core.package_selection:Skipping not selected package 'shit' in 'myArm_robot_ros2/src/shit'
[2.943s] Level 1:colcon.colcon_core.package_discovery:discover_packages(prefix_path) check parameters
[2.943s] Level 1:colcon.colcon_core.package_discovery:discover_packages(prefix_path) discover
[2.966s] DEBUG:colcon.colcon_installed_package_information.package_discovery:Found 285 installed packages in /opt/ros/humble
[3.061s] Level 1:colcon.colcon_core.package_discovery:discover_packages(prefix_path) using defaults
[3.474s] Level 5:colcon.colcon_core.verb:set package 'pose_sender' build argument 'cmake_args' from command line to 'None'
[3.474s] Level 5:colcon.colcon_core.verb:set package 'pose_sender' build argument 'cmake_target' from command line to 'None'
[3.475s] Level 5:colcon.colcon_core.verb:set package 'pose_sender' build argument 'cmake_target_skip_unavailable' from command line to 'False'
[3.475s] Level 5:colcon.colcon_core.verb:set package 'pose_sender' build argument 'cmake_clean_cache' from command line to 'False'
[3.475s] Level 5:colcon.colcon_core.verb:set package 'pose_sender' build argument 'cmake_clean_first' from command line to 'False'
[3.475s] Level 5:colcon.colcon_core.verb:set package 'pose_sender' build argument 'cmake_force_configure' from command line to 'False'
[3.475s] Level 5:colcon.colcon_core.verb:set package 'pose_sender' build argument 'ament_cmake_args' from command line to 'None'
[3.475s] Level 5:colcon.colcon_core.verb:set package 'pose_sender' build argument 'catkin_cmake_args' from command line to 'None'
[3.476s] Level 5:colcon.colcon_core.verb:set package 'pose_sender' build argument 'catkin_skip_building_tests' from command line to 'False'
[3.476s] DEBUG:colcon.colcon_core.verb:Building package 'pose_sender' with the following arguments: {'ament_cmake_args': None, 'build_base': '/home/sunrise/planning_ws/build/pose_sender', 'catkin_cmake_args': None, 'catkin_skip_building_tests': False, 'cmake_args': None, 'cmake_clean_cache': False, 'cmake_clean_first': False, 'cmake_force_configure': False, 'cmake_target': None, 'cmake_target_skip_unavailable': False, 'install_base': '/home/sunrise/planning_ws/install/pose_sender', 'merge_install': False, 'path': '/home/sunrise/planning_ws/myArm_robot_ros2/src/pose_sender', 'symlink_install': False, 'test_result_base': None}
[3.477s] INFO:colcon.colcon_core.executor:Executing jobs using 'parallel' executor
[3.482s] DEBUG:colcon.colcon_parallel_executor.executor.parallel:run_until_complete
[3.483s] INFO:colcon.colcon_ros.task.ament_cmake.build:Building ROS package in '/home/sunrise/planning_ws/myArm_robot_ros2/src/pose_sender' with build type 'ament_cmake'
[3.484s] INFO:colcon.colcon_cmake.task.cmake.build:Building CMake package in '/home/sunrise/planning_ws/myArm_robot_ros2/src/pose_sender'
[3.504s] INFO:colcon.colcon_core.plugin_system:Skipping extension 'colcon_core.shell.bat': Not used on non-Windows systems
[3.506s] INFO:colcon.colcon_core.shell:Skip shell extension 'powershell' for command environment: Not usable outside of PowerShell
[3.506s] DEBUG:colcon.colcon_core.shell:Skip shell extension 'dsv' for command environment
[3.557s] DEBUG:colcon.colcon_core.event_handler.log_command:Invoking command in '/home/sunrise/planning_ws/build/pose_sender': CMAKE_PREFIX_PATH=/opt/ros/humble /usr/bin/cmake --build /home/sunrise/planning_ws/build/pose_sender -- -j8 -l8
[93.690s] DEBUG:colcon.colcon_core.event_handler.log_command:Invoked command in '/home/sunrise/planning_ws/build/pose_sender' returned '0': CMAKE_PREFIX_PATH=/opt/ros/humble /usr/bin/cmake --build /home/sunrise/planning_ws/build/pose_sender -- -j8 -l8
[93.736s] DEBUG:colcon.colcon_core.event_handler.log_command:Invoking command in '/home/sunrise/planning_ws/build/pose_sender': CMAKE_PREFIX_PATH=/opt/ros/humble /usr/bin/cmake --install /home/sunrise/planning_ws/build/pose_sender
[93.809s] Level 1:colcon.colcon_core.environment:create_environment_scripts_only(pose_sender)
[93.812s] DEBUG:colcon.colcon_core.event_handler.log_command:Invoked command in '/home/sunrise/planning_ws/build/pose_sender' returned '0': CMAKE_PREFIX_PATH=/opt/ros/humble /usr/bin/cmake --install /home/sunrise/planning_ws/build/pose_sender
[93.839s] Level 1:colcon.colcon_core.environment:checking '/home/sunrise/planning_ws/install/pose_sender' for CMake module files
[93.843s] Level 1:colcon.colcon_core.environment:checking '/home/sunrise/planning_ws/install/pose_sender' for CMake config files
[93.845s] Level 1:colcon.colcon_core.shell:create_environment_hook('pose_sender', 'cmake_prefix_path')
[93.846s] INFO:colcon.colcon_core.shell:Creating environment hook '/home/sunrise/planning_ws/install/pose_sender/share/pose_sender/hook/cmake_prefix_path.ps1'
[93.852s] INFO:colcon.colcon_core.shell:Creating environment descriptor '/home/sunrise/planning_ws/install/pose_sender/share/pose_sender/hook/cmake_prefix_path.dsv'
[93.858s] INFO:colcon.colcon_core.shell:Creating environment hook '/home/sunrise/planning_ws/install/pose_sender/share/pose_sender/hook/cmake_prefix_path.sh'
[93.863s] Level 1:colcon.colcon_core.environment:checking '/home/sunrise/planning_ws/install/pose_sender/lib'
[93.864s] Level 1:colcon.colcon_core.environment:checking '/home/sunrise/planning_ws/install/pose_sender/bin'
[93.864s] Level 1:colcon.colcon_core.environment:checking '/home/sunrise/planning_ws/install/pose_sender/lib/pkgconfig/pose_sender.pc'
[93.866s] Level 1:colcon.colcon_core.environment:checking '/home/sunrise/planning_ws/install/pose_sender/lib/python3.10/site-packages'
[93.868s] Level 1:colcon.colcon_core.environment:checking '/home/sunrise/planning_ws/install/pose_sender/bin'
[93.870s] INFO:colcon.colcon_core.shell:Creating package script '/home/sunrise/planning_ws/install/pose_sender/share/pose_sender/package.ps1'
[93.876s] INFO:colcon.colcon_core.shell:Creating package descriptor '/home/sunrise/planning_ws/install/pose_sender/share/pose_sender/package.dsv'
[93.880s] INFO:colcon.colcon_core.shell:Creating package script '/home/sunrise/planning_ws/install/pose_sender/share/pose_sender/package.sh'
[93.886s] INFO:colcon.colcon_core.shell:Creating package script '/home/sunrise/planning_ws/install/pose_sender/share/pose_sender/package.bash'
[93.892s] INFO:colcon.colcon_core.shell:Creating package script '/home/sunrise/planning_ws/install/pose_sender/share/pose_sender/package.zsh'
[93.898s] Level 1:colcon.colcon_core.environment:create_file_with_runtime_dependencies(/home/sunrise/planning_ws/install/pose_sender/share/colcon-core/packages/pose_sender)
[93.902s] Level 1:colcon.colcon_core.environment:create_environment_scripts_only(pose_sender)
[93.903s] Level 1:colcon.colcon_core.environment:checking '/home/sunrise/planning_ws/install/pose_sender' for CMake module files
[93.907s] Level 1:colcon.colcon_core.environment:checking '/home/sunrise/planning_ws/install/pose_sender' for CMake config files
[93.907s] Level 1:colcon.colcon_core.shell:create_environment_hook('pose_sender', 'cmake_prefix_path')
[93.909s] INFO:colcon.colcon_core.shell:Creating environment hook '/home/sunrise/planning_ws/install/pose_sender/share/pose_sender/hook/cmake_prefix_path.ps1'
[93.911s] INFO:colcon.colcon_core.shell:Creating environment descriptor '/home/sunrise/planning_ws/install/pose_sender/share/pose_sender/hook/cmake_prefix_path.dsv'
[93.913s] INFO:colcon.colcon_core.shell:Creating environment hook '/home/sunrise/planning_ws/install/pose_sender/share/pose_sender/hook/cmake_prefix_path.sh'
[93.916s] Level 1:colcon.colcon_core.environment:checking '/home/sunrise/planning_ws/install/pose_sender/lib'
[93.917s] Level 1:colcon.colcon_core.environment:checking '/home/sunrise/planning_ws/install/pose_sender/bin'
[93.917s] Level 1:colcon.colcon_core.environment:checking '/home/sunrise/planning_ws/install/pose_sender/lib/pkgconfig/pose_sender.pc'
[93.918s] Level 1:colcon.colcon_core.environment:checking '/home/sunrise/planning_ws/install/pose_sender/lib/python3.10/site-packages'
[93.920s] Level 1:colcon.colcon_core.environment:checking '/home/sunrise/planning_ws/install/pose_sender/bin'
[93.922s] INFO:colcon.colcon_core.shell:Creating package script '/home/sunrise/planning_ws/install/pose_sender/share/pose_sender/package.ps1'
[93.925s] INFO:colcon.colcon_core.shell:Creating package descriptor '/home/sunrise/planning_ws/install/pose_sender/share/pose_sender/package.dsv'
[93.928s] INFO:colcon.colcon_core.shell:Creating package script '/home/sunrise/planning_ws/install/pose_sender/share/pose_sender/package.sh'
[93.930s] INFO:colcon.colcon_core.shell:Creating package script '/home/sunrise/planning_ws/install/pose_sender/share/pose_sender/package.bash'
[93.934s] INFO:colcon.colcon_core.shell:Creating package script '/home/sunrise/planning_ws/install/pose_sender/share/pose_sender/package.zsh'
[93.937s] Level 1:colcon.colcon_core.environment:create_file_with_runtime_dependencies(/home/sunrise/planning_ws/install/pose_sender/share/colcon-core/packages/pose_sender)
[93.938s] DEBUG:colcon.colcon_parallel_executor.executor.parallel:closing loop
[93.940s] DEBUG:colcon.colcon_parallel_executor.executor.parallel:loop closed
[93.940s] DEBUG:colcon.colcon_parallel_executor.executor.parallel:run_until_complete finished with '0'
[93.941s] DEBUG:colcon.colcon_core.event_reactor:joining thread
[93.981s] INFO:colcon.colcon_core.plugin_system:Skipping extension 'colcon_notification.desktop_notification.terminal_notifier': Not used on non-Darwin systems
[93.982s] INFO:colcon.colcon_core.plugin_system:Skipping extension 'colcon_notification.desktop_notification.win32': Not used on non-Windows systems
[93.982s] INFO:colcon.colcon_notification.desktop_notification:Sending desktop notification using 'notify2'
[119.010s] DEBUG:colcon.colcon_notification.desktop_notification.notify2:Failed to initialize notify2: org.freedesktop.DBus.Error.NoReply: Did not receive a reply. Possible causes include: the remote application did not send a reply, the message bus security policy blocked the reply, the reply timeout expired, or the network connection was broken.
[119.011s] DEBUG:colcon.colcon_core.event_reactor:joined thread
[119.012s] INFO:colcon.colcon_core.shell:Creating prefix script '/home/sunrise/planning_ws/install/local_setup.ps1'
[119.019s] INFO:colcon.colcon_core.shell:Creating prefix util module '/home/sunrise/planning_ws/install/_local_setup_util_ps1.py'
[119.032s] INFO:colcon.colcon_core.shell:Creating prefix chain script '/home/sunrise/planning_ws/install/setup.ps1'
[119.044s] INFO:colcon.colcon_core.shell:Creating prefix script '/home/sunrise/planning_ws/install/local_setup.sh'
[119.049s] INFO:colcon.colcon_core.shell:Creating prefix util module '/home/sunrise/planning_ws/install/_local_setup_util_sh.py'
[119.053s] INFO:colcon.colcon_core.shell:Creating prefix chain script '/home/sunrise/planning_ws/install/setup.sh'
[119.060s] INFO:colcon.colcon_core.shell:Creating prefix script '/home/sunrise/planning_ws/install/local_setup.bash'
[119.064s] INFO:colcon.colcon_core.shell:Creating prefix chain script '/home/sunrise/planning_ws/install/setup.bash'
[119.071s] INFO:colcon.colcon_core.shell:Creating prefix script '/home/sunrise/planning_ws/install/local_setup.zsh'
[119.075s] INFO:colcon.colcon_core.shell:Creating prefix chain script '/home/sunrise/planning_ws/install/setup.zsh'
