[0.674s] DEBUG:colcon:Command line arguments: ['/usr/bin/colcon', 'build']
[0.674s] DEBUG:colcon:Parsed command line arguments: Namespace(log_base=None, log_level=None, verb_name='build', build_base='build', install_base='install', merge_install=False, symlink_install=False, test_result_base=None, continue_on_error=False, executor='parallel', parallel_workers=8, event_handlers=None, ignore_user_meta=False, metas=['./colcon.meta'], base_paths=['.'], packages_ignore=None, packages_ignore_regex=None, paths=None, packages_up_to=None, packages_up_to_regex=None, packages_above=None, packages_above_and_dependencies=None, packages_above_depth=None, packages_select_by_dep=None, packages_skip_by_dep=None, packages_skip_up_to=None, packages_select_build_failed=False, packages_skip_build_finished=False, packages_select_test_failures=False, packages_skip_test_passed=False, packages_select=None, packages_skip=None, packages_select_regex=None, packages_skip_regex=None, packages_start=None, packages_end=None, allow_overriding=[], cmake_args=None, cmake_target=None, cmake_target_skip_unavailable=False, cmake_clean_cache=False, cmake_clean_first=False, cmake_force_configure=False, ament_cmake_args=None, catkin_cmake_args=None, catkin_skip_building_tests=False, mixin_files=None, mixin=None, verb_parser=<colcon_mixin.mixin.mixin_argument.MixinArgumentDecorator object at 0xffffa26cd690>, verb_extension=<colcon_core.verb.build.BuildVerb object at 0xffffa27d36a0>, main=<bound method BuildVerb.main of <colcon_core.verb.build.BuildVerb object at 0xffffa27d36a0>>, mixin_verb=('build',))
[1.744s] Level 1:colcon.colcon_core.package_discovery:discover_packages(colcon_meta) check parameters
[1.744s] Level 1:colcon.colcon_core.package_discovery:discover_packages(recursive) check parameters
[1.745s] Level 1:colcon.colcon_core.package_discovery:discover_packages(ignore) check parameters
[1.745s] Level 1:colcon.colcon_core.package_discovery:discover_packages(path) check parameters
[1.745s] Level 1:colcon.colcon_core.package_discovery:discover_packages(colcon_meta) discover
[1.746s] Level 1:colcon.colcon_core.package_discovery:discover_packages(recursive) discover
[1.746s] INFO:colcon.colcon_core.package_discovery:Crawling recursively for packages in '/home/sunrise/pyListener'
[1.747s] Level 1:colcon.colcon_core.package_identification:_identify(.) by extensions ['ignore', 'ignore_ament_install']
[1.747s] Level 1:colcon.colcon_core.package_identification:_identify(.) by extension 'ignore'
[1.748s] Level 1:colcon.colcon_core.package_identification:_identify(.) by extension 'ignore_ament_install'
[1.748s] Level 1:colcon.colcon_core.package_identification:_identify(.) by extensions ['colcon_pkg']
[1.748s] Level 1:colcon.colcon_core.package_identification:_identify(.) by extension 'colcon_pkg'
[1.748s] Level 1:colcon.colcon_core.package_identification:_identify(.) by extensions ['colcon_meta']
[1.749s] Level 1:colcon.colcon_core.package_identification:_identify(.) by extension 'colcon_meta'
[1.749s] Level 1:colcon.colcon_core.package_identification:_identify(.) by extensions ['ros']
[1.749s] Level 1:colcon.colcon_core.package_identification:_identify(.) by extension 'ros'
[1.824s] Level 1:colcon.colcon_core.package_identification:_identify(.) by extensions ['cmake', 'python']
[1.825s] Level 1:colcon.colcon_core.package_identification:_identify(.) by extension 'cmake'
[1.825s] Level 1:colcon.colcon_core.package_identification:_identify(.) by extension 'python'
[1.826s] Level 1:colcon.colcon_core.package_identification:_identify(.) by extensions ['python_setup_py']
[1.826s] Level 1:colcon.colcon_core.package_identification:_identify(.) by extension 'python_setup_py'
[1.827s] Level 1:colcon.colcon_core.package_identification:_identify(build) by extensions ['ignore', 'ignore_ament_install']
[1.827s] Level 1:colcon.colcon_core.package_identification:_identify(build) by extension 'ignore'
[1.827s] Level 1:colcon.colcon_core.package_identification:_identify(build) ignored
[1.828s] Level 1:colcon.colcon_core.package_identification:_identify(install) by extensions ['ignore', 'ignore_ament_install']
[1.829s] Level 1:colcon.colcon_core.package_identification:_identify(install) by extension 'ignore'
[1.829s] Level 1:colcon.colcon_core.package_identification:_identify(install) ignored
[1.830s] Level 1:colcon.colcon_core.package_identification:_identify(log) by extensions ['ignore', 'ignore_ament_install']
[1.830s] Level 1:colcon.colcon_core.package_identification:_identify(log) by extension 'ignore'
[1.831s] Level 1:colcon.colcon_core.package_identification:_identify(log) ignored
[1.831s] Level 1:colcon.colcon_core.package_identification:_identify(noneRosSolution) by extensions ['ignore', 'ignore_ament_install']
[1.832s] Level 1:colcon.colcon_core.package_identification:_identify(noneRosSolution) by extension 'ignore'
[1.832s] Level 1:colcon.colcon_core.package_identification:_identify(noneRosSolution) by extension 'ignore_ament_install'
[1.832s] Level 1:colcon.colcon_core.package_identification:_identify(noneRosSolution) by extensions ['colcon_pkg']
[1.833s] Level 1:colcon.colcon_core.package_identification:_identify(noneRosSolution) by extension 'colcon_pkg'
[1.833s] Level 1:colcon.colcon_core.package_identification:_identify(noneRosSolution) by extensions ['colcon_meta']
[1.833s] Level 1:colcon.colcon_core.package_identification:_identify(noneRosSolution) by extension 'colcon_meta'
[1.833s] Level 1:colcon.colcon_core.package_identification:_identify(noneRosSolution) by extensions ['ros']
[1.834s] Level 1:colcon.colcon_core.package_identification:_identify(noneRosSolution) by extension 'ros'
[1.834s] Level 1:colcon.colcon_core.package_identification:_identify(noneRosSolution) by extensions ['cmake', 'python']
[1.834s] Level 1:colcon.colcon_core.package_identification:_identify(noneRosSolution) by extension 'cmake'
[1.835s] Level 1:colcon.colcon_core.package_identification:_identify(noneRosSolution) by extension 'python'
[1.835s] Level 1:colcon.colcon_core.package_identification:_identify(noneRosSolution) by extensions ['python_setup_py']
[1.835s] Level 1:colcon.colcon_core.package_identification:_identify(noneRosSolution) by extension 'python_setup_py'
[1.836s] Level 1:colcon.colcon_core.package_identification:_identify(pyListener) by extensions ['ignore', 'ignore_ament_install']
[1.836s] Level 1:colcon.colcon_core.package_identification:_identify(pyListener) by extension 'ignore'
[1.836s] Level 1:colcon.colcon_core.package_identification:_identify(pyListener) by extension 'ignore_ament_install'
[1.837s] Level 1:colcon.colcon_core.package_identification:_identify(pyListener) by extensions ['colcon_pkg']
[1.837s] Level 1:colcon.colcon_core.package_identification:_identify(pyListener) by extension 'colcon_pkg'
[1.837s] Level 1:colcon.colcon_core.package_identification:_identify(pyListener) by extensions ['colcon_meta']
[1.837s] Level 1:colcon.colcon_core.package_identification:_identify(pyListener) by extension 'colcon_meta'
[1.838s] Level 1:colcon.colcon_core.package_identification:_identify(pyListener) by extensions ['ros']
[1.838s] Level 1:colcon.colcon_core.package_identification:_identify(pyListener) by extension 'ros'
[1.854s] DEBUG:colcon.colcon_core.package_identification:Package 'pyListener' with type 'ros.ament_python' and name 'pyListener'
[1.854s] Level 1:colcon.colcon_core.package_discovery:discover_packages(recursive) using defaults
[1.855s] Level 1:colcon.colcon_core.package_discovery:discover_packages(ignore) discover
[1.855s] Level 1:colcon.colcon_core.package_discovery:discover_packages(ignore) using defaults
[1.855s] Level 1:colcon.colcon_core.package_discovery:discover_packages(path) discover
[1.855s] Level 1:colcon.colcon_core.package_discovery:discover_packages(path) using defaults
[1.968s] Level 1:colcon.colcon_core.package_discovery:discover_packages(prefix_path) check parameters
[1.969s] Level 1:colcon.colcon_core.package_discovery:discover_packages(prefix_path) discover
[1.978s] DEBUG:colcon.colcon_installed_package_information.package_discovery:Found 1 installed packages in /home/sunrise/pyListener/install
[1.987s] DEBUG:colcon.colcon_installed_package_information.package_discovery:Found 285 installed packages in /opt/ros/humble
[2.007s] Level 1:colcon.colcon_core.package_discovery:discover_packages(prefix_path) using defaults
[2.336s] Level 5:colcon.colcon_core.verb:set package 'pyListener' build argument 'cmake_args' from command line to 'None'
[2.336s] Level 5:colcon.colcon_core.verb:set package 'pyListener' build argument 'cmake_target' from command line to 'None'
[2.337s] Level 5:colcon.colcon_core.verb:set package 'pyListener' build argument 'cmake_target_skip_unavailable' from command line to 'False'
[2.337s] Level 5:colcon.colcon_core.verb:set package 'pyListener' build argument 'cmake_clean_cache' from command line to 'False'
[2.337s] Level 5:colcon.colcon_core.verb:set package 'pyListener' build argument 'cmake_clean_first' from command line to 'False'
[2.337s] Level 5:colcon.colcon_core.verb:set package 'pyListener' build argument 'cmake_force_configure' from command line to 'False'
[2.337s] Level 5:colcon.colcon_core.verb:set package 'pyListener' build argument 'ament_cmake_args' from command line to 'None'
[2.338s] Level 5:colcon.colcon_core.verb:set package 'pyListener' build argument 'catkin_cmake_args' from command line to 'None'
[2.338s] Level 5:colcon.colcon_core.verb:set package 'pyListener' build argument 'catkin_skip_building_tests' from command line to 'False'
[2.338s] DEBUG:colcon.colcon_core.verb:Building package 'pyListener' with the following arguments: {'ament_cmake_args': None, 'build_base': '/home/sunrise/pyListener/build/pyListener', 'catkin_cmake_args': None, 'catkin_skip_building_tests': False, 'cmake_args': None, 'cmake_clean_cache': False, 'cmake_clean_first': False, 'cmake_force_configure': False, 'cmake_target': None, 'cmake_target_skip_unavailable': False, 'install_base': '/home/sunrise/pyListener/install/pyListener', 'merge_install': False, 'path': '/home/sunrise/pyListener/pyListener', 'symlink_install': False, 'test_result_base': None}
[2.339s] INFO:colcon.colcon_core.executor:Executing jobs using 'parallel' executor
[2.344s] DEBUG:colcon.colcon_parallel_executor.executor.parallel:run_until_complete
[2.345s] INFO:colcon.colcon_ros.task.ament_python.build:Building ROS package in '/home/sunrise/pyListener/pyListener' with build type 'ament_python'
[2.346s] Level 1:colcon.colcon_core.shell:create_environment_hook('pyListener', 'ament_prefix_path')
[2.357s] INFO:colcon.colcon_core.plugin_system:Skipping extension 'colcon_core.shell.bat': Not used on non-Windows systems
[2.359s] INFO:colcon.colcon_core.shell:Creating environment hook '/home/sunrise/pyListener/install/pyListener/share/pyListener/hook/ament_prefix_path.ps1'
[2.363s] INFO:colcon.colcon_core.shell:Creating environment descriptor '/home/sunrise/pyListener/install/pyListener/share/pyListener/hook/ament_prefix_path.dsv'
[2.366s] INFO:colcon.colcon_core.shell:Creating environment hook '/home/sunrise/pyListener/install/pyListener/share/pyListener/hook/ament_prefix_path.sh'
[2.371s] INFO:colcon.colcon_core.shell:Skip shell extension 'powershell' for command environment: Not usable outside of PowerShell
[2.371s] DEBUG:colcon.colcon_core.shell:Skip shell extension 'dsv' for command environment
[4.052s] INFO:colcon.colcon_core.task.python.build:Building Python package in '/home/sunrise/pyListener/pyListener'
[4.054s] INFO:colcon.colcon_core.shell:Skip shell extension 'powershell' for command environment: Not usable outside of PowerShell
[4.054s] DEBUG:colcon.colcon_core.shell:Skip shell extension 'dsv' for command environment
[6.489s] DEBUG:colcon.colcon_core.event_handler.log_command:Invoking command in '/home/sunrise/pyListener/pyListener': PYTHONPATH=/home/sunrise/pyListener/build/pyListener/prefix_override:/usr/lib/python3/dist-packages/colcon_core/task/python/colcon_distutils_commands:/home/sunrise/pyListener/install/pyListener/lib/python3.10/site-packages:${PYTHONPATH} /usr/bin/python3 -W ignore:setup.py install is deprecated -W ignore:easy_install command is deprecated setup.py egg_info --egg-base ../build/pyListener build --build-base /home/sunrise/pyListener/build/pyListener/build install --record /home/sunrise/pyListener/build/pyListener/install.log --single-version-externally-managed install_data
[8.353s] DEBUG:colcon.colcon_core.event_handler.log_command:Invoked command in '/home/sunrise/pyListener/pyListener' returned '0': PYTHONPATH=/home/sunrise/pyListener/build/pyListener/prefix_override:/usr/lib/python3/dist-packages/colcon_core/task/python/colcon_distutils_commands:/home/sunrise/pyListener/install/pyListener/lib/python3.10/site-packages:${PYTHONPATH} /usr/bin/python3 -W ignore:setup.py install is deprecated -W ignore:easy_install command is deprecated setup.py egg_info --egg-base ../build/pyListener build --build-base /home/sunrise/pyListener/build/pyListener/build install --record /home/sunrise/pyListener/build/pyListener/install.log --single-version-externally-managed install_data
[8.379s] Level 1:colcon.colcon_core.environment:checking '/home/sunrise/pyListener/install/pyListener' for CMake module files
[8.382s] Level 1:colcon.colcon_core.environment:checking '/home/sunrise/pyListener/install/pyListener' for CMake config files
[8.386s] Level 1:colcon.colcon_core.environment:checking '/home/sunrise/pyListener/install/pyListener/lib'
[8.387s] Level 1:colcon.colcon_core.environment:checking '/home/sunrise/pyListener/install/pyListener/bin'
[8.388s] Level 1:colcon.colcon_core.environment:checking '/home/sunrise/pyListener/install/pyListener/lib/pkgconfig/pyListener.pc'
[8.391s] Level 1:colcon.colcon_core.environment:checking '/home/sunrise/pyListener/install/pyListener/lib/python3.10/site-packages'
[8.392s] Level 1:colcon.colcon_core.shell:create_environment_hook('pyListener', 'pythonpath')
[8.395s] INFO:colcon.colcon_core.shell:Creating environment hook '/home/sunrise/pyListener/install/pyListener/share/pyListener/hook/pythonpath.ps1'
[8.399s] INFO:colcon.colcon_core.shell:Creating environment descriptor '/home/sunrise/pyListener/install/pyListener/share/pyListener/hook/pythonpath.dsv'
[8.401s] INFO:colcon.colcon_core.shell:Creating environment hook '/home/sunrise/pyListener/install/pyListener/share/pyListener/hook/pythonpath.sh'
[8.405s] Level 1:colcon.colcon_core.environment:checking '/home/sunrise/pyListener/install/pyListener/bin'
[8.406s] Level 1:colcon.colcon_core.environment:create_environment_scripts_only(pyListener)
[8.408s] INFO:colcon.colcon_core.shell:Creating package script '/home/sunrise/pyListener/install/pyListener/share/pyListener/package.ps1'
[8.419s] INFO:colcon.colcon_core.shell:Creating package descriptor '/home/sunrise/pyListener/install/pyListener/share/pyListener/package.dsv'
[8.424s] INFO:colcon.colcon_core.shell:Creating package script '/home/sunrise/pyListener/install/pyListener/share/pyListener/package.sh'
[8.429s] INFO:colcon.colcon_core.shell:Creating package script '/home/sunrise/pyListener/install/pyListener/share/pyListener/package.bash'
[8.434s] INFO:colcon.colcon_core.shell:Creating package script '/home/sunrise/pyListener/install/pyListener/share/pyListener/package.zsh'
[8.440s] Level 1:colcon.colcon_core.environment:create_file_with_runtime_dependencies(/home/sunrise/pyListener/install/pyListener/share/colcon-core/packages/pyListener)
[8.442s] DEBUG:colcon.colcon_parallel_executor.executor.parallel:closing loop
[8.443s] DEBUG:colcon.colcon_parallel_executor.executor.parallel:loop closed
[8.444s] DEBUG:colcon.colcon_parallel_executor.executor.parallel:run_until_complete finished with '0'
[8.444s] DEBUG:colcon.colcon_core.event_reactor:joining thread
[8.473s] INFO:colcon.colcon_core.plugin_system:Skipping extension 'colcon_notification.desktop_notification.terminal_notifier': Not used on non-Darwin systems
[8.473s] INFO:colcon.colcon_core.plugin_system:Skipping extension 'colcon_notification.desktop_notification.win32': Not used on non-Windows systems
[8.474s] INFO:colcon.colcon_notification.desktop_notification:Sending desktop notification using 'notify2'
[33.482s] DEBUG:colcon.colcon_notification.desktop_notification.notify2:Failed to initialize notify2: org.freedesktop.DBus.Error.NoReply: Did not receive a reply. Possible causes include: the remote application did not send a reply, the message bus security policy blocked the reply, the reply timeout expired, or the network connection was broken.
[33.483s] DEBUG:colcon.colcon_core.event_reactor:joined thread
[33.485s] INFO:colcon.colcon_core.shell:Creating prefix script '/home/sunrise/pyListener/install/local_setup.ps1'
[33.492s] INFO:colcon.colcon_core.shell:Creating prefix util module '/home/sunrise/pyListener/install/_local_setup_util_ps1.py'
[33.503s] INFO:colcon.colcon_core.shell:Creating prefix chain script '/home/sunrise/pyListener/install/setup.ps1'
[33.511s] INFO:colcon.colcon_core.shell:Creating prefix script '/home/sunrise/pyListener/install/local_setup.sh'
[33.515s] INFO:colcon.colcon_core.shell:Creating prefix util module '/home/sunrise/pyListener/install/_local_setup_util_sh.py'
[33.520s] INFO:colcon.colcon_core.shell:Creating prefix chain script '/home/sunrise/pyListener/install/setup.sh'
[33.527s] INFO:colcon.colcon_core.shell:Creating prefix script '/home/sunrise/pyListener/install/local_setup.bash'
[33.530s] INFO:colcon.colcon_core.shell:Creating prefix chain script '/home/sunrise/pyListener/install/setup.bash'
[33.537s] INFO:colcon.colcon_core.shell:Creating prefix script '/home/sunrise/pyListener/install/local_setup.zsh'
[33.541s] INFO:colcon.colcon_core.shell:Creating prefix chain script '/home/sunrise/pyListener/install/setup.zsh'
