[4.231s] Invoking command in '/home/sunrise/flask_robot_arm/src/httpController': CONDA_PROMPT_MODIFIER=(base) PYTHONPATH=/home/sunrise/flask_robot_arm/build/httpController/prefix_override:/usr/lib/python3/dist-packages/colcon_core/task/python/colcon_distutils_commands:/home/sunrise/flask_robot_arm/install/httpController/lib/python3.10/site-packages:${PYTHONPATH} /usr/bin/python3 -W ignore:setup.py install is deprecated -W ignore:easy_install command is deprecated setup.py egg_info --egg-base ../../build/httpController build --build-base /home/sunrise/flask_robot_arm/build/httpController/build install --record /home/sunrise/flask_robot_arm/build/httpController/install.log --single-version-externally-managed install_data
[5.727s] running egg_info
[5.731s] writing ../../build/httpController/httpController.egg-info/PKG-INFO
[5.732s] writing dependency_links to ../../build/httpController/httpController.egg-info/dependency_links.txt
[5.733s] writing entry points to ../../build/httpController/httpController.egg-info/entry_points.txt
[5.734s] writing requirements to ../../build/httpController/httpController.egg-info/requires.txt
[5.734s] writing top-level names to ../../build/httpController/httpController.egg-info/top_level.txt
[5.745s] reading manifest file '../../build/httpController/httpController.egg-info/SOURCES.txt'
[5.750s] writing manifest file '../../build/httpController/httpController.egg-info/SOURCES.txt'
[5.751s] running build
[5.752s] running build_py
[5.752s] copying httpController/httpController.py -> /home/sunrise/flask_robot_arm/build/httpController/build/lib/httpController
[5.753s] running install
[5.755s] running install_lib
[5.759s] copying /home/sunrise/flask_robot_arm/build/httpController/build/lib/httpController/httpController.py -> /home/sunrise/flask_robot_arm/install/httpController/lib/python3.10/site-packages/httpController
[5.763s] byte-compiling /home/sunrise/flask_robot_arm/install/httpController/lib/python3.10/site-packages/httpController/httpController.py to httpController.cpython-310.pyc
[5.790s] running install_data
[5.790s] running install_egg_info
[5.799s] removing '/home/sunrise/flask_robot_arm/install/httpController/lib/python3.10/site-packages/httpController-0.0.0-py3.10.egg-info' (and everything under it)
[5.801s] Copying ../../build/httpController/httpController.egg-info to /home/sunrise/flask_robot_arm/install/httpController/lib/python3.10/site-packages/httpController-0.0.0-py3.10.egg-info
[5.806s] running install_scripts
[5.927s] Installing httpController script to /home/sunrise/flask_robot_arm/install/httpController/lib/httpController
[5.929s] writing list of installed files to '/home/sunrise/flask_robot_arm/build/httpController/install.log'
[6.142s] Invoked command in '/home/sunrise/flask_robot_arm/src/httpController' returned '0': CONDA_PROMPT_MODIFIER=(base) PYTHONPATH=/home/sunrise/flask_robot_arm/build/httpController/prefix_override:/usr/lib/python3/dist-packages/colcon_core/task/python/colcon_distutils_commands:/home/sunrise/flask_robot_arm/install/httpController/lib/python3.10/site-packages:${PYTHONPATH} /usr/bin/python3 -W ignore:setup.py install is deprecated -W ignore:easy_install command is deprecated setup.py egg_info --egg-base ../../build/httpController build --build-base /home/sunrise/flask_robot_arm/build/httpController/build install --record /home/sunrise/flask_robot_arm/build/httpController/install.log --single-version-externally-managed install_data
