[1.639s] Invoking command in '/home/sunrise/motor_ws/build/motor_msg': CMAKE_PREFIX_PATH=/opt/tros/humble:/opt/ros/humble:${CMAKE_PREFIX_PATH} /usr/bin/cmake /home/sunrise/motor_ws/src/motor_msg -DCMAKE_INSTALL_PREFIX=/home/sunrise/motor_ws/install/motor_msg
[1.959s] -- The C compiler identification is GNU 11.2.0
[2.280s] -- The CXX compiler identification is GNU 11.2.0
[2.313s] -- Detecting C compiler ABI info
[2.684s] -- Detecting C compiler ABI info - done
[2.733s] -- Check for working C compiler: /usr/bin/cc - skipped
[2.734s] -- Detecting C compile features
[2.736s] -- Detecting C compile features - done
[2.752s] -- Detecting CXX compiler ABI info
[3.187s] -- Detecting CXX compiler ABI info - done
[3.235s] -- Check for working CXX compiler: /usr/bin/c++ - skipped
[3.236s] -- Detecting CXX compile features
[3.238s] -- Detecting CXX compile features - done
[3.249s] -- Found ament_cmake: 1.3.11 (/opt/ros/humble/share/ament_cmake/cmake)
[4.234s] -- Found Python3: /usr/bin/python3 (found version "3.10.12") found components: Interpreter 
[4.748s] -- Found rosidl_default_generators: 1.2.0 (/opt/ros/humble/share/rosidl_default_generators/cmake)
[4.762s] -- Using all available rosidl_typesupport_c: rosidl_typesupport_fastrtps_c;rosidl_typesupport_introspection_c
[4.791s] -- Found rosidl_adapter: 3.1.6 (/opt/ros/humble/share/rosidl_adapter/cmake)
[4.986s] -- Using all available rosidl_typesupport_cpp: rosidl_typesupport_fastrtps_cpp;rosidl_typesupport_introspection_cpp
[5.165s] -- Found builtin_interfaces: 1.2.1 (/opt/ros/humble/share/builtin_interfaces/cmake)
[6.836s] -- Found ament_cmake_ros: 0.10.0 (/opt/ros/humble/share/ament_cmake_ros/cmake)
[8.021s] -- Using all available rosidl_typesupport_c: rosidl_typesupport_fastrtps_c;rosidl_typesupport_introspection_c
[9.519s] -- Using all available rosidl_typesupport_cpp: rosidl_typesupport_fastrtps_cpp;rosidl_typesupport_introspection_cpp
[9.668s] -- Found PythonInterp: /usr/bin/python3 (found suitable version "3.10.12", minimum required is "3.6") 
[9.673s] -- Found python_cmake_module: 0.10.0 (/opt/ros/humble/share/python_cmake_module/cmake)
[9.841s] -- Found PythonLibs: /usr/lib/aarch64-linux-gnu/libpython3.10.so (found suitable version "3.10.12", minimum required is "3.5") 
[9.842s] -- Using PYTHON_EXECUTABLE: /usr/bin/python3
[9.842s] -- Using PYTHON_INCLUDE_DIRS: /usr/include/python3.10
[9.843s] -- Using PYTHON_LIBRARIES: /usr/lib/aarch64-linux-gnu/libpython3.10.so
[9.974s] -- Found PythonExtra: .so  
[10.211s] -- Found ament_lint_auto: 0.12.12 (/opt/ros/humble/share/ament_lint_auto/cmake)
[10.306s] -- Added test 'lint_cmake' to check CMake code style
[10.313s] -- Added test 'xmllint' to check XML markup files
[10.326s] -- Configuring done
[10.469s] -- Generating done
[10.526s] -- Build files have been written to: /home/sunrise/motor_ws/build/motor_msg
[10.563s] Invoked command in '/home/sunrise/motor_ws/build/motor_msg' returned '0': CMAKE_PREFIX_PATH=/opt/tros/humble:/opt/ros/humble:${CMAKE_PREFIX_PATH} /usr/bin/cmake /home/sunrise/motor_ws/src/motor_msg -DCMAKE_INSTALL_PREFIX=/home/sunrise/motor_ws/install/motor_msg
[10.575s] Invoking command in '/home/sunrise/motor_ws/build/motor_msg': CMAKE_PREFIX_PATH=/opt/tros/humble:/opt/ros/humble:${CMAKE_PREFIX_PATH} /usr/bin/cmake --build /home/sunrise/motor_ws/build/motor_msg -- -j8 -l8
[10.764s] [  3%] [34m[1mGenerating C code for ROS interfaces[0m
[10.810s] [  6%] [34m[1mGenerating C++ code for ROS interfaces[0m
[10.852s] [  6%] Built target ament_cmake_python_copy_motor_msg
[12.411s] running egg_info
[12.415s] creating motor_msg.egg-info
[12.416s] writing motor_msg.egg-info/PKG-INFO
[12.417s] writing dependency_links to motor_msg.egg-info/dependency_links.txt
[12.419s] writing top-level names to motor_msg.egg-info/top_level.txt
[12.420s] writing manifest file 'motor_msg.egg-info/SOURCES.txt'
[12.432s] reading manifest file 'motor_msg.egg-info/SOURCES.txt'
[12.435s] writing manifest file 'motor_msg.egg-info/SOURCES.txt'
[12.613s] [  9%] [32mBuilding C object CMakeFiles/motor_msg__rosidl_generator_c.dir/rosidl_generator_c/motor_msg/msg/detail/motor__functions.c.o[0m
[12.666s] [  9%] Built target ament_cmake_python_build_motor_msg_egg
[12.707s] [  9%] Built target motor_msg__cpp
[12.752s] [ 19%] [34m[1mGenerating C++ introspection for ROS interfaces[0m
[12.753s] [ 19%] [34m[1mGenerating C++ type support for eProsima Fast-RTPS[0m
[12.754s] [ 19%] [34m[1mGenerating C++ type support dispatch for ROS interfaces[0m
[12.881s] [ 22%] [32m[1mLinking C shared library libmotor_msg__rosidl_generator_c.so[0m
[13.101s] [ 22%] Built target motor_msg__rosidl_generator_c
[13.149s] [ 29%] [34m[1mGenerating C introspection for ROS interfaces[0m
[13.150s] [ 29%] [34m[1mGenerating C type support for eProsima Fast-RTPS[0m
[13.151s] [ 32%] [34m[1mGenerating C type support dispatch for ROS interfaces[0m
[14.375s] [ 35%] [32mBuilding CXX object CMakeFiles/motor_msg__rosidl_typesupport_cpp.dir/rosidl_typesupport_cpp/motor_msg/msg/motor__type_support.cpp.o[0m
[14.524s] [ 38%] [32mBuilding CXX object CMakeFiles/motor_msg__rosidl_typesupport_introspection_cpp.dir/rosidl_typesupport_introspection_cpp/motor_msg/msg/detail/motor__type_support.cpp.o[0m
[14.557s] [ 41%] [32mBuilding CXX object CMakeFiles/motor_msg__rosidl_typesupport_fastrtps_cpp.dir/rosidl_typesupport_fastrtps_cpp/motor_msg/msg/detail/dds_fastrtps/motor__type_support.cpp.o[0m
[14.848s] [ 45%] [32mBuilding CXX object CMakeFiles/motor_msg__rosidl_typesupport_c.dir/rosidl_typesupport_c/motor_msg/msg/motor__type_support.cpp.o[0m
[14.893s] [ 48%] [32mBuilding C object CMakeFiles/motor_msg__rosidl_typesupport_introspection_c.dir/rosidl_typesupport_introspection_c/motor_msg/msg/detail/motor__type_support.c.o[0m
[14.968s] [ 51%] [32mBuilding CXX object CMakeFiles/motor_msg__rosidl_typesupport_fastrtps_c.dir/rosidl_typesupport_fastrtps_c/motor_msg/msg/detail/motor__type_support_c.cpp.o[0m
[15.006s] [ 54%] [32m[1mLinking CXX shared library libmotor_msg__rosidl_typesupport_c.so[0m
[15.076s] [ 58%] [32m[1mLinking C shared library libmotor_msg__rosidl_typesupport_introspection_c.so[0m
[15.229s] [ 58%] Built target motor_msg__rosidl_typesupport_c
[15.230s] [ 58%] Built target motor_msg__rosidl_typesupport_introspection_c
[16.065s] [ 61%] [32m[1mLinking CXX shared library libmotor_msg__rosidl_typesupport_cpp.so[0m
[16.252s] [ 61%] Built target motor_msg__rosidl_typesupport_cpp
[16.906s] [ 64%] [32m[1mLinking CXX shared library libmotor_msg__rosidl_typesupport_introspection_cpp.so[0m
[16.988s] [ 67%] [32m[1mLinking CXX shared library libmotor_msg__rosidl_typesupport_fastrtps_cpp.so[0m
[17.034s] [ 70%] [32m[1mLinking CXX shared library libmotor_msg__rosidl_typesupport_fastrtps_c.so[0m
[17.092s] [ 70%] Built target motor_msg__rosidl_typesupport_introspection_cpp
[17.522s] [ 70%] Built target motor_msg__rosidl_typesupport_fastrtps_c
[17.635s] [ 70%] Built target motor_msg__rosidl_typesupport_fastrtps_cpp
[17.735s] [ 70%] Built target motor_msg
[17.839s] [ 74%] [34m[1mGenerating Python code for ROS interfaces[0m
[19.973s] [ 74%] Built target motor_msg__py
[20.074s] [ 77%] [32mBuilding C object CMakeFiles/motor_msg__rosidl_generator_py.dir/rosidl_generator_py/motor_msg/msg/_motor_s.c.o[0m
[20.730s] [ 80%] [32m[1mLinking C shared library rosidl_generator_py/motor_msg/libmotor_msg__rosidl_generator_py.so[0m
[20.973s] [ 80%] Built target motor_msg__rosidl_generator_py
[21.070s] [ 90%] [32mBuilding C object CMakeFiles/motor_msg__rosidl_typesupport_fastrtps_c__pyext.dir/rosidl_generator_py/motor_msg/_motor_msg_s.ep.rosidl_typesupport_fastrtps_c.c.o[0m
[21.071s] [ 90%] [32mBuilding C object CMakeFiles/motor_msg__rosidl_typesupport_c__pyext.dir/rosidl_generator_py/motor_msg/_motor_msg_s.ep.rosidl_typesupport_c.c.o[0m
[21.072s] [ 90%] [32mBuilding C object CMakeFiles/motor_msg__rosidl_typesupport_introspection_c__pyext.dir/rosidl_generator_py/motor_msg/_motor_msg_s.ep.rosidl_typesupport_introspection_c.c.o[0m
[21.624s] [ 96%] [32m[1mLinking C shared library rosidl_generator_py/motor_msg/motor_msg_s__rosidl_typesupport_introspection_c.cpython-310-aarch64-linux-gnu.so[0m
[21.624s] [ 96%] [32m[1mLinking C shared library rosidl_generator_py/motor_msg/motor_msg_s__rosidl_typesupport_fastrtps_c.cpython-310-aarch64-linux-gnu.so[0m
[21.633s] [100%] [32m[1mLinking C shared library rosidl_generator_py/motor_msg/motor_msg_s__rosidl_typesupport_c.cpython-310-aarch64-linux-gnu.so[0m
[21.837s] [100%] Built target motor_msg__rosidl_typesupport_introspection_c__pyext
[21.838s] [100%] Built target motor_msg__rosidl_typesupport_fastrtps_c__pyext
[21.843s] [100%] Built target motor_msg__rosidl_typesupport_c__pyext
[21.907s] Invoked command in '/home/sunrise/motor_ws/build/motor_msg' returned '0': CMAKE_PREFIX_PATH=/opt/tros/humble:/opt/ros/humble:${CMAKE_PREFIX_PATH} /usr/bin/cmake --build /home/sunrise/motor_ws/build/motor_msg -- -j8 -l8
[21.956s] Invoking command in '/home/sunrise/motor_ws/build/motor_msg': CMAKE_PREFIX_PATH=/opt/tros/humble:/opt/ros/humble:${CMAKE_PREFIX_PATH} /usr/bin/cmake --install /home/sunrise/motor_ws/build/motor_msg
[21.992s] -- Install configuration: ""
[21.993s] -- Installing: /home/sunrise/motor_ws/install/motor_msg/share/ament_index/resource_index/rosidl_interfaces/motor_msg
[21.994s] -- Installing: /home/sunrise/motor_ws/install/motor_msg/include/motor_msg/motor_msg
[21.995s] -- Installing: /home/sunrise/motor_ws/install/motor_msg/include/motor_msg/motor_msg/msg
[21.995s] -- Installing: /home/sunrise/motor_ws/install/motor_msg/include/motor_msg/motor_msg/msg/detail
[21.996s] -- Installing: /home/sunrise/motor_ws/install/motor_msg/include/motor_msg/motor_msg/msg/detail/motor__functions.c
[21.996s] -- Installing: /home/sunrise/motor_ws/install/motor_msg/include/motor_msg/motor_msg/msg/detail/motor__struct.h
[21.997s] -- Installing: /home/sunrise/motor_ws/install/motor_msg/include/motor_msg/motor_msg/msg/detail/motor__functions.h
[21.997s] -- Installing: /home/sunrise/motor_ws/install/motor_msg/include/motor_msg/motor_msg/msg/detail/motor__type_support.h
[21.998s] -- Installing: /home/sunrise/motor_ws/install/motor_msg/include/motor_msg/motor_msg/msg/motor.h
[21.998s] -- Installing: /home/sunrise/motor_ws/install/motor_msg/include/motor_msg/motor_msg/msg/rosidl_generator_c__visibility_control.h
[21.999s] -- Installing: /home/sunrise/motor_ws/install/motor_msg/share/motor_msg/environment/library_path.sh
[21.999s] -- Installing: /home/sunrise/motor_ws/install/motor_msg/share/motor_msg/environment/library_path.dsv
[22.000s] -- Installing: /home/sunrise/motor_ws/install/motor_msg/lib/libmotor_msg__rosidl_generator_c.so
[22.001s] -- Set runtime path of "/home/sunrise/motor_ws/install/motor_msg/lib/libmotor_msg__rosidl_generator_c.so" to ""
[22.002s] -- Up-to-date: /home/sunrise/motor_ws/install/motor_msg/include/motor_msg/motor_msg
[22.002s] -- Up-to-date: /home/sunrise/motor_ws/install/motor_msg/include/motor_msg/motor_msg/msg
[22.003s] -- Installing: /home/sunrise/motor_ws/install/motor_msg/include/motor_msg/motor_msg/msg/rosidl_typesupport_fastrtps_c__visibility_control.h
[22.003s] -- Up-to-date: /home/sunrise/motor_ws/install/motor_msg/include/motor_msg/motor_msg/msg/detail
[22.004s] -- Installing: /home/sunrise/motor_ws/install/motor_msg/include/motor_msg/motor_msg/msg/detail/motor__rosidl_typesupport_fastrtps_c.h
[22.004s] -- Installing: /home/sunrise/motor_ws/install/motor_msg/lib/libmotor_msg__rosidl_typesupport_fastrtps_c.so
[22.005s] -- Set runtime path of "/home/sunrise/motor_ws/install/motor_msg/lib/libmotor_msg__rosidl_typesupport_fastrtps_c.so" to ""
[22.006s] -- Up-to-date: /home/sunrise/motor_ws/install/motor_msg/include/motor_msg/motor_msg
[22.006s] -- Up-to-date: /home/sunrise/motor_ws/install/motor_msg/include/motor_msg/motor_msg/msg
[22.007s] -- Installing: /home/sunrise/motor_ws/install/motor_msg/include/motor_msg/motor_msg/msg/rosidl_typesupport_introspection_c__visibility_control.h
[22.007s] -- Up-to-date: /home/sunrise/motor_ws/install/motor_msg/include/motor_msg/motor_msg/msg/detail
[22.008s] -- Installing: /home/sunrise/motor_ws/install/motor_msg/include/motor_msg/motor_msg/msg/detail/motor__rosidl_typesupport_introspection_c.h
[22.008s] -- Installing: /home/sunrise/motor_ws/install/motor_msg/include/motor_msg/motor_msg/msg/detail/motor__type_support.c
[22.009s] -- Installing: /home/sunrise/motor_ws/install/motor_msg/lib/libmotor_msg__rosidl_typesupport_introspection_c.so
[22.009s] -- Set runtime path of "/home/sunrise/motor_ws/install/motor_msg/lib/libmotor_msg__rosidl_typesupport_introspection_c.so" to ""
[22.010s] -- Installing: /home/sunrise/motor_ws/install/motor_msg/lib/libmotor_msg__rosidl_typesupport_c.so
[22.011s] -- Set runtime path of "/home/sunrise/motor_ws/install/motor_msg/lib/libmotor_msg__rosidl_typesupport_c.so" to ""
[22.011s] -- Up-to-date: /home/sunrise/motor_ws/install/motor_msg/include/motor_msg/motor_msg
[22.012s] -- Up-to-date: /home/sunrise/motor_ws/install/motor_msg/include/motor_msg/motor_msg/msg
[22.012s] -- Installing: /home/sunrise/motor_ws/install/motor_msg/include/motor_msg/motor_msg/msg/rosidl_generator_cpp__visibility_control.hpp
[22.013s] -- Up-to-date: /home/sunrise/motor_ws/install/motor_msg/include/motor_msg/motor_msg/msg/detail
[22.013s] -- Installing: /home/sunrise/motor_ws/install/motor_msg/include/motor_msg/motor_msg/msg/detail/motor__traits.hpp
[22.014s] -- Installing: /home/sunrise/motor_ws/install/motor_msg/include/motor_msg/motor_msg/msg/detail/motor__struct.hpp
[22.015s] -- Installing: /home/sunrise/motor_ws/install/motor_msg/include/motor_msg/motor_msg/msg/detail/motor__type_support.hpp
[22.015s] -- Installing: /home/sunrise/motor_ws/install/motor_msg/include/motor_msg/motor_msg/msg/detail/motor__builder.hpp
[22.016s] -- Installing: /home/sunrise/motor_ws/install/motor_msg/include/motor_msg/motor_msg/msg/motor.hpp
[22.016s] -- Up-to-date: /home/sunrise/motor_ws/install/motor_msg/include/motor_msg/motor_msg
[22.017s] -- Up-to-date: /home/sunrise/motor_ws/install/motor_msg/include/motor_msg/motor_msg/msg
[22.017s] -- Up-to-date: /home/sunrise/motor_ws/install/motor_msg/include/motor_msg/motor_msg/msg/detail
[22.018s] -- Installing: /home/sunrise/motor_ws/install/motor_msg/include/motor_msg/motor_msg/msg/detail/motor__rosidl_typesupport_fastrtps_cpp.hpp
[22.018s] -- Installing: /home/sunrise/motor_ws/install/motor_msg/include/motor_msg/motor_msg/msg/detail/dds_fastrtps
[22.019s] -- Installing: /home/sunrise/motor_ws/install/motor_msg/include/motor_msg/motor_msg/msg/rosidl_typesupport_fastrtps_cpp__visibility_control.h
[22.020s] -- Installing: /home/sunrise/motor_ws/install/motor_msg/lib/libmotor_msg__rosidl_typesupport_fastrtps_cpp.so
[22.020s] -- Set runtime path of "/home/sunrise/motor_ws/install/motor_msg/lib/libmotor_msg__rosidl_typesupport_fastrtps_cpp.so" to ""
[22.021s] -- Up-to-date: /home/sunrise/motor_ws/install/motor_msg/include/motor_msg/motor_msg
[22.021s] -- Up-to-date: /home/sunrise/motor_ws/install/motor_msg/include/motor_msg/motor_msg/msg
[22.022s] -- Up-to-date: /home/sunrise/motor_ws/install/motor_msg/include/motor_msg/motor_msg/msg/detail
[22.022s] -- Installing: /home/sunrise/motor_ws/install/motor_msg/include/motor_msg/motor_msg/msg/detail/motor__rosidl_typesupport_introspection_cpp.hpp
[22.023s] -- Installing: /home/sunrise/motor_ws/install/motor_msg/include/motor_msg/motor_msg/msg/detail/motor__type_support.cpp
[22.023s] -- Installing: /home/sunrise/motor_ws/install/motor_msg/lib/libmotor_msg__rosidl_typesupport_introspection_cpp.so
[22.024s] -- Set runtime path of "/home/sunrise/motor_ws/install/motor_msg/lib/libmotor_msg__rosidl_typesupport_introspection_cpp.so" to ""
[22.024s] -- Installing: /home/sunrise/motor_ws/install/motor_msg/lib/libmotor_msg__rosidl_typesupport_cpp.so
[22.025s] -- Set runtime path of "/home/sunrise/motor_ws/install/motor_msg/lib/libmotor_msg__rosidl_typesupport_cpp.so" to ""
[22.025s] -- Installing: /home/sunrise/motor_ws/install/motor_msg/share/motor_msg/environment/pythonpath.sh
[22.026s] -- Installing: /home/sunrise/motor_ws/install/motor_msg/share/motor_msg/environment/pythonpath.dsv
[22.027s] -- Installing: /home/sunrise/motor_ws/install/motor_msg/local/lib/python3.10/dist-packages/motor_msg-0.0.0-py3.10.egg-info
[22.027s] -- Installing: /home/sunrise/motor_ws/install/motor_msg/local/lib/python3.10/dist-packages/motor_msg-0.0.0-py3.10.egg-info/SOURCES.txt
[22.028s] -- Installing: /home/sunrise/motor_ws/install/motor_msg/local/lib/python3.10/dist-packages/motor_msg-0.0.0-py3.10.egg-info/top_level.txt
[22.028s] -- Installing: /home/sunrise/motor_ws/install/motor_msg/local/lib/python3.10/dist-packages/motor_msg-0.0.0-py3.10.egg-info/dependency_links.txt
[22.029s] -- Installing: /home/sunrise/motor_ws/install/motor_msg/local/lib/python3.10/dist-packages/motor_msg-0.0.0-py3.10.egg-info/PKG-INFO
[22.029s] -- Installing: /home/sunrise/motor_ws/install/motor_msg/local/lib/python3.10/dist-packages/motor_msg
[22.030s] -- Installing: /home/sunrise/motor_ws/install/motor_msg/local/lib/python3.10/dist-packages/motor_msg/libmotor_msg__rosidl_generator_py.so
[22.030s] -- Installing: /home/sunrise/motor_ws/install/motor_msg/local/lib/python3.10/dist-packages/motor_msg/_motor_msg_s.ep.rosidl_typesupport_c.c
[22.031s] -- Installing: /home/sunrise/motor_ws/install/motor_msg/local/lib/python3.10/dist-packages/motor_msg/msg
[22.032s] -- Installing: /home/sunrise/motor_ws/install/motor_msg/local/lib/python3.10/dist-packages/motor_msg/msg/_motor.py
[22.032s] -- Installing: /home/sunrise/motor_ws/install/motor_msg/local/lib/python3.10/dist-packages/motor_msg/msg/_motor_s.c
[22.033s] -- Installing: /home/sunrise/motor_ws/install/motor_msg/local/lib/python3.10/dist-packages/motor_msg/msg/__init__.py
[22.033s] -- Installing: /home/sunrise/motor_ws/install/motor_msg/local/lib/python3.10/dist-packages/motor_msg/_motor_msg_s.ep.rosidl_typesupport_fastrtps_c.c
[22.034s] -- Installing: /home/sunrise/motor_ws/install/motor_msg/local/lib/python3.10/dist-packages/motor_msg/motor_msg_s__rosidl_typesupport_c.cpython-310-aarch64-linux-gnu.so
[22.034s] -- Installing: /home/sunrise/motor_ws/install/motor_msg/local/lib/python3.10/dist-packages/motor_msg/motor_msg_s__rosidl_typesupport_fastrtps_c.cpython-310-aarch64-linux-gnu.so
[22.035s] -- Installing: /home/sunrise/motor_ws/install/motor_msg/local/lib/python3.10/dist-packages/motor_msg/__init__.py
[22.035s] -- Installing: /home/sunrise/motor_ws/install/motor_msg/local/lib/python3.10/dist-packages/motor_msg/motor_msg_s__rosidl_typesupport_introspection_c.cpython-310-aarch64-linux-gnu.so
[22.036s] -- Installing: /home/sunrise/motor_ws/install/motor_msg/local/lib/python3.10/dist-packages/motor_msg/_motor_msg_s.ep.rosidl_typesupport_introspection_c.c
[22.258s] Listing '/home/sunrise/motor_ws/install/motor_msg/local/lib/python3.10/dist-packages/motor_msg'...
[22.258s] Compiling '/home/sunrise/motor_ws/install/motor_msg/local/lib/python3.10/dist-packages/motor_msg/__init__.py'...
[22.259s] Listing '/home/sunrise/motor_ws/install/motor_msg/local/lib/python3.10/dist-packages/motor_msg/msg'...
[22.259s] Compiling '/home/sunrise/motor_ws/install/motor_msg/local/lib/python3.10/dist-packages/motor_msg/msg/__init__.py'...
[22.260s] Compiling '/home/sunrise/motor_ws/install/motor_msg/local/lib/python3.10/dist-packages/motor_msg/msg/_motor.py'...
[22.302s] -- Installing: /home/sunrise/motor_ws/install/motor_msg/local/lib/python3.10/dist-packages/motor_msg/motor_msg_s__rosidl_typesupport_fastrtps_c.cpython-310-aarch64-linux-gnu.so
[22.303s] -- Set runtime path of "/home/sunrise/motor_ws/install/motor_msg/local/lib/python3.10/dist-packages/motor_msg/motor_msg_s__rosidl_typesupport_fastrtps_c.cpython-310-aarch64-linux-gnu.so" to ""
[22.304s] -- Installing: /home/sunrise/motor_ws/install/motor_msg/local/lib/python3.10/dist-packages/motor_msg/motor_msg_s__rosidl_typesupport_introspection_c.cpython-310-aarch64-linux-gnu.so
[22.306s] -- Set runtime path of "/home/sunrise/motor_ws/install/motor_msg/local/lib/python3.10/dist-packages/motor_msg/motor_msg_s__rosidl_typesupport_introspection_c.cpython-310-aarch64-linux-gnu.so" to ""
[22.307s] -- Installing: /home/sunrise/motor_ws/install/motor_msg/local/lib/python3.10/dist-packages/motor_msg/motor_msg_s__rosidl_typesupport_c.cpython-310-aarch64-linux-gnu.so
[22.308s] -- Set runtime path of "/home/sunrise/motor_ws/install/motor_msg/local/lib/python3.10/dist-packages/motor_msg/motor_msg_s__rosidl_typesupport_c.cpython-310-aarch64-linux-gnu.so" to ""
[22.309s] -- Installing: /home/sunrise/motor_ws/install/motor_msg/lib/libmotor_msg__rosidl_generator_py.so
[22.311s] -- Set runtime path of "/home/sunrise/motor_ws/install/motor_msg/lib/libmotor_msg__rosidl_generator_py.so" to ""
[22.311s] -- Installing: /home/sunrise/motor_ws/install/motor_msg/share/motor_msg/msg/Motor.idl
[22.312s] -- Installing: /home/sunrise/motor_ws/install/motor_msg/share/motor_msg/msg/Motor.msg
[22.313s] -- Installing: /home/sunrise/motor_ws/install/motor_msg/share/ament_index/resource_index/package_run_dependencies/motor_msg
[22.314s] -- Installing: /home/sunrise/motor_ws/install/motor_msg/share/ament_index/resource_index/parent_prefix_path/motor_msg
[22.315s] -- Installing: /home/sunrise/motor_ws/install/motor_msg/share/motor_msg/environment/ament_prefix_path.sh
[22.315s] -- Installing: /home/sunrise/motor_ws/install/motor_msg/share/motor_msg/environment/ament_prefix_path.dsv
[22.316s] -- Installing: /home/sunrise/motor_ws/install/motor_msg/share/motor_msg/environment/path.sh
[22.317s] -- Installing: /home/sunrise/motor_ws/install/motor_msg/share/motor_msg/environment/path.dsv
[22.317s] -- Installing: /home/sunrise/motor_ws/install/motor_msg/share/motor_msg/local_setup.bash
[22.318s] -- Installing: /home/sunrise/motor_ws/install/motor_msg/share/motor_msg/local_setup.sh
[22.319s] -- Installing: /home/sunrise/motor_ws/install/motor_msg/share/motor_msg/local_setup.zsh
[22.319s] -- Installing: /home/sunrise/motor_ws/install/motor_msg/share/motor_msg/local_setup.dsv
[22.320s] -- Installing: /home/sunrise/motor_ws/install/motor_msg/share/motor_msg/package.dsv
[22.321s] -- Installing: /home/sunrise/motor_ws/install/motor_msg/share/ament_index/resource_index/packages/motor_msg
[22.321s] -- Installing: /home/sunrise/motor_ws/install/motor_msg/share/motor_msg/cmake/export_motor_msg__rosidl_generator_cExport.cmake
[22.322s] -- Installing: /home/sunrise/motor_ws/install/motor_msg/share/motor_msg/cmake/export_motor_msg__rosidl_generator_cExport-noconfig.cmake
[22.323s] -- Installing: /home/sunrise/motor_ws/install/motor_msg/share/motor_msg/cmake/export_motor_msg__rosidl_typesupport_fastrtps_cExport.cmake
[22.323s] -- Installing: /home/sunrise/motor_ws/install/motor_msg/share/motor_msg/cmake/export_motor_msg__rosidl_typesupport_fastrtps_cExport-noconfig.cmake
[22.324s] -- Installing: /home/sunrise/motor_ws/install/motor_msg/share/motor_msg/cmake/motor_msg__rosidl_typesupport_introspection_cExport.cmake
[22.325s] -- Installing: /home/sunrise/motor_ws/install/motor_msg/share/motor_msg/cmake/motor_msg__rosidl_typesupport_introspection_cExport-noconfig.cmake
[22.325s] -- Installing: /home/sunrise/motor_ws/install/motor_msg/share/motor_msg/cmake/motor_msg__rosidl_typesupport_cExport.cmake
[22.326s] -- Installing: /home/sunrise/motor_ws/install/motor_msg/share/motor_msg/cmake/motor_msg__rosidl_typesupport_cExport-noconfig.cmake
[22.327s] -- Installing: /home/sunrise/motor_ws/install/motor_msg/share/motor_msg/cmake/export_motor_msg__rosidl_generator_cppExport.cmake
[22.327s] -- Installing: /home/sunrise/motor_ws/install/motor_msg/share/motor_msg/cmake/export_motor_msg__rosidl_typesupport_fastrtps_cppExport.cmake
[22.328s] -- Installing: /home/sunrise/motor_ws/install/motor_msg/share/motor_msg/cmake/export_motor_msg__rosidl_typesupport_fastrtps_cppExport-noconfig.cmake
[22.329s] -- Installing: /home/sunrise/motor_ws/install/motor_msg/share/motor_msg/cmake/motor_msg__rosidl_typesupport_introspection_cppExport.cmake
[22.329s] -- Installing: /home/sunrise/motor_ws/install/motor_msg/share/motor_msg/cmake/motor_msg__rosidl_typesupport_introspection_cppExport-noconfig.cmake
[22.330s] -- Installing: /home/sunrise/motor_ws/install/motor_msg/share/motor_msg/cmake/motor_msg__rosidl_typesupport_cppExport.cmake
[22.331s] -- Installing: /home/sunrise/motor_ws/install/motor_msg/share/motor_msg/cmake/motor_msg__rosidl_typesupport_cppExport-noconfig.cmake
[22.332s] -- Installing: /home/sunrise/motor_ws/install/motor_msg/share/motor_msg/cmake/export_motor_msg__rosidl_generator_pyExport.cmake
[22.332s] -- Installing: /home/sunrise/motor_ws/install/motor_msg/share/motor_msg/cmake/export_motor_msg__rosidl_generator_pyExport-noconfig.cmake
[22.333s] -- Installing: /home/sunrise/motor_ws/install/motor_msg/share/motor_msg/cmake/rosidl_cmake-extras.cmake
[22.334s] -- Installing: /home/sunrise/motor_ws/install/motor_msg/share/motor_msg/cmake/ament_cmake_export_dependencies-extras.cmake
[22.335s] -- Installing: /home/sunrise/motor_ws/install/motor_msg/share/motor_msg/cmake/ament_cmake_export_include_directories-extras.cmake
[22.335s] -- Installing: /home/sunrise/motor_ws/install/motor_msg/share/motor_msg/cmake/ament_cmake_export_libraries-extras.cmake
[22.336s] -- Installing: /home/sunrise/motor_ws/install/motor_msg/share/motor_msg/cmake/ament_cmake_export_targets-extras.cmake
[22.337s] -- Installing: /home/sunrise/motor_ws/install/motor_msg/share/motor_msg/cmake/rosidl_cmake_export_typesupport_targets-extras.cmake
[22.337s] -- Installing: /home/sunrise/motor_ws/install/motor_msg/share/motor_msg/cmake/rosidl_cmake_export_typesupport_libraries-extras.cmake
[22.338s] -- Installing: /home/sunrise/motor_ws/install/motor_msg/share/motor_msg/cmake/motor_msgConfig.cmake
[22.339s] -- Installing: /home/sunrise/motor_ws/install/motor_msg/share/motor_msg/cmake/motor_msgConfig-version.cmake
[22.339s] -- Installing: /home/sunrise/motor_ws/install/motor_msg/share/motor_msg/package.xml
[22.354s] Invoked command in '/home/sunrise/motor_ws/build/motor_msg' returned '0': CMAKE_PREFIX_PATH=/opt/tros/humble:/opt/ros/humble:${CMAKE_PREFIX_PATH} /usr/bin/cmake --install /home/sunrise/motor_ws/build/motor_msg
