[  3%] Built target receive_msg__cpp
[ 12%] Built target receive_msg__rosidl_generator_c
[ 12%] Built target ament_cmake_python_copy_receive_msg
[ 22%] Built target receive_msg__rosidl_typesupport_introspection_c
[ 32%] Built target receive_msg__rosidl_typesupport_cpp
[ 41%] Built target receive_msg__rosidl_typesupport_fastrtps_cpp
[ 51%] Built target receive_msg__rosidl_typesupport_c
[ 61%] Built target receive_msg__rosidl_typesupport_fastrtps_c
[ 70%] Built target receive_msg__rosidl_typesupport_introspection_cpp
[ 70%] Built target receive_msg
[ 74%] Built target receive_msg__py
[ 80%] Built target receive_msg__rosidl_generator_py
[ 93%] Built target receive_msg__rosidl_typesupport_c__pyext
[ 93%] Built target receive_msg__rosidl_typesupport_fastrtps_c__pyext
[100%] Built target receive_msg__rosidl_typesupport_introspection_c__pyext
running egg_info
writing receive_msg.egg-info/PKG-INFO
writing dependency_links to receive_msg.egg-info/dependency_links.txt
writing top-level names to receive_msg.egg-info/top_level.txt
reading manifest file 'receive_msg.egg-info/SOURCES.txt'
writing manifest file 'receive_msg.egg-info/SOURCES.txt'
[100%] Built target ament_cmake_python_build_receive_msg_egg
-- Install configuration: ""
-- Installing: /home/sunrise/motor_ws/install/receive_msg/share/ament_index/resource_index/rosidl_interfaces/receive_msg
-- Installing: /home/sunrise/motor_ws/install/receive_msg/include/receive_msg/receive_msg
-- Installing: /home/sunrise/motor_ws/install/receive_msg/include/receive_msg/receive_msg/msg
-- Installing: /home/sunrise/motor_ws/install/receive_msg/include/receive_msg/receive_msg/msg/receive.h
-- Installing: /home/sunrise/motor_ws/install/receive_msg/include/receive_msg/receive_msg/msg/detail
-- Installing: /home/sunrise/motor_ws/install/receive_msg/include/receive_msg/receive_msg/msg/detail/receive__struct.h
-- Installing: /home/sunrise/motor_ws/install/receive_msg/include/receive_msg/receive_msg/msg/detail/receive__functions.c
-- Installing: /home/sunrise/motor_ws/install/receive_msg/include/receive_msg/receive_msg/msg/detail/receive__functions.h
-- Installing: /home/sunrise/motor_ws/install/receive_msg/include/receive_msg/receive_msg/msg/detail/receive__type_support.h
-- Installing: /home/sunrise/motor_ws/install/receive_msg/include/receive_msg/receive_msg/msg/rosidl_generator_c__visibility_control.h
-- Installing: /home/sunrise/motor_ws/install/receive_msg/share/receive_msg/environment/library_path.sh
-- Installing: /home/sunrise/motor_ws/install/receive_msg/share/receive_msg/environment/library_path.dsv
-- Installing: /home/sunrise/motor_ws/install/receive_msg/lib/libreceive_msg__rosidl_generator_c.so
-- Set runtime path of "/home/sunrise/motor_ws/install/receive_msg/lib/libreceive_msg__rosidl_generator_c.so" to ""
-- Up-to-date: /home/sunrise/motor_ws/install/receive_msg/include/receive_msg/receive_msg
-- Up-to-date: /home/sunrise/motor_ws/install/receive_msg/include/receive_msg/receive_msg/msg
-- Installing: /home/sunrise/motor_ws/install/receive_msg/include/receive_msg/receive_msg/msg/rosidl_typesupport_fastrtps_c__visibility_control.h
-- Up-to-date: /home/sunrise/motor_ws/install/receive_msg/include/receive_msg/receive_msg/msg/detail
-- Installing: /home/sunrise/motor_ws/install/receive_msg/include/receive_msg/receive_msg/msg/detail/receive__rosidl_typesupport_fastrtps_c.h
-- Installing: /home/sunrise/motor_ws/install/receive_msg/lib/libreceive_msg__rosidl_typesupport_fastrtps_c.so
-- Set runtime path of "/home/sunrise/motor_ws/install/receive_msg/lib/libreceive_msg__rosidl_typesupport_fastrtps_c.so" to ""
-- Up-to-date: /home/sunrise/motor_ws/install/receive_msg/include/receive_msg/receive_msg
-- Up-to-date: /home/sunrise/motor_ws/install/receive_msg/include/receive_msg/receive_msg/msg
-- Installing: /home/sunrise/motor_ws/install/receive_msg/include/receive_msg/receive_msg/msg/rosidl_typesupport_introspection_c__visibility_control.h
-- Up-to-date: /home/sunrise/motor_ws/install/receive_msg/include/receive_msg/receive_msg/msg/detail
-- Installing: /home/sunrise/motor_ws/install/receive_msg/include/receive_msg/receive_msg/msg/detail/receive__rosidl_typesupport_introspection_c.h
-- Installing: /home/sunrise/motor_ws/install/receive_msg/include/receive_msg/receive_msg/msg/detail/receive__type_support.c
-- Installing: /home/sunrise/motor_ws/install/receive_msg/lib/libreceive_msg__rosidl_typesupport_introspection_c.so
-- Set runtime path of "/home/sunrise/motor_ws/install/receive_msg/lib/libreceive_msg__rosidl_typesupport_introspection_c.so" to ""
-- Installing: /home/sunrise/motor_ws/install/receive_msg/lib/libreceive_msg__rosidl_typesupport_c.so
-- Set runtime path of "/home/sunrise/motor_ws/install/receive_msg/lib/libreceive_msg__rosidl_typesupport_c.so" to ""
-- Up-to-date: /home/sunrise/motor_ws/install/receive_msg/include/receive_msg/receive_msg
-- Up-to-date: /home/sunrise/motor_ws/install/receive_msg/include/receive_msg/receive_msg/msg
-- Installing: /home/sunrise/motor_ws/install/receive_msg/include/receive_msg/receive_msg/msg/receive.hpp
-- Installing: /home/sunrise/motor_ws/install/receive_msg/include/receive_msg/receive_msg/msg/rosidl_generator_cpp__visibility_control.hpp
-- Up-to-date: /home/sunrise/motor_ws/install/receive_msg/include/receive_msg/receive_msg/msg/detail
-- Installing: /home/sunrise/motor_ws/install/receive_msg/include/receive_msg/receive_msg/msg/detail/receive__struct.hpp
-- Installing: /home/sunrise/motor_ws/install/receive_msg/include/receive_msg/receive_msg/msg/detail/receive__type_support.hpp
-- Installing: /home/sunrise/motor_ws/install/receive_msg/include/receive_msg/receive_msg/msg/detail/receive__traits.hpp
-- Installing: /home/sunrise/motor_ws/install/receive_msg/include/receive_msg/receive_msg/msg/detail/receive__builder.hpp
-- Up-to-date: /home/sunrise/motor_ws/install/receive_msg/include/receive_msg/receive_msg
-- Up-to-date: /home/sunrise/motor_ws/install/receive_msg/include/receive_msg/receive_msg/msg
-- Up-to-date: /home/sunrise/motor_ws/install/receive_msg/include/receive_msg/receive_msg/msg/detail
-- Installing: /home/sunrise/motor_ws/install/receive_msg/include/receive_msg/receive_msg/msg/detail/dds_fastrtps
-- Installing: /home/sunrise/motor_ws/install/receive_msg/include/receive_msg/receive_msg/msg/detail/receive__rosidl_typesupport_fastrtps_cpp.hpp
-- Installing: /home/sunrise/motor_ws/install/receive_msg/include/receive_msg/receive_msg/msg/rosidl_typesupport_fastrtps_cpp__visibility_control.h
-- Installing: /home/sunrise/motor_ws/install/receive_msg/lib/libreceive_msg__rosidl_typesupport_fastrtps_cpp.so
-- Set runtime path of "/home/sunrise/motor_ws/install/receive_msg/lib/libreceive_msg__rosidl_typesupport_fastrtps_cpp.so" to ""
-- Up-to-date: /home/sunrise/motor_ws/install/receive_msg/include/receive_msg/receive_msg
-- Up-to-date: /home/sunrise/motor_ws/install/receive_msg/include/receive_msg/receive_msg/msg
-- Up-to-date: /home/sunrise/motor_ws/install/receive_msg/include/receive_msg/receive_msg/msg/detail
-- Installing: /home/sunrise/motor_ws/install/receive_msg/include/receive_msg/receive_msg/msg/detail/receive__type_support.cpp
-- Installing: /home/sunrise/motor_ws/install/receive_msg/include/receive_msg/receive_msg/msg/detail/receive__rosidl_typesupport_introspection_cpp.hpp
-- Installing: /home/sunrise/motor_ws/install/receive_msg/lib/libreceive_msg__rosidl_typesupport_introspection_cpp.so
-- Set runtime path of "/home/sunrise/motor_ws/install/receive_msg/lib/libreceive_msg__rosidl_typesupport_introspection_cpp.so" to ""
-- Installing: /home/sunrise/motor_ws/install/receive_msg/lib/libreceive_msg__rosidl_typesupport_cpp.so
-- Set runtime path of "/home/sunrise/motor_ws/install/receive_msg/lib/libreceive_msg__rosidl_typesupport_cpp.so" to ""
-- Installing: /home/sunrise/motor_ws/install/receive_msg/share/receive_msg/environment/pythonpath.sh
-- Installing: /home/sunrise/motor_ws/install/receive_msg/share/receive_msg/environment/pythonpath.dsv
-- Installing: /home/sunrise/motor_ws/install/receive_msg/local/lib/python3.10/dist-packages/receive_msg-0.0.0-py3.10.egg-info
-- Installing: /home/sunrise/motor_ws/install/receive_msg/local/lib/python3.10/dist-packages/receive_msg-0.0.0-py3.10.egg-info/SOURCES.txt
-- Installing: /home/sunrise/motor_ws/install/receive_msg/local/lib/python3.10/dist-packages/receive_msg-0.0.0-py3.10.egg-info/top_level.txt
-- Installing: /home/sunrise/motor_ws/install/receive_msg/local/lib/python3.10/dist-packages/receive_msg-0.0.0-py3.10.egg-info/dependency_links.txt
-- Installing: /home/sunrise/motor_ws/install/receive_msg/local/lib/python3.10/dist-packages/receive_msg-0.0.0-py3.10.egg-info/PKG-INFO
-- Installing: /home/sunrise/motor_ws/install/receive_msg/local/lib/python3.10/dist-packages/receive_msg
-- Installing: /home/sunrise/motor_ws/install/receive_msg/local/lib/python3.10/dist-packages/receive_msg/_receive_msg_s.ep.rosidl_typesupport_introspection_c.c
-- Installing: /home/sunrise/motor_ws/install/receive_msg/local/lib/python3.10/dist-packages/receive_msg/receive_msg_s__rosidl_typesupport_c.cpython-310-aarch64-linux-gnu.so
-- Installing: /home/sunrise/motor_ws/install/receive_msg/local/lib/python3.10/dist-packages/receive_msg/receive_msg_s__rosidl_typesupport_fastrtps_c.cpython-310-aarch64-linux-gnu.so
-- Installing: /home/sunrise/motor_ws/install/receive_msg/local/lib/python3.10/dist-packages/receive_msg/receive_msg_s__rosidl_typesupport_introspection_c.cpython-310-aarch64-linux-gnu.so
-- Installing: /home/sunrise/motor_ws/install/receive_msg/local/lib/python3.10/dist-packages/receive_msg/libreceive_msg__rosidl_generator_py.so
-- Installing: /home/sunrise/motor_ws/install/receive_msg/local/lib/python3.10/dist-packages/receive_msg/_receive_msg_s.ep.rosidl_typesupport_c.c
-- Installing: /home/sunrise/motor_ws/install/receive_msg/local/lib/python3.10/dist-packages/receive_msg/msg
-- Installing: /home/sunrise/motor_ws/install/receive_msg/local/lib/python3.10/dist-packages/receive_msg/msg/_receive.py
-- Installing: /home/sunrise/motor_ws/install/receive_msg/local/lib/python3.10/dist-packages/receive_msg/msg/_receive_s.c
-- Installing: /home/sunrise/motor_ws/install/receive_msg/local/lib/python3.10/dist-packages/receive_msg/msg/__init__.py
-- Installing: /home/sunrise/motor_ws/install/receive_msg/local/lib/python3.10/dist-packages/receive_msg/_receive_msg_s.ep.rosidl_typesupport_fastrtps_c.c
-- Installing: /home/sunrise/motor_ws/install/receive_msg/local/lib/python3.10/dist-packages/receive_msg/__init__.py
Listing '/home/sunrise/motor_ws/install/receive_msg/local/lib/python3.10/dist-packages/receive_msg'...
Compiling '/home/sunrise/motor_ws/install/receive_msg/local/lib/python3.10/dist-packages/receive_msg/__init__.py'...
Listing '/home/sunrise/motor_ws/install/receive_msg/local/lib/python3.10/dist-packages/receive_msg/msg'...
Compiling '/home/sunrise/motor_ws/install/receive_msg/local/lib/python3.10/dist-packages/receive_msg/msg/__init__.py'...
Compiling '/home/sunrise/motor_ws/install/receive_msg/local/lib/python3.10/dist-packages/receive_msg/msg/_receive.py'...
-- Installing: /home/sunrise/motor_ws/install/receive_msg/local/lib/python3.10/dist-packages/receive_msg/receive_msg_s__rosidl_typesupport_fastrtps_c.cpython-310-aarch64-linux-gnu.so
-- Set runtime path of "/home/sunrise/motor_ws/install/receive_msg/local/lib/python3.10/dist-packages/receive_msg/receive_msg_s__rosidl_typesupport_fastrtps_c.cpython-310-aarch64-linux-gnu.so" to ""
-- Installing: /home/sunrise/motor_ws/install/receive_msg/local/lib/python3.10/dist-packages/receive_msg/receive_msg_s__rosidl_typesupport_introspection_c.cpython-310-aarch64-linux-gnu.so
-- Set runtime path of "/home/sunrise/motor_ws/install/receive_msg/local/lib/python3.10/dist-packages/receive_msg/receive_msg_s__rosidl_typesupport_introspection_c.cpython-310-aarch64-linux-gnu.so" to ""
-- Installing: /home/sunrise/motor_ws/install/receive_msg/local/lib/python3.10/dist-packages/receive_msg/receive_msg_s__rosidl_typesupport_c.cpython-310-aarch64-linux-gnu.so
-- Set runtime path of "/home/sunrise/motor_ws/install/receive_msg/local/lib/python3.10/dist-packages/receive_msg/receive_msg_s__rosidl_typesupport_c.cpython-310-aarch64-linux-gnu.so" to ""
-- Installing: /home/sunrise/motor_ws/install/receive_msg/lib/libreceive_msg__rosidl_generator_py.so
-- Set runtime path of "/home/sunrise/motor_ws/install/receive_msg/lib/libreceive_msg__rosidl_generator_py.so" to ""
-- Installing: /home/sunrise/motor_ws/install/receive_msg/share/receive_msg/msg/Receive.idl
-- Installing: /home/sunrise/motor_ws/install/receive_msg/share/receive_msg/msg/Receive.msg
-- Installing: /home/sunrise/motor_ws/install/receive_msg/share/ament_index/resource_index/package_run_dependencies/receive_msg
-- Installing: /home/sunrise/motor_ws/install/receive_msg/share/ament_index/resource_index/parent_prefix_path/receive_msg
-- Installing: /home/sunrise/motor_ws/install/receive_msg/share/receive_msg/environment/ament_prefix_path.sh
-- Installing: /home/sunrise/motor_ws/install/receive_msg/share/receive_msg/environment/ament_prefix_path.dsv
-- Installing: /home/sunrise/motor_ws/install/receive_msg/share/receive_msg/environment/path.sh
-- Installing: /home/sunrise/motor_ws/install/receive_msg/share/receive_msg/environment/path.dsv
-- Installing: /home/sunrise/motor_ws/install/receive_msg/share/receive_msg/local_setup.bash
-- Installing: /home/sunrise/motor_ws/install/receive_msg/share/receive_msg/local_setup.sh
-- Installing: /home/sunrise/motor_ws/install/receive_msg/share/receive_msg/local_setup.zsh
-- Installing: /home/sunrise/motor_ws/install/receive_msg/share/receive_msg/local_setup.dsv
-- Installing: /home/sunrise/motor_ws/install/receive_msg/share/receive_msg/package.dsv
-- Installing: /home/sunrise/motor_ws/install/receive_msg/share/ament_index/resource_index/packages/receive_msg
-- Installing: /home/sunrise/motor_ws/install/receive_msg/share/receive_msg/cmake/export_receive_msg__rosidl_generator_cExport.cmake
-- Installing: /home/sunrise/motor_ws/install/receive_msg/share/receive_msg/cmake/export_receive_msg__rosidl_generator_cExport-noconfig.cmake
-- Installing: /home/sunrise/motor_ws/install/receive_msg/share/receive_msg/cmake/export_receive_msg__rosidl_typesupport_fastrtps_cExport.cmake
-- Installing: /home/sunrise/motor_ws/install/receive_msg/share/receive_msg/cmake/export_receive_msg__rosidl_typesupport_fastrtps_cExport-noconfig.cmake
-- Installing: /home/sunrise/motor_ws/install/receive_msg/share/receive_msg/cmake/receive_msg__rosidl_typesupport_introspection_cExport.cmake
-- Installing: /home/sunrise/motor_ws/install/receive_msg/share/receive_msg/cmake/receive_msg__rosidl_typesupport_introspection_cExport-noconfig.cmake
-- Installing: /home/sunrise/motor_ws/install/receive_msg/share/receive_msg/cmake/receive_msg__rosidl_typesupport_cExport.cmake
-- Installing: /home/sunrise/motor_ws/install/receive_msg/share/receive_msg/cmake/receive_msg__rosidl_typesupport_cExport-noconfig.cmake
-- Installing: /home/sunrise/motor_ws/install/receive_msg/share/receive_msg/cmake/export_receive_msg__rosidl_generator_cppExport.cmake
-- Installing: /home/sunrise/motor_ws/install/receive_msg/share/receive_msg/cmake/export_receive_msg__rosidl_typesupport_fastrtps_cppExport.cmake
-- Installing: /home/sunrise/motor_ws/install/receive_msg/share/receive_msg/cmake/export_receive_msg__rosidl_typesupport_fastrtps_cppExport-noconfig.cmake
-- Installing: /home/sunrise/motor_ws/install/receive_msg/share/receive_msg/cmake/receive_msg__rosidl_typesupport_introspection_cppExport.cmake
-- Installing: /home/sunrise/motor_ws/install/receive_msg/share/receive_msg/cmake/receive_msg__rosidl_typesupport_introspection_cppExport-noconfig.cmake
-- Installing: /home/sunrise/motor_ws/install/receive_msg/share/receive_msg/cmake/receive_msg__rosidl_typesupport_cppExport.cmake
-- Installing: /home/sunrise/motor_ws/install/receive_msg/share/receive_msg/cmake/receive_msg__rosidl_typesupport_cppExport-noconfig.cmake
-- Installing: /home/sunrise/motor_ws/install/receive_msg/share/receive_msg/cmake/export_receive_msg__rosidl_generator_pyExport.cmake
-- Installing: /home/sunrise/motor_ws/install/receive_msg/share/receive_msg/cmake/export_receive_msg__rosidl_generator_pyExport-noconfig.cmake
-- Installing: /home/sunrise/motor_ws/install/receive_msg/share/receive_msg/cmake/rosidl_cmake-extras.cmake
-- Installing: /home/sunrise/motor_ws/install/receive_msg/share/receive_msg/cmake/ament_cmake_export_dependencies-extras.cmake
-- Installing: /home/sunrise/motor_ws/install/receive_msg/share/receive_msg/cmake/ament_cmake_export_include_directories-extras.cmake
-- Installing: /home/sunrise/motor_ws/install/receive_msg/share/receive_msg/cmake/ament_cmake_export_libraries-extras.cmake
-- Installing: /home/sunrise/motor_ws/install/receive_msg/share/receive_msg/cmake/ament_cmake_export_targets-extras.cmake
-- Installing: /home/sunrise/motor_ws/install/receive_msg/share/receive_msg/cmake/rosidl_cmake_export_typesupport_targets-extras.cmake
-- Installing: /home/sunrise/motor_ws/install/receive_msg/share/receive_msg/cmake/rosidl_cmake_export_typesupport_libraries-extras.cmake
-- Installing: /home/sunrise/motor_ws/install/receive_msg/share/receive_msg/cmake/receive_msgConfig.cmake
-- Installing: /home/sunrise/motor_ws/install/receive_msg/share/receive_msg/cmake/receive_msgConfig-version.cmake
-- Installing: /home/sunrise/motor_ws/install/receive_msg/share/receive_msg/package.xml
