[0.058s] Invoking command in '/home/sunrise/motor_ws/build/motor_msg': CMAKE_PREFIX_PATH=/home/sunrise/motor_ws/install/motor_msg:/home/sunrise/motor_ws/install/motor_control:/opt/tros/humble:/opt/ros/humble:/home/sunrise/Motor_WorkSpace/install/step_motor_control /usr/bin/cmake --build /home/sunrise/motor_ws/build/motor_msg -- -j8 -l8
[0.462s] [  3%] Built target motor_msg__cpp
[0.478s] [ 12%] Built target motor_msg__rosidl_generator_c
[0.510s] [ 12%] Built target ament_cmake_python_copy_motor_msg
[0.585s] [ 22%] Built target motor_msg__rosidl_typesupport_introspection_c
[0.596s] [ 32%] Built target motor_msg__rosidl_typesupport_c
[0.604s] [ 61%] Built target motor_msg__rosidl_typesupport_cpp
[0.605s] [ 61%] Built target motor_msg__rosidl_typesupport_introspection_cpp
[0.605s] [ 61%] Built target motor_msg__rosidl_typesupport_fastrtps_c
[0.606s] [ 70%] Built target motor_msg__rosidl_typesupport_fastrtps_cpp
[0.697s] [ 70%] Built target motor_msg
[0.795s] [ 74%] Built target motor_msg__py
[0.916s] [ 80%] Built target motor_msg__rosidl_generator_py
[1.022s] [100%] Built target motor_msg__rosidl_typesupport_fastrtps_c__pyext
[1.023s] [100%] Built target motor_msg__rosidl_typesupport_c__pyext
[1.024s] [100%] Built target motor_msg__rosidl_typesupport_introspection_c__pyext
[1.977s] running egg_info
[1.981s] writing motor_msg.egg-info/PKG-INFO
[1.982s] writing dependency_links to motor_msg.egg-info/dependency_links.txt
[1.983s] writing top-level names to motor_msg.egg-info/top_level.txt
[1.997s] reading manifest file 'motor_msg.egg-info/SOURCES.txt'
[2.001s] writing manifest file 'motor_msg.egg-info/SOURCES.txt'
[2.213s] [100%] Built target ament_cmake_python_build_motor_msg_egg
[2.267s] Invoked command in '/home/sunrise/motor_ws/build/motor_msg' returned '0': CMAKE_PREFIX_PATH=/home/sunrise/motor_ws/install/motor_msg:/home/sunrise/motor_ws/install/motor_control:/opt/tros/humble:/opt/ros/humble:/home/sunrise/Motor_WorkSpace/install/step_motor_control /usr/bin/cmake --build /home/sunrise/motor_ws/build/motor_msg -- -j8 -l8
[2.316s] Invoking command in '/home/sunrise/motor_ws/build/motor_msg': CMAKE_PREFIX_PATH=/home/sunrise/motor_ws/install/motor_msg:/home/sunrise/motor_ws/install/motor_control:/opt/tros/humble:/opt/ros/humble:/home/sunrise/Motor_WorkSpace/install/step_motor_control /usr/bin/cmake --install /home/sunrise/motor_ws/build/motor_msg
[2.353s] -- Install configuration: ""
[2.354s] -- Up-to-date: /home/sunrise/motor_ws/install/motor_msg/share/ament_index/resource_index/rosidl_interfaces/motor_msg
[2.355s] -- Up-to-date: /home/sunrise/motor_ws/install/motor_msg/include/motor_msg/motor_msg
[2.355s] -- Up-to-date: /home/sunrise/motor_ws/install/motor_msg/include/motor_msg/motor_msg/msg
[2.356s] -- Up-to-date: /home/sunrise/motor_ws/install/motor_msg/include/motor_msg/motor_msg/msg/detail
[2.356s] -- Up-to-date: /home/sunrise/motor_ws/install/motor_msg/include/motor_msg/motor_msg/msg/detail/motor__functions.c
[2.357s] -- Up-to-date: /home/sunrise/motor_ws/install/motor_msg/include/motor_msg/motor_msg/msg/detail/motor__struct.h
[2.358s] -- Up-to-date: /home/sunrise/motor_ws/install/motor_msg/include/motor_msg/motor_msg/msg/detail/motor__functions.h
[2.358s] -- Up-to-date: /home/sunrise/motor_ws/install/motor_msg/include/motor_msg/motor_msg/msg/detail/motor__type_support.h
[2.359s] -- Up-to-date: /home/sunrise/motor_ws/install/motor_msg/include/motor_msg/motor_msg/msg/motor.h
[2.359s] -- Up-to-date: /home/sunrise/motor_ws/install/motor_msg/include/motor_msg/motor_msg/msg/rosidl_generator_c__visibility_control.h
[2.360s] -- Up-to-date: /home/sunrise/motor_ws/install/motor_msg/share/motor_msg/environment/library_path.sh
[2.360s] -- Up-to-date: /home/sunrise/motor_ws/install/motor_msg/share/motor_msg/environment/library_path.dsv
[2.361s] -- Up-to-date: /home/sunrise/motor_ws/install/motor_msg/lib/libmotor_msg__rosidl_generator_c.so
[2.361s] -- Up-to-date: /home/sunrise/motor_ws/install/motor_msg/include/motor_msg/motor_msg
[2.362s] -- Up-to-date: /home/sunrise/motor_ws/install/motor_msg/include/motor_msg/motor_msg/msg
[2.362s] -- Up-to-date: /home/sunrise/motor_ws/install/motor_msg/include/motor_msg/motor_msg/msg/rosidl_typesupport_fastrtps_c__visibility_control.h
[2.363s] -- Up-to-date: /home/sunrise/motor_ws/install/motor_msg/include/motor_msg/motor_msg/msg/detail
[2.363s] -- Up-to-date: /home/sunrise/motor_ws/install/motor_msg/include/motor_msg/motor_msg/msg/detail/motor__rosidl_typesupport_fastrtps_c.h
[2.364s] -- Up-to-date: /home/sunrise/motor_ws/install/motor_msg/lib/libmotor_msg__rosidl_typesupport_fastrtps_c.so
[2.364s] -- Up-to-date: /home/sunrise/motor_ws/install/motor_msg/include/motor_msg/motor_msg
[2.365s] -- Up-to-date: /home/sunrise/motor_ws/install/motor_msg/include/motor_msg/motor_msg/msg
[2.366s] -- Up-to-date: /home/sunrise/motor_ws/install/motor_msg/include/motor_msg/motor_msg/msg/rosidl_typesupport_introspection_c__visibility_control.h
[2.366s] -- Up-to-date: /home/sunrise/motor_ws/install/motor_msg/include/motor_msg/motor_msg/msg/detail
[2.367s] -- Up-to-date: /home/sunrise/motor_ws/install/motor_msg/include/motor_msg/motor_msg/msg/detail/motor__rosidl_typesupport_introspection_c.h
[2.367s] -- Up-to-date: /home/sunrise/motor_ws/install/motor_msg/include/motor_msg/motor_msg/msg/detail/motor__type_support.c
[2.368s] -- Up-to-date: /home/sunrise/motor_ws/install/motor_msg/lib/libmotor_msg__rosidl_typesupport_introspection_c.so
[2.369s] -- Up-to-date: /home/sunrise/motor_ws/install/motor_msg/lib/libmotor_msg__rosidl_typesupport_c.so
[2.369s] -- Up-to-date: /home/sunrise/motor_ws/install/motor_msg/include/motor_msg/motor_msg
[2.370s] -- Up-to-date: /home/sunrise/motor_ws/install/motor_msg/include/motor_msg/motor_msg/msg
[2.370s] -- Up-to-date: /home/sunrise/motor_ws/install/motor_msg/include/motor_msg/motor_msg/msg/rosidl_generator_cpp__visibility_control.hpp
[2.371s] -- Up-to-date: /home/sunrise/motor_ws/install/motor_msg/include/motor_msg/motor_msg/msg/detail
[2.371s] -- Up-to-date: /home/sunrise/motor_ws/install/motor_msg/include/motor_msg/motor_msg/msg/detail/motor__traits.hpp
[2.372s] -- Up-to-date: /home/sunrise/motor_ws/install/motor_msg/include/motor_msg/motor_msg/msg/detail/motor__struct.hpp
[2.372s] -- Up-to-date: /home/sunrise/motor_ws/install/motor_msg/include/motor_msg/motor_msg/msg/detail/motor__type_support.hpp
[2.373s] -- Up-to-date: /home/sunrise/motor_ws/install/motor_msg/include/motor_msg/motor_msg/msg/detail/motor__builder.hpp
[2.373s] -- Up-to-date: /home/sunrise/motor_ws/install/motor_msg/include/motor_msg/motor_msg/msg/motor.hpp
[2.374s] -- Up-to-date: /home/sunrise/motor_ws/install/motor_msg/include/motor_msg/motor_msg
[2.374s] -- Up-to-date: /home/sunrise/motor_ws/install/motor_msg/include/motor_msg/motor_msg/msg
[2.375s] -- Up-to-date: /home/sunrise/motor_ws/install/motor_msg/include/motor_msg/motor_msg/msg/detail
[2.376s] -- Up-to-date: /home/sunrise/motor_ws/install/motor_msg/include/motor_msg/motor_msg/msg/detail/motor__rosidl_typesupport_fastrtps_cpp.hpp
[2.376s] -- Up-to-date: /home/sunrise/motor_ws/install/motor_msg/include/motor_msg/motor_msg/msg/detail/dds_fastrtps
[2.377s] -- Up-to-date: /home/sunrise/motor_ws/install/motor_msg/include/motor_msg/motor_msg/msg/rosidl_typesupport_fastrtps_cpp__visibility_control.h
[2.377s] -- Up-to-date: /home/sunrise/motor_ws/install/motor_msg/lib/libmotor_msg__rosidl_typesupport_fastrtps_cpp.so
[2.378s] -- Up-to-date: /home/sunrise/motor_ws/install/motor_msg/include/motor_msg/motor_msg
[2.378s] -- Up-to-date: /home/sunrise/motor_ws/install/motor_msg/include/motor_msg/motor_msg/msg
[2.379s] -- Up-to-date: /home/sunrise/motor_ws/install/motor_msg/include/motor_msg/motor_msg/msg/detail
[2.379s] -- Up-to-date: /home/sunrise/motor_ws/install/motor_msg/include/motor_msg/motor_msg/msg/detail/motor__rosidl_typesupport_introspection_cpp.hpp
[2.380s] -- Up-to-date: /home/sunrise/motor_ws/install/motor_msg/include/motor_msg/motor_msg/msg/detail/motor__type_support.cpp
[2.380s] -- Up-to-date: /home/sunrise/motor_ws/install/motor_msg/lib/libmotor_msg__rosidl_typesupport_introspection_cpp.so
[2.381s] -- Up-to-date: /home/sunrise/motor_ws/install/motor_msg/lib/libmotor_msg__rosidl_typesupport_cpp.so
[2.381s] -- Up-to-date: /home/sunrise/motor_ws/install/motor_msg/share/motor_msg/environment/pythonpath.sh
[2.382s] -- Up-to-date: /home/sunrise/motor_ws/install/motor_msg/share/motor_msg/environment/pythonpath.dsv
[2.382s] -- Up-to-date: /home/sunrise/motor_ws/install/motor_msg/local/lib/python3.10/dist-packages/motor_msg-0.0.0-py3.10.egg-info
[2.382s] -- Installing: /home/sunrise/motor_ws/install/motor_msg/local/lib/python3.10/dist-packages/motor_msg-0.0.0-py3.10.egg-info/SOURCES.txt
[2.383s] -- Installing: /home/sunrise/motor_ws/install/motor_msg/local/lib/python3.10/dist-packages/motor_msg-0.0.0-py3.10.egg-info/top_level.txt
[2.383s] -- Installing: /home/sunrise/motor_ws/install/motor_msg/local/lib/python3.10/dist-packages/motor_msg-0.0.0-py3.10.egg-info/dependency_links.txt
[2.384s] -- Installing: /home/sunrise/motor_ws/install/motor_msg/local/lib/python3.10/dist-packages/motor_msg-0.0.0-py3.10.egg-info/PKG-INFO
[2.385s] -- Up-to-date: /home/sunrise/motor_ws/install/motor_msg/local/lib/python3.10/dist-packages/motor_msg
[2.385s] -- Up-to-date: /home/sunrise/motor_ws/install/motor_msg/local/lib/python3.10/dist-packages/motor_msg/libmotor_msg__rosidl_generator_py.so
[2.386s] -- Up-to-date: /home/sunrise/motor_ws/install/motor_msg/local/lib/python3.10/dist-packages/motor_msg/_motor_msg_s.ep.rosidl_typesupport_c.c
[2.386s] -- Up-to-date: /home/sunrise/motor_ws/install/motor_msg/local/lib/python3.10/dist-packages/motor_msg/msg
[2.387s] -- Up-to-date: /home/sunrise/motor_ws/install/motor_msg/local/lib/python3.10/dist-packages/motor_msg/msg/_motor.py
[2.387s] -- Up-to-date: /home/sunrise/motor_ws/install/motor_msg/local/lib/python3.10/dist-packages/motor_msg/msg/_motor_s.c
[2.388s] -- Up-to-date: /home/sunrise/motor_ws/install/motor_msg/local/lib/python3.10/dist-packages/motor_msg/msg/__init__.py
[2.388s] -- Up-to-date: /home/sunrise/motor_ws/install/motor_msg/local/lib/python3.10/dist-packages/motor_msg/_motor_msg_s.ep.rosidl_typesupport_fastrtps_c.c
[2.389s] -- Up-to-date: /home/sunrise/motor_ws/install/motor_msg/local/lib/python3.10/dist-packages/motor_msg/motor_msg_s__rosidl_typesupport_c.cpython-310-aarch64-linux-gnu.so
[2.389s] -- Up-to-date: /home/sunrise/motor_ws/install/motor_msg/local/lib/python3.10/dist-packages/motor_msg/motor_msg_s__rosidl_typesupport_fastrtps_c.cpython-310-aarch64-linux-gnu.so
[2.389s] -- Up-to-date: /home/sunrise/motor_ws/install/motor_msg/local/lib/python3.10/dist-packages/motor_msg/__init__.py
[2.390s] -- Up-to-date: /home/sunrise/motor_ws/install/motor_msg/local/lib/python3.10/dist-packages/motor_msg/motor_msg_s__rosidl_typesupport_introspection_c.cpython-310-aarch64-linux-gnu.so
[2.391s] -- Up-to-date: /home/sunrise/motor_ws/install/motor_msg/local/lib/python3.10/dist-packages/motor_msg/_motor_msg_s.ep.rosidl_typesupport_introspection_c.c
[2.586s] Listing '/home/sunrise/motor_ws/install/motor_msg/local/lib/python3.10/dist-packages/motor_msg'...
[2.587s] Listing '/home/sunrise/motor_ws/install/motor_msg/local/lib/python3.10/dist-packages/motor_msg/msg'...
[2.629s] -- Up-to-date: /home/sunrise/motor_ws/install/motor_msg/local/lib/python3.10/dist-packages/motor_msg/motor_msg_s__rosidl_typesupport_fastrtps_c.cpython-310-aarch64-linux-gnu.so
[2.631s] -- Up-to-date: /home/sunrise/motor_ws/install/motor_msg/local/lib/python3.10/dist-packages/motor_msg/motor_msg_s__rosidl_typesupport_introspection_c.cpython-310-aarch64-linux-gnu.so
[2.633s] -- Up-to-date: /home/sunrise/motor_ws/install/motor_msg/local/lib/python3.10/dist-packages/motor_msg/motor_msg_s__rosidl_typesupport_c.cpython-310-aarch64-linux-gnu.so
[2.636s] -- Up-to-date: /home/sunrise/motor_ws/install/motor_msg/lib/libmotor_msg__rosidl_generator_py.so
[2.636s] -- Up-to-date: /home/sunrise/motor_ws/install/motor_msg/share/motor_msg/msg/Motor.idl
[2.637s] -- Up-to-date: /home/sunrise/motor_ws/install/motor_msg/share/motor_msg/msg/Motor.msg
[2.638s] -- Up-to-date: /home/sunrise/motor_ws/install/motor_msg/share/ament_index/resource_index/package_run_dependencies/motor_msg
[2.639s] -- Up-to-date: /home/sunrise/motor_ws/install/motor_msg/share/ament_index/resource_index/parent_prefix_path/motor_msg
[2.639s] -- Up-to-date: /home/sunrise/motor_ws/install/motor_msg/share/motor_msg/environment/ament_prefix_path.sh
[2.640s] -- Up-to-date: /home/sunrise/motor_ws/install/motor_msg/share/motor_msg/environment/ament_prefix_path.dsv
[2.640s] -- Up-to-date: /home/sunrise/motor_ws/install/motor_msg/share/motor_msg/environment/path.sh
[2.641s] -- Up-to-date: /home/sunrise/motor_ws/install/motor_msg/share/motor_msg/environment/path.dsv
[2.642s] -- Up-to-date: /home/sunrise/motor_ws/install/motor_msg/share/motor_msg/local_setup.bash
[2.642s] -- Up-to-date: /home/sunrise/motor_ws/install/motor_msg/share/motor_msg/local_setup.sh
[2.643s] -- Up-to-date: /home/sunrise/motor_ws/install/motor_msg/share/motor_msg/local_setup.zsh
[2.643s] -- Up-to-date: /home/sunrise/motor_ws/install/motor_msg/share/motor_msg/local_setup.dsv
[2.644s] -- Installing: /home/sunrise/motor_ws/install/motor_msg/share/motor_msg/package.dsv
[2.644s] -- Up-to-date: /home/sunrise/motor_ws/install/motor_msg/share/ament_index/resource_index/packages/motor_msg
[2.645s] -- Up-to-date: /home/sunrise/motor_ws/install/motor_msg/share/motor_msg/cmake/export_motor_msg__rosidl_generator_cExport.cmake
[2.645s] -- Up-to-date: /home/sunrise/motor_ws/install/motor_msg/share/motor_msg/cmake/export_motor_msg__rosidl_generator_cExport-noconfig.cmake
[2.646s] -- Up-to-date: /home/sunrise/motor_ws/install/motor_msg/share/motor_msg/cmake/export_motor_msg__rosidl_typesupport_fastrtps_cExport.cmake
[2.646s] -- Up-to-date: /home/sunrise/motor_ws/install/motor_msg/share/motor_msg/cmake/export_motor_msg__rosidl_typesupport_fastrtps_cExport-noconfig.cmake
[2.647s] -- Up-to-date: /home/sunrise/motor_ws/install/motor_msg/share/motor_msg/cmake/motor_msg__rosidl_typesupport_introspection_cExport.cmake
[2.648s] -- Up-to-date: /home/sunrise/motor_ws/install/motor_msg/share/motor_msg/cmake/motor_msg__rosidl_typesupport_introspection_cExport-noconfig.cmake
[2.648s] -- Up-to-date: /home/sunrise/motor_ws/install/motor_msg/share/motor_msg/cmake/motor_msg__rosidl_typesupport_cExport.cmake
[2.649s] -- Up-to-date: /home/sunrise/motor_ws/install/motor_msg/share/motor_msg/cmake/motor_msg__rosidl_typesupport_cExport-noconfig.cmake
[2.650s] -- Up-to-date: /home/sunrise/motor_ws/install/motor_msg/share/motor_msg/cmake/export_motor_msg__rosidl_generator_cppExport.cmake
[2.650s] -- Up-to-date: /home/sunrise/motor_ws/install/motor_msg/share/motor_msg/cmake/export_motor_msg__rosidl_typesupport_fastrtps_cppExport.cmake
[2.651s] -- Up-to-date: /home/sunrise/motor_ws/install/motor_msg/share/motor_msg/cmake/export_motor_msg__rosidl_typesupport_fastrtps_cppExport-noconfig.cmake
[2.652s] -- Up-to-date: /home/sunrise/motor_ws/install/motor_msg/share/motor_msg/cmake/motor_msg__rosidl_typesupport_introspection_cppExport.cmake
[2.652s] -- Up-to-date: /home/sunrise/motor_ws/install/motor_msg/share/motor_msg/cmake/motor_msg__rosidl_typesupport_introspection_cppExport-noconfig.cmake
[2.653s] -- Up-to-date: /home/sunrise/motor_ws/install/motor_msg/share/motor_msg/cmake/motor_msg__rosidl_typesupport_cppExport.cmake
[2.654s] -- Up-to-date: /home/sunrise/motor_ws/install/motor_msg/share/motor_msg/cmake/motor_msg__rosidl_typesupport_cppExport-noconfig.cmake
[2.654s] -- Up-to-date: /home/sunrise/motor_ws/install/motor_msg/share/motor_msg/cmake/export_motor_msg__rosidl_generator_pyExport.cmake
[2.655s] -- Up-to-date: /home/sunrise/motor_ws/install/motor_msg/share/motor_msg/cmake/export_motor_msg__rosidl_generator_pyExport-noconfig.cmake
[2.656s] -- Up-to-date: /home/sunrise/motor_ws/install/motor_msg/share/motor_msg/cmake/rosidl_cmake-extras.cmake
[2.657s] -- Up-to-date: /home/sunrise/motor_ws/install/motor_msg/share/motor_msg/cmake/ament_cmake_export_dependencies-extras.cmake
[2.657s] -- Up-to-date: /home/sunrise/motor_ws/install/motor_msg/share/motor_msg/cmake/ament_cmake_export_include_directories-extras.cmake
[2.658s] -- Up-to-date: /home/sunrise/motor_ws/install/motor_msg/share/motor_msg/cmake/ament_cmake_export_libraries-extras.cmake
[2.658s] -- Up-to-date: /home/sunrise/motor_ws/install/motor_msg/share/motor_msg/cmake/ament_cmake_export_targets-extras.cmake
[2.659s] -- Up-to-date: /home/sunrise/motor_ws/install/motor_msg/share/motor_msg/cmake/rosidl_cmake_export_typesupport_targets-extras.cmake
[2.659s] -- Up-to-date: /home/sunrise/motor_ws/install/motor_msg/share/motor_msg/cmake/rosidl_cmake_export_typesupport_libraries-extras.cmake
[2.660s] -- Up-to-date: /home/sunrise/motor_ws/install/motor_msg/share/motor_msg/cmake/motor_msgConfig.cmake
[2.660s] -- Up-to-date: /home/sunrise/motor_ws/install/motor_msg/share/motor_msg/cmake/motor_msgConfig-version.cmake
[2.660s] -- Up-to-date: /home/sunrise/motor_ws/install/motor_msg/share/motor_msg/package.xml
[2.668s] Invoked command in '/home/sunrise/motor_ws/build/motor_msg' returned '0': CMAKE_PREFIX_PATH=/home/sunrise/motor_ws/install/motor_msg:/home/sunrise/motor_ws/install/motor_control:/opt/tros/humble:/opt/ros/humble:/home/sunrise/Motor_WorkSpace/install/step_motor_control /usr/bin/cmake --install /home/sunrise/motor_ws/build/motor_msg
