[0.584s] DEBUG:colcon:Command line arguments: ['/usr/bin/colcon', 'build']
[0.585s] DEBUG:colcon:Parsed command line arguments: Namespace(log_base=None, log_level=None, verb_name='build', build_base='build', install_base='install', merge_install=False, symlink_install=False, test_result_base=None, continue_on_error=False, executor='parallel', parallel_workers=8, event_handlers=None, ignore_user_meta=False, metas=['./colcon.meta'], base_paths=['.'], packages_ignore=None, packages_ignore_regex=None, paths=None, packages_up_to=None, packages_up_to_regex=None, packages_above=None, packages_above_and_dependencies=None, packages_above_depth=None, packages_select_by_dep=None, packages_skip_by_dep=None, packages_skip_up_to=None, packages_select_build_failed=False, packages_skip_build_finished=False, packages_select_test_failures=False, packages_skip_test_passed=False, packages_select=None, packages_skip=None, packages_select_regex=None, packages_skip_regex=None, packages_start=None, packages_end=None, allow_overriding=[], cmake_args=None, cmake_target=None, cmake_target_skip_unavailable=False, cmake_clean_cache=False, cmake_clean_first=False, cmake_force_configure=False, ament_cmake_args=None, catkin_cmake_args=None, catkin_skip_building_tests=False, mixin_files=None, mixin=None, verb_parser=<colcon_mixin.mixin.mixin_argument.MixinArgumentDecorator object at 0xffff8ee59a20>, verb_extension=<colcon_core.verb.build.BuildVerb object at 0xffff8ef67a30>, main=<bound method BuildVerb.main of <colcon_core.verb.build.BuildVerb object at 0xffff8ef67a30>>, mixin_verb=('build',))
[1.421s] Level 1:colcon.colcon_core.package_discovery:discover_packages(colcon_meta) check parameters
[1.422s] Level 1:colcon.colcon_core.package_discovery:discover_packages(recursive) check parameters
[1.422s] Level 1:colcon.colcon_core.package_discovery:discover_packages(ignore) check parameters
[1.422s] Level 1:colcon.colcon_core.package_discovery:discover_packages(path) check parameters
[1.423s] Level 1:colcon.colcon_core.package_discovery:discover_packages(colcon_meta) discover
[1.423s] Level 1:colcon.colcon_core.package_discovery:discover_packages(recursive) discover
[1.423s] INFO:colcon.colcon_core.package_discovery:Crawling recursively for packages in '/home/sunrise/pyListener'
[1.424s] Level 1:colcon.colcon_core.package_identification:_identify(.) by extensions ['ignore', 'ignore_ament_install']
[1.424s] Level 1:colcon.colcon_core.package_identification:_identify(.) by extension 'ignore'
[1.424s] Level 1:colcon.colcon_core.package_identification:_identify(.) by extension 'ignore_ament_install'
[1.425s] Level 1:colcon.colcon_core.package_identification:_identify(.) by extensions ['colcon_pkg']
[1.425s] Level 1:colcon.colcon_core.package_identification:_identify(.) by extension 'colcon_pkg'
[1.425s] Level 1:colcon.colcon_core.package_identification:_identify(.) by extensions ['colcon_meta']
[1.425s] Level 1:colcon.colcon_core.package_identification:_identify(.) by extension 'colcon_meta'
[1.426s] Level 1:colcon.colcon_core.package_identification:_identify(.) by extensions ['ros']
[1.426s] Level 1:colcon.colcon_core.package_identification:_identify(.) by extension 'ros'
[1.491s] Level 1:colcon.colcon_core.package_identification:_identify(.) by extensions ['cmake', 'python']
[1.491s] Level 1:colcon.colcon_core.package_identification:_identify(.) by extension 'cmake'
[1.492s] Level 1:colcon.colcon_core.package_identification:_identify(.) by extension 'python'
[1.492s] Level 1:colcon.colcon_core.package_identification:_identify(.) by extensions ['python_setup_py']
[1.492s] Level 1:colcon.colcon_core.package_identification:_identify(.) by extension 'python_setup_py'
[1.493s] Level 1:colcon.colcon_core.package_identification:_identify(build) by extensions ['ignore', 'ignore_ament_install']
[1.493s] Level 1:colcon.colcon_core.package_identification:_identify(build) by extension 'ignore'
[1.493s] Level 1:colcon.colcon_core.package_identification:_identify(build) ignored
[1.494s] Level 1:colcon.colcon_core.package_identification:_identify(install) by extensions ['ignore', 'ignore_ament_install']
[1.495s] Level 1:colcon.colcon_core.package_identification:_identify(install) by extension 'ignore'
[1.495s] Level 1:colcon.colcon_core.package_identification:_identify(install) ignored
[1.495s] Level 1:colcon.colcon_core.package_identification:_identify(log) by extensions ['ignore', 'ignore_ament_install']
[1.496s] Level 1:colcon.colcon_core.package_identification:_identify(log) by extension 'ignore'
[1.496s] Level 1:colcon.colcon_core.package_identification:_identify(log) ignored
[1.496s] Level 1:colcon.colcon_core.package_identification:_identify(noneRosSolution) by extensions ['ignore', 'ignore_ament_install']
[1.497s] Level 1:colcon.colcon_core.package_identification:_identify(noneRosSolution) by extension 'ignore'
[1.497s] Level 1:colcon.colcon_core.package_identification:_identify(noneRosSolution) by extension 'ignore_ament_install'
[1.498s] Level 1:colcon.colcon_core.package_identification:_identify(noneRosSolution) by extensions ['colcon_pkg']
[1.498s] Level 1:colcon.colcon_core.package_identification:_identify(noneRosSolution) by extension 'colcon_pkg'
[1.498s] Level 1:colcon.colcon_core.package_identification:_identify(noneRosSolution) by extensions ['colcon_meta']
[1.498s] Level 1:colcon.colcon_core.package_identification:_identify(noneRosSolution) by extension 'colcon_meta'
[1.499s] Level 1:colcon.colcon_core.package_identification:_identify(noneRosSolution) by extensions ['ros']
[1.499s] Level 1:colcon.colcon_core.package_identification:_identify(noneRosSolution) by extension 'ros'
[1.499s] Level 1:colcon.colcon_core.package_identification:_identify(noneRosSolution) by extensions ['cmake', 'python']
[1.499s] Level 1:colcon.colcon_core.package_identification:_identify(noneRosSolution) by extension 'cmake'
[1.500s] Level 1:colcon.colcon_core.package_identification:_identify(noneRosSolution) by extension 'python'
[1.500s] Level 1:colcon.colcon_core.package_identification:_identify(noneRosSolution) by extensions ['python_setup_py']
[1.500s] Level 1:colcon.colcon_core.package_identification:_identify(noneRosSolution) by extension 'python_setup_py'
[1.501s] Level 1:colcon.colcon_core.package_identification:_identify(pyListener) by extensions ['ignore', 'ignore_ament_install']
[1.501s] Level 1:colcon.colcon_core.package_identification:_identify(pyListener) by extension 'ignore'
[1.501s] Level 1:colcon.colcon_core.package_identification:_identify(pyListener) by extension 'ignore_ament_install'
[1.502s] Level 1:colcon.colcon_core.package_identification:_identify(pyListener) by extensions ['colcon_pkg']
[1.502s] Level 1:colcon.colcon_core.package_identification:_identify(pyListener) by extension 'colcon_pkg'
[1.502s] Level 1:colcon.colcon_core.package_identification:_identify(pyListener) by extensions ['colcon_meta']
[1.502s] Level 1:colcon.colcon_core.package_identification:_identify(pyListener) by extension 'colcon_meta'
[1.503s] Level 1:colcon.colcon_core.package_identification:_identify(pyListener) by extensions ['ros']
[1.503s] Level 1:colcon.colcon_core.package_identification:_identify(pyListener) by extension 'ros'
[1.519s] DEBUG:colcon.colcon_core.package_identification:Package 'pyListener' with type 'ros.ament_python' and name 'pyListener'
[1.519s] Level 1:colcon.colcon_core.package_discovery:discover_packages(recursive) using defaults
[1.519s] Level 1:colcon.colcon_core.package_discovery:discover_packages(ignore) discover
[1.520s] Level 1:colcon.colcon_core.package_discovery:discover_packages(ignore) using defaults
[1.520s] Level 1:colcon.colcon_core.package_discovery:discover_packages(path) discover
[1.520s] Level 1:colcon.colcon_core.package_discovery:discover_packages(path) using defaults
[1.638s] Level 1:colcon.colcon_core.package_discovery:discover_packages(prefix_path) check parameters
[1.639s] Level 1:colcon.colcon_core.package_discovery:discover_packages(prefix_path) discover
[1.644s] Level 1:colcon.colcon_core.package_discovery:discover_packages(prefix_path) using defaults
[1.651s] Level 5:colcon.colcon_core.verb:set package 'pyListener' build argument 'cmake_args' from command line to 'None'
[1.651s] Level 5:colcon.colcon_core.verb:set package 'pyListener' build argument 'cmake_target' from command line to 'None'
[1.651s] Level 5:colcon.colcon_core.verb:set package 'pyListener' build argument 'cmake_target_skip_unavailable' from command line to 'False'
[1.651s] Level 5:colcon.colcon_core.verb:set package 'pyListener' build argument 'cmake_clean_cache' from command line to 'False'
[1.652s] Level 5:colcon.colcon_core.verb:set package 'pyListener' build argument 'cmake_clean_first' from command line to 'False'
[1.652s] Level 5:colcon.colcon_core.verb:set package 'pyListener' build argument 'cmake_force_configure' from command line to 'False'
[1.652s] Level 5:colcon.colcon_core.verb:set package 'pyListener' build argument 'ament_cmake_args' from command line to 'None'
[1.652s] Level 5:colcon.colcon_core.verb:set package 'pyListener' build argument 'catkin_cmake_args' from command line to 'None'
[1.652s] Level 5:colcon.colcon_core.verb:set package 'pyListener' build argument 'catkin_skip_building_tests' from command line to 'False'
[1.653s] DEBUG:colcon.colcon_core.verb:Building package 'pyListener' with the following arguments: {'ament_cmake_args': None, 'build_base': '/home/sunrise/pyListener/build/pyListener', 'catkin_cmake_args': None, 'catkin_skip_building_tests': False, 'cmake_args': None, 'cmake_clean_cache': False, 'cmake_clean_first': False, 'cmake_force_configure': False, 'cmake_target': None, 'cmake_target_skip_unavailable': False, 'install_base': '/home/sunrise/pyListener/install/pyListener', 'merge_install': False, 'path': '/home/sunrise/pyListener/pyListener', 'symlink_install': False, 'test_result_base': None}
[1.653s] INFO:colcon.colcon_core.executor:Executing jobs using 'parallel' executor
[1.659s] DEBUG:colcon.colcon_parallel_executor.executor.parallel:run_until_complete
[1.661s] INFO:colcon.colcon_ros.task.ament_python.build:Building ROS package in '/home/sunrise/pyListener/pyListener' with build type 'ament_python'
[1.661s] Level 1:colcon.colcon_core.shell:create_environment_hook('pyListener', 'ament_prefix_path')
[1.672s] INFO:colcon.colcon_core.plugin_system:Skipping extension 'colcon_core.shell.bat': Not used on non-Windows systems
[1.674s] INFO:colcon.colcon_core.shell:Creating environment hook '/home/sunrise/pyListener/install/pyListener/share/pyListener/hook/ament_prefix_path.ps1'
[1.677s] INFO:colcon.colcon_core.shell:Creating environment descriptor '/home/sunrise/pyListener/install/pyListener/share/pyListener/hook/ament_prefix_path.dsv'
[1.680s] INFO:colcon.colcon_core.shell:Creating environment hook '/home/sunrise/pyListener/install/pyListener/share/pyListener/hook/ament_prefix_path.sh'
[1.685s] INFO:colcon.colcon_core.shell:Skip shell extension 'powershell' for command environment: Not usable outside of PowerShell
[1.686s] DEBUG:colcon.colcon_core.shell:Skip shell extension 'dsv' for command environment
[3.075s] INFO:colcon.colcon_core.task.python.build:Building Python package in '/home/sunrise/pyListener/pyListener'
[3.076s] INFO:colcon.colcon_core.shell:Skip shell extension 'powershell' for command environment: Not usable outside of PowerShell
[3.077s] DEBUG:colcon.colcon_core.shell:Skip shell extension 'dsv' for command environment
[5.541s] DEBUG:colcon.colcon_core.event_handler.log_command:Invoking command in '/home/sunrise/pyListener/pyListener': PYTHONPATH=/home/sunrise/pyListener/build/pyListener/prefix_override:/usr/lib/python3/dist-packages/colcon_core/task/python/colcon_distutils_commands:/home/sunrise/pyListener/install/pyListener/lib/python3.10/site-packages: /usr/bin/python3 -W ignore:setup.py install is deprecated -W ignore:easy_install command is deprecated setup.py egg_info --egg-base ../build/pyListener build --build-base /home/sunrise/pyListener/build/pyListener/build install --record /home/sunrise/pyListener/build/pyListener/install.log --single-version-externally-managed install_data
[7.113s] DEBUG:colcon.colcon_core.event_handler.log_command:Invoked command in '/home/sunrise/pyListener/pyListener' returned '0': PYTHONPATH=/home/sunrise/pyListener/build/pyListener/prefix_override:/usr/lib/python3/dist-packages/colcon_core/task/python/colcon_distutils_commands:/home/sunrise/pyListener/install/pyListener/lib/python3.10/site-packages: /usr/bin/python3 -W ignore:setup.py install is deprecated -W ignore:easy_install command is deprecated setup.py egg_info --egg-base ../build/pyListener build --build-base /home/sunrise/pyListener/build/pyListener/build install --record /home/sunrise/pyListener/build/pyListener/install.log --single-version-externally-managed install_data
[7.133s] Level 1:colcon.colcon_core.environment:checking '/home/sunrise/pyListener/install/pyListener' for CMake module files
[7.139s] Level 1:colcon.colcon_core.environment:checking '/home/sunrise/pyListener/install/pyListener' for CMake config files
[7.146s] Level 1:colcon.colcon_core.environment:checking '/home/sunrise/pyListener/install/pyListener/lib'
[7.147s] Level 1:colcon.colcon_core.environment:checking '/home/sunrise/pyListener/install/pyListener/bin'
[7.147s] Level 1:colcon.colcon_core.environment:checking '/home/sunrise/pyListener/install/pyListener/lib/pkgconfig/pyListener.pc'
[7.149s] Level 1:colcon.colcon_core.environment:checking '/home/sunrise/pyListener/install/pyListener/lib/python3.10/site-packages'
[7.149s] Level 1:colcon.colcon_core.shell:create_environment_hook('pyListener', 'pythonpath')
[7.151s] INFO:colcon.colcon_core.shell:Creating environment hook '/home/sunrise/pyListener/install/pyListener/share/pyListener/hook/pythonpath.ps1'
[7.153s] INFO:colcon.colcon_core.shell:Creating environment descriptor '/home/sunrise/pyListener/install/pyListener/share/pyListener/hook/pythonpath.dsv'
[7.155s] INFO:colcon.colcon_core.shell:Creating environment hook '/home/sunrise/pyListener/install/pyListener/share/pyListener/hook/pythonpath.sh'
[7.159s] Level 1:colcon.colcon_core.environment:checking '/home/sunrise/pyListener/install/pyListener/bin'
[7.159s] Level 1:colcon.colcon_core.environment:create_environment_scripts_only(pyListener)
[7.161s] INFO:colcon.colcon_core.shell:Creating package script '/home/sunrise/pyListener/install/pyListener/share/pyListener/package.ps1'
[7.168s] INFO:colcon.colcon_core.shell:Creating package descriptor '/home/sunrise/pyListener/install/pyListener/share/pyListener/package.dsv'
[7.172s] INFO:colcon.colcon_core.shell:Creating package script '/home/sunrise/pyListener/install/pyListener/share/pyListener/package.sh'
[7.177s] INFO:colcon.colcon_core.shell:Creating package script '/home/sunrise/pyListener/install/pyListener/share/pyListener/package.bash'
[7.186s] INFO:colcon.colcon_core.shell:Creating package script '/home/sunrise/pyListener/install/pyListener/share/pyListener/package.zsh'
[7.191s] Level 1:colcon.colcon_core.environment:create_file_with_runtime_dependencies(/home/sunrise/pyListener/install/pyListener/share/colcon-core/packages/pyListener)
[7.193s] DEBUG:colcon.colcon_parallel_executor.executor.parallel:closing loop
[7.195s] DEBUG:colcon.colcon_parallel_executor.executor.parallel:loop closed
[7.195s] DEBUG:colcon.colcon_parallel_executor.executor.parallel:run_until_complete finished with '0'
[7.196s] DEBUG:colcon.colcon_core.event_reactor:joining thread
[7.224s] INFO:colcon.colcon_core.plugin_system:Skipping extension 'colcon_notification.desktop_notification.terminal_notifier': Not used on non-Darwin systems
[7.225s] INFO:colcon.colcon_core.plugin_system:Skipping extension 'colcon_notification.desktop_notification.win32': Not used on non-Windows systems
[7.225s] INFO:colcon.colcon_notification.desktop_notification:Sending desktop notification using 'notify2'
[32.249s] DEBUG:colcon.colcon_notification.desktop_notification.notify2:Failed to initialize notify2: org.freedesktop.DBus.Error.NoReply: Did not receive a reply. Possible causes include: the remote application did not send a reply, the message bus security policy blocked the reply, the reply timeout expired, or the network connection was broken.
[32.250s] DEBUG:colcon.colcon_core.event_reactor:joined thread
[32.251s] INFO:colcon.colcon_core.shell:Creating prefix script '/home/sunrise/pyListener/install/local_setup.ps1'
[32.258s] INFO:colcon.colcon_core.shell:Creating prefix util module '/home/sunrise/pyListener/install/_local_setup_util_ps1.py'
[32.269s] INFO:colcon.colcon_core.shell:Creating prefix chain script '/home/sunrise/pyListener/install/setup.ps1'
[32.274s] INFO:colcon.colcon_core.shell:Creating prefix script '/home/sunrise/pyListener/install/local_setup.sh'
[32.279s] INFO:colcon.colcon_core.shell:Creating prefix util module '/home/sunrise/pyListener/install/_local_setup_util_sh.py'
[32.283s] INFO:colcon.colcon_core.shell:Creating prefix chain script '/home/sunrise/pyListener/install/setup.sh'
[32.289s] INFO:colcon.colcon_core.shell:Creating prefix script '/home/sunrise/pyListener/install/local_setup.bash'
[32.293s] INFO:colcon.colcon_core.shell:Creating prefix chain script '/home/sunrise/pyListener/install/setup.bash'
[32.298s] INFO:colcon.colcon_core.shell:Creating prefix script '/home/sunrise/pyListener/install/local_setup.zsh'
[32.303s] INFO:colcon.colcon_core.shell:Creating prefix chain script '/home/sunrise/pyListener/install/setup.zsh'
