-- The C compiler identification is GNU 11.2.0
-- The CXX compiler identification is GNU 11.2.0
-- Detecting C compiler ABI info
-- Detecting C compiler ABI info - done
-- Check for working C compiler: /usr/bin/cc - skipped
-- Detecting C compile features
-- Detecting C compile features - done
-- Detecting CXX compiler ABI info
-- Detecting CXX compiler ABI info - done
-- Check for working CXX compiler: /usr/bin/c++ - skipped
-- Detecting CXX compile features
-- Detecting CXX compile features - done
-- Found ament_cmake: 1.3.11 (/opt/ros/humble/share/ament_cmake/cmake)
-- Found Python3: /usr/bin/python3 (found version "3.10.12") found components: Interpreter 
-- Found ament_lint_auto: 0.12.12 (/opt/ros/humble/share/ament_lint_auto/cmake)
WARNING: Package name "myArm3" does not follow the naming conventions. It should start with a lower case letter and only contain lower case letters, digits, underscores, and dashes.
-- Added test 'lint_cmake' to check CMake code style
-- Added test 'xmllint' to check XML markup files
-- Configuring done
-- Generating done
-- Build files have been written to: /home/sunrise/planning_ws/build/myArm3
-- Install configuration: ""
-- Installing: /home/sunrise/planning_ws/install/myArm3/share/myArm3/config
-- Installing: /home/sunrise/planning_ws/install/myArm3/share/myArm3/config/joint_names_myArm3.yamlZone.Identifier
-- Installing: /home/sunrise/planning_ws/install/myArm3/share/myArm3/config/joint_names_myArm3.yaml
-- Installing: /home/sunrise/planning_ws/install/myArm3/share/myArm3/meshes
-- Installing: /home/sunrise/planning_ws/install/myArm3/share/myArm3/meshes/J4_link.STLZone.Identifier
-- Installing: /home/sunrise/planning_ws/install/myArm3/share/myArm3/meshes/base_link.STL
-- Installing: /home/sunrise/planning_ws/install/myArm3/share/myArm3/meshes/J3_link.STLZone.Identifier
-- Installing: /home/sunrise/planning_ws/install/myArm3/share/myArm3/meshes/J1_link.STLZone.Identifier
-- Installing: /home/sunrise/planning_ws/install/myArm3/share/myArm3/meshes/J5_link.STLZone.Identifier
-- Installing: /home/sunrise/planning_ws/install/myArm3/share/myArm3/meshes/J5_link.STL
-- Installing: /home/sunrise/planning_ws/install/myArm3/share/myArm3/meshes/base_link.STLZone.Identifier
-- Installing: /home/sunrise/planning_ws/install/myArm3/share/myArm3/meshes/J3_link.STL
-- Installing: /home/sunrise/planning_ws/install/myArm3/share/myArm3/meshes/J2_link.STLZone.Identifier
-- Installing: /home/sunrise/planning_ws/install/myArm3/share/myArm3/meshes/J4_link.STL
-- Installing: /home/sunrise/planning_ws/install/myArm3/share/myArm3/meshes/J2_link.STL
-- Installing: /home/sunrise/planning_ws/install/myArm3/share/myArm3/meshes/J6_link.STL
-- Installing: /home/sunrise/planning_ws/install/myArm3/share/myArm3/meshes/J1_link.STL
-- Installing: /home/sunrise/planning_ws/install/myArm3/share/myArm3/meshes/J6_link.STLZone.Identifier
-- Installing: /home/sunrise/planning_ws/install/myArm3/share/myArm3/urdf
-- Installing: /home/sunrise/planning_ws/install/myArm3/share/myArm3/urdf/myArm3.csv
-- Installing: /home/sunrise/planning_ws/install/myArm3/share/myArm3/urdf/myArm3.urdf
-- Installing: /home/sunrise/planning_ws/install/myArm3/share/myArm3/urdf/myArm3.csvZone.Identifier
-- Installing: /home/sunrise/planning_ws/install/myArm3/share/myArm3/urdf/myArm3.urdfZone.Identifier
-- Installing: /home/sunrise/planning_ws/install/myArm3/share/ament_index/resource_index/package_run_dependencies/myArm3
-- Installing: /home/sunrise/planning_ws/install/myArm3/share/ament_index/resource_index/parent_prefix_path/myArm3
-- Installing: /home/sunrise/planning_ws/install/myArm3/share/myArm3/environment/ament_prefix_path.sh
-- Installing: /home/sunrise/planning_ws/install/myArm3/share/myArm3/environment/ament_prefix_path.dsv
-- Installing: /home/sunrise/planning_ws/install/myArm3/share/myArm3/environment/path.sh
-- Installing: /home/sunrise/planning_ws/install/myArm3/share/myArm3/environment/path.dsv
-- Installing: /home/sunrise/planning_ws/install/myArm3/share/myArm3/local_setup.bash
-- Installing: /home/sunrise/planning_ws/install/myArm3/share/myArm3/local_setup.sh
-- Installing: /home/sunrise/planning_ws/install/myArm3/share/myArm3/local_setup.zsh
-- Installing: /home/sunrise/planning_ws/install/myArm3/share/myArm3/local_setup.dsv
-- Installing: /home/sunrise/planning_ws/install/myArm3/share/myArm3/package.dsv
-- Installing: /home/sunrise/planning_ws/install/myArm3/share/ament_index/resource_index/packages/myArm3
-- Installing: /home/sunrise/planning_ws/install/myArm3/share/myArm3/cmake/myArm3Config.cmake
-- Installing: /home/sunrise/planning_ws/install/myArm3/share/myArm3/cmake/myArm3Config-version.cmake
-- Installing: /home/sunrise/planning_ws/install/myArm3/share/myArm3/package.xml
