[3.963s] Invoking command in '/home/sunrise/motor_ws/src/motor_control': LD_LIBRARY_PATH=/home/sunrise/motor_ws/install/motor_msg/lib:/home/sunrise/Motor_WorkSpace/install/step_motor_control/lib:/opt/tros/humble/lib/aarch64-linux-gnu:/opt/tros/humble/lib:/opt/ros/humble/lib/aarch64-linux-gnu:/opt/ros/humble/lib:/usr/hobot/lib:/app/lib:/app/pub/lib:/middleware/lib:/middleware/pub/lib:/usr/hobot/lib/sensor:/system/lib:/system/usr/lib:/lib PYTHONPATH=/home/sunrise/motor_ws/build/motor_control/prefix_override:/usr/lib/python3/dist-packages/colcon_core/task/python/colcon_distutils_commands:/home/sunrise/motor_ws/install/motor_control/lib/python3.10/site-packages:${PYTHONPATH} /usr/bin/python3 -W ignore:setup.py install is deprecated -W ignore:easy_install command is deprecated setup.py egg_info --egg-base ../../build/motor_control build --build-base /home/sunrise/motor_ws/build/motor_control/build install --record /home/sunrise/motor_ws/build/motor_control/install.log --single-version-externally-managed install_data
[5.368s] running egg_info
[5.372s] writing ../../build/motor_control/motor_control.egg-info/PKG-INFO
[5.373s] writing dependency_links to ../../build/motor_control/motor_control.egg-info/dependency_links.txt
[5.374s] writing entry points to ../../build/motor_control/motor_control.egg-info/entry_points.txt
[5.375s] writing requirements to ../../build/motor_control/motor_control.egg-info/requires.txt
[5.376s] writing top-level names to ../../build/motor_control/motor_control.egg-info/top_level.txt
[5.385s] reading manifest file '../../build/motor_control/motor_control.egg-info/SOURCES.txt'
[5.391s] writing manifest file '../../build/motor_control/motor_control.egg-info/SOURCES.txt'
[5.391s] running build
[5.392s] running build_py
[5.392s] copying motor_control/motor_node.py -> /home/sunrise/motor_ws/build/motor_control/build/lib/motor_control
[5.394s] running install
[5.396s] running install_lib
[5.400s] copying /home/sunrise/motor_ws/build/motor_control/build/lib/motor_control/motor_node.py -> /home/sunrise/motor_ws/install/motor_control/lib/python3.10/site-packages/motor_control
[5.403s] byte-compiling /home/sunrise/motor_ws/install/motor_control/lib/python3.10/site-packages/motor_control/motor_node.py to motor_node.cpython-310.pyc
[5.406s] running install_data
[5.407s] copying package.xml -> /home/sunrise/motor_ws/install/motor_control/share/motor_control
[5.407s] running install_egg_info
[5.417s] removing '/home/sunrise/motor_ws/install/motor_control/lib/python3.10/site-packages/motor_control-0.0.0-py3.10.egg-info' (and everything under it)
[5.418s] Copying ../../build/motor_control/motor_control.egg-info to /home/sunrise/motor_ws/install/motor_control/lib/python3.10/site-packages/motor_control-0.0.0-py3.10.egg-info
[5.423s] running install_scripts
[5.541s] Installing motor_node script to /home/sunrise/motor_ws/install/motor_control/lib/motor_control
[5.543s] writing list of installed files to '/home/sunrise/motor_ws/build/motor_control/install.log'
[5.756s] Invoked command in '/home/sunrise/motor_ws/src/motor_control' returned '0': LD_LIBRARY_PATH=/home/sunrise/motor_ws/install/motor_msg/lib:/home/sunrise/Motor_WorkSpace/install/step_motor_control/lib:/opt/tros/humble/lib/aarch64-linux-gnu:/opt/tros/humble/lib:/opt/ros/humble/lib/aarch64-linux-gnu:/opt/ros/humble/lib:/usr/hobot/lib:/app/lib:/app/pub/lib:/middleware/lib:/middleware/pub/lib:/usr/hobot/lib/sensor:/system/lib:/system/usr/lib:/lib PYTHONPATH=/home/sunrise/motor_ws/build/motor_control/prefix_override:/usr/lib/python3/dist-packages/colcon_core/task/python/colcon_distutils_commands:/home/sunrise/motor_ws/install/motor_control/lib/python3.10/site-packages:${PYTHONPATH} /usr/bin/python3 -W ignore:setup.py install is deprecated -W ignore:easy_install command is deprecated setup.py egg_info --egg-base ../../build/motor_control build --build-base /home/sunrise/motor_ws/build/motor_control/build install --record /home/sunrise/motor_ws/build/motor_control/install.log --single-version-externally-managed install_data
