[0.056s] Invoking command in '/home/sunrise/planning_ws/build/shit': CMAKE_PREFIX_PATH=/home/sunrise/planning_ws/install/myArm3:/home/sunrise/planning_ws/install/shit:/home/sunrise/planning_ws/install/pose_sender:/opt/ros/humble CONDA_PROMPT_MODIFIER=(base) /usr/bin/cmake --build /home/sunrise/planning_ws/build/shit -- -j8 -l8
[0.356s] Invoked command in '/home/sunrise/planning_ws/build/shit' returned '0': CMAKE_PREFIX_PATH=/home/sunrise/planning_ws/install/myArm3:/home/sunrise/planning_ws/install/shit:/home/sunrise/planning_ws/install/pose_sender:/opt/ros/humble CONDA_PROMPT_MODIFIER=(base) /usr/bin/cmake --build /home/sunrise/planning_ws/build/shit -- -j8 -l8
[0.419s] Invoking command in '/home/sunrise/planning_ws/build/shit': CMAKE_PREFIX_PATH=/home/sunrise/planning_ws/install/myArm3:/home/sunrise/planning_ws/install/shit:/home/sunrise/planning_ws/install/pose_sender:/opt/ros/humble CONDA_PROMPT_MODIFIER=(base) /usr/bin/cmake --install /home/sunrise/planning_ws/build/shit
[0.456s] -- Install configuration: ""
[0.458s] -- Up-to-date: /home/sunrise/planning_ws/install/shit/share/ament_index/resource_index/package_run_dependencies/shit
[0.458s] -- Up-to-date: /home/sunrise/planning_ws/install/shit/share/ament_index/resource_index/parent_prefix_path/shit
[0.459s] -- Up-to-date: /home/sunrise/planning_ws/install/shit/share/shit/environment/ament_prefix_path.sh
[0.459s] -- Up-to-date: /home/sunrise/planning_ws/install/shit/share/shit/environment/ament_prefix_path.dsv
[0.460s] -- Up-to-date: /home/sunrise/planning_ws/install/shit/share/shit/environment/path.sh
[0.460s] -- Up-to-date: /home/sunrise/planning_ws/install/shit/share/shit/environment/path.dsv
[0.461s] -- Up-to-date: /home/sunrise/planning_ws/install/shit/share/shit/local_setup.bash
[0.463s] -- Up-to-date: /home/sunrise/planning_ws/install/shit/share/shit/local_setup.sh
[0.464s] -- Up-to-date: /home/sunrise/planning_ws/install/shit/share/shit/local_setup.zsh
[0.464s] -- Up-to-date: /home/sunrise/planning_ws/install/shit/share/shit/local_setup.dsv
[0.465s] -- Installing: /home/sunrise/planning_ws/install/shit/share/shit/package.dsv
[0.465s] -- Up-to-date: /home/sunrise/planning_ws/install/shit/share/ament_index/resource_index/packages/shit
[0.466s] -- Up-to-date: /home/sunrise/planning_ws/install/shit/share/shit/cmake/shitConfig.cmake
[0.466s] -- Up-to-date: /home/sunrise/planning_ws/install/shit/share/shit/cmake/shitConfig-version.cmake
[0.467s] -- Up-to-date: /home/sunrise/planning_ws/install/shit/share/shit/package.xml
[0.467s] -- Up-to-date: /home/sunrise/planning_ws/install/shit/share/shit/launch
[0.468s] -- Up-to-date: /home/sunrise/planning_ws/install/shit/share/shit/launch/moveit_rviz.launch.py
[0.468s] -- Up-to-date: /home/sunrise/planning_ws/install/shit/share/shit/launch/setup_assistant.launch.py
[0.469s] -- Up-to-date: /home/sunrise/planning_ws/install/shit/share/shit/launch/custom.launch.py
[0.469s] -- Up-to-date: /home/sunrise/planning_ws/install/shit/share/shit/launch/rsp.launch.py
[0.469s] -- Up-to-date: /home/sunrise/planning_ws/install/shit/share/shit/launch/static_virtual_joint_tfs.launch.py
[0.470s] -- Up-to-date: /home/sunrise/planning_ws/install/shit/share/shit/launch/spawn_controllers.launch.py
[0.470s] -- Up-to-date: /home/sunrise/planning_ws/install/shit/share/shit/launch/demo.launch.py
[0.471s] -- Up-to-date: /home/sunrise/planning_ws/install/shit/share/shit/launch/warehouse_db.launch.py
[0.471s] -- Up-to-date: /home/sunrise/planning_ws/install/shit/share/shit/launch/move_group.launch.py
[0.472s] -- Up-to-date: /home/sunrise/planning_ws/install/shit/share/shit/config
[0.472s] -- Up-to-date: /home/sunrise/planning_ws/install/shit/share/shit/config/ros2_controllers.yaml
[0.473s] -- Up-to-date: /home/sunrise/planning_ws/install/shit/share/shit/config/myArm3.urdf.xacro
[0.474s] -- Up-to-date: /home/sunrise/planning_ws/install/shit/share/shit/config/myArm3.srdf
[0.477s] -- Up-to-date: /home/sunrise/planning_ws/install/shit/share/shit/config/initial_positions.yaml
[0.478s] -- Installing: /home/sunrise/planning_ws/install/shit/share/shit/config/joint_limits.yaml
[0.480s] -- Up-to-date: /home/sunrise/planning_ws/install/shit/share/shit/config/myArm3.ros2_control.xacro
[0.481s] -- Up-to-date: /home/sunrise/planning_ws/install/shit/share/shit/config/moveit_controllers.yaml
[0.482s] -- Installing: /home/sunrise/planning_ws/install/shit/share/shit/config/kinematics.yaml
[0.483s] -- Up-to-date: /home/sunrise/planning_ws/install/shit/share/shit/config/pilz_cartesian_limits.yaml
[0.485s] -- Up-to-date: /home/sunrise/planning_ws/install/shit/share/shit/config/moveit.rviz
[0.486s] -- Up-to-date: /home/sunrise/planning_ws/install/shit/share/shit/.setup_assistant
[0.487s] Invoked command in '/home/sunrise/planning_ws/build/shit' returned '0': CMAKE_PREFIX_PATH=/home/sunrise/planning_ws/install/myArm3:/home/sunrise/planning_ws/install/shit:/home/sunrise/planning_ws/install/pose_sender:/opt/ros/humble CONDA_PROMPT_MODIFIER=(base) /usr/bin/cmake --install /home/sunrise/planning_ws/build/shit
