[0.674s] DEBUG:colcon:Command line arguments: ['/usr/bin/colcon', 'build']
[0.675s] DEBUG:colcon:Parsed command line arguments: Namespace(log_base=None, log_level=None, verb_name='build', build_base='build', install_base='install', merge_install=False, symlink_install=False, test_result_base=None, continue_on_error=False, executor='parallel', parallel_workers=8, event_handlers=None, ignore_user_meta=False, metas=['./colcon.meta'], base_paths=['.'], packages_ignore=None, packages_ignore_regex=None, paths=None, packages_up_to=None, packages_up_to_regex=None, packages_above=None, packages_above_and_dependencies=None, packages_above_depth=None, packages_select_by_dep=None, packages_skip_by_dep=None, packages_skip_up_to=None, packages_select_build_failed=False, packages_skip_build_finished=False, packages_select_test_failures=False, packages_skip_test_passed=False, packages_select=None, packages_skip=None, packages_select_regex=None, packages_skip_regex=None, packages_start=None, packages_end=None, allow_overriding=[], cmake_args=None, cmake_target=None, cmake_target_skip_unavailable=False, cmake_clean_cache=False, cmake_clean_first=False, cmake_force_configure=False, ament_cmake_args=None, catkin_cmake_args=None, catkin_skip_building_tests=False, mixin_files=None, mixin=None, verb_parser=<colcon_mixin.mixin.mixin_argument.MixinArgumentDecorator object at 0xffff8ae41bd0>, verb_extension=<colcon_core.verb.build.BuildVerb object at 0xffff8af47be0>, main=<bound method BuildVerb.main of <colcon_core.verb.build.BuildVerb object at 0xffff8af47be0>>, mixin_verb=('build',))
[1.697s] Level 1:colcon.colcon_core.package_discovery:discover_packages(colcon_meta) check parameters
[1.697s] Level 1:colcon.colcon_core.package_discovery:discover_packages(recursive) check parameters
[1.698s] Level 1:colcon.colcon_core.package_discovery:discover_packages(ignore) check parameters
[1.698s] Level 1:colcon.colcon_core.package_discovery:discover_packages(path) check parameters
[1.698s] Level 1:colcon.colcon_core.package_discovery:discover_packages(colcon_meta) discover
[1.698s] Level 1:colcon.colcon_core.package_discovery:discover_packages(recursive) discover
[1.699s] INFO:colcon.colcon_core.package_discovery:Crawling recursively for packages in '/home/sunrise/motor_ws'
[1.699s] Level 1:colcon.colcon_core.package_identification:_identify(.) by extensions ['ignore', 'ignore_ament_install']
[1.700s] Level 1:colcon.colcon_core.package_identification:_identify(.) by extension 'ignore'
[1.700s] Level 1:colcon.colcon_core.package_identification:_identify(.) by extension 'ignore_ament_install'
[1.700s] Level 1:colcon.colcon_core.package_identification:_identify(.) by extensions ['colcon_pkg']
[1.700s] Level 1:colcon.colcon_core.package_identification:_identify(.) by extension 'colcon_pkg'
[1.701s] Level 1:colcon.colcon_core.package_identification:_identify(.) by extensions ['colcon_meta']
[1.701s] Level 1:colcon.colcon_core.package_identification:_identify(.) by extension 'colcon_meta'
[1.701s] Level 1:colcon.colcon_core.package_identification:_identify(.) by extensions ['ros']
[1.701s] Level 1:colcon.colcon_core.package_identification:_identify(.) by extension 'ros'
[1.781s] Level 1:colcon.colcon_core.package_identification:_identify(.) by extensions ['cmake', 'python']
[1.781s] Level 1:colcon.colcon_core.package_identification:_identify(.) by extension 'cmake'
[1.781s] Level 1:colcon.colcon_core.package_identification:_identify(.) by extension 'python'
[1.782s] Level 1:colcon.colcon_core.package_identification:_identify(.) by extensions ['python_setup_py']
[1.782s] Level 1:colcon.colcon_core.package_identification:_identify(.) by extension 'python_setup_py'
[1.782s] Level 1:colcon.colcon_core.package_identification:_identify(build) by extensions ['ignore', 'ignore_ament_install']
[1.783s] Level 1:colcon.colcon_core.package_identification:_identify(build) by extension 'ignore'
[1.783s] Level 1:colcon.colcon_core.package_identification:_identify(build) ignored
[1.784s] Level 1:colcon.colcon_core.package_identification:_identify(install) by extensions ['ignore', 'ignore_ament_install']
[1.784s] Level 1:colcon.colcon_core.package_identification:_identify(install) by extension 'ignore'
[1.785s] Level 1:colcon.colcon_core.package_identification:_identify(install) ignored
[1.785s] Level 1:colcon.colcon_core.package_identification:_identify(log) by extensions ['ignore', 'ignore_ament_install']
[1.786s] Level 1:colcon.colcon_core.package_identification:_identify(log) by extension 'ignore'
[1.786s] Level 1:colcon.colcon_core.package_identification:_identify(log) ignored
[1.786s] Level 1:colcon.colcon_core.package_identification:_identify(src) by extensions ['ignore', 'ignore_ament_install']
[1.787s] Level 1:colcon.colcon_core.package_identification:_identify(src) by extension 'ignore'
[1.787s] Level 1:colcon.colcon_core.package_identification:_identify(src) by extension 'ignore_ament_install'
[1.788s] Level 1:colcon.colcon_core.package_identification:_identify(src) by extensions ['colcon_pkg']
[1.788s] Level 1:colcon.colcon_core.package_identification:_identify(src) by extension 'colcon_pkg'
[1.788s] Level 1:colcon.colcon_core.package_identification:_identify(src) by extensions ['colcon_meta']
[1.788s] Level 1:colcon.colcon_core.package_identification:_identify(src) by extension 'colcon_meta'
[1.789s] Level 1:colcon.colcon_core.package_identification:_identify(src) by extensions ['ros']
[1.789s] Level 1:colcon.colcon_core.package_identification:_identify(src) by extension 'ros'
[1.789s] Level 1:colcon.colcon_core.package_identification:_identify(src) by extensions ['cmake', 'python']
[1.790s] Level 1:colcon.colcon_core.package_identification:_identify(src) by extension 'cmake'
[1.790s] Level 1:colcon.colcon_core.package_identification:_identify(src) by extension 'python'
[1.790s] Level 1:colcon.colcon_core.package_identification:_identify(src) by extensions ['python_setup_py']
[1.790s] Level 1:colcon.colcon_core.package_identification:_identify(src) by extension 'python_setup_py'
[1.791s] Level 1:colcon.colcon_core.package_identification:_identify(src/motor_control) by extensions ['ignore', 'ignore_ament_install']
[1.791s] Level 1:colcon.colcon_core.package_identification:_identify(src/motor_control) by extension 'ignore'
[1.792s] Level 1:colcon.colcon_core.package_identification:_identify(src/motor_control) by extension 'ignore_ament_install'
[1.792s] Level 1:colcon.colcon_core.package_identification:_identify(src/motor_control) by extensions ['colcon_pkg']
[1.792s] Level 1:colcon.colcon_core.package_identification:_identify(src/motor_control) by extension 'colcon_pkg'
[1.793s] Level 1:colcon.colcon_core.package_identification:_identify(src/motor_control) by extensions ['colcon_meta']
[1.793s] Level 1:colcon.colcon_core.package_identification:_identify(src/motor_control) by extension 'colcon_meta'
[1.793s] Level 1:colcon.colcon_core.package_identification:_identify(src/motor_control) by extensions ['ros']
[1.793s] Level 1:colcon.colcon_core.package_identification:_identify(src/motor_control) by extension 'ros'
[1.808s] DEBUG:colcon.colcon_core.package_identification:Package 'src/motor_control' with type 'ros.ament_python' and name 'motor_control'
[1.809s] Level 1:colcon.colcon_core.package_identification:_identify(src/motor_msg) by extensions ['ignore', 'ignore_ament_install']
[1.810s] Level 1:colcon.colcon_core.package_identification:_identify(src/motor_msg) by extension 'ignore'
[1.811s] Level 1:colcon.colcon_core.package_identification:_identify(src/motor_msg) by extension 'ignore_ament_install'
[1.811s] Level 1:colcon.colcon_core.package_identification:_identify(src/motor_msg) by extensions ['colcon_pkg']
[1.811s] Level 1:colcon.colcon_core.package_identification:_identify(src/motor_msg) by extension 'colcon_pkg'
[1.812s] Level 1:colcon.colcon_core.package_identification:_identify(src/motor_msg) by extensions ['colcon_meta']
[1.812s] Level 1:colcon.colcon_core.package_identification:_identify(src/motor_msg) by extension 'colcon_meta'
[1.812s] Level 1:colcon.colcon_core.package_identification:_identify(src/motor_msg) by extensions ['ros']
[1.813s] Level 1:colcon.colcon_core.package_identification:_identify(src/motor_msg) by extension 'ros'
[1.817s] DEBUG:colcon.colcon_core.package_identification:Package 'src/motor_msg' with type 'ros.ament_cmake' and name 'motor_msg'
[1.818s] Level 1:colcon.colcon_core.package_identification:_identify(src/motor_state) by extensions ['ignore', 'ignore_ament_install']
[1.819s] Level 1:colcon.colcon_core.package_identification:_identify(src/motor_state) by extension 'ignore'
[1.819s] Level 1:colcon.colcon_core.package_identification:_identify(src/motor_state) by extension 'ignore_ament_install'
[1.819s] Level 1:colcon.colcon_core.package_identification:_identify(src/motor_state) by extensions ['colcon_pkg']
[1.820s] Level 1:colcon.colcon_core.package_identification:_identify(src/motor_state) by extension 'colcon_pkg'
[1.820s] Level 1:colcon.colcon_core.package_identification:_identify(src/motor_state) by extensions ['colcon_meta']
[1.820s] Level 1:colcon.colcon_core.package_identification:_identify(src/motor_state) by extension 'colcon_meta'
[1.820s] Level 1:colcon.colcon_core.package_identification:_identify(src/motor_state) by extensions ['ros']
[1.821s] Level 1:colcon.colcon_core.package_identification:_identify(src/motor_state) by extension 'ros'
[1.825s] DEBUG:colcon.colcon_core.package_identification:Package 'src/motor_state' with type 'ros.ament_python' and name 'motor_state'
[1.826s] Level 1:colcon.colcon_core.package_identification:_identify(src/receive_msg) by extensions ['ignore', 'ignore_ament_install']
[1.826s] Level 1:colcon.colcon_core.package_identification:_identify(src/receive_msg) by extension 'ignore'
[1.827s] Level 1:colcon.colcon_core.package_identification:_identify(src/receive_msg) by extension 'ignore_ament_install'
[1.827s] Level 1:colcon.colcon_core.package_identification:_identify(src/receive_msg) by extensions ['colcon_pkg']
[1.827s] Level 1:colcon.colcon_core.package_identification:_identify(src/receive_msg) by extension 'colcon_pkg'
[1.827s] Level 1:colcon.colcon_core.package_identification:_identify(src/receive_msg) by extensions ['colcon_meta']
[1.828s] Level 1:colcon.colcon_core.package_identification:_identify(src/receive_msg) by extension 'colcon_meta'
[1.828s] Level 1:colcon.colcon_core.package_identification:_identify(src/receive_msg) by extensions ['ros']
[1.828s] Level 1:colcon.colcon_core.package_identification:_identify(src/receive_msg) by extension 'ros'
[1.833s] DEBUG:colcon.colcon_core.package_identification:Package 'src/receive_msg' with type 'ros.ament_cmake' and name 'receive_msg'
[1.834s] Level 1:colcon.colcon_core.package_discovery:discover_packages(recursive) using defaults
[1.834s] Level 1:colcon.colcon_core.package_discovery:discover_packages(ignore) discover
[1.834s] Level 1:colcon.colcon_core.package_discovery:discover_packages(ignore) using defaults
[1.834s] Level 1:colcon.colcon_core.package_discovery:discover_packages(path) discover
[1.835s] Level 1:colcon.colcon_core.package_discovery:discover_packages(path) using defaults
[1.964s] Level 1:colcon.colcon_core.package_discovery:discover_packages(prefix_path) check parameters
[1.965s] Level 1:colcon.colcon_core.package_discovery:discover_packages(prefix_path) discover
[1.971s] WARNING:colcon.colcon_ros.prefix_path.ament:The path '/home/sunrise/motor_ws/install/motor_state' in the environment variable AMENT_PREFIX_PATH doesn't exist
[1.972s] WARNING:colcon.colcon_ros.prefix_path.ament:The path '/home/sunrise/motor_ws/install/receive_msg' in the environment variable AMENT_PREFIX_PATH doesn't exist
[1.972s] WARNING:colcon.colcon_ros.prefix_path.ament:The path '/home/sunrise/motor_ws/install/motor_control' in the environment variable AMENT_PREFIX_PATH doesn't exist
[1.972s] WARNING:colcon.colcon_ros.prefix_path.ament:The path '/home/sunrise/motor_ws/install/motor_msg' in the environment variable AMENT_PREFIX_PATH doesn't exist
[1.973s] WARNING:colcon.colcon_ros.prefix_path.catkin:The path '/home/sunrise/motor_ws/install/receive_msg' in the environment variable CMAKE_PREFIX_PATH doesn't exist
[1.973s] WARNING:colcon.colcon_ros.prefix_path.catkin:The path '/home/sunrise/motor_ws/install/motor_msg' in the environment variable CMAKE_PREFIX_PATH doesn't exist
[1.979s] DEBUG:colcon.colcon_installed_package_information.package_discovery:Found 0 installed packages in /home/sunrise/motor_ws/install
[1.983s] DEBUG:colcon.colcon_installed_package_information.package_discovery:Found 54 installed packages in /opt/tros/humble
[1.991s] DEBUG:colcon.colcon_installed_package_information.package_discovery:Found 187 installed packages in /opt/ros/humble
[2.000s] Level 1:colcon.colcon_core.package_discovery:discover_packages(prefix_path) using defaults
[2.303s] Level 5:colcon.colcon_core.verb:set package 'motor_msg' build argument 'cmake_args' from command line to 'None'
[2.303s] Level 5:colcon.colcon_core.verb:set package 'motor_msg' build argument 'cmake_target' from command line to 'None'
[2.303s] Level 5:colcon.colcon_core.verb:set package 'motor_msg' build argument 'cmake_target_skip_unavailable' from command line to 'False'
[2.303s] Level 5:colcon.colcon_core.verb:set package 'motor_msg' build argument 'cmake_clean_cache' from command line to 'False'
[2.304s] Level 5:colcon.colcon_core.verb:set package 'motor_msg' build argument 'cmake_clean_first' from command line to 'False'
[2.304s] Level 5:colcon.colcon_core.verb:set package 'motor_msg' build argument 'cmake_force_configure' from command line to 'False'
[2.304s] Level 5:colcon.colcon_core.verb:set package 'motor_msg' build argument 'ament_cmake_args' from command line to 'None'
[2.304s] Level 5:colcon.colcon_core.verb:set package 'motor_msg' build argument 'catkin_cmake_args' from command line to 'None'
[2.304s] Level 5:colcon.colcon_core.verb:set package 'motor_msg' build argument 'catkin_skip_building_tests' from command line to 'False'
[2.305s] DEBUG:colcon.colcon_core.verb:Building package 'motor_msg' with the following arguments: {'ament_cmake_args': None, 'build_base': '/home/sunrise/motor_ws/build/motor_msg', 'catkin_cmake_args': None, 'catkin_skip_building_tests': False, 'cmake_args': None, 'cmake_clean_cache': False, 'cmake_clean_first': False, 'cmake_force_configure': False, 'cmake_target': None, 'cmake_target_skip_unavailable': False, 'install_base': '/home/sunrise/motor_ws/install/motor_msg', 'merge_install': False, 'path': '/home/sunrise/motor_ws/src/motor_msg', 'symlink_install': False, 'test_result_base': None}
[2.307s] Level 5:colcon.colcon_core.verb:set package 'receive_msg' build argument 'cmake_args' from command line to 'None'
[2.308s] Level 5:colcon.colcon_core.verb:set package 'receive_msg' build argument 'cmake_target' from command line to 'None'
[2.308s] Level 5:colcon.colcon_core.verb:set package 'receive_msg' build argument 'cmake_target_skip_unavailable' from command line to 'False'
[2.308s] Level 5:colcon.colcon_core.verb:set package 'receive_msg' build argument 'cmake_clean_cache' from command line to 'False'
[2.308s] Level 5:colcon.colcon_core.verb:set package 'receive_msg' build argument 'cmake_clean_first' from command line to 'False'
[2.309s] Level 5:colcon.colcon_core.verb:set package 'receive_msg' build argument 'cmake_force_configure' from command line to 'False'
[2.309s] Level 5:colcon.colcon_core.verb:set package 'receive_msg' build argument 'ament_cmake_args' from command line to 'None'
[2.309s] Level 5:colcon.colcon_core.verb:set package 'receive_msg' build argument 'catkin_cmake_args' from command line to 'None'
[2.309s] Level 5:colcon.colcon_core.verb:set package 'receive_msg' build argument 'catkin_skip_building_tests' from command line to 'False'
[2.309s] DEBUG:colcon.colcon_core.verb:Building package 'receive_msg' with the following arguments: {'ament_cmake_args': None, 'build_base': '/home/sunrise/motor_ws/build/receive_msg', 'catkin_cmake_args': None, 'catkin_skip_building_tests': False, 'cmake_args': None, 'cmake_clean_cache': False, 'cmake_clean_first': False, 'cmake_force_configure': False, 'cmake_target': None, 'cmake_target_skip_unavailable': False, 'install_base': '/home/sunrise/motor_ws/install/receive_msg', 'merge_install': False, 'path': '/home/sunrise/motor_ws/src/receive_msg', 'symlink_install': False, 'test_result_base': None}
[2.312s] Level 5:colcon.colcon_core.verb:set package 'motor_control' build argument 'cmake_args' from command line to 'None'
[2.313s] Level 5:colcon.colcon_core.verb:set package 'motor_control' build argument 'cmake_target' from command line to 'None'
[2.313s] Level 5:colcon.colcon_core.verb:set package 'motor_control' build argument 'cmake_target_skip_unavailable' from command line to 'False'
[2.313s] Level 5:colcon.colcon_core.verb:set package 'motor_control' build argument 'cmake_clean_cache' from command line to 'False'
[2.313s] Level 5:colcon.colcon_core.verb:set package 'motor_control' build argument 'cmake_clean_first' from command line to 'False'
[2.313s] Level 5:colcon.colcon_core.verb:set package 'motor_control' build argument 'cmake_force_configure' from command line to 'False'
[2.313s] Level 5:colcon.colcon_core.verb:set package 'motor_control' build argument 'ament_cmake_args' from command line to 'None'
[2.314s] Level 5:colcon.colcon_core.verb:set package 'motor_control' build argument 'catkin_cmake_args' from command line to 'None'
[2.314s] Level 5:colcon.colcon_core.verb:set package 'motor_control' build argument 'catkin_skip_building_tests' from command line to 'False'
[2.314s] DEBUG:colcon.colcon_core.verb:Building package 'motor_control' with the following arguments: {'ament_cmake_args': None, 'build_base': '/home/sunrise/motor_ws/build/motor_control', 'catkin_cmake_args': None, 'catkin_skip_building_tests': False, 'cmake_args': None, 'cmake_clean_cache': False, 'cmake_clean_first': False, 'cmake_force_configure': False, 'cmake_target': None, 'cmake_target_skip_unavailable': False, 'install_base': '/home/sunrise/motor_ws/install/motor_control', 'merge_install': False, 'path': '/home/sunrise/motor_ws/src/motor_control', 'symlink_install': False, 'test_result_base': None}
[2.317s] Level 5:colcon.colcon_core.verb:set package 'motor_state' build argument 'cmake_args' from command line to 'None'
[2.317s] Level 5:colcon.colcon_core.verb:set package 'motor_state' build argument 'cmake_target' from command line to 'None'
[2.317s] Level 5:colcon.colcon_core.verb:set package 'motor_state' build argument 'cmake_target_skip_unavailable' from command line to 'False'
[2.318s] Level 5:colcon.colcon_core.verb:set package 'motor_state' build argument 'cmake_clean_cache' from command line to 'False'
[2.318s] Level 5:colcon.colcon_core.verb:set package 'motor_state' build argument 'cmake_clean_first' from command line to 'False'
[2.318s] Level 5:colcon.colcon_core.verb:set package 'motor_state' build argument 'cmake_force_configure' from command line to 'False'
[2.318s] Level 5:colcon.colcon_core.verb:set package 'motor_state' build argument 'ament_cmake_args' from command line to 'None'
[2.318s] Level 5:colcon.colcon_core.verb:set package 'motor_state' build argument 'catkin_cmake_args' from command line to 'None'
[2.318s] Level 5:colcon.colcon_core.verb:set package 'motor_state' build argument 'catkin_skip_building_tests' from command line to 'False'
[2.319s] DEBUG:colcon.colcon_core.verb:Building package 'motor_state' with the following arguments: {'ament_cmake_args': None, 'build_base': '/home/sunrise/motor_ws/build/motor_state', 'catkin_cmake_args': None, 'catkin_skip_building_tests': False, 'cmake_args': None, 'cmake_clean_cache': False, 'cmake_clean_first': False, 'cmake_force_configure': False, 'cmake_target': None, 'cmake_target_skip_unavailable': False, 'install_base': '/home/sunrise/motor_ws/install/motor_state', 'merge_install': False, 'path': '/home/sunrise/motor_ws/src/motor_state', 'symlink_install': False, 'test_result_base': None}
[2.320s] INFO:colcon.colcon_core.executor:Executing jobs using 'parallel' executor
[2.325s] DEBUG:colcon.colcon_parallel_executor.executor.parallel:run_until_complete
[2.327s] INFO:colcon.colcon_ros.task.ament_cmake.build:Building ROS package in '/home/sunrise/motor_ws/src/motor_msg' with build type 'ament_cmake'
[2.328s] INFO:colcon.colcon_cmake.task.cmake.build:Building CMake package in '/home/sunrise/motor_ws/src/motor_msg'
[2.341s] INFO:colcon.colcon_core.plugin_system:Skipping extension 'colcon_core.shell.bat': Not used on non-Windows systems
[2.343s] INFO:colcon.colcon_core.shell:Skip shell extension 'powershell' for command environment: Not usable outside of PowerShell
[2.343s] DEBUG:colcon.colcon_core.shell:Skip shell extension 'dsv' for command environment
[2.362s] INFO:colcon.colcon_ros.task.ament_cmake.build:Building ROS package in '/home/sunrise/motor_ws/src/receive_msg' with build type 'ament_cmake'
[2.362s] INFO:colcon.colcon_cmake.task.cmake.build:Building CMake package in '/home/sunrise/motor_ws/src/receive_msg'
[2.364s] INFO:colcon.colcon_core.shell:Skip shell extension 'powershell' for command environment: Not usable outside of PowerShell
[2.365s] DEBUG:colcon.colcon_core.shell:Skip shell extension 'dsv' for command environment
[2.401s] DEBUG:colcon.colcon_core.event_handler.log_command:Invoking command in '/home/sunrise/motor_ws/build/motor_msg': CMAKE_PREFIX_PATH=${CMAKE_PREFIX_PATH}:/home/sunrise/motor_ws/install/motor_state:/home/sunrise/motor_ws/install/motor_control:/opt/tros/humble:/opt/ros/humble /usr/bin/cmake --build /home/sunrise/motor_ws/build/motor_msg -- -j8 -l8
[2.427s] DEBUG:colcon.colcon_core.event_handler.log_command:Invoking command in '/home/sunrise/motor_ws/build/receive_msg': CMAKE_PREFIX_PATH=${CMAKE_PREFIX_PATH}:/home/sunrise/motor_ws/install/motor_state:/home/sunrise/motor_ws/install/motor_control:/opt/tros/humble:/opt/ros/humble /usr/bin/cmake --build /home/sunrise/motor_ws/build/receive_msg -- -j8 -l8
[4.636s] DEBUG:colcon.colcon_core.event_handler.log_command:Invoked command in '/home/sunrise/motor_ws/build/receive_msg' returned '0': CMAKE_PREFIX_PATH=${CMAKE_PREFIX_PATH}:/home/sunrise/motor_ws/install/motor_state:/home/sunrise/motor_ws/install/motor_control:/opt/tros/humble:/opt/ros/humble /usr/bin/cmake --build /home/sunrise/motor_ws/build/receive_msg -- -j8 -l8
[4.682s] DEBUG:colcon.colcon_core.event_handler.log_command:Invoking command in '/home/sunrise/motor_ws/build/receive_msg': CMAKE_PREFIX_PATH=${CMAKE_PREFIX_PATH}:/home/sunrise/motor_ws/install/motor_state:/home/sunrise/motor_ws/install/motor_control:/opt/tros/humble:/opt/ros/humble /usr/bin/cmake --install /home/sunrise/motor_ws/build/receive_msg
[4.690s] DEBUG:colcon.colcon_core.event_handler.log_command:Invoked command in '/home/sunrise/motor_ws/build/motor_msg' returned '0': CMAKE_PREFIX_PATH=${CMAKE_PREFIX_PATH}:/home/sunrise/motor_ws/install/motor_state:/home/sunrise/motor_ws/install/motor_control:/opt/tros/humble:/opt/ros/humble /usr/bin/cmake --build /home/sunrise/motor_ws/build/motor_msg -- -j8 -l8
[4.698s] DEBUG:colcon.colcon_core.event_handler.log_command:Invoking command in '/home/sunrise/motor_ws/build/motor_msg': CMAKE_PREFIX_PATH=${CMAKE_PREFIX_PATH}:/home/sunrise/motor_ws/install/motor_state:/home/sunrise/motor_ws/install/motor_control:/opt/tros/humble:/opt/ros/humble /usr/bin/cmake --install /home/sunrise/motor_ws/build/motor_msg
[5.123s] Level 1:colcon.colcon_core.environment:create_environment_scripts_only(receive_msg)
[5.150s] DEBUG:colcon.colcon_core.event_handler.log_command:Invoked command in '/home/sunrise/motor_ws/build/receive_msg' returned '0': CMAKE_PREFIX_PATH=${CMAKE_PREFIX_PATH}:/home/sunrise/motor_ws/install/motor_state:/home/sunrise/motor_ws/install/motor_control:/opt/tros/humble:/opt/ros/humble /usr/bin/cmake --install /home/sunrise/motor_ws/build/receive_msg
[5.152s] Level 1:colcon.colcon_core.environment:checking '/home/sunrise/motor_ws/install/receive_msg' for CMake module files
[5.157s] Level 1:colcon.colcon_core.environment:checking '/home/sunrise/motor_ws/install/receive_msg' for CMake config files
[5.159s] Level 1:colcon.colcon_core.shell:create_environment_hook('receive_msg', 'cmake_prefix_path')
[5.161s] INFO:colcon.colcon_core.shell:Creating environment hook '/home/sunrise/motor_ws/install/receive_msg/share/receive_msg/hook/cmake_prefix_path.ps1'
[5.164s] INFO:colcon.colcon_core.shell:Creating environment descriptor '/home/sunrise/motor_ws/install/receive_msg/share/receive_msg/hook/cmake_prefix_path.dsv'
[5.167s] INFO:colcon.colcon_core.shell:Creating environment hook '/home/sunrise/motor_ws/install/receive_msg/share/receive_msg/hook/cmake_prefix_path.sh'
[5.171s] Level 1:colcon.colcon_core.environment:checking '/home/sunrise/motor_ws/install/receive_msg/lib'
[5.172s] Level 1:colcon.colcon_core.shell:create_environment_hook('receive_msg', 'ld_library_path_lib')
[5.173s] INFO:colcon.colcon_core.shell:Creating environment hook '/home/sunrise/motor_ws/install/receive_msg/share/receive_msg/hook/ld_library_path_lib.ps1'
[5.176s] INFO:colcon.colcon_core.shell:Creating environment descriptor '/home/sunrise/motor_ws/install/receive_msg/share/receive_msg/hook/ld_library_path_lib.dsv'
[5.178s] INFO:colcon.colcon_core.shell:Creating environment hook '/home/sunrise/motor_ws/install/receive_msg/share/receive_msg/hook/ld_library_path_lib.sh'
[5.180s] Level 1:colcon.colcon_core.environment:checking '/home/sunrise/motor_ws/install/receive_msg/bin'
[5.180s] Level 1:colcon.colcon_core.environment:checking '/home/sunrise/motor_ws/install/receive_msg/lib/pkgconfig/receive_msg.pc'
[5.182s] Level 1:colcon.colcon_core.environment:checking '/home/sunrise/motor_ws/install/receive_msg/lib/python3.10/site-packages'
[5.183s] Level 1:colcon.colcon_core.environment:checking '/home/sunrise/motor_ws/install/receive_msg/bin'
[5.185s] INFO:colcon.colcon_core.shell:Creating package script '/home/sunrise/motor_ws/install/receive_msg/share/receive_msg/package.ps1'
[5.190s] INFO:colcon.colcon_core.shell:Creating package descriptor '/home/sunrise/motor_ws/install/receive_msg/share/receive_msg/package.dsv'
[5.194s] INFO:colcon.colcon_core.shell:Creating package script '/home/sunrise/motor_ws/install/receive_msg/share/receive_msg/package.sh'
[5.199s] INFO:colcon.colcon_core.shell:Creating package script '/home/sunrise/motor_ws/install/receive_msg/share/receive_msg/package.bash'
[5.204s] INFO:colcon.colcon_core.shell:Creating package script '/home/sunrise/motor_ws/install/receive_msg/share/receive_msg/package.zsh'
[5.208s] Level 1:colcon.colcon_core.environment:create_file_with_runtime_dependencies(/home/sunrise/motor_ws/install/receive_msg/share/colcon-core/packages/receive_msg)
[5.212s] Level 1:colcon.colcon_core.environment:create_environment_scripts_only(receive_msg)
[5.213s] Level 1:colcon.colcon_core.environment:checking '/home/sunrise/motor_ws/install/receive_msg' for CMake module files
[5.218s] Level 1:colcon.colcon_core.environment:checking '/home/sunrise/motor_ws/install/receive_msg' for CMake config files
[5.220s] Level 1:colcon.colcon_core.shell:create_environment_hook('receive_msg', 'cmake_prefix_path')
[5.222s] INFO:colcon.colcon_core.shell:Creating environment hook '/home/sunrise/motor_ws/install/receive_msg/share/receive_msg/hook/cmake_prefix_path.ps1'
[5.224s] INFO:colcon.colcon_core.shell:Creating environment descriptor '/home/sunrise/motor_ws/install/receive_msg/share/receive_msg/hook/cmake_prefix_path.dsv'
[5.226s] INFO:colcon.colcon_core.shell:Creating environment hook '/home/sunrise/motor_ws/install/receive_msg/share/receive_msg/hook/cmake_prefix_path.sh'
[5.229s] Level 1:colcon.colcon_core.environment:checking '/home/sunrise/motor_ws/install/receive_msg/lib'
[5.229s] Level 1:colcon.colcon_core.shell:create_environment_hook('receive_msg', 'ld_library_path_lib')
[5.230s] INFO:colcon.colcon_core.shell:Creating environment hook '/home/sunrise/motor_ws/install/receive_msg/share/receive_msg/hook/ld_library_path_lib.ps1'
[5.233s] INFO:colcon.colcon_core.shell:Creating environment descriptor '/home/sunrise/motor_ws/install/receive_msg/share/receive_msg/hook/ld_library_path_lib.dsv'
[5.235s] INFO:colcon.colcon_core.shell:Creating environment hook '/home/sunrise/motor_ws/install/receive_msg/share/receive_msg/hook/ld_library_path_lib.sh'
[5.237s] Level 1:colcon.colcon_core.environment:checking '/home/sunrise/motor_ws/install/receive_msg/bin'
[5.237s] Level 1:colcon.colcon_core.environment:checking '/home/sunrise/motor_ws/install/receive_msg/lib/pkgconfig/receive_msg.pc'
[5.239s] Level 1:colcon.colcon_core.environment:checking '/home/sunrise/motor_ws/install/receive_msg/lib/python3.10/site-packages'
[5.240s] Level 1:colcon.colcon_core.environment:checking '/home/sunrise/motor_ws/install/receive_msg/bin'
[5.242s] INFO:colcon.colcon_core.shell:Creating package script '/home/sunrise/motor_ws/install/receive_msg/share/receive_msg/package.ps1'
[5.246s] INFO:colcon.colcon_core.shell:Creating package descriptor '/home/sunrise/motor_ws/install/receive_msg/share/receive_msg/package.dsv'
[5.249s] INFO:colcon.colcon_core.shell:Creating package script '/home/sunrise/motor_ws/install/receive_msg/share/receive_msg/package.sh'
[5.252s] INFO:colcon.colcon_core.shell:Creating package script '/home/sunrise/motor_ws/install/receive_msg/share/receive_msg/package.bash'
[5.254s] INFO:colcon.colcon_core.shell:Creating package script '/home/sunrise/motor_ws/install/receive_msg/share/receive_msg/package.zsh'
[5.257s] Level 1:colcon.colcon_core.environment:create_file_with_runtime_dependencies(/home/sunrise/motor_ws/install/receive_msg/share/colcon-core/packages/receive_msg)
[5.260s] INFO:colcon.colcon_ros.task.ament_python.build:Building ROS package in '/home/sunrise/motor_ws/src/motor_state' with build type 'ament_python'
[5.260s] Level 1:colcon.colcon_core.shell:create_environment_hook('motor_state', 'ament_prefix_path')
[5.262s] INFO:colcon.colcon_core.shell:Creating environment hook '/home/sunrise/motor_ws/install/motor_state/share/motor_state/hook/ament_prefix_path.ps1'
[5.266s] INFO:colcon.colcon_core.shell:Creating environment descriptor '/home/sunrise/motor_ws/install/motor_state/share/motor_state/hook/ament_prefix_path.dsv'
[5.268s] INFO:colcon.colcon_core.shell:Creating environment hook '/home/sunrise/motor_ws/install/motor_state/share/motor_state/hook/ament_prefix_path.sh'
[5.272s] INFO:colcon.colcon_core.shell:Skip shell extension 'powershell' for command environment: Not usable outside of PowerShell
[5.272s] DEBUG:colcon.colcon_core.shell:Skip shell extension 'dsv' for command environment
[5.290s] Level 1:colcon.colcon_core.environment:create_environment_scripts_only(motor_msg)
[5.292s] Level 1:colcon.colcon_core.environment:checking '/home/sunrise/motor_ws/install/motor_msg' for CMake module files
[5.295s] DEBUG:colcon.colcon_core.event_handler.log_command:Invoked command in '/home/sunrise/motor_ws/build/motor_msg' returned '0': CMAKE_PREFIX_PATH=${CMAKE_PREFIX_PATH}:/home/sunrise/motor_ws/install/motor_state:/home/sunrise/motor_ws/install/motor_control:/opt/tros/humble:/opt/ros/humble /usr/bin/cmake --install /home/sunrise/motor_ws/build/motor_msg
[5.298s] Level 1:colcon.colcon_core.environment:checking '/home/sunrise/motor_ws/install/motor_msg' for CMake config files
[5.301s] Level 1:colcon.colcon_core.shell:create_environment_hook('motor_msg', 'cmake_prefix_path')
[5.303s] INFO:colcon.colcon_core.shell:Creating environment hook '/home/sunrise/motor_ws/install/motor_msg/share/motor_msg/hook/cmake_prefix_path.ps1'
[5.306s] INFO:colcon.colcon_core.shell:Creating environment descriptor '/home/sunrise/motor_ws/install/motor_msg/share/motor_msg/hook/cmake_prefix_path.dsv'
[5.307s] INFO:colcon.colcon_core.shell:Creating environment hook '/home/sunrise/motor_ws/install/motor_msg/share/motor_msg/hook/cmake_prefix_path.sh'
[5.310s] Level 1:colcon.colcon_core.environment:checking '/home/sunrise/motor_ws/install/motor_msg/lib'
[5.310s] Level 1:colcon.colcon_core.shell:create_environment_hook('motor_msg', 'ld_library_path_lib')
[5.312s] INFO:colcon.colcon_core.shell:Creating environment hook '/home/sunrise/motor_ws/install/motor_msg/share/motor_msg/hook/ld_library_path_lib.ps1'
[5.314s] INFO:colcon.colcon_core.shell:Creating environment descriptor '/home/sunrise/motor_ws/install/motor_msg/share/motor_msg/hook/ld_library_path_lib.dsv'
[5.316s] INFO:colcon.colcon_core.shell:Creating environment hook '/home/sunrise/motor_ws/install/motor_msg/share/motor_msg/hook/ld_library_path_lib.sh'
[5.318s] Level 1:colcon.colcon_core.environment:checking '/home/sunrise/motor_ws/install/motor_msg/bin'
[5.318s] Level 1:colcon.colcon_core.environment:checking '/home/sunrise/motor_ws/install/motor_msg/lib/pkgconfig/motor_msg.pc'
[5.319s] Level 1:colcon.colcon_core.environment:checking '/home/sunrise/motor_ws/install/motor_msg/lib/python3.10/site-packages'
[5.321s] Level 1:colcon.colcon_core.environment:checking '/home/sunrise/motor_ws/install/motor_msg/bin'
[5.323s] INFO:colcon.colcon_core.shell:Creating package script '/home/sunrise/motor_ws/install/motor_msg/share/motor_msg/package.ps1'
[5.326s] INFO:colcon.colcon_core.shell:Creating package descriptor '/home/sunrise/motor_ws/install/motor_msg/share/motor_msg/package.dsv'
[5.329s] INFO:colcon.colcon_core.shell:Creating package script '/home/sunrise/motor_ws/install/motor_msg/share/motor_msg/package.sh'
[5.331s] INFO:colcon.colcon_core.shell:Creating package script '/home/sunrise/motor_ws/install/motor_msg/share/motor_msg/package.bash'
[5.334s] INFO:colcon.colcon_core.shell:Creating package script '/home/sunrise/motor_ws/install/motor_msg/share/motor_msg/package.zsh'
[5.336s] Level 1:colcon.colcon_core.environment:create_file_with_runtime_dependencies(/home/sunrise/motor_ws/install/motor_msg/share/colcon-core/packages/motor_msg)
[5.339s] Level 1:colcon.colcon_core.environment:create_environment_scripts_only(motor_msg)
[5.341s] Level 1:colcon.colcon_core.environment:checking '/home/sunrise/motor_ws/install/motor_msg' for CMake module files
[5.345s] Level 1:colcon.colcon_core.environment:checking '/home/sunrise/motor_ws/install/motor_msg' for CMake config files
[5.348s] Level 1:colcon.colcon_core.shell:create_environment_hook('motor_msg', 'cmake_prefix_path')
[5.349s] INFO:colcon.colcon_core.shell:Creating environment hook '/home/sunrise/motor_ws/install/motor_msg/share/motor_msg/hook/cmake_prefix_path.ps1'
[5.351s] INFO:colcon.colcon_core.shell:Creating environment descriptor '/home/sunrise/motor_ws/install/motor_msg/share/motor_msg/hook/cmake_prefix_path.dsv'
[5.354s] INFO:colcon.colcon_core.shell:Creating environment hook '/home/sunrise/motor_ws/install/motor_msg/share/motor_msg/hook/cmake_prefix_path.sh'
[5.357s] Level 1:colcon.colcon_core.environment:checking '/home/sunrise/motor_ws/install/motor_msg/lib'
[5.357s] Level 1:colcon.colcon_core.shell:create_environment_hook('motor_msg', 'ld_library_path_lib')
[5.359s] INFO:colcon.colcon_core.shell:Creating environment hook '/home/sunrise/motor_ws/install/motor_msg/share/motor_msg/hook/ld_library_path_lib.ps1'
[5.361s] INFO:colcon.colcon_core.shell:Creating environment descriptor '/home/sunrise/motor_ws/install/motor_msg/share/motor_msg/hook/ld_library_path_lib.dsv'
[5.363s] INFO:colcon.colcon_core.shell:Creating environment hook '/home/sunrise/motor_ws/install/motor_msg/share/motor_msg/hook/ld_library_path_lib.sh'
[5.365s] Level 1:colcon.colcon_core.environment:checking '/home/sunrise/motor_ws/install/motor_msg/bin'
[5.365s] Level 1:colcon.colcon_core.environment:checking '/home/sunrise/motor_ws/install/motor_msg/lib/pkgconfig/motor_msg.pc'
[5.367s] Level 1:colcon.colcon_core.environment:checking '/home/sunrise/motor_ws/install/motor_msg/lib/python3.10/site-packages'
[5.368s] Level 1:colcon.colcon_core.environment:checking '/home/sunrise/motor_ws/install/motor_msg/bin'
[5.370s] INFO:colcon.colcon_core.shell:Creating package script '/home/sunrise/motor_ws/install/motor_msg/share/motor_msg/package.ps1'
[5.373s] INFO:colcon.colcon_core.shell:Creating package descriptor '/home/sunrise/motor_ws/install/motor_msg/share/motor_msg/package.dsv'
[5.377s] INFO:colcon.colcon_core.shell:Creating package script '/home/sunrise/motor_ws/install/motor_msg/share/motor_msg/package.sh'
[5.380s] INFO:colcon.colcon_core.shell:Creating package script '/home/sunrise/motor_ws/install/motor_msg/share/motor_msg/package.bash'
[5.383s] INFO:colcon.colcon_core.shell:Creating package script '/home/sunrise/motor_ws/install/motor_msg/share/motor_msg/package.zsh'
[5.386s] Level 1:colcon.colcon_core.environment:create_file_with_runtime_dependencies(/home/sunrise/motor_ws/install/motor_msg/share/colcon-core/packages/motor_msg)
[5.389s] INFO:colcon.colcon_ros.task.ament_python.build:Building ROS package in '/home/sunrise/motor_ws/src/motor_control' with build type 'ament_python'
[5.390s] Level 1:colcon.colcon_core.shell:create_environment_hook('motor_control', 'ament_prefix_path')
[5.392s] INFO:colcon.colcon_core.shell:Creating environment hook '/home/sunrise/motor_ws/install/motor_control/share/motor_control/hook/ament_prefix_path.ps1'
[5.395s] INFO:colcon.colcon_core.shell:Creating environment descriptor '/home/sunrise/motor_ws/install/motor_control/share/motor_control/hook/ament_prefix_path.dsv'
[5.397s] INFO:colcon.colcon_core.shell:Creating environment hook '/home/sunrise/motor_ws/install/motor_control/share/motor_control/hook/ament_prefix_path.sh'
[5.400s] INFO:colcon.colcon_core.shell:Skip shell extension 'powershell' for command environment: Not usable outside of PowerShell
[5.401s] DEBUG:colcon.colcon_core.shell:Skip shell extension 'dsv' for command environment
[7.036s] INFO:colcon.colcon_core.task.python.build:Building Python package in '/home/sunrise/motor_ws/src/motor_state'
[7.038s] INFO:colcon.colcon_core.shell:Skip shell extension 'powershell' for command environment: Not usable outside of PowerShell
[7.038s] DEBUG:colcon.colcon_core.shell:Skip shell extension 'dsv' for command environment
[8.665s] INFO:colcon.colcon_core.task.python.build:Building Python package in '/home/sunrise/motor_ws/src/motor_control'
[8.667s] INFO:colcon.colcon_core.shell:Skip shell extension 'powershell' for command environment: Not usable outside of PowerShell
[8.667s] DEBUG:colcon.colcon_core.shell:Skip shell extension 'dsv' for command environment
[10.883s] DEBUG:colcon.colcon_core.event_handler.log_command:Invoking command in '/home/sunrise/motor_ws/src/motor_state': LD_LIBRARY_PATH=/home/sunrise/motor_ws/install/receive_msg/lib:/home/sunrise/motor_ws/install/motor_msg/lib:/opt/tros/humble/lib/aarch64-linux-gnu:/opt/tros/humble/lib:/opt/ros/humble/lib/aarch64-linux-gnu:/opt/ros/humble/lib:/usr/hobot/lib:/app/lib:/app/pub/lib:/middleware/lib:/middleware/pub/lib:/usr/hobot/lib/sensor:/system/lib:/system/usr/lib:/lib PYTHONPATH=/home/sunrise/motor_ws/build/motor_state/prefix_override:/usr/lib/python3/dist-packages/colcon_core/task/python/colcon_distutils_commands:/home/sunrise/motor_ws/install/motor_state/lib/python3.10/site-packages:${PYTHONPATH} /usr/bin/python3 -W ignore:setup.py install is deprecated -W ignore:easy_install command is deprecated setup.py egg_info --egg-base ../../build/motor_state build --build-base /home/sunrise/motor_ws/build/motor_state/build install --record /home/sunrise/motor_ws/build/motor_state/install.log --single-version-externally-managed install_data
[10.986s] DEBUG:colcon.colcon_core.event_handler.log_command:Invoking command in '/home/sunrise/motor_ws/src/motor_control': CMAKE_PREFIX_PATH=/home/sunrise/motor_ws/install/motor_msg:/home/sunrise/motor_ws/install/receive_msg LD_LIBRARY_PATH=/home/sunrise/motor_ws/install/motor_msg/lib:/home/sunrise/motor_ws/install/receive_msg/lib:/opt/tros/humble/lib/aarch64-linux-gnu:/opt/tros/humble/lib:/opt/ros/humble/lib/aarch64-linux-gnu:/opt/ros/humble/lib:/usr/hobot/lib:/app/lib:/app/pub/lib:/middleware/lib:/middleware/pub/lib:/usr/hobot/lib/sensor:/system/lib:/system/usr/lib:/lib PYTHONPATH=/home/sunrise/motor_ws/build/motor_control/prefix_override:/usr/lib/python3/dist-packages/colcon_core/task/python/colcon_distutils_commands:/home/sunrise/motor_ws/install/motor_control/lib/python3.10/site-packages:${PYTHONPATH} /usr/bin/python3 -W ignore:setup.py install is deprecated -W ignore:easy_install command is deprecated setup.py egg_info --egg-base ../../build/motor_control build --build-base /home/sunrise/motor_ws/build/motor_control/build install --record /home/sunrise/motor_ws/build/motor_control/install.log --single-version-externally-managed install_data
[12.732s] Level 1:colcon.colcon_core.environment:checking '/home/sunrise/motor_ws/install/motor_state' for CMake module files
[12.735s] DEBUG:colcon.colcon_core.event_handler.log_command:Invoked command in '/home/sunrise/motor_ws/src/motor_state' returned '0': LD_LIBRARY_PATH=/home/sunrise/motor_ws/install/receive_msg/lib:/home/sunrise/motor_ws/install/motor_msg/lib:/opt/tros/humble/lib/aarch64-linux-gnu:/opt/tros/humble/lib:/opt/ros/humble/lib/aarch64-linux-gnu:/opt/ros/humble/lib:/usr/hobot/lib:/app/lib:/app/pub/lib:/middleware/lib:/middleware/pub/lib:/usr/hobot/lib/sensor:/system/lib:/system/usr/lib:/lib PYTHONPATH=/home/sunrise/motor_ws/build/motor_state/prefix_override:/usr/lib/python3/dist-packages/colcon_core/task/python/colcon_distutils_commands:/home/sunrise/motor_ws/install/motor_state/lib/python3.10/site-packages:${PYTHONPATH} /usr/bin/python3 -W ignore:setup.py install is deprecated -W ignore:easy_install command is deprecated setup.py egg_info --egg-base ../../build/motor_state build --build-base /home/sunrise/motor_ws/build/motor_state/build install --record /home/sunrise/motor_ws/build/motor_state/install.log --single-version-externally-managed install_data
[12.737s] Level 1:colcon.colcon_core.environment:checking '/home/sunrise/motor_ws/install/motor_state' for CMake config files
[12.741s] Level 1:colcon.colcon_core.environment:checking '/home/sunrise/motor_ws/install/motor_state/lib'
[12.741s] Level 1:colcon.colcon_core.environment:checking '/home/sunrise/motor_ws/install/motor_state/bin'
[12.742s] Level 1:colcon.colcon_core.environment:checking '/home/sunrise/motor_ws/install/motor_state/lib/pkgconfig/motor_state.pc'
[12.743s] Level 1:colcon.colcon_core.environment:checking '/home/sunrise/motor_ws/install/motor_state/lib/python3.10/site-packages'
[12.744s] Level 1:colcon.colcon_core.shell:create_environment_hook('motor_state', 'pythonpath')
[12.746s] INFO:colcon.colcon_core.shell:Creating environment hook '/home/sunrise/motor_ws/install/motor_state/share/motor_state/hook/pythonpath.ps1'
[12.748s] INFO:colcon.colcon_core.shell:Creating environment descriptor '/home/sunrise/motor_ws/install/motor_state/share/motor_state/hook/pythonpath.dsv'
[12.751s] INFO:colcon.colcon_core.shell:Creating environment hook '/home/sunrise/motor_ws/install/motor_state/share/motor_state/hook/pythonpath.sh'
[12.754s] Level 1:colcon.colcon_core.environment:checking '/home/sunrise/motor_ws/install/motor_state/bin'
[12.755s] Level 1:colcon.colcon_core.environment:create_environment_scripts_only(motor_state)
[12.757s] INFO:colcon.colcon_core.shell:Creating package script '/home/sunrise/motor_ws/install/motor_state/share/motor_state/package.ps1'
[12.761s] INFO:colcon.colcon_core.shell:Creating package descriptor '/home/sunrise/motor_ws/install/motor_state/share/motor_state/package.dsv'
[12.764s] INFO:colcon.colcon_core.shell:Creating package script '/home/sunrise/motor_ws/install/motor_state/share/motor_state/package.sh'
[12.767s] INFO:colcon.colcon_core.shell:Creating package script '/home/sunrise/motor_ws/install/motor_state/share/motor_state/package.bash'
[12.769s] INFO:colcon.colcon_core.shell:Creating package script '/home/sunrise/motor_ws/install/motor_state/share/motor_state/package.zsh'
[12.772s] Level 1:colcon.colcon_core.environment:create_file_with_runtime_dependencies(/home/sunrise/motor_ws/install/motor_state/share/colcon-core/packages/motor_state)
[12.890s] Level 1:colcon.colcon_core.environment:checking '/home/sunrise/motor_ws/install/motor_control' for CMake module files
[12.897s] DEBUG:colcon.colcon_core.event_handler.log_command:Invoked command in '/home/sunrise/motor_ws/src/motor_control' returned '0': CMAKE_PREFIX_PATH=/home/sunrise/motor_ws/install/motor_msg:/home/sunrise/motor_ws/install/receive_msg LD_LIBRARY_PATH=/home/sunrise/motor_ws/install/motor_msg/lib:/home/sunrise/motor_ws/install/receive_msg/lib:/opt/tros/humble/lib/aarch64-linux-gnu:/opt/tros/humble/lib:/opt/ros/humble/lib/aarch64-linux-gnu:/opt/ros/humble/lib:/usr/hobot/lib:/app/lib:/app/pub/lib:/middleware/lib:/middleware/pub/lib:/usr/hobot/lib/sensor:/system/lib:/system/usr/lib:/lib PYTHONPATH=/home/sunrise/motor_ws/build/motor_control/prefix_override:/usr/lib/python3/dist-packages/colcon_core/task/python/colcon_distutils_commands:/home/sunrise/motor_ws/install/motor_control/lib/python3.10/site-packages:${PYTHONPATH} /usr/bin/python3 -W ignore:setup.py install is deprecated -W ignore:easy_install command is deprecated setup.py egg_info --egg-base ../../build/motor_control build --build-base /home/sunrise/motor_ws/build/motor_control/build install --record /home/sunrise/motor_ws/build/motor_control/install.log --single-version-externally-managed install_data
[12.900s] Level 1:colcon.colcon_core.environment:checking '/home/sunrise/motor_ws/install/motor_control' for CMake config files
[12.905s] Level 1:colcon.colcon_core.environment:checking '/home/sunrise/motor_ws/install/motor_control/lib'
[12.906s] Level 1:colcon.colcon_core.environment:checking '/home/sunrise/motor_ws/install/motor_control/bin'
[12.907s] Level 1:colcon.colcon_core.environment:checking '/home/sunrise/motor_ws/install/motor_control/lib/pkgconfig/motor_control.pc'
[12.910s] Level 1:colcon.colcon_core.environment:checking '/home/sunrise/motor_ws/install/motor_control/lib/python3.10/site-packages'
[12.910s] Level 1:colcon.colcon_core.shell:create_environment_hook('motor_control', 'pythonpath')
[12.913s] INFO:colcon.colcon_core.shell:Creating environment hook '/home/sunrise/motor_ws/install/motor_control/share/motor_control/hook/pythonpath.ps1'
[12.918s] INFO:colcon.colcon_core.shell:Creating environment descriptor '/home/sunrise/motor_ws/install/motor_control/share/motor_control/hook/pythonpath.dsv'
[12.921s] INFO:colcon.colcon_core.shell:Creating environment hook '/home/sunrise/motor_ws/install/motor_control/share/motor_control/hook/pythonpath.sh'
[12.927s] Level 1:colcon.colcon_core.environment:checking '/home/sunrise/motor_ws/install/motor_control/bin'
[12.928s] Level 1:colcon.colcon_core.environment:create_environment_scripts_only(motor_control)
[12.930s] INFO:colcon.colcon_core.shell:Creating package script '/home/sunrise/motor_ws/install/motor_control/share/motor_control/package.ps1'
[12.933s] INFO:colcon.colcon_core.shell:Creating package descriptor '/home/sunrise/motor_ws/install/motor_control/share/motor_control/package.dsv'
[12.936s] INFO:colcon.colcon_core.shell:Creating package script '/home/sunrise/motor_ws/install/motor_control/share/motor_control/package.sh'
[12.939s] INFO:colcon.colcon_core.shell:Creating package script '/home/sunrise/motor_ws/install/motor_control/share/motor_control/package.bash'
[12.941s] INFO:colcon.colcon_core.shell:Creating package script '/home/sunrise/motor_ws/install/motor_control/share/motor_control/package.zsh'
[12.944s] Level 1:colcon.colcon_core.environment:create_file_with_runtime_dependencies(/home/sunrise/motor_ws/install/motor_control/share/colcon-core/packages/motor_control)
[12.945s] DEBUG:colcon.colcon_parallel_executor.executor.parallel:closing loop
[12.947s] DEBUG:colcon.colcon_parallel_executor.executor.parallel:loop closed
[12.947s] DEBUG:colcon.colcon_parallel_executor.executor.parallel:run_until_complete finished with '0'
[12.948s] DEBUG:colcon.colcon_core.event_reactor:joining thread
[12.980s] INFO:colcon.colcon_core.plugin_system:Skipping extension 'colcon_notification.desktop_notification.notify_send': Could not find 'notify-send'
[12.981s] INFO:colcon.colcon_core.plugin_system:Skipping extension 'colcon_notification.desktop_notification.terminal_notifier': Not used on non-Darwin systems
[12.982s] INFO:colcon.colcon_core.plugin_system:Skipping extension 'colcon_notification.desktop_notification.win32': Not used on non-Windows systems
[12.982s] INFO:colcon.colcon_notification.desktop_notification:Sending desktop notification using 'notify2'
[38.011s] DEBUG:colcon.colcon_notification.desktop_notification.notify2:Failed to initialize notify2: org.freedesktop.DBus.Error.NoReply: Did not receive a reply. Possible causes include: the remote application did not send a reply, the message bus security policy blocked the reply, the reply timeout expired, or the network connection was broken.
[38.012s] DEBUG:colcon.colcon_core.event_reactor:joined thread
[38.014s] INFO:colcon.colcon_core.shell:Creating prefix script '/home/sunrise/motor_ws/install/local_setup.ps1'
[38.021s] INFO:colcon.colcon_core.shell:Creating prefix util module '/home/sunrise/motor_ws/install/_local_setup_util_ps1.py'
[38.032s] INFO:colcon.colcon_core.shell:Creating prefix chain script '/home/sunrise/motor_ws/install/setup.ps1'
[38.040s] INFO:colcon.colcon_core.shell:Creating prefix script '/home/sunrise/motor_ws/install/local_setup.sh'
[38.043s] INFO:colcon.colcon_core.shell:Creating prefix util module '/home/sunrise/motor_ws/install/_local_setup_util_sh.py'
[38.047s] INFO:colcon.colcon_core.shell:Creating prefix chain script '/home/sunrise/motor_ws/install/setup.sh'
[38.055s] INFO:colcon.colcon_core.shell:Creating prefix script '/home/sunrise/motor_ws/install/local_setup.bash'
[38.062s] INFO:colcon.colcon_core.shell:Creating prefix chain script '/home/sunrise/motor_ws/install/setup.bash'
[38.070s] INFO:colcon.colcon_core.shell:Creating prefix script '/home/sunrise/motor_ws/install/local_setup.zsh'
[38.073s] INFO:colcon.colcon_core.shell:Creating prefix chain script '/home/sunrise/motor_ws/install/setup.zsh'
