[4.074s] Invoking command in '/home/sunrise/flask_robot_arm/src/httpController': CONDA_PROMPT_MODIFIER=(base) PYTHONPATH=/home/sunrise/flask_robot_arm/build/httpController/prefix_override:/usr/lib/python3/dist-packages/colcon_core/task/python/colcon_distutils_commands:/home/sunrise/flask_robot_arm/install/httpController/lib/python3.10/site-packages:${PYTHONPATH} /usr/bin/python3 -W ignore:setup.py install is deprecated -W ignore:easy_install command is deprecated setup.py egg_info --egg-base ../../build/httpController build --build-base /home/sunrise/flask_robot_arm/build/httpController/build install --record /home/sunrise/flask_robot_arm/build/httpController/install.log --single-version-externally-managed install_data
[5.523s] running egg_info
[5.527s] writing ../../build/httpController/httpController.egg-info/PKG-INFO
[5.528s] writing dependency_links to ../../build/httpController/httpController.egg-info/dependency_links.txt
[5.529s] writing entry points to ../../build/httpController/httpController.egg-info/entry_points.txt
[5.530s] writing requirements to ../../build/httpController/httpController.egg-info/requires.txt
[5.530s] writing top-level names to ../../build/httpController/httpController.egg-info/top_level.txt
[5.541s] reading manifest file '../../build/httpController/httpController.egg-info/SOURCES.txt'
[5.546s] writing manifest file '../../build/httpController/httpController.egg-info/SOURCES.txt'
[5.546s] running build
[5.547s] running build_py
[5.547s] copying httpController/httpController.py -> /home/sunrise/flask_robot_arm/build/httpController/build/lib/httpController
[5.548s] running install
[5.550s] running install_lib
[5.554s] copying /home/sunrise/flask_robot_arm/build/httpController/build/lib/httpController/httpController.py -> /home/sunrise/flask_robot_arm/install/httpController/lib/python3.10/site-packages/httpController
[5.557s] byte-compiling /home/sunrise/flask_robot_arm/install/httpController/lib/python3.10/site-packages/httpController/httpController.py to httpController.cpython-310.pyc
[5.584s] running install_data
[5.584s] running install_egg_info
[5.593s] removing '/home/sunrise/flask_robot_arm/install/httpController/lib/python3.10/site-packages/httpController-0.0.0-py3.10.egg-info' (and everything under it)
[5.594s] Copying ../../build/httpController/httpController.egg-info to /home/sunrise/flask_robot_arm/install/httpController/lib/python3.10/site-packages/httpController-0.0.0-py3.10.egg-info
[5.598s] running install_scripts
[5.713s] Installing httpController script to /home/sunrise/flask_robot_arm/install/httpController/lib/httpController
[5.715s] writing list of installed files to '/home/sunrise/flask_robot_arm/build/httpController/install.log'
[5.914s] Invoked command in '/home/sunrise/flask_robot_arm/src/httpController' returned '0': CONDA_PROMPT_MODIFIER=(base) PYTHONPATH=/home/sunrise/flask_robot_arm/build/httpController/prefix_override:/usr/lib/python3/dist-packages/colcon_core/task/python/colcon_distutils_commands:/home/sunrise/flask_robot_arm/install/httpController/lib/python3.10/site-packages:${PYTHONPATH} /usr/bin/python3 -W ignore:setup.py install is deprecated -W ignore:easy_install command is deprecated setup.py egg_info --egg-base ../../build/httpController build --build-base /home/sunrise/flask_robot_arm/build/httpController/build install --record /home/sunrise/flask_robot_arm/build/httpController/install.log --single-version-externally-managed install_data
