[0.043s] Invoking command in '/home/sunrise/motor_ws/build/receive_msg': CMAKE_PREFIX_PATH=/opt/tros/humble:/opt/ros/humble /usr/bin/cmake /home/sunrise/motor_ws/src/receive_msg -DCMAKE_INSTALL_PREFIX=/home/sunrise/motor_ws/install/receive_msg
[0.673s] -- The C compiler identification is GNU 11.2.0
[1.236s] -- The CXX compiler identification is GNU 11.2.0
[1.282s] -- Detecting C compiler ABI info
[1.677s] -- Detecting C compiler ABI info - done
[1.757s] -- Check for working C compiler: /usr/bin/cc - skipped
[1.759s] -- Detecting C compile features
[1.762s] -- Detecting C compile features - done
[1.781s] -- Detecting CXX compiler ABI info
[2.201s] -- Detecting CXX compiler ABI info - done
[2.269s] -- Check for working CXX compiler: /usr/bin/c++ - skipped
[2.270s] -- Detecting CXX compile features
[2.273s] -- Detecting CXX compile features - done
[2.294s] -- Found ament_cmake: 1.3.11 (/opt/ros/humble/share/ament_cmake/cmake)
[3.220s] -- Found Python3: /usr/bin/python3 (found version "3.10.12") found components: Interpreter 
[3.839s] -- Found rosidl_default_generators: 1.2.0 (/opt/ros/humble/share/rosidl_default_generators/cmake)
[3.856s] -- Using all available rosidl_typesupport_c: rosidl_typesupport_fastrtps_c;rosidl_typesupport_introspection_c
[3.890s] -- Found rosidl_adapter: 3.1.6 (/opt/ros/humble/share/rosidl_adapter/cmake)
[4.117s] -- Using all available rosidl_typesupport_cpp: rosidl_typesupport_fastrtps_cpp;rosidl_typesupport_introspection_cpp
[4.317s] -- Found builtin_interfaces: 1.2.1 (/opt/ros/humble/share/builtin_interfaces/cmake)
[5.916s] -- Found ament_cmake_ros: 0.10.0 (/opt/ros/humble/share/ament_cmake_ros/cmake)
[7.051s] -- Using all available rosidl_typesupport_c: rosidl_typesupport_fastrtps_c;rosidl_typesupport_introspection_c
[8.544s] -- Using all available rosidl_typesupport_cpp: rosidl_typesupport_fastrtps_cpp;rosidl_typesupport_introspection_cpp
[8.681s] -- Found PythonInterp: /usr/bin/python3 (found suitable version "3.10.12", minimum required is "3.6") 
[8.687s] -- Found python_cmake_module: 0.10.0 (/opt/ros/humble/share/python_cmake_module/cmake)
[8.852s] -- Found PythonLibs: /usr/lib/aarch64-linux-gnu/libpython3.10.so (found suitable version "3.10.12", minimum required is "3.5") 
[8.853s] -- Using PYTHON_EXECUTABLE: /usr/bin/python3
[8.853s] -- Using PYTHON_INCLUDE_DIRS: /usr/include/python3.10
[8.854s] -- Using PYTHON_LIBRARIES: /usr/lib/aarch64-linux-gnu/libpython3.10.so
[8.973s] -- Found PythonExtra: .so  
[9.202s] -- Found ament_lint_auto: 0.12.12 (/opt/ros/humble/share/ament_lint_auto/cmake)
[9.305s] -- Added test 'lint_cmake' to check CMake code style
[9.312s] -- Added test 'xmllint' to check XML markup files
[9.326s] -- Configuring done
[9.466s] -- Generating done
[9.521s] -- Build files have been written to: /home/sunrise/motor_ws/build/receive_msg
[9.558s] Invoked command in '/home/sunrise/motor_ws/build/receive_msg' returned '0': CMAKE_PREFIX_PATH=/opt/tros/humble:/opt/ros/humble /usr/bin/cmake /home/sunrise/motor_ws/src/receive_msg -DCMAKE_INSTALL_PREFIX=/home/sunrise/motor_ws/install/receive_msg
[9.570s] Invoking command in '/home/sunrise/motor_ws/build/receive_msg': CMAKE_PREFIX_PATH=/opt/tros/humble:/opt/ros/humble /usr/bin/cmake --build /home/sunrise/motor_ws/build/receive_msg -- -j8 -l8
[9.747s] [  3%] [34m[1mGenerating C code for ROS interfaces[0m
[9.789s] [  6%] [34m[1mGenerating C++ code for ROS interfaces[0m
[9.825s] [  6%] Built target ament_cmake_python_copy_receive_msg
[11.293s] running egg_info
[11.297s] creating receive_msg.egg-info
[11.298s] writing receive_msg.egg-info/PKG-INFO
[11.299s] writing dependency_links to receive_msg.egg-info/dependency_links.txt
[11.300s] writing top-level names to receive_msg.egg-info/top_level.txt
[11.302s] writing manifest file 'receive_msg.egg-info/SOURCES.txt'
[11.316s] reading manifest file 'receive_msg.egg-info/SOURCES.txt'
[11.320s] writing manifest file 'receive_msg.egg-info/SOURCES.txt'
[11.537s] [  9%] [32mBuilding C object CMakeFiles/receive_msg__rosidl_generator_c.dir/rosidl_generator_c/receive_msg/msg/detail/receive__functions.c.o[0m
[11.538s] [  9%] Built target receive_msg__cpp
[11.552s] [  9%] Built target ament_cmake_python_build_receive_msg_egg
[11.579s] [ 19%] [34m[1mGenerating C++ type support dispatch for ROS interfaces[0m
[11.580s] [ 19%] [34m[1mGenerating C++ introspection for ROS interfaces[0m
[11.580s] [ 19%] [34m[1mGenerating C++ type support for eProsima Fast-RTPS[0m
[11.865s] [ 22%] [32m[1mLinking C shared library libreceive_msg__rosidl_generator_c.so[0m
[12.073s] [ 22%] Built target receive_msg__rosidl_generator_c
[12.120s] [ 29%] [34m[1mGenerating C type support dispatch for ROS interfaces[0m
[12.120s] [ 29%] [34m[1mGenerating C type support for eProsima Fast-RTPS[0m
[12.124s] [ 32%] [34m[1mGenerating C introspection for ROS interfaces[0m
[13.142s] [ 35%] [32mBuilding CXX object CMakeFiles/receive_msg__rosidl_typesupport_cpp.dir/rosidl_typesupport_cpp/receive_msg/msg/receive__type_support.cpp.o[0m
[13.235s] [ 38%] [32mBuilding CXX object CMakeFiles/receive_msg__rosidl_typesupport_introspection_cpp.dir/rosidl_typesupport_introspection_cpp/receive_msg/msg/detail/receive__type_support.cpp.o[0m
[13.336s] [ 41%] [32mBuilding CXX object CMakeFiles/receive_msg__rosidl_typesupport_fastrtps_cpp.dir/rosidl_typesupport_fastrtps_cpp/receive_msg/msg/detail/dds_fastrtps/receive__type_support.cpp.o[0m
[13.699s] [ 45%] [32mBuilding CXX object CMakeFiles/receive_msg__rosidl_typesupport_c.dir/rosidl_typesupport_c/receive_msg/msg/receive__type_support.cpp.o[0m
[13.845s] [ 48%] [32mBuilding C object CMakeFiles/receive_msg__rosidl_typesupport_introspection_c.dir/rosidl_typesupport_introspection_c/receive_msg/msg/detail/receive__type_support.c.o[0m
[13.872s] [ 51%] [32m[1mLinking CXX shared library libreceive_msg__rosidl_typesupport_c.so[0m
[13.916s] [ 54%] [32mBuilding CXX object CMakeFiles/receive_msg__rosidl_typesupport_fastrtps_c.dir/rosidl_typesupport_fastrtps_c/receive_msg/msg/detail/receive__type_support_c.cpp.o[0m
[14.037s] [ 58%] [32m[1mLinking C shared library libreceive_msg__rosidl_typesupport_introspection_c.so[0m
[14.073s] [ 58%] Built target receive_msg__rosidl_typesupport_c
[14.179s] [ 58%] Built target receive_msg__rosidl_typesupport_introspection_c
[14.952s] [ 61%] [32m[1mLinking CXX shared library libreceive_msg__rosidl_typesupport_cpp.so[0m
[15.135s] [ 61%] Built target receive_msg__rosidl_typesupport_cpp
[15.670s] [ 64%] [32m[1mLinking CXX shared library libreceive_msg__rosidl_typesupport_introspection_cpp.so[0m
[15.852s] [ 64%] Built target receive_msg__rosidl_typesupport_introspection_cpp
[15.931s] [ 67%] [32m[1mLinking CXX shared library libreceive_msg__rosidl_typesupport_fastrtps_cpp.so[0m
[15.971s] [ 70%] [32m[1mLinking CXX shared library libreceive_msg__rosidl_typesupport_fastrtps_c.so[0m
[16.422s] [ 70%] Built target receive_msg__rosidl_typesupport_fastrtps_cpp
[16.457s] [ 70%] Built target receive_msg__rosidl_typesupport_fastrtps_c
[16.556s] [ 70%] Built target receive_msg
[16.658s] [ 74%] [34m[1mGenerating Python code for ROS interfaces[0m
[18.598s] [ 74%] Built target receive_msg__py
[18.695s] [ 77%] [32mBuilding C object CMakeFiles/receive_msg__rosidl_generator_py.dir/rosidl_generator_py/receive_msg/msg/_receive_s.c.o[0m
[19.399s] [ 80%] [32m[1mLinking C shared library rosidl_generator_py/receive_msg/libreceive_msg__rosidl_generator_py.so[0m
[19.636s] [ 80%] Built target receive_msg__rosidl_generator_py
[19.730s] [ 90%] [32mBuilding C object CMakeFiles/receive_msg__rosidl_typesupport_c__pyext.dir/rosidl_generator_py/receive_msg/_receive_msg_s.ep.rosidl_typesupport_c.c.o[0m
[19.731s] [ 90%] [32mBuilding C object CMakeFiles/receive_msg__rosidl_typesupport_introspection_c__pyext.dir/rosidl_generator_py/receive_msg/_receive_msg_s.ep.rosidl_typesupport_introspection_c.c.o[0m
[19.732s] [ 90%] [32mBuilding C object CMakeFiles/receive_msg__rosidl_typesupport_fastrtps_c__pyext.dir/rosidl_generator_py/receive_msg/_receive_msg_s.ep.rosidl_typesupport_fastrtps_c.c.o[0m
[20.283s] [100%] [32m[1mLinking C shared library rosidl_generator_py/receive_msg/receive_msg_s__rosidl_typesupport_fastrtps_c.cpython-310-aarch64-linux-gnu.so[0m
[20.284s] [100%] [32m[1mLinking C shared library rosidl_generator_py/receive_msg/receive_msg_s__rosidl_typesupport_c.cpython-310-aarch64-linux-gnu.so[0m
[20.285s] [100%] [32m[1mLinking C shared library rosidl_generator_py/receive_msg/receive_msg_s__rosidl_typesupport_introspection_c.cpython-310-aarch64-linux-gnu.so[0m
[20.487s] [100%] Built target receive_msg__rosidl_typesupport_c__pyext
[20.488s] [100%] Built target receive_msg__rosidl_typesupport_fastrtps_c__pyext
[20.489s] [100%] Built target receive_msg__rosidl_typesupport_introspection_c__pyext
[20.550s] Invoked command in '/home/sunrise/motor_ws/build/receive_msg' returned '0': CMAKE_PREFIX_PATH=/opt/tros/humble:/opt/ros/humble /usr/bin/cmake --build /home/sunrise/motor_ws/build/receive_msg -- -j8 -l8
[20.604s] Invoking command in '/home/sunrise/motor_ws/build/receive_msg': CMAKE_PREFIX_PATH=/opt/tros/humble:/opt/ros/humble /usr/bin/cmake --install /home/sunrise/motor_ws/build/receive_msg
[20.641s] -- Install configuration: ""
[20.642s] -- Installing: /home/sunrise/motor_ws/install/receive_msg/share/ament_index/resource_index/rosidl_interfaces/receive_msg
[20.643s] -- Installing: /home/sunrise/motor_ws/install/receive_msg/include/receive_msg/receive_msg
[20.643s] -- Installing: /home/sunrise/motor_ws/install/receive_msg/include/receive_msg/receive_msg/msg
[20.644s] -- Installing: /home/sunrise/motor_ws/install/receive_msg/include/receive_msg/receive_msg/msg/receive.h
[20.645s] -- Installing: /home/sunrise/motor_ws/install/receive_msg/include/receive_msg/receive_msg/msg/detail
[20.645s] -- Installing: /home/sunrise/motor_ws/install/receive_msg/include/receive_msg/receive_msg/msg/detail/receive__struct.h
[20.646s] -- Installing: /home/sunrise/motor_ws/install/receive_msg/include/receive_msg/receive_msg/msg/detail/receive__functions.c
[20.646s] -- Installing: /home/sunrise/motor_ws/install/receive_msg/include/receive_msg/receive_msg/msg/detail/receive__functions.h
[20.647s] -- Installing: /home/sunrise/motor_ws/install/receive_msg/include/receive_msg/receive_msg/msg/detail/receive__type_support.h
[20.648s] -- Installing: /home/sunrise/motor_ws/install/receive_msg/include/receive_msg/receive_msg/msg/rosidl_generator_c__visibility_control.h
[20.648s] -- Installing: /home/sunrise/motor_ws/install/receive_msg/share/receive_msg/environment/library_path.sh
[20.649s] -- Installing: /home/sunrise/motor_ws/install/receive_msg/share/receive_msg/environment/library_path.dsv
[20.649s] -- Installing: /home/sunrise/motor_ws/install/receive_msg/lib/libreceive_msg__rosidl_generator_c.so
[20.650s] -- Set runtime path of "/home/sunrise/motor_ws/install/receive_msg/lib/libreceive_msg__rosidl_generator_c.so" to ""
[20.651s] -- Up-to-date: /home/sunrise/motor_ws/install/receive_msg/include/receive_msg/receive_msg
[20.651s] -- Up-to-date: /home/sunrise/motor_ws/install/receive_msg/include/receive_msg/receive_msg/msg
[20.652s] -- Installing: /home/sunrise/motor_ws/install/receive_msg/include/receive_msg/receive_msg/msg/rosidl_typesupport_fastrtps_c__visibility_control.h
[20.652s] -- Up-to-date: /home/sunrise/motor_ws/install/receive_msg/include/receive_msg/receive_msg/msg/detail
[20.653s] -- Installing: /home/sunrise/motor_ws/install/receive_msg/include/receive_msg/receive_msg/msg/detail/receive__rosidl_typesupport_fastrtps_c.h
[20.654s] -- Installing: /home/sunrise/motor_ws/install/receive_msg/lib/libreceive_msg__rosidl_typesupport_fastrtps_c.so
[20.654s] -- Set runtime path of "/home/sunrise/motor_ws/install/receive_msg/lib/libreceive_msg__rosidl_typesupport_fastrtps_c.so" to ""
[20.655s] -- Up-to-date: /home/sunrise/motor_ws/install/receive_msg/include/receive_msg/receive_msg
[20.656s] -- Up-to-date: /home/sunrise/motor_ws/install/receive_msg/include/receive_msg/receive_msg/msg
[20.656s] -- Installing: /home/sunrise/motor_ws/install/receive_msg/include/receive_msg/receive_msg/msg/rosidl_typesupport_introspection_c__visibility_control.h
[20.657s] -- Up-to-date: /home/sunrise/motor_ws/install/receive_msg/include/receive_msg/receive_msg/msg/detail
[20.657s] -- Installing: /home/sunrise/motor_ws/install/receive_msg/include/receive_msg/receive_msg/msg/detail/receive__rosidl_typesupport_introspection_c.h
[20.658s] -- Installing: /home/sunrise/motor_ws/install/receive_msg/include/receive_msg/receive_msg/msg/detail/receive__type_support.c
[20.658s] -- Installing: /home/sunrise/motor_ws/install/receive_msg/lib/libreceive_msg__rosidl_typesupport_introspection_c.so
[20.659s] -- Set runtime path of "/home/sunrise/motor_ws/install/receive_msg/lib/libreceive_msg__rosidl_typesupport_introspection_c.so" to ""
[20.659s] -- Installing: /home/sunrise/motor_ws/install/receive_msg/lib/libreceive_msg__rosidl_typesupport_c.so
[20.660s] -- Set runtime path of "/home/sunrise/motor_ws/install/receive_msg/lib/libreceive_msg__rosidl_typesupport_c.so" to ""
[20.661s] -- Up-to-date: /home/sunrise/motor_ws/install/receive_msg/include/receive_msg/receive_msg
[20.661s] -- Up-to-date: /home/sunrise/motor_ws/install/receive_msg/include/receive_msg/receive_msg/msg
[20.662s] -- Installing: /home/sunrise/motor_ws/install/receive_msg/include/receive_msg/receive_msg/msg/receive.hpp
[20.662s] -- Installing: /home/sunrise/motor_ws/install/receive_msg/include/receive_msg/receive_msg/msg/rosidl_generator_cpp__visibility_control.hpp
[20.663s] -- Up-to-date: /home/sunrise/motor_ws/install/receive_msg/include/receive_msg/receive_msg/msg/detail
[20.664s] -- Installing: /home/sunrise/motor_ws/install/receive_msg/include/receive_msg/receive_msg/msg/detail/receive__struct.hpp
[20.664s] -- Installing: /home/sunrise/motor_ws/install/receive_msg/include/receive_msg/receive_msg/msg/detail/receive__type_support.hpp
[20.665s] -- Installing: /home/sunrise/motor_ws/install/receive_msg/include/receive_msg/receive_msg/msg/detail/receive__traits.hpp
[20.665s] -- Installing: /home/sunrise/motor_ws/install/receive_msg/include/receive_msg/receive_msg/msg/detail/receive__builder.hpp
[20.666s] -- Up-to-date: /home/sunrise/motor_ws/install/receive_msg/include/receive_msg/receive_msg
[20.667s] -- Up-to-date: /home/sunrise/motor_ws/install/receive_msg/include/receive_msg/receive_msg/msg
[20.668s] -- Up-to-date: /home/sunrise/motor_ws/install/receive_msg/include/receive_msg/receive_msg/msg/detail
[20.668s] -- Installing: /home/sunrise/motor_ws/install/receive_msg/include/receive_msg/receive_msg/msg/detail/dds_fastrtps
[20.669s] -- Installing: /home/sunrise/motor_ws/install/receive_msg/include/receive_msg/receive_msg/msg/detail/receive__rosidl_typesupport_fastrtps_cpp.hpp
[20.670s] -- Installing: /home/sunrise/motor_ws/install/receive_msg/include/receive_msg/receive_msg/msg/rosidl_typesupport_fastrtps_cpp__visibility_control.h
[20.670s] -- Installing: /home/sunrise/motor_ws/install/receive_msg/lib/libreceive_msg__rosidl_typesupport_fastrtps_cpp.so
[20.671s] -- Set runtime path of "/home/sunrise/motor_ws/install/receive_msg/lib/libreceive_msg__rosidl_typesupport_fastrtps_cpp.so" to ""
[20.672s] -- Up-to-date: /home/sunrise/motor_ws/install/receive_msg/include/receive_msg/receive_msg
[20.672s] -- Up-to-date: /home/sunrise/motor_ws/install/receive_msg/include/receive_msg/receive_msg/msg
[20.673s] -- Up-to-date: /home/sunrise/motor_ws/install/receive_msg/include/receive_msg/receive_msg/msg/detail
[20.673s] -- Installing: /home/sunrise/motor_ws/install/receive_msg/include/receive_msg/receive_msg/msg/detail/receive__type_support.cpp
[20.674s] -- Installing: /home/sunrise/motor_ws/install/receive_msg/include/receive_msg/receive_msg/msg/detail/receive__rosidl_typesupport_introspection_cpp.hpp
[20.675s] -- Installing: /home/sunrise/motor_ws/install/receive_msg/lib/libreceive_msg__rosidl_typesupport_introspection_cpp.so
[20.675s] -- Set runtime path of "/home/sunrise/motor_ws/install/receive_msg/lib/libreceive_msg__rosidl_typesupport_introspection_cpp.so" to ""
[20.676s] -- Installing: /home/sunrise/motor_ws/install/receive_msg/lib/libreceive_msg__rosidl_typesupport_cpp.so
[20.676s] -- Set runtime path of "/home/sunrise/motor_ws/install/receive_msg/lib/libreceive_msg__rosidl_typesupport_cpp.so" to ""
[20.677s] -- Installing: /home/sunrise/motor_ws/install/receive_msg/share/receive_msg/environment/pythonpath.sh
[20.678s] -- Installing: /home/sunrise/motor_ws/install/receive_msg/share/receive_msg/environment/pythonpath.dsv
[20.678s] -- Installing: /home/sunrise/motor_ws/install/receive_msg/local/lib/python3.10/dist-packages/receive_msg-0.0.0-py3.10.egg-info
[20.679s] -- Installing: /home/sunrise/motor_ws/install/receive_msg/local/lib/python3.10/dist-packages/receive_msg-0.0.0-py3.10.egg-info/SOURCES.txt
[20.679s] -- Installing: /home/sunrise/motor_ws/install/receive_msg/local/lib/python3.10/dist-packages/receive_msg-0.0.0-py3.10.egg-info/top_level.txt
[20.680s] -- Installing: /home/sunrise/motor_ws/install/receive_msg/local/lib/python3.10/dist-packages/receive_msg-0.0.0-py3.10.egg-info/dependency_links.txt
[20.680s] -- Installing: /home/sunrise/motor_ws/install/receive_msg/local/lib/python3.10/dist-packages/receive_msg-0.0.0-py3.10.egg-info/PKG-INFO
[20.681s] -- Installing: /home/sunrise/motor_ws/install/receive_msg/local/lib/python3.10/dist-packages/receive_msg
[20.681s] -- Installing: /home/sunrise/motor_ws/install/receive_msg/local/lib/python3.10/dist-packages/receive_msg/_receive_msg_s.ep.rosidl_typesupport_introspection_c.c
[20.682s] -- Installing: /home/sunrise/motor_ws/install/receive_msg/local/lib/python3.10/dist-packages/receive_msg/receive_msg_s__rosidl_typesupport_c.cpython-310-aarch64-linux-gnu.so
[20.682s] -- Installing: /home/sunrise/motor_ws/install/receive_msg/local/lib/python3.10/dist-packages/receive_msg/receive_msg_s__rosidl_typesupport_fastrtps_c.cpython-310-aarch64-linux-gnu.so
[20.683s] -- Installing: /home/sunrise/motor_ws/install/receive_msg/local/lib/python3.10/dist-packages/receive_msg/receive_msg_s__rosidl_typesupport_introspection_c.cpython-310-aarch64-linux-gnu.so
[20.683s] -- Installing: /home/sunrise/motor_ws/install/receive_msg/local/lib/python3.10/dist-packages/receive_msg/libreceive_msg__rosidl_generator_py.so
[20.683s] -- Installing: /home/sunrise/motor_ws/install/receive_msg/local/lib/python3.10/dist-packages/receive_msg/_receive_msg_s.ep.rosidl_typesupport_c.c
[20.684s] -- Installing: /home/sunrise/motor_ws/install/receive_msg/local/lib/python3.10/dist-packages/receive_msg/msg
[20.684s] -- Installing: /home/sunrise/motor_ws/install/receive_msg/local/lib/python3.10/dist-packages/receive_msg/msg/_receive.py
[20.685s] -- Installing: /home/sunrise/motor_ws/install/receive_msg/local/lib/python3.10/dist-packages/receive_msg/msg/_receive_s.c
[20.685s] -- Installing: /home/sunrise/motor_ws/install/receive_msg/local/lib/python3.10/dist-packages/receive_msg/msg/__init__.py
[20.686s] -- Installing: /home/sunrise/motor_ws/install/receive_msg/local/lib/python3.10/dist-packages/receive_msg/_receive_msg_s.ep.rosidl_typesupport_fastrtps_c.c
[20.686s] -- Installing: /home/sunrise/motor_ws/install/receive_msg/local/lib/python3.10/dist-packages/receive_msg/__init__.py
[20.868s] Listing '/home/sunrise/motor_ws/install/receive_msg/local/lib/python3.10/dist-packages/receive_msg'...
[20.869s] Compiling '/home/sunrise/motor_ws/install/receive_msg/local/lib/python3.10/dist-packages/receive_msg/__init__.py'...
[20.870s] Listing '/home/sunrise/motor_ws/install/receive_msg/local/lib/python3.10/dist-packages/receive_msg/msg'...
[20.870s] Compiling '/home/sunrise/motor_ws/install/receive_msg/local/lib/python3.10/dist-packages/receive_msg/msg/__init__.py'...
[20.871s] Compiling '/home/sunrise/motor_ws/install/receive_msg/local/lib/python3.10/dist-packages/receive_msg/msg/_receive.py'...
[20.911s] -- Installing: /home/sunrise/motor_ws/install/receive_msg/local/lib/python3.10/dist-packages/receive_msg/receive_msg_s__rosidl_typesupport_fastrtps_c.cpython-310-aarch64-linux-gnu.so
[20.912s] -- Set runtime path of "/home/sunrise/motor_ws/install/receive_msg/local/lib/python3.10/dist-packages/receive_msg/receive_msg_s__rosidl_typesupport_fastrtps_c.cpython-310-aarch64-linux-gnu.so" to ""
[20.912s] -- Installing: /home/sunrise/motor_ws/install/receive_msg/local/lib/python3.10/dist-packages/receive_msg/receive_msg_s__rosidl_typesupport_introspection_c.cpython-310-aarch64-linux-gnu.so
[20.914s] -- Set runtime path of "/home/sunrise/motor_ws/install/receive_msg/local/lib/python3.10/dist-packages/receive_msg/receive_msg_s__rosidl_typesupport_introspection_c.cpython-310-aarch64-linux-gnu.so" to ""
[20.914s] -- Installing: /home/sunrise/motor_ws/install/receive_msg/local/lib/python3.10/dist-packages/receive_msg/receive_msg_s__rosidl_typesupport_c.cpython-310-aarch64-linux-gnu.so
[20.916s] -- Set runtime path of "/home/sunrise/motor_ws/install/receive_msg/local/lib/python3.10/dist-packages/receive_msg/receive_msg_s__rosidl_typesupport_c.cpython-310-aarch64-linux-gnu.so" to ""
[20.916s] -- Installing: /home/sunrise/motor_ws/install/receive_msg/lib/libreceive_msg__rosidl_generator_py.so
[20.918s] -- Set runtime path of "/home/sunrise/motor_ws/install/receive_msg/lib/libreceive_msg__rosidl_generator_py.so" to ""
[20.918s] -- Installing: /home/sunrise/motor_ws/install/receive_msg/share/receive_msg/msg/Receive.idl
[20.919s] -- Installing: /home/sunrise/motor_ws/install/receive_msg/share/receive_msg/msg/Receive.msg
[20.920s] -- Installing: /home/sunrise/motor_ws/install/receive_msg/share/ament_index/resource_index/package_run_dependencies/receive_msg
[20.920s] -- Installing: /home/sunrise/motor_ws/install/receive_msg/share/ament_index/resource_index/parent_prefix_path/receive_msg
[20.921s] -- Installing: /home/sunrise/motor_ws/install/receive_msg/share/receive_msg/environment/ament_prefix_path.sh
[20.921s] -- Installing: /home/sunrise/motor_ws/install/receive_msg/share/receive_msg/environment/ament_prefix_path.dsv
[20.922s] -- Installing: /home/sunrise/motor_ws/install/receive_msg/share/receive_msg/environment/path.sh
[20.923s] -- Installing: /home/sunrise/motor_ws/install/receive_msg/share/receive_msg/environment/path.dsv
[20.923s] -- Installing: /home/sunrise/motor_ws/install/receive_msg/share/receive_msg/local_setup.bash
[20.924s] -- Installing: /home/sunrise/motor_ws/install/receive_msg/share/receive_msg/local_setup.sh
[20.924s] -- Installing: /home/sunrise/motor_ws/install/receive_msg/share/receive_msg/local_setup.zsh
[20.925s] -- Installing: /home/sunrise/motor_ws/install/receive_msg/share/receive_msg/local_setup.dsv
[20.925s] -- Installing: /home/sunrise/motor_ws/install/receive_msg/share/receive_msg/package.dsv
[20.926s] -- Installing: /home/sunrise/motor_ws/install/receive_msg/share/ament_index/resource_index/packages/receive_msg
[20.927s] -- Installing: /home/sunrise/motor_ws/install/receive_msg/share/receive_msg/cmake/export_receive_msg__rosidl_generator_cExport.cmake
[20.927s] -- Installing: /home/sunrise/motor_ws/install/receive_msg/share/receive_msg/cmake/export_receive_msg__rosidl_generator_cExport-noconfig.cmake
[20.928s] -- Installing: /home/sunrise/motor_ws/install/receive_msg/share/receive_msg/cmake/export_receive_msg__rosidl_typesupport_fastrtps_cExport.cmake
[20.928s] -- Installing: /home/sunrise/motor_ws/install/receive_msg/share/receive_msg/cmake/export_receive_msg__rosidl_typesupport_fastrtps_cExport-noconfig.cmake
[20.929s] -- Installing: /home/sunrise/motor_ws/install/receive_msg/share/receive_msg/cmake/receive_msg__rosidl_typesupport_introspection_cExport.cmake
[20.930s] -- Installing: /home/sunrise/motor_ws/install/receive_msg/share/receive_msg/cmake/receive_msg__rosidl_typesupport_introspection_cExport-noconfig.cmake
[20.930s] -- Installing: /home/sunrise/motor_ws/install/receive_msg/share/receive_msg/cmake/receive_msg__rosidl_typesupport_cExport.cmake
[20.931s] -- Installing: /home/sunrise/motor_ws/install/receive_msg/share/receive_msg/cmake/receive_msg__rosidl_typesupport_cExport-noconfig.cmake
[20.931s] -- Installing: /home/sunrise/motor_ws/install/receive_msg/share/receive_msg/cmake/export_receive_msg__rosidl_generator_cppExport.cmake
[20.932s] -- Installing: /home/sunrise/motor_ws/install/receive_msg/share/receive_msg/cmake/export_receive_msg__rosidl_typesupport_fastrtps_cppExport.cmake
[20.932s] -- Installing: /home/sunrise/motor_ws/install/receive_msg/share/receive_msg/cmake/export_receive_msg__rosidl_typesupport_fastrtps_cppExport-noconfig.cmake
[20.933s] -- Installing: /home/sunrise/motor_ws/install/receive_msg/share/receive_msg/cmake/receive_msg__rosidl_typesupport_introspection_cppExport.cmake
[20.934s] -- Installing: /home/sunrise/motor_ws/install/receive_msg/share/receive_msg/cmake/receive_msg__rosidl_typesupport_introspection_cppExport-noconfig.cmake
[20.934s] -- Installing: /home/sunrise/motor_ws/install/receive_msg/share/receive_msg/cmake/receive_msg__rosidl_typesupport_cppExport.cmake
[20.935s] -- Installing: /home/sunrise/motor_ws/install/receive_msg/share/receive_msg/cmake/receive_msg__rosidl_typesupport_cppExport-noconfig.cmake
[20.936s] -- Installing: /home/sunrise/motor_ws/install/receive_msg/share/receive_msg/cmake/export_receive_msg__rosidl_generator_pyExport.cmake
[20.936s] -- Installing: /home/sunrise/motor_ws/install/receive_msg/share/receive_msg/cmake/export_receive_msg__rosidl_generator_pyExport-noconfig.cmake
[20.937s] -- Installing: /home/sunrise/motor_ws/install/receive_msg/share/receive_msg/cmake/rosidl_cmake-extras.cmake
[20.937s] -- Installing: /home/sunrise/motor_ws/install/receive_msg/share/receive_msg/cmake/ament_cmake_export_dependencies-extras.cmake
[20.938s] -- Installing: /home/sunrise/motor_ws/install/receive_msg/share/receive_msg/cmake/ament_cmake_export_include_directories-extras.cmake
[20.938s] -- Installing: /home/sunrise/motor_ws/install/receive_msg/share/receive_msg/cmake/ament_cmake_export_libraries-extras.cmake
[20.939s] -- Installing: /home/sunrise/motor_ws/install/receive_msg/share/receive_msg/cmake/ament_cmake_export_targets-extras.cmake
[20.940s] -- Installing: /home/sunrise/motor_ws/install/receive_msg/share/receive_msg/cmake/rosidl_cmake_export_typesupport_targets-extras.cmake
[20.940s] -- Installing: /home/sunrise/motor_ws/install/receive_msg/share/receive_msg/cmake/rosidl_cmake_export_typesupport_libraries-extras.cmake
[20.941s] -- Installing: /home/sunrise/motor_ws/install/receive_msg/share/receive_msg/cmake/receive_msgConfig.cmake
[20.941s] -- Installing: /home/sunrise/motor_ws/install/receive_msg/share/receive_msg/cmake/receive_msgConfig-version.cmake
[20.942s] -- Installing: /home/sunrise/motor_ws/install/receive_msg/share/receive_msg/package.xml
[20.953s] Invoked command in '/home/sunrise/motor_ws/build/receive_msg' returned '0': CMAKE_PREFIX_PATH=/opt/tros/humble:/opt/ros/humble /usr/bin/cmake --install /home/sunrise/motor_ws/build/receive_msg
