[ 50%] [32mBuilding CXX object CMakeFiles/pose_sender.dir/src/pose_sender.cpp.o[0m
[100%] [32m[1mLinking CXX executable pose_sender[0m
[100%] Built target pose_sender
-- Install configuration: ""
-- Installing: /home/sunrise/planning_ws/install/pose_sender/lib/pose_sender/pose_sender
-- Set runtime path of "/home/sunrise/planning_ws/install/pose_sender/lib/pose_sender/pose_sender" to ""
-- Installing: /home/sunrise/planning_ws/install/pose_sender/share/ament_index/resource_index/package_run_dependencies/pose_sender
-- Installing: /home/sunrise/planning_ws/install/pose_sender/share/ament_index/resource_index/parent_prefix_path/pose_sender
-- Installing: /home/sunrise/planning_ws/install/pose_sender/share/pose_sender/environment/ament_prefix_path.sh
-- Installing: /home/sunrise/planning_ws/install/pose_sender/share/pose_sender/environment/ament_prefix_path.dsv
-- Installing: /home/sunrise/planning_ws/install/pose_sender/share/pose_sender/environment/path.sh
-- Installing: /home/sunrise/planning_ws/install/pose_sender/share/pose_sender/environment/path.dsv
-- Installing: /home/sunrise/planning_ws/install/pose_sender/share/pose_sender/local_setup.bash
-- Installing: /home/sunrise/planning_ws/install/pose_sender/share/pose_sender/local_setup.sh
-- Installing: /home/sunrise/planning_ws/install/pose_sender/share/pose_sender/local_setup.zsh
-- Installing: /home/sunrise/planning_ws/install/pose_sender/share/pose_sender/local_setup.dsv
-- Installing: /home/sunrise/planning_ws/install/pose_sender/share/pose_sender/package.dsv
-- Installing: /home/sunrise/planning_ws/install/pose_sender/share/ament_index/resource_index/packages/pose_sender
-- Installing: /home/sunrise/planning_ws/install/pose_sender/share/pose_sender/cmake/pose_senderConfig.cmake
-- Installing: /home/sunrise/planning_ws/install/pose_sender/share/pose_sender/cmake/pose_senderConfig-version.cmake
-- Installing: /home/sunrise/planning_ws/install/pose_sender/share/pose_sender/package.xml
