[3.855s] Invoking command in '/home/sunrise/motor_ws/src/motor_control': CMAKE_PREFIX_PATH=/home/sunrise/motor_ws/install/motor_msg:/home/sunrise/motor_ws/install/receive_msg LD_LIBRARY_PATH=/home/sunrise/motor_ws/install/motor_msg/lib:/home/sunrise/motor_ws/install/receive_msg/lib:/opt/tros/humble/lib/aarch64-linux-gnu:/opt/tros/humble/lib:/opt/ros/humble/lib/aarch64-linux-gnu:/opt/ros/humble/lib:/usr/hobot/lib:/app/lib:/app/pub/lib:/middleware/lib:/middleware/pub/lib:/usr/hobot/lib/sensor:/system/lib:/system/usr/lib:/lib PYTHONPATH=/home/sunrise/motor_ws/build/motor_control/prefix_override:/usr/lib/python3/dist-packages/colcon_core/task/python/colcon_distutils_commands:/home/sunrise/motor_ws/install/motor_control/lib/python3.10/site-packages:${PYTHONPATH} /usr/bin/python3 -W ignore:setup.py install is deprecated -W ignore:easy_install command is deprecated setup.py egg_info --egg-base ../../build/motor_control build --build-base /home/sunrise/motor_ws/build/motor_control/build install --record /home/sunrise/motor_ws/build/motor_control/install.log --single-version-externally-managed install_data
[5.278s] running egg_info
[5.282s] writing ../../build/motor_control/motor_control.egg-info/PKG-INFO
[5.283s] writing dependency_links to ../../build/motor_control/motor_control.egg-info/dependency_links.txt
[5.284s] writing entry points to ../../build/motor_control/motor_control.egg-info/entry_points.txt
[5.284s] writing requirements to ../../build/motor_control/motor_control.egg-info/requires.txt
[5.285s] writing top-level names to ../../build/motor_control/motor_control.egg-info/top_level.txt
[5.294s] reading manifest file '../../build/motor_control/motor_control.egg-info/SOURCES.txt'
[5.299s] writing manifest file '../../build/motor_control/motor_control.egg-info/SOURCES.txt'
[5.300s] running build
[5.300s] running build_py
[5.301s] running install
[5.304s] running install_lib
[5.310s] running install_data
[5.311s] running install_egg_info
[5.321s] removing '/home/sunrise/motor_ws/install/motor_control/lib/python3.10/site-packages/motor_control-0.0.0-py3.10.egg-info' (and everything under it)
[5.322s] Copying ../../build/motor_control/motor_control.egg-info to /home/sunrise/motor_ws/install/motor_control/lib/python3.10/site-packages/motor_control-0.0.0-py3.10.egg-info
[5.327s] running install_scripts
[5.443s] Installing motor_node script to /home/sunrise/motor_ws/install/motor_control/lib/motor_control
[5.444s] writing list of installed files to '/home/sunrise/motor_ws/build/motor_control/install.log'
[5.649s] Invoked command in '/home/sunrise/motor_ws/src/motor_control' returned '0': CMAKE_PREFIX_PATH=/home/sunrise/motor_ws/install/motor_msg:/home/sunrise/motor_ws/install/receive_msg LD_LIBRARY_PATH=/home/sunrise/motor_ws/install/motor_msg/lib:/home/sunrise/motor_ws/install/receive_msg/lib:/opt/tros/humble/lib/aarch64-linux-gnu:/opt/tros/humble/lib:/opt/ros/humble/lib/aarch64-linux-gnu:/opt/ros/humble/lib:/usr/hobot/lib:/app/lib:/app/pub/lib:/middleware/lib:/middleware/pub/lib:/usr/hobot/lib/sensor:/system/lib:/system/usr/lib:/lib PYTHONPATH=/home/sunrise/motor_ws/build/motor_control/prefix_override:/usr/lib/python3/dist-packages/colcon_core/task/python/colcon_distutils_commands:/home/sunrise/motor_ws/install/motor_control/lib/python3.10/site-packages:${PYTHONPATH} /usr/bin/python3 -W ignore:setup.py install is deprecated -W ignore:easy_install command is deprecated setup.py egg_info --egg-base ../../build/motor_control build --build-base /home/sunrise/motor_ws/build/motor_control/build install --record /home/sunrise/motor_ws/build/motor_control/install.log --single-version-externally-managed install_data
