-- Install configuration: ""
-- Up-to-date: /home/sunrise/planning_ws/install/shit/share/ament_index/resource_index/package_run_dependencies/shit
-- Up-to-date: /home/sunrise/planning_ws/install/shit/share/ament_index/resource_index/parent_prefix_path/shit
-- Up-to-date: /home/sunrise/planning_ws/install/shit/share/shit/environment/ament_prefix_path.sh
-- Up-to-date: /home/sunrise/planning_ws/install/shit/share/shit/environment/ament_prefix_path.dsv
-- Up-to-date: /home/sunrise/planning_ws/install/shit/share/shit/environment/path.sh
-- Up-to-date: /home/sunrise/planning_ws/install/shit/share/shit/environment/path.dsv
-- Up-to-date: /home/sunrise/planning_ws/install/shit/share/shit/local_setup.bash
-- Up-to-date: /home/sunrise/planning_ws/install/shit/share/shit/local_setup.sh
-- Up-to-date: /home/sunrise/planning_ws/install/shit/share/shit/local_setup.zsh
-- Up-to-date: /home/sunrise/planning_ws/install/shit/share/shit/local_setup.dsv
-- Installing: /home/sunrise/planning_ws/install/shit/share/shit/package.dsv
-- Up-to-date: /home/sunrise/planning_ws/install/shit/share/ament_index/resource_index/packages/shit
-- Up-to-date: /home/sunrise/planning_ws/install/shit/share/shit/cmake/shitConfig.cmake
-- Up-to-date: /home/sunrise/planning_ws/install/shit/share/shit/cmake/shitConfig-version.cmake
-- Up-to-date: /home/sunrise/planning_ws/install/shit/share/shit/package.xml
-- Up-to-date: /home/sunrise/planning_ws/install/shit/share/shit/launch
-- Up-to-date: /home/sunrise/planning_ws/install/shit/share/shit/launch/moveit_rviz.launch.py
-- Up-to-date: /home/sunrise/planning_ws/install/shit/share/shit/launch/setup_assistant.launch.py
-- Up-to-date: /home/sunrise/planning_ws/install/shit/share/shit/launch/custom.launch.py
-- Up-to-date: /home/sunrise/planning_ws/install/shit/share/shit/launch/rsp.launch.py
-- Up-to-date: /home/sunrise/planning_ws/install/shit/share/shit/launch/static_virtual_joint_tfs.launch.py
-- Up-to-date: /home/sunrise/planning_ws/install/shit/share/shit/launch/spawn_controllers.launch.py
-- Up-to-date: /home/sunrise/planning_ws/install/shit/share/shit/launch/demo.launch.py
-- Up-to-date: /home/sunrise/planning_ws/install/shit/share/shit/launch/warehouse_db.launch.py
-- Up-to-date: /home/sunrise/planning_ws/install/shit/share/shit/launch/move_group.launch.py
-- Up-to-date: /home/sunrise/planning_ws/install/shit/share/shit/config
-- Up-to-date: /home/sunrise/planning_ws/install/shit/share/shit/config/ros2_controllers.yaml
-- Up-to-date: /home/sunrise/planning_ws/install/shit/share/shit/config/myArm3.urdf.xacro
-- Up-to-date: /home/sunrise/planning_ws/install/shit/share/shit/config/myArm3.srdf
-- Up-to-date: /home/sunrise/planning_ws/install/shit/share/shit/config/initial_positions.yaml
-- Up-to-date: /home/sunrise/planning_ws/install/shit/share/shit/config/joint_limits.yaml
-- Up-to-date: /home/sunrise/planning_ws/install/shit/share/shit/config/myArm3.ros2_control.xacro
-- Up-to-date: /home/sunrise/planning_ws/install/shit/share/shit/config/moveit_controllers.yaml
-- Up-to-date: /home/sunrise/planning_ws/install/shit/share/shit/config/kinematics.yaml
-- Installing: /home/sunrise/planning_ws/install/shit/share/shit/config/pilz_cartesian_limits.yaml
-- Up-to-date: /home/sunrise/planning_ws/install/shit/share/shit/config/moveit.rviz
-- Up-to-date: /home/sunrise/planning_ws/install/shit/share/shit/.setup_assistant
