[4.143s] Invoking command in '/home/sunrise/motor_ws/src/motor_control': LD_LIBRARY_PATH=/home/sunrise/motor_ws/install/motor_msg/lib:/home/sunrise/Motor_WorkSpace/install/step_motor_control/lib:/opt/tros/humble/lib/aarch64-linux-gnu:/opt/tros/humble/lib:/opt/ros/humble/lib/aarch64-linux-gnu:/opt/ros/humble/lib:/usr/hobot/lib:/app/lib:/app/pub/lib:/middleware/lib:/middleware/pub/lib:/usr/hobot/lib/sensor:/system/lib:/system/usr/lib:/lib PYTHONPATH=/home/sunrise/motor_ws/build/motor_control/prefix_override:/usr/lib/python3/dist-packages/colcon_core/task/python/colcon_distutils_commands:/home/sunrise/motor_ws/install/motor_control/lib/python3.10/site-packages:${PYTHONPATH} /usr/bin/python3 -W ignore:setup.py install is deprecated -W ignore:easy_install command is deprecated setup.py egg_info --egg-base ../../build/motor_control build --build-base /home/sunrise/motor_ws/build/motor_control/build install --record /home/sunrise/motor_ws/build/motor_control/install.log --single-version-externally-managed install_data
[5.661s] running egg_info
[5.665s] writing ../../build/motor_control/motor_control.egg-info/PKG-INFO
[5.666s] writing dependency_links to ../../build/motor_control/motor_control.egg-info/dependency_links.txt
[5.667s] writing entry points to ../../build/motor_control/motor_control.egg-info/entry_points.txt
[5.668s] writing requirements to ../../build/motor_control/motor_control.egg-info/requires.txt
[5.668s] writing top-level names to ../../build/motor_control/motor_control.egg-info/top_level.txt
[5.678s] reading manifest file '../../build/motor_control/motor_control.egg-info/SOURCES.txt'
[5.683s] writing manifest file '../../build/motor_control/motor_control.egg-info/SOURCES.txt'
[5.684s] running build
[5.684s] running build_py
[5.686s] running install
[5.688s] running install_lib
[5.695s] running install_data
[5.696s] copying package.xml -> /home/sunrise/motor_ws/install/motor_control/share/motor_control
[5.696s] running install_egg_info
[5.707s] removing '/home/sunrise/motor_ws/install/motor_control/lib/python3.10/site-packages/motor_control-0.0.0-py3.10.egg-info' (and everything under it)
[5.709s] Copying ../../build/motor_control/motor_control.egg-info to /home/sunrise/motor_ws/install/motor_control/lib/python3.10/site-packages/motor_control-0.0.0-py3.10.egg-info
[5.713s] running install_scripts
[5.840s] Installing motor_node script to /home/sunrise/motor_ws/install/motor_control/lib/motor_control
[5.842s] writing list of installed files to '/home/sunrise/motor_ws/build/motor_control/install.log'
[6.064s] Invoked command in '/home/sunrise/motor_ws/src/motor_control' returned '0': LD_LIBRARY_PATH=/home/sunrise/motor_ws/install/motor_msg/lib:/home/sunrise/Motor_WorkSpace/install/step_motor_control/lib:/opt/tros/humble/lib/aarch64-linux-gnu:/opt/tros/humble/lib:/opt/ros/humble/lib/aarch64-linux-gnu:/opt/ros/humble/lib:/usr/hobot/lib:/app/lib:/app/pub/lib:/middleware/lib:/middleware/pub/lib:/usr/hobot/lib/sensor:/system/lib:/system/usr/lib:/lib PYTHONPATH=/home/sunrise/motor_ws/build/motor_control/prefix_override:/usr/lib/python3/dist-packages/colcon_core/task/python/colcon_distutils_commands:/home/sunrise/motor_ws/install/motor_control/lib/python3.10/site-packages:${PYTHONPATH} /usr/bin/python3 -W ignore:setup.py install is deprecated -W ignore:easy_install command is deprecated setup.py egg_info --egg-base ../../build/motor_control build --build-base /home/sunrise/motor_ws/build/motor_control/build install --record /home/sunrise/motor_ws/build/motor_control/install.log --single-version-externally-managed install_data
