[0.070s] Invoking command in '/home/sunrise/motor_ws/build/motor_msg': CMAKE_PREFIX_PATH=${CMAKE_PREFIX_PATH}:/home/sunrise/motor_ws/install/motor_state:/home/sunrise/motor_ws/install/motor_control:/opt/tros/humble:/opt/ros/humble /usr/bin/cmake --build /home/sunrise/motor_ws/build/motor_msg -- -j8 -l8
[0.298s] [  9%] Built target motor_msg__cpp
[0.300s] [ 12%] Built target motor_msg__rosidl_generator_c
[0.390s] [ 12%] Built target ament_cmake_python_copy_motor_msg
[0.484s] [ 22%] Built target motor_msg__rosidl_typesupport_fastrtps_c
[0.529s] [ 32%] Built target motor_msg__rosidl_typesupport_cpp
[0.547s] [ 41%] Built target motor_msg__rosidl_typesupport_introspection_c
[0.551s] [ 51%] Built target motor_msg__rosidl_typesupport_fastrtps_cpp
[0.565s] [ 61%] Built target motor_msg__rosidl_typesupport_c
[0.570s] [ 70%] Built target motor_msg__rosidl_typesupport_introspection_cpp
[0.670s] [ 70%] Built target motor_msg
[0.769s] [ 74%] Built target motor_msg__py
[0.878s] [ 80%] Built target motor_msg__rosidl_generator_py
[1.006s] [ 87%] Built target motor_msg__rosidl_typesupport_introspection_c__pyext
[1.007s] [ 93%] Built target motor_msg__rosidl_typesupport_c__pyext
[1.022s] [100%] Built target motor_msg__rosidl_typesupport_fastrtps_c__pyext
[2.023s] running egg_info
[2.027s] writing motor_msg.egg-info/PKG-INFO
[2.028s] writing dependency_links to motor_msg.egg-info/dependency_links.txt
[2.029s] writing top-level names to motor_msg.egg-info/top_level.txt
[2.043s] reading manifest file 'motor_msg.egg-info/SOURCES.txt'
[2.046s] writing manifest file 'motor_msg.egg-info/SOURCES.txt'
[2.261s] [100%] Built target ament_cmake_python_build_motor_msg_egg
[2.359s] Invoked command in '/home/sunrise/motor_ws/build/motor_msg' returned '0': CMAKE_PREFIX_PATH=${CMAKE_PREFIX_PATH}:/home/sunrise/motor_ws/install/motor_state:/home/sunrise/motor_ws/install/motor_control:/opt/tros/humble:/opt/ros/humble /usr/bin/cmake --build /home/sunrise/motor_ws/build/motor_msg -- -j8 -l8
[2.366s] Invoking command in '/home/sunrise/motor_ws/build/motor_msg': CMAKE_PREFIX_PATH=${CMAKE_PREFIX_PATH}:/home/sunrise/motor_ws/install/motor_state:/home/sunrise/motor_ws/install/motor_control:/opt/tros/humble:/opt/ros/humble /usr/bin/cmake --install /home/sunrise/motor_ws/build/motor_msg
[2.406s] -- Install configuration: ""
[2.407s] -- Installing: /home/sunrise/motor_ws/install/motor_msg/share/ament_index/resource_index/rosidl_interfaces/motor_msg
[2.408s] -- Installing: /home/sunrise/motor_ws/install/motor_msg/include/motor_msg/motor_msg
[2.410s] -- Installing: /home/sunrise/motor_ws/install/motor_msg/include/motor_msg/motor_msg/msg
[2.411s] -- Installing: /home/sunrise/motor_ws/install/motor_msg/include/motor_msg/motor_msg/msg/detail
[2.414s] -- Installing: /home/sunrise/motor_ws/install/motor_msg/include/motor_msg/motor_msg/msg/detail/motor__functions.c
[2.416s] -- Installing: /home/sunrise/motor_ws/install/motor_msg/include/motor_msg/motor_msg/msg/detail/motor__struct.h
[2.420s] -- Installing: /home/sunrise/motor_ws/install/motor_msg/include/motor_msg/motor_msg/msg/detail/motor__functions.h
[2.422s] -- Installing: /home/sunrise/motor_ws/install/motor_msg/include/motor_msg/motor_msg/msg/detail/motor__type_support.h
[2.423s] -- Installing: /home/sunrise/motor_ws/install/motor_msg/include/motor_msg/motor_msg/msg/motor.h
[2.424s] -- Installing: /home/sunrise/motor_ws/install/motor_msg/include/motor_msg/motor_msg/msg/rosidl_generator_c__visibility_control.h
[2.432s] -- Installing: /home/sunrise/motor_ws/install/motor_msg/share/motor_msg/environment/library_path.sh
[2.433s] -- Installing: /home/sunrise/motor_ws/install/motor_msg/share/motor_msg/environment/library_path.dsv
[2.434s] -- Installing: /home/sunrise/motor_ws/install/motor_msg/lib/libmotor_msg__rosidl_generator_c.so
[2.435s] -- Set runtime path of "/home/sunrise/motor_ws/install/motor_msg/lib/libmotor_msg__rosidl_generator_c.so" to ""
[2.436s] -- Up-to-date: /home/sunrise/motor_ws/install/motor_msg/include/motor_msg/motor_msg
[2.437s] -- Up-to-date: /home/sunrise/motor_ws/install/motor_msg/include/motor_msg/motor_msg/msg
[2.438s] -- Installing: /home/sunrise/motor_ws/install/motor_msg/include/motor_msg/motor_msg/msg/rosidl_typesupport_fastrtps_c__visibility_control.h
[2.440s] -- Up-to-date: /home/sunrise/motor_ws/install/motor_msg/include/motor_msg/motor_msg/msg/detail
[2.442s] -- Installing: /home/sunrise/motor_ws/install/motor_msg/include/motor_msg/motor_msg/msg/detail/motor__rosidl_typesupport_fastrtps_c.h
[2.443s] -- Installing: /home/sunrise/motor_ws/install/motor_msg/lib/libmotor_msg__rosidl_typesupport_fastrtps_c.so
[2.446s] -- Set runtime path of "/home/sunrise/motor_ws/install/motor_msg/lib/libmotor_msg__rosidl_typesupport_fastrtps_c.so" to ""
[2.448s] -- Up-to-date: /home/sunrise/motor_ws/install/motor_msg/include/motor_msg/motor_msg
[2.448s] -- Up-to-date: /home/sunrise/motor_ws/install/motor_msg/include/motor_msg/motor_msg/msg
[2.450s] -- Installing: /home/sunrise/motor_ws/install/motor_msg/include/motor_msg/motor_msg/msg/rosidl_typesupport_introspection_c__visibility_control.h
[2.451s] -- Up-to-date: /home/sunrise/motor_ws/install/motor_msg/include/motor_msg/motor_msg/msg/detail
[2.452s] -- Installing: /home/sunrise/motor_ws/install/motor_msg/include/motor_msg/motor_msg/msg/detail/motor__rosidl_typesupport_introspection_c.h
[2.455s] -- Installing: /home/sunrise/motor_ws/install/motor_msg/include/motor_msg/motor_msg/msg/detail/motor__type_support.c
[2.457s] -- Installing: /home/sunrise/motor_ws/install/motor_msg/lib/libmotor_msg__rosidl_typesupport_introspection_c.so
[2.459s] -- Set runtime path of "/home/sunrise/motor_ws/install/motor_msg/lib/libmotor_msg__rosidl_typesupport_introspection_c.so" to ""
[2.460s] -- Installing: /home/sunrise/motor_ws/install/motor_msg/lib/libmotor_msg__rosidl_typesupport_c.so
[2.464s] -- Set runtime path of "/home/sunrise/motor_ws/install/motor_msg/lib/libmotor_msg__rosidl_typesupport_c.so" to ""
[2.465s] -- Up-to-date: /home/sunrise/motor_ws/install/motor_msg/include/motor_msg/motor_msg
[2.466s] -- Up-to-date: /home/sunrise/motor_ws/install/motor_msg/include/motor_msg/motor_msg/msg
[2.467s] -- Installing: /home/sunrise/motor_ws/install/motor_msg/include/motor_msg/motor_msg/msg/rosidl_generator_cpp__visibility_control.hpp
[2.468s] -- Up-to-date: /home/sunrise/motor_ws/install/motor_msg/include/motor_msg/motor_msg/msg/detail
[2.468s] -- Installing: /home/sunrise/motor_ws/install/motor_msg/include/motor_msg/motor_msg/msg/detail/motor__traits.hpp
[2.470s] -- Installing: /home/sunrise/motor_ws/install/motor_msg/include/motor_msg/motor_msg/msg/detail/motor__struct.hpp
[2.470s] -- Installing: /home/sunrise/motor_ws/install/motor_msg/include/motor_msg/motor_msg/msg/detail/motor__type_support.hpp
[2.474s] -- Installing: /home/sunrise/motor_ws/install/motor_msg/include/motor_msg/motor_msg/msg/detail/motor__builder.hpp
[2.475s] -- Installing: /home/sunrise/motor_ws/install/motor_msg/include/motor_msg/motor_msg/msg/motor.hpp
[2.476s] -- Up-to-date: /home/sunrise/motor_ws/install/motor_msg/include/motor_msg/motor_msg
[2.477s] -- Up-to-date: /home/sunrise/motor_ws/install/motor_msg/include/motor_msg/motor_msg/msg
[2.478s] -- Up-to-date: /home/sunrise/motor_ws/install/motor_msg/include/motor_msg/motor_msg/msg/detail
[2.478s] -- Installing: /home/sunrise/motor_ws/install/motor_msg/include/motor_msg/motor_msg/msg/detail/motor__rosidl_typesupport_fastrtps_cpp.hpp
[2.479s] -- Installing: /home/sunrise/motor_ws/install/motor_msg/include/motor_msg/motor_msg/msg/detail/dds_fastrtps
[2.480s] -- Installing: /home/sunrise/motor_ws/install/motor_msg/include/motor_msg/motor_msg/msg/rosidl_typesupport_fastrtps_cpp__visibility_control.h
[2.481s] -- Installing: /home/sunrise/motor_ws/install/motor_msg/lib/libmotor_msg__rosidl_typesupport_fastrtps_cpp.so
[2.482s] -- Set runtime path of "/home/sunrise/motor_ws/install/motor_msg/lib/libmotor_msg__rosidl_typesupport_fastrtps_cpp.so" to ""
[2.483s] -- Up-to-date: /home/sunrise/motor_ws/install/motor_msg/include/motor_msg/motor_msg
[2.484s] -- Up-to-date: /home/sunrise/motor_ws/install/motor_msg/include/motor_msg/motor_msg/msg
[2.485s] -- Up-to-date: /home/sunrise/motor_ws/install/motor_msg/include/motor_msg/motor_msg/msg/detail
[2.485s] -- Installing: /home/sunrise/motor_ws/install/motor_msg/include/motor_msg/motor_msg/msg/detail/motor__rosidl_typesupport_introspection_cpp.hpp
[2.487s] -- Installing: /home/sunrise/motor_ws/install/motor_msg/include/motor_msg/motor_msg/msg/detail/motor__type_support.cpp
[2.487s] -- Installing: /home/sunrise/motor_ws/install/motor_msg/lib/libmotor_msg__rosidl_typesupport_introspection_cpp.so
[2.489s] -- Set runtime path of "/home/sunrise/motor_ws/install/motor_msg/lib/libmotor_msg__rosidl_typesupport_introspection_cpp.so" to ""
[2.491s] -- Installing: /home/sunrise/motor_ws/install/motor_msg/lib/libmotor_msg__rosidl_typesupport_cpp.so
[2.493s] -- Set runtime path of "/home/sunrise/motor_ws/install/motor_msg/lib/libmotor_msg__rosidl_typesupport_cpp.so" to ""
[2.495s] -- Installing: /home/sunrise/motor_ws/install/motor_msg/share/motor_msg/environment/pythonpath.sh
[2.496s] -- Installing: /home/sunrise/motor_ws/install/motor_msg/share/motor_msg/environment/pythonpath.dsv
[2.498s] -- Installing: /home/sunrise/motor_ws/install/motor_msg/local/lib/python3.10/dist-packages/motor_msg-0.0.0-py3.10.egg-info
[2.499s] -- Installing: /home/sunrise/motor_ws/install/motor_msg/local/lib/python3.10/dist-packages/motor_msg-0.0.0-py3.10.egg-info/SOURCES.txt
[2.501s] -- Installing: /home/sunrise/motor_ws/install/motor_msg/local/lib/python3.10/dist-packages/motor_msg-0.0.0-py3.10.egg-info/top_level.txt
[2.502s] -- Installing: /home/sunrise/motor_ws/install/motor_msg/local/lib/python3.10/dist-packages/motor_msg-0.0.0-py3.10.egg-info/dependency_links.txt
[2.504s] -- Installing: /home/sunrise/motor_ws/install/motor_msg/local/lib/python3.10/dist-packages/motor_msg-0.0.0-py3.10.egg-info/PKG-INFO
[2.505s] -- Installing: /home/sunrise/motor_ws/install/motor_msg/local/lib/python3.10/dist-packages/motor_msg
[2.507s] -- Installing: /home/sunrise/motor_ws/install/motor_msg/local/lib/python3.10/dist-packages/motor_msg/libmotor_msg__rosidl_generator_py.so
[2.508s] -- Installing: /home/sunrise/motor_ws/install/motor_msg/local/lib/python3.10/dist-packages/motor_msg/_motor_msg_s.ep.rosidl_typesupport_c.c
[2.510s] -- Installing: /home/sunrise/motor_ws/install/motor_msg/local/lib/python3.10/dist-packages/motor_msg/msg
[2.510s] -- Installing: /home/sunrise/motor_ws/install/motor_msg/local/lib/python3.10/dist-packages/motor_msg/msg/_motor.py
[2.511s] -- Installing: /home/sunrise/motor_ws/install/motor_msg/local/lib/python3.10/dist-packages/motor_msg/msg/_motor_s.c
[2.512s] -- Installing: /home/sunrise/motor_ws/install/motor_msg/local/lib/python3.10/dist-packages/motor_msg/msg/__init__.py
[2.512s] -- Installing: /home/sunrise/motor_ws/install/motor_msg/local/lib/python3.10/dist-packages/motor_msg/_motor_msg_s.ep.rosidl_typesupport_fastrtps_c.c
[2.513s] -- Installing: /home/sunrise/motor_ws/install/motor_msg/local/lib/python3.10/dist-packages/motor_msg/motor_msg_s__rosidl_typesupport_c.cpython-310-aarch64-linux-gnu.so
[2.514s] -- Installing: /home/sunrise/motor_ws/install/motor_msg/local/lib/python3.10/dist-packages/motor_msg/motor_msg_s__rosidl_typesupport_fastrtps_c.cpython-310-aarch64-linux-gnu.so
[2.514s] -- Installing: /home/sunrise/motor_ws/install/motor_msg/local/lib/python3.10/dist-packages/motor_msg/__init__.py
[2.515s] -- Installing: /home/sunrise/motor_ws/install/motor_msg/local/lib/python3.10/dist-packages/motor_msg/motor_msg_s__rosidl_typesupport_introspection_c.cpython-310-aarch64-linux-gnu.so
[2.516s] -- Installing: /home/sunrise/motor_ws/install/motor_msg/local/lib/python3.10/dist-packages/motor_msg/_motor_msg_s.ep.rosidl_typesupport_introspection_c.c
[2.694s] Listing '/home/sunrise/motor_ws/install/motor_msg/local/lib/python3.10/dist-packages/motor_msg'...
[2.695s] Compiling '/home/sunrise/motor_ws/install/motor_msg/local/lib/python3.10/dist-packages/motor_msg/__init__.py'...
[2.696s] Listing '/home/sunrise/motor_ws/install/motor_msg/local/lib/python3.10/dist-packages/motor_msg/msg'...
[2.697s] Compiling '/home/sunrise/motor_ws/install/motor_msg/local/lib/python3.10/dist-packages/motor_msg/msg/__init__.py'...
[2.697s] Compiling '/home/sunrise/motor_ws/install/motor_msg/local/lib/python3.10/dist-packages/motor_msg/msg/_motor.py'...
[2.748s] -- Installing: /home/sunrise/motor_ws/install/motor_msg/local/lib/python3.10/dist-packages/motor_msg/motor_msg_s__rosidl_typesupport_fastrtps_c.cpython-310-aarch64-linux-gnu.so
[2.750s] -- Set runtime path of "/home/sunrise/motor_ws/install/motor_msg/local/lib/python3.10/dist-packages/motor_msg/motor_msg_s__rosidl_typesupport_fastrtps_c.cpython-310-aarch64-linux-gnu.so" to ""
[2.752s] -- Installing: /home/sunrise/motor_ws/install/motor_msg/local/lib/python3.10/dist-packages/motor_msg/motor_msg_s__rosidl_typesupport_introspection_c.cpython-310-aarch64-linux-gnu.so
[2.754s] -- Set runtime path of "/home/sunrise/motor_ws/install/motor_msg/local/lib/python3.10/dist-packages/motor_msg/motor_msg_s__rosidl_typesupport_introspection_c.cpython-310-aarch64-linux-gnu.so" to ""
[2.756s] -- Installing: /home/sunrise/motor_ws/install/motor_msg/local/lib/python3.10/dist-packages/motor_msg/motor_msg_s__rosidl_typesupport_c.cpython-310-aarch64-linux-gnu.so
[2.758s] -- Set runtime path of "/home/sunrise/motor_ws/install/motor_msg/local/lib/python3.10/dist-packages/motor_msg/motor_msg_s__rosidl_typesupport_c.cpython-310-aarch64-linux-gnu.so" to ""
[2.759s] -- Installing: /home/sunrise/motor_ws/install/motor_msg/lib/libmotor_msg__rosidl_generator_py.so
[2.761s] -- Set runtime path of "/home/sunrise/motor_ws/install/motor_msg/lib/libmotor_msg__rosidl_generator_py.so" to ""
[2.762s] -- Installing: /home/sunrise/motor_ws/install/motor_msg/share/motor_msg/msg/Motor.idl
[2.764s] -- Installing: /home/sunrise/motor_ws/install/motor_msg/share/motor_msg/msg/Motor.msg
[2.765s] -- Installing: /home/sunrise/motor_ws/install/motor_msg/share/ament_index/resource_index/package_run_dependencies/motor_msg
[2.767s] -- Installing: /home/sunrise/motor_ws/install/motor_msg/share/ament_index/resource_index/parent_prefix_path/motor_msg
[2.769s] -- Installing: /home/sunrise/motor_ws/install/motor_msg/share/motor_msg/environment/ament_prefix_path.sh
[2.770s] -- Installing: /home/sunrise/motor_ws/install/motor_msg/share/motor_msg/environment/ament_prefix_path.dsv
[2.771s] -- Installing: /home/sunrise/motor_ws/install/motor_msg/share/motor_msg/environment/path.sh
[2.773s] -- Installing: /home/sunrise/motor_ws/install/motor_msg/share/motor_msg/environment/path.dsv
[2.774s] -- Installing: /home/sunrise/motor_ws/install/motor_msg/share/motor_msg/local_setup.bash
[2.775s] -- Installing: /home/sunrise/motor_ws/install/motor_msg/share/motor_msg/local_setup.sh
[2.777s] -- Installing: /home/sunrise/motor_ws/install/motor_msg/share/motor_msg/local_setup.zsh
[2.778s] -- Installing: /home/sunrise/motor_ws/install/motor_msg/share/motor_msg/local_setup.dsv
[2.779s] -- Installing: /home/sunrise/motor_ws/install/motor_msg/share/motor_msg/package.dsv
[2.780s] -- Installing: /home/sunrise/motor_ws/install/motor_msg/share/ament_index/resource_index/packages/motor_msg
[2.781s] -- Installing: /home/sunrise/motor_ws/install/motor_msg/share/motor_msg/cmake/export_motor_msg__rosidl_generator_cExport.cmake
[2.783s] -- Installing: /home/sunrise/motor_ws/install/motor_msg/share/motor_msg/cmake/export_motor_msg__rosidl_generator_cExport-noconfig.cmake
[2.784s] -- Installing: /home/sunrise/motor_ws/install/motor_msg/share/motor_msg/cmake/export_motor_msg__rosidl_typesupport_fastrtps_cExport.cmake
[2.785s] -- Installing: /home/sunrise/motor_ws/install/motor_msg/share/motor_msg/cmake/export_motor_msg__rosidl_typesupport_fastrtps_cExport-noconfig.cmake
[2.785s] -- Installing: /home/sunrise/motor_ws/install/motor_msg/share/motor_msg/cmake/motor_msg__rosidl_typesupport_introspection_cExport.cmake
[2.787s] -- Installing: /home/sunrise/motor_ws/install/motor_msg/share/motor_msg/cmake/motor_msg__rosidl_typesupport_introspection_cExport-noconfig.cmake
[2.788s] -- Installing: /home/sunrise/motor_ws/install/motor_msg/share/motor_msg/cmake/motor_msg__rosidl_typesupport_cExport.cmake
[2.788s] -- Installing: /home/sunrise/motor_ws/install/motor_msg/share/motor_msg/cmake/motor_msg__rosidl_typesupport_cExport-noconfig.cmake
[2.790s] -- Installing: /home/sunrise/motor_ws/install/motor_msg/share/motor_msg/cmake/export_motor_msg__rosidl_generator_cppExport.cmake
[2.795s] -- Installing: /home/sunrise/motor_ws/install/motor_msg/share/motor_msg/cmake/export_motor_msg__rosidl_typesupport_fastrtps_cppExport.cmake
[2.797s] -- Installing: /home/sunrise/motor_ws/install/motor_msg/share/motor_msg/cmake/export_motor_msg__rosidl_typesupport_fastrtps_cppExport-noconfig.cmake
[2.797s] -- Installing: /home/sunrise/motor_ws/install/motor_msg/share/motor_msg/cmake/motor_msg__rosidl_typesupport_introspection_cppExport.cmake
[2.799s] -- Installing: /home/sunrise/motor_ws/install/motor_msg/share/motor_msg/cmake/motor_msg__rosidl_typesupport_introspection_cppExport-noconfig.cmake
[2.800s] -- Installing: /home/sunrise/motor_ws/install/motor_msg/share/motor_msg/cmake/motor_msg__rosidl_typesupport_cppExport.cmake
[2.801s] -- Installing: /home/sunrise/motor_ws/install/motor_msg/share/motor_msg/cmake/motor_msg__rosidl_typesupport_cppExport-noconfig.cmake
[2.803s] -- Installing: /home/sunrise/motor_ws/install/motor_msg/share/motor_msg/cmake/export_motor_msg__rosidl_generator_pyExport.cmake
[2.804s] -- Installing: /home/sunrise/motor_ws/install/motor_msg/share/motor_msg/cmake/export_motor_msg__rosidl_generator_pyExport-noconfig.cmake
[2.807s] -- Installing: /home/sunrise/motor_ws/install/motor_msg/share/motor_msg/cmake/rosidl_cmake-extras.cmake
[2.808s] -- Installing: /home/sunrise/motor_ws/install/motor_msg/share/motor_msg/cmake/ament_cmake_export_dependencies-extras.cmake
[2.809s] -- Installing: /home/sunrise/motor_ws/install/motor_msg/share/motor_msg/cmake/ament_cmake_export_include_directories-extras.cmake
[2.811s] -- Installing: /home/sunrise/motor_ws/install/motor_msg/share/motor_msg/cmake/ament_cmake_export_libraries-extras.cmake
[2.811s] -- Installing: /home/sunrise/motor_ws/install/motor_msg/share/motor_msg/cmake/ament_cmake_export_targets-extras.cmake
[2.813s] -- Installing: /home/sunrise/motor_ws/install/motor_msg/share/motor_msg/cmake/rosidl_cmake_export_typesupport_targets-extras.cmake
[2.815s] -- Installing: /home/sunrise/motor_ws/install/motor_msg/share/motor_msg/cmake/rosidl_cmake_export_typesupport_libraries-extras.cmake
[2.816s] -- Installing: /home/sunrise/motor_ws/install/motor_msg/share/motor_msg/cmake/motor_msgConfig.cmake
[2.817s] -- Installing: /home/sunrise/motor_ws/install/motor_msg/share/motor_msg/cmake/motor_msgConfig-version.cmake
[2.818s] -- Installing: /home/sunrise/motor_ws/install/motor_msg/share/motor_msg/package.xml
[2.965s] Invoked command in '/home/sunrise/motor_ws/build/motor_msg' returned '0': CMAKE_PREFIX_PATH=${CMAKE_PREFIX_PATH}:/home/sunrise/motor_ws/install/motor_state:/home/sunrise/motor_ws/install/motor_control:/opt/tros/humble:/opt/ros/humble /usr/bin/cmake --install /home/sunrise/motor_ws/build/motor_msg
