[4.348s] Invoking command in '/home/sunrise/flask_robot_arm/src/httpController': CONDA_PROMPT_MODIFIER=(base) PYTHONPATH=/home/sunrise/flask_robot_arm/build/httpController/prefix_override:/usr/lib/python3/dist-packages/colcon_core/task/python/colcon_distutils_commands:/home/sunrise/flask_robot_arm/install/httpController/lib/python3.10/site-packages:${PYTHONPATH} /usr/bin/python3 -W ignore:setup.py install is deprecated -W ignore:easy_install command is deprecated setup.py egg_info --egg-base ../../build/httpController build --build-base /home/sunrise/flask_robot_arm/build/httpController/build install --record /home/sunrise/flask_robot_arm/build/httpController/install.log --single-version-externally-managed install_data
[5.883s] running egg_info
[5.887s] writing ../../build/httpController/httpController.egg-info/PKG-INFO
[5.889s] writing dependency_links to ../../build/httpController/httpController.egg-info/dependency_links.txt
[5.890s] writing entry points to ../../build/httpController/httpController.egg-info/entry_points.txt
[5.891s] writing requirements to ../../build/httpController/httpController.egg-info/requires.txt
[5.891s] writing top-level names to ../../build/httpController/httpController.egg-info/top_level.txt
[5.903s] reading manifest file '../../build/httpController/httpController.egg-info/SOURCES.txt'
[5.908s] writing manifest file '../../build/httpController/httpController.egg-info/SOURCES.txt'
[5.909s] running build
[5.910s] running build_py
[5.911s] copying httpController/httpController.py -> /home/sunrise/flask_robot_arm/build/httpController/build/lib/httpController
[5.911s] running install
[5.913s] running install_lib
[5.917s] copying /home/sunrise/flask_robot_arm/build/httpController/build/lib/httpController/httpController.py -> /home/sunrise/flask_robot_arm/install/httpController/lib/python3.10/site-packages/httpController
[5.921s] byte-compiling /home/sunrise/flask_robot_arm/install/httpController/lib/python3.10/site-packages/httpController/httpController.py to httpController.cpython-310.pyc
[5.948s] running install_data
[5.949s] running install_egg_info
[5.958s] removing '/home/sunrise/flask_robot_arm/install/httpController/lib/python3.10/site-packages/httpController-0.0.0-py3.10.egg-info' (and everything under it)
[5.960s] Copying ../../build/httpController/httpController.egg-info to /home/sunrise/flask_robot_arm/install/httpController/lib/python3.10/site-packages/httpController-0.0.0-py3.10.egg-info
[5.965s] running install_scripts
[6.089s] Installing httpController script to /home/sunrise/flask_robot_arm/install/httpController/lib/httpController
[6.091s] writing list of installed files to '/home/sunrise/flask_robot_arm/build/httpController/install.log'
[6.308s] Invoked command in '/home/sunrise/flask_robot_arm/src/httpController' returned '0': CONDA_PROMPT_MODIFIER=(base) PYTHONPATH=/home/sunrise/flask_robot_arm/build/httpController/prefix_override:/usr/lib/python3/dist-packages/colcon_core/task/python/colcon_distutils_commands:/home/sunrise/flask_robot_arm/install/httpController/lib/python3.10/site-packages:${PYTHONPATH} /usr/bin/python3 -W ignore:setup.py install is deprecated -W ignore:easy_install command is deprecated setup.py egg_info --egg-base ../../build/httpController build --build-base /home/sunrise/flask_robot_arm/build/httpController/build install --record /home/sunrise/flask_robot_arm/build/httpController/install.log --single-version-externally-managed install_data
