[0.783s] DEBUG:colcon:Command line arguments: ['/usr/bin/colcon', 'build', '--packages-select', 'receive_msg']
[0.784s] DEBUG:colcon:Parsed command line arguments: Namespace(log_base=None, log_level=None, verb_name='build', build_base='build', install_base='install', merge_install=False, symlink_install=False, test_result_base=None, continue_on_error=False, executor='parallel', parallel_workers=8, event_handlers=None, ignore_user_meta=False, metas=['./colcon.meta'], base_paths=['.'], packages_ignore=None, packages_ignore_regex=None, paths=None, packages_up_to=None, packages_up_to_regex=None, packages_above=None, packages_above_and_dependencies=None, packages_above_depth=None, packages_select_by_dep=None, packages_skip_by_dep=None, packages_skip_up_to=None, packages_select_build_failed=False, packages_skip_build_finished=False, packages_select_test_failures=False, packages_skip_test_passed=False, packages_select=['receive_msg'], packages_skip=None, packages_select_regex=None, packages_skip_regex=None, packages_start=None, packages_end=None, allow_overriding=[], cmake_args=None, cmake_target=None, cmake_target_skip_unavailable=False, cmake_clean_cache=False, cmake_clean_first=False, cmake_force_configure=False, ament_cmake_args=None, catkin_cmake_args=None, catkin_skip_building_tests=False, mixin_files=None, mixin=None, verb_parser=<colcon_mixin.mixin.mixin_argument.MixinArgumentDecorator object at 0xffffab5ecf40>, verb_extension=<colcon_core.verb.build.BuildVerb object at 0xffffab6f2f50>, main=<bound method BuildVerb.main of <colcon_core.verb.build.BuildVerb object at 0xffffab6f2f50>>, mixin_verb=('build',))
[1.887s] Level 1:colcon.colcon_core.package_discovery:discover_packages(colcon_meta) check parameters
[1.888s] Level 1:colcon.colcon_core.package_discovery:discover_packages(recursive) check parameters
[1.888s] Level 1:colcon.colcon_core.package_discovery:discover_packages(ignore) check parameters
[1.888s] Level 1:colcon.colcon_core.package_discovery:discover_packages(path) check parameters
[1.888s] Level 1:colcon.colcon_core.package_discovery:discover_packages(colcon_meta) discover
[1.888s] Level 1:colcon.colcon_core.package_discovery:discover_packages(recursive) discover
[1.889s] INFO:colcon.colcon_core.package_discovery:Crawling recursively for packages in '/home/sunrise/motor_ws'
[1.889s] Level 1:colcon.colcon_core.package_identification:_identify(.) by extensions ['ignore', 'ignore_ament_install']
[1.890s] Level 1:colcon.colcon_core.package_identification:_identify(.) by extension 'ignore'
[1.890s] Level 1:colcon.colcon_core.package_identification:_identify(.) by extension 'ignore_ament_install'
[1.890s] Level 1:colcon.colcon_core.package_identification:_identify(.) by extensions ['colcon_pkg']
[1.890s] Level 1:colcon.colcon_core.package_identification:_identify(.) by extension 'colcon_pkg'
[1.891s] Level 1:colcon.colcon_core.package_identification:_identify(.) by extensions ['colcon_meta']
[1.891s] Level 1:colcon.colcon_core.package_identification:_identify(.) by extension 'colcon_meta'
[1.891s] Level 1:colcon.colcon_core.package_identification:_identify(.) by extensions ['ros']
[1.891s] Level 1:colcon.colcon_core.package_identification:_identify(.) by extension 'ros'
[1.972s] Level 1:colcon.colcon_core.package_identification:_identify(.) by extensions ['cmake', 'python']
[1.973s] Level 1:colcon.colcon_core.package_identification:_identify(.) by extension 'cmake'
[1.973s] Level 1:colcon.colcon_core.package_identification:_identify(.) by extension 'python'
[1.973s] Level 1:colcon.colcon_core.package_identification:_identify(.) by extensions ['python_setup_py']
[1.973s] Level 1:colcon.colcon_core.package_identification:_identify(.) by extension 'python_setup_py'
[1.974s] Level 1:colcon.colcon_core.package_identification:_identify(build) by extensions ['ignore', 'ignore_ament_install']
[1.974s] Level 1:colcon.colcon_core.package_identification:_identify(build) by extension 'ignore'
[1.975s] Level 1:colcon.colcon_core.package_identification:_identify(build) ignored
[1.975s] Level 1:colcon.colcon_core.package_identification:_identify(install) by extensions ['ignore', 'ignore_ament_install']
[1.976s] Level 1:colcon.colcon_core.package_identification:_identify(install) by extension 'ignore'
[1.976s] Level 1:colcon.colcon_core.package_identification:_identify(install) ignored
[1.976s] Level 1:colcon.colcon_core.package_identification:_identify(log) by extensions ['ignore', 'ignore_ament_install']
[1.977s] Level 1:colcon.colcon_core.package_identification:_identify(log) by extension 'ignore'
[1.977s] Level 1:colcon.colcon_core.package_identification:_identify(log) ignored
[1.977s] Level 1:colcon.colcon_core.package_identification:_identify(src) by extensions ['ignore', 'ignore_ament_install']
[1.978s] Level 1:colcon.colcon_core.package_identification:_identify(src) by extension 'ignore'
[1.978s] Level 1:colcon.colcon_core.package_identification:_identify(src) by extension 'ignore_ament_install'
[1.978s] Level 1:colcon.colcon_core.package_identification:_identify(src) by extensions ['colcon_pkg']
[1.979s] Level 1:colcon.colcon_core.package_identification:_identify(src) by extension 'colcon_pkg'
[1.979s] Level 1:colcon.colcon_core.package_identification:_identify(src) by extensions ['colcon_meta']
[1.979s] Level 1:colcon.colcon_core.package_identification:_identify(src) by extension 'colcon_meta'
[1.979s] Level 1:colcon.colcon_core.package_identification:_identify(src) by extensions ['ros']
[1.979s] Level 1:colcon.colcon_core.package_identification:_identify(src) by extension 'ros'
[1.980s] Level 1:colcon.colcon_core.package_identification:_identify(src) by extensions ['cmake', 'python']
[1.980s] Level 1:colcon.colcon_core.package_identification:_identify(src) by extension 'cmake'
[1.980s] Level 1:colcon.colcon_core.package_identification:_identify(src) by extension 'python'
[1.981s] Level 1:colcon.colcon_core.package_identification:_identify(src) by extensions ['python_setup_py']
[1.981s] Level 1:colcon.colcon_core.package_identification:_identify(src) by extension 'python_setup_py'
[1.981s] Level 1:colcon.colcon_core.package_identification:_identify(src/motor_control) by extensions ['ignore', 'ignore_ament_install']
[1.982s] Level 1:colcon.colcon_core.package_identification:_identify(src/motor_control) by extension 'ignore'
[1.982s] Level 1:colcon.colcon_core.package_identification:_identify(src/motor_control) by extension 'ignore_ament_install'
[1.982s] Level 1:colcon.colcon_core.package_identification:_identify(src/motor_control) by extensions ['colcon_pkg']
[1.983s] Level 1:colcon.colcon_core.package_identification:_identify(src/motor_control) by extension 'colcon_pkg'
[1.983s] Level 1:colcon.colcon_core.package_identification:_identify(src/motor_control) by extensions ['colcon_meta']
[1.983s] Level 1:colcon.colcon_core.package_identification:_identify(src/motor_control) by extension 'colcon_meta'
[1.983s] Level 1:colcon.colcon_core.package_identification:_identify(src/motor_control) by extensions ['ros']
[1.984s] Level 1:colcon.colcon_core.package_identification:_identify(src/motor_control) by extension 'ros'
[2.000s] DEBUG:colcon.colcon_core.package_identification:Package 'src/motor_control' with type 'ros.ament_python' and name 'motor_control'
[2.001s] Level 1:colcon.colcon_core.package_identification:_identify(src/motor_msg) by extensions ['ignore', 'ignore_ament_install']
[2.002s] Level 1:colcon.colcon_core.package_identification:_identify(src/motor_msg) by extension 'ignore'
[2.002s] Level 1:colcon.colcon_core.package_identification:_identify(src/motor_msg) by extension 'ignore_ament_install'
[2.002s] Level 1:colcon.colcon_core.package_identification:_identify(src/motor_msg) by extensions ['colcon_pkg']
[2.002s] Level 1:colcon.colcon_core.package_identification:_identify(src/motor_msg) by extension 'colcon_pkg'
[2.003s] Level 1:colcon.colcon_core.package_identification:_identify(src/motor_msg) by extensions ['colcon_meta']
[2.003s] Level 1:colcon.colcon_core.package_identification:_identify(src/motor_msg) by extension 'colcon_meta'
[2.003s] Level 1:colcon.colcon_core.package_identification:_identify(src/motor_msg) by extensions ['ros']
[2.003s] Level 1:colcon.colcon_core.package_identification:_identify(src/motor_msg) by extension 'ros'
[2.008s] DEBUG:colcon.colcon_core.package_identification:Package 'src/motor_msg' with type 'ros.ament_cmake' and name 'motor_msg'
[2.009s] Level 1:colcon.colcon_core.package_identification:_identify(src/receive_msg) by extensions ['ignore', 'ignore_ament_install']
[2.009s] Level 1:colcon.colcon_core.package_identification:_identify(src/receive_msg) by extension 'ignore'
[2.010s] Level 1:colcon.colcon_core.package_identification:_identify(src/receive_msg) by extension 'ignore_ament_install'
[2.010s] Level 1:colcon.colcon_core.package_identification:_identify(src/receive_msg) by extensions ['colcon_pkg']
[2.010s] Level 1:colcon.colcon_core.package_identification:_identify(src/receive_msg) by extension 'colcon_pkg'
[2.010s] Level 1:colcon.colcon_core.package_identification:_identify(src/receive_msg) by extensions ['colcon_meta']
[2.011s] Level 1:colcon.colcon_core.package_identification:_identify(src/receive_msg) by extension 'colcon_meta'
[2.011s] Level 1:colcon.colcon_core.package_identification:_identify(src/receive_msg) by extensions ['ros']
[2.011s] Level 1:colcon.colcon_core.package_identification:_identify(src/receive_msg) by extension 'ros'
[2.015s] DEBUG:colcon.colcon_core.package_identification:Package 'src/receive_msg' with type 'ros.ament_cmake' and name 'receive_msg'
[2.016s] Level 1:colcon.colcon_core.package_discovery:discover_packages(recursive) using defaults
[2.016s] Level 1:colcon.colcon_core.package_discovery:discover_packages(ignore) discover
[2.016s] Level 1:colcon.colcon_core.package_discovery:discover_packages(ignore) using defaults
[2.016s] Level 1:colcon.colcon_core.package_discovery:discover_packages(path) discover
[2.016s] Level 1:colcon.colcon_core.package_discovery:discover_packages(path) using defaults
[2.140s] INFO:colcon.colcon_core.package_selection:Skipping not selected package 'motor_msg' in 'src/motor_msg'
[2.140s] INFO:colcon.colcon_core.package_selection:Skipping not selected package 'motor_control' in 'src/motor_control'
[2.143s] Level 1:colcon.colcon_core.package_discovery:discover_packages(prefix_path) check parameters
[2.144s] Level 1:colcon.colcon_core.package_discovery:discover_packages(prefix_path) discover
[2.155s] DEBUG:colcon.colcon_installed_package_information.package_discovery:Found 54 installed packages in /opt/tros/humble
[2.163s] DEBUG:colcon.colcon_installed_package_information.package_discovery:Found 187 installed packages in /opt/ros/humble
[2.171s] Level 1:colcon.colcon_core.package_discovery:discover_packages(prefix_path) using defaults
[2.455s] Level 5:colcon.colcon_core.verb:set package 'receive_msg' build argument 'cmake_args' from command line to 'None'
[2.456s] Level 5:colcon.colcon_core.verb:set package 'receive_msg' build argument 'cmake_target' from command line to 'None'
[2.456s] Level 5:colcon.colcon_core.verb:set package 'receive_msg' build argument 'cmake_target_skip_unavailable' from command line to 'False'
[2.456s] Level 5:colcon.colcon_core.verb:set package 'receive_msg' build argument 'cmake_clean_cache' from command line to 'False'
[2.456s] Level 5:colcon.colcon_core.verb:set package 'receive_msg' build argument 'cmake_clean_first' from command line to 'False'
[2.456s] Level 5:colcon.colcon_core.verb:set package 'receive_msg' build argument 'cmake_force_configure' from command line to 'False'
[2.456s] Level 5:colcon.colcon_core.verb:set package 'receive_msg' build argument 'ament_cmake_args' from command line to 'None'
[2.457s] Level 5:colcon.colcon_core.verb:set package 'receive_msg' build argument 'catkin_cmake_args' from command line to 'None'
[2.457s] Level 5:colcon.colcon_core.verb:set package 'receive_msg' build argument 'catkin_skip_building_tests' from command line to 'False'
[2.457s] DEBUG:colcon.colcon_core.verb:Building package 'receive_msg' with the following arguments: {'ament_cmake_args': None, 'build_base': '/home/sunrise/motor_ws/build/receive_msg', 'catkin_cmake_args': None, 'catkin_skip_building_tests': False, 'cmake_args': None, 'cmake_clean_cache': False, 'cmake_clean_first': False, 'cmake_force_configure': False, 'cmake_target': None, 'cmake_target_skip_unavailable': False, 'install_base': '/home/sunrise/motor_ws/install/receive_msg', 'merge_install': False, 'path': '/home/sunrise/motor_ws/src/receive_msg', 'symlink_install': False, 'test_result_base': None}
[2.458s] INFO:colcon.colcon_core.executor:Executing jobs using 'parallel' executor
[2.463s] DEBUG:colcon.colcon_parallel_executor.executor.parallel:run_until_complete
[2.464s] INFO:colcon.colcon_ros.task.ament_cmake.build:Building ROS package in '/home/sunrise/motor_ws/src/receive_msg' with build type 'ament_cmake'
[2.465s] INFO:colcon.colcon_cmake.task.cmake.build:Building CMake package in '/home/sunrise/motor_ws/src/receive_msg'
[2.480s] INFO:colcon.colcon_core.plugin_system:Skipping extension 'colcon_core.shell.bat': Not used on non-Windows systems
[2.481s] INFO:colcon.colcon_core.shell:Skip shell extension 'powershell' for command environment: Not usable outside of PowerShell
[2.481s] DEBUG:colcon.colcon_core.shell:Skip shell extension 'dsv' for command environment
[2.510s] DEBUG:colcon.colcon_core.event_handler.log_command:Invoking command in '/home/sunrise/motor_ws/build/receive_msg': CMAKE_PREFIX_PATH=/opt/tros/humble:/opt/ros/humble /usr/bin/cmake /home/sunrise/motor_ws/src/receive_msg -DCMAKE_INSTALL_PREFIX=/home/sunrise/motor_ws/install/receive_msg
[12.024s] DEBUG:colcon.colcon_core.event_handler.log_command:Invoked command in '/home/sunrise/motor_ws/build/receive_msg' returned '0': CMAKE_PREFIX_PATH=/opt/tros/humble:/opt/ros/humble /usr/bin/cmake /home/sunrise/motor_ws/src/receive_msg -DCMAKE_INSTALL_PREFIX=/home/sunrise/motor_ws/install/receive_msg
[12.037s] DEBUG:colcon.colcon_core.event_handler.log_command:Invoking command in '/home/sunrise/motor_ws/build/receive_msg': CMAKE_PREFIX_PATH=/opt/tros/humble:/opt/ros/humble /usr/bin/cmake --build /home/sunrise/motor_ws/build/receive_msg -- -j8 -l8
[23.016s] DEBUG:colcon.colcon_core.event_handler.log_command:Invoked command in '/home/sunrise/motor_ws/build/receive_msg' returned '0': CMAKE_PREFIX_PATH=/opt/tros/humble:/opt/ros/humble /usr/bin/cmake --build /home/sunrise/motor_ws/build/receive_msg -- -j8 -l8
[23.071s] DEBUG:colcon.colcon_core.event_handler.log_command:Invoking command in '/home/sunrise/motor_ws/build/receive_msg': CMAKE_PREFIX_PATH=/opt/tros/humble:/opt/ros/humble /usr/bin/cmake --install /home/sunrise/motor_ws/build/receive_msg
[23.416s] Level 1:colcon.colcon_core.environment:create_environment_scripts_only(receive_msg)
[23.420s] DEBUG:colcon.colcon_core.event_handler.log_command:Invoked command in '/home/sunrise/motor_ws/build/receive_msg' returned '0': CMAKE_PREFIX_PATH=/opt/tros/humble:/opt/ros/humble /usr/bin/cmake --install /home/sunrise/motor_ws/build/receive_msg
[23.440s] Level 1:colcon.colcon_core.environment:checking '/home/sunrise/motor_ws/install/receive_msg' for CMake module files
[23.445s] Level 1:colcon.colcon_core.environment:checking '/home/sunrise/motor_ws/install/receive_msg' for CMake config files
[23.448s] Level 1:colcon.colcon_core.shell:create_environment_hook('receive_msg', 'cmake_prefix_path')
[23.449s] INFO:colcon.colcon_core.shell:Creating environment hook '/home/sunrise/motor_ws/install/receive_msg/share/receive_msg/hook/cmake_prefix_path.ps1'
[23.454s] INFO:colcon.colcon_core.shell:Creating environment descriptor '/home/sunrise/motor_ws/install/receive_msg/share/receive_msg/hook/cmake_prefix_path.dsv'
[23.457s] INFO:colcon.colcon_core.shell:Creating environment hook '/home/sunrise/motor_ws/install/receive_msg/share/receive_msg/hook/cmake_prefix_path.sh'
[23.463s] Level 1:colcon.colcon_core.environment:checking '/home/sunrise/motor_ws/install/receive_msg/lib'
[23.464s] Level 1:colcon.colcon_core.shell:create_environment_hook('receive_msg', 'ld_library_path_lib')
[23.466s] INFO:colcon.colcon_core.shell:Creating environment hook '/home/sunrise/motor_ws/install/receive_msg/share/receive_msg/hook/ld_library_path_lib.ps1'
[23.468s] INFO:colcon.colcon_core.shell:Creating environment descriptor '/home/sunrise/motor_ws/install/receive_msg/share/receive_msg/hook/ld_library_path_lib.dsv'
[23.470s] INFO:colcon.colcon_core.shell:Creating environment hook '/home/sunrise/motor_ws/install/receive_msg/share/receive_msg/hook/ld_library_path_lib.sh'
[23.473s] Level 1:colcon.colcon_core.environment:checking '/home/sunrise/motor_ws/install/receive_msg/bin'
[23.473s] Level 1:colcon.colcon_core.environment:checking '/home/sunrise/motor_ws/install/receive_msg/lib/pkgconfig/receive_msg.pc'
[23.475s] Level 1:colcon.colcon_core.environment:checking '/home/sunrise/motor_ws/install/receive_msg/lib/python3.10/site-packages'
[23.476s] Level 1:colcon.colcon_core.environment:checking '/home/sunrise/motor_ws/install/receive_msg/bin'
[23.479s] INFO:colcon.colcon_core.shell:Creating package script '/home/sunrise/motor_ws/install/receive_msg/share/receive_msg/package.ps1'
[23.485s] INFO:colcon.colcon_core.shell:Creating package descriptor '/home/sunrise/motor_ws/install/receive_msg/share/receive_msg/package.dsv'
[23.489s] INFO:colcon.colcon_core.shell:Creating package script '/home/sunrise/motor_ws/install/receive_msg/share/receive_msg/package.sh'
[23.495s] INFO:colcon.colcon_core.shell:Creating package script '/home/sunrise/motor_ws/install/receive_msg/share/receive_msg/package.bash'
[23.500s] INFO:colcon.colcon_core.shell:Creating package script '/home/sunrise/motor_ws/install/receive_msg/share/receive_msg/package.zsh'
[23.506s] Level 1:colcon.colcon_core.environment:create_file_with_runtime_dependencies(/home/sunrise/motor_ws/install/receive_msg/share/colcon-core/packages/receive_msg)
[23.509s] Level 1:colcon.colcon_core.environment:create_environment_scripts_only(receive_msg)
[23.511s] Level 1:colcon.colcon_core.environment:checking '/home/sunrise/motor_ws/install/receive_msg' for CMake module files
[23.515s] Level 1:colcon.colcon_core.environment:checking '/home/sunrise/motor_ws/install/receive_msg' for CMake config files
[23.518s] Level 1:colcon.colcon_core.shell:create_environment_hook('receive_msg', 'cmake_prefix_path')
[23.519s] INFO:colcon.colcon_core.shell:Creating environment hook '/home/sunrise/motor_ws/install/receive_msg/share/receive_msg/hook/cmake_prefix_path.ps1'
[23.522s] INFO:colcon.colcon_core.shell:Creating environment descriptor '/home/sunrise/motor_ws/install/receive_msg/share/receive_msg/hook/cmake_prefix_path.dsv'
[23.524s] INFO:colcon.colcon_core.shell:Creating environment hook '/home/sunrise/motor_ws/install/receive_msg/share/receive_msg/hook/cmake_prefix_path.sh'
[23.526s] Level 1:colcon.colcon_core.environment:checking '/home/sunrise/motor_ws/install/receive_msg/lib'
[23.527s] Level 1:colcon.colcon_core.shell:create_environment_hook('receive_msg', 'ld_library_path_lib')
[23.528s] INFO:colcon.colcon_core.shell:Creating environment hook '/home/sunrise/motor_ws/install/receive_msg/share/receive_msg/hook/ld_library_path_lib.ps1'
[23.530s] INFO:colcon.colcon_core.shell:Creating environment descriptor '/home/sunrise/motor_ws/install/receive_msg/share/receive_msg/hook/ld_library_path_lib.dsv'
[23.532s] INFO:colcon.colcon_core.shell:Creating environment hook '/home/sunrise/motor_ws/install/receive_msg/share/receive_msg/hook/ld_library_path_lib.sh'
[23.534s] Level 1:colcon.colcon_core.environment:checking '/home/sunrise/motor_ws/install/receive_msg/bin'
[23.535s] Level 1:colcon.colcon_core.environment:checking '/home/sunrise/motor_ws/install/receive_msg/lib/pkgconfig/receive_msg.pc'
[23.536s] Level 1:colcon.colcon_core.environment:checking '/home/sunrise/motor_ws/install/receive_msg/lib/python3.10/site-packages'
[23.538s] Level 1:colcon.colcon_core.environment:checking '/home/sunrise/motor_ws/install/receive_msg/bin'
[23.540s] INFO:colcon.colcon_core.shell:Creating package script '/home/sunrise/motor_ws/install/receive_msg/share/receive_msg/package.ps1'
[23.544s] INFO:colcon.colcon_core.shell:Creating package descriptor '/home/sunrise/motor_ws/install/receive_msg/share/receive_msg/package.dsv'
[23.547s] INFO:colcon.colcon_core.shell:Creating package script '/home/sunrise/motor_ws/install/receive_msg/share/receive_msg/package.sh'
[23.550s] INFO:colcon.colcon_core.shell:Creating package script '/home/sunrise/motor_ws/install/receive_msg/share/receive_msg/package.bash'
[23.552s] INFO:colcon.colcon_core.shell:Creating package script '/home/sunrise/motor_ws/install/receive_msg/share/receive_msg/package.zsh'
[23.555s] Level 1:colcon.colcon_core.environment:create_file_with_runtime_dependencies(/home/sunrise/motor_ws/install/receive_msg/share/colcon-core/packages/receive_msg)
[23.556s] DEBUG:colcon.colcon_parallel_executor.executor.parallel:closing loop
[23.557s] DEBUG:colcon.colcon_parallel_executor.executor.parallel:loop closed
[23.558s] DEBUG:colcon.colcon_parallel_executor.executor.parallel:run_until_complete finished with '0'
[23.558s] DEBUG:colcon.colcon_core.event_reactor:joining thread
[23.599s] INFO:colcon.colcon_core.plugin_system:Skipping extension 'colcon_notification.desktop_notification.notify_send': Could not find 'notify-send'
[23.600s] INFO:colcon.colcon_core.plugin_system:Skipping extension 'colcon_notification.desktop_notification.terminal_notifier': Not used on non-Darwin systems
[23.600s] INFO:colcon.colcon_core.plugin_system:Skipping extension 'colcon_notification.desktop_notification.win32': Not used on non-Windows systems
[23.601s] INFO:colcon.colcon_notification.desktop_notification:Sending desktop notification using 'notify2'
[48.629s] DEBUG:colcon.colcon_notification.desktop_notification.notify2:Failed to initialize notify2: org.freedesktop.DBus.Error.NoReply: Did not receive a reply. Possible causes include: the remote application did not send a reply, the message bus security policy blocked the reply, the reply timeout expired, or the network connection was broken.
[48.629s] DEBUG:colcon.colcon_core.event_reactor:joined thread
[48.631s] INFO:colcon.colcon_core.shell:Creating prefix script '/home/sunrise/motor_ws/install/local_setup.ps1'
[48.639s] INFO:colcon.colcon_core.shell:Creating prefix util module '/home/sunrise/motor_ws/install/_local_setup_util_ps1.py'
[48.649s] INFO:colcon.colcon_core.shell:Creating prefix chain script '/home/sunrise/motor_ws/install/setup.ps1'
[48.656s] INFO:colcon.colcon_core.shell:Creating prefix script '/home/sunrise/motor_ws/install/local_setup.sh'
[48.660s] INFO:colcon.colcon_core.shell:Creating prefix util module '/home/sunrise/motor_ws/install/_local_setup_util_sh.py'
[48.664s] INFO:colcon.colcon_core.shell:Creating prefix chain script '/home/sunrise/motor_ws/install/setup.sh'
[48.671s] INFO:colcon.colcon_core.shell:Creating prefix script '/home/sunrise/motor_ws/install/local_setup.bash'
[48.675s] INFO:colcon.colcon_core.shell:Creating prefix chain script '/home/sunrise/motor_ws/install/setup.bash'
[48.682s] INFO:colcon.colcon_core.shell:Creating prefix script '/home/sunrise/motor_ws/install/local_setup.zsh'
[48.686s] INFO:colcon.colcon_core.shell:Creating prefix chain script '/home/sunrise/motor_ws/install/setup.zsh'
