[3.961s] Invoking command in '/home/sunrise/motor_ws/src/motor_control': PYTHONPATH=/home/sunrise/motor_ws/build/motor_control/prefix_override:/usr/lib/python3/dist-packages/colcon_core/task/python/colcon_distutils_commands:/home/sunrise/motor_ws/install/motor_control/lib/python3.10/site-packages:${PYTHONPATH} /usr/bin/python3 -W ignore:setup.py install is deprecated -W ignore:easy_install command is deprecated setup.py egg_info --egg-base ../../build/motor_control build --build-base /home/sunrise/motor_ws/build/motor_control/build install --record /home/sunrise/motor_ws/build/motor_control/install.log --single-version-externally-managed install_data
[5.518s] running egg_info
[5.522s] creating ../../build/motor_control/motor_control.egg-info
[5.523s] writing ../../build/motor_control/motor_control.egg-info/PKG-INFO
[5.524s] writing dependency_links to ../../build/motor_control/motor_control.egg-info/dependency_links.txt
[5.525s] writing entry points to ../../build/motor_control/motor_control.egg-info/entry_points.txt
[5.526s] writing requirements to ../../build/motor_control/motor_control.egg-info/requires.txt
[5.527s] writing top-level names to ../../build/motor_control/motor_control.egg-info/top_level.txt
[5.527s] writing manifest file '../../build/motor_control/motor_control.egg-info/SOURCES.txt'
[5.537s] reading manifest file '../../build/motor_control/motor_control.egg-info/SOURCES.txt'
[5.542s] writing manifest file '../../build/motor_control/motor_control.egg-info/SOURCES.txt'
[5.542s] running build
[5.543s] running build_py
[5.544s] creating /home/sunrise/motor_ws/build/motor_control/build
[5.545s] creating /home/sunrise/motor_ws/build/motor_control/build/lib
[5.545s] creating /home/sunrise/motor_ws/build/motor_control/build/lib/motor_control
[5.546s] copying motor_control/motor_node.py -> /home/sunrise/motor_ws/build/motor_control/build/lib/motor_control
[5.546s] copying motor_control/__init__.py -> /home/sunrise/motor_ws/build/motor_control/build/lib/motor_control
[5.547s] running install
[5.548s] running install_lib
[5.553s] creating /home/sunrise/motor_ws/install/motor_control/lib/python3.10/site-packages/motor_control
[5.554s] copying /home/sunrise/motor_ws/build/motor_control/build/lib/motor_control/motor_node.py -> /home/sunrise/motor_ws/install/motor_control/lib/python3.10/site-packages/motor_control
[5.554s] copying /home/sunrise/motor_ws/build/motor_control/build/lib/motor_control/__init__.py -> /home/sunrise/motor_ws/install/motor_control/lib/python3.10/site-packages/motor_control
[5.557s] byte-compiling /home/sunrise/motor_ws/install/motor_control/lib/python3.10/site-packages/motor_control/motor_node.py to motor_node.cpython-310.pyc
[5.562s] byte-compiling /home/sunrise/motor_ws/install/motor_control/lib/python3.10/site-packages/motor_control/__init__.py to __init__.cpython-310.pyc
[5.564s] running install_data
[5.565s] creating /home/sunrise/motor_ws/install/motor_control/share/ament_index
[5.565s] creating /home/sunrise/motor_ws/install/motor_control/share/ament_index/resource_index
[5.566s] creating /home/sunrise/motor_ws/install/motor_control/share/ament_index/resource_index/packages
[5.567s] copying resource/motor_control -> /home/sunrise/motor_ws/install/motor_control/share/ament_index/resource_index/packages
[5.567s] copying package.xml -> /home/sunrise/motor_ws/install/motor_control/share/motor_control
[5.568s] running install_egg_info
[5.578s] Copying ../../build/motor_control/motor_control.egg-info to /home/sunrise/motor_ws/install/motor_control/lib/python3.10/site-packages/motor_control-0.0.0-py3.10.egg-info
[5.583s] running install_scripts
[5.719s] Installing motor_node script to /home/sunrise/motor_ws/install/motor_control/lib/motor_control
[5.721s] writing list of installed files to '/home/sunrise/motor_ws/build/motor_control/install.log'
[5.942s] Invoked command in '/home/sunrise/motor_ws/src/motor_control' returned '0': PYTHONPATH=/home/sunrise/motor_ws/build/motor_control/prefix_override:/usr/lib/python3/dist-packages/colcon_core/task/python/colcon_distutils_commands:/home/sunrise/motor_ws/install/motor_control/lib/python3.10/site-packages:${PYTHONPATH} /usr/bin/python3 -W ignore:setup.py install is deprecated -W ignore:easy_install command is deprecated setup.py egg_info --egg-base ../../build/motor_control build --build-base /home/sunrise/motor_ws/build/motor_control/build install --record /home/sunrise/motor_ws/build/motor_control/install.log --single-version-externally-managed install_data
