[4.219s] Invoking command in '/home/sunrise/motor_ws/src/motor_control': PYTHONPATH=/home/sunrise/motor_ws/build/motor_control/prefix_override:/usr/lib/python3/dist-packages/colcon_core/task/python/colcon_distutils_commands:/home/sunrise/motor_ws/install/motor_control/lib/python3.10/site-packages:${PYTHONPATH} /usr/bin/python3 -W ignore:setup.py install is deprecated -W ignore:easy_install command is deprecated setup.py egg_info --egg-base ../../build/motor_control build --build-base /home/sunrise/motor_ws/build/motor_control/build install --record /home/sunrise/motor_ws/build/motor_control/install.log --single-version-externally-managed install_data
[5.670s] running egg_info
[5.674s] writing ../../build/motor_control/motor_control.egg-info/PKG-INFO
[5.675s] writing dependency_links to ../../build/motor_control/motor_control.egg-info/dependency_links.txt
[5.676s] writing entry points to ../../build/motor_control/motor_control.egg-info/entry_points.txt
[5.677s] writing requirements to ../../build/motor_control/motor_control.egg-info/requires.txt
[5.678s] writing top-level names to ../../build/motor_control/motor_control.egg-info/top_level.txt
[5.687s] reading manifest file '../../build/motor_control/motor_control.egg-info/SOURCES.txt'
[5.692s] writing manifest file '../../build/motor_control/motor_control.egg-info/SOURCES.txt'
[5.693s] running build
[5.693s] running build_py
[5.694s] copying motor_control/motor_node.py -> /home/sunrise/motor_ws/build/motor_control/build/lib/motor_control
[5.695s] running install
[5.696s] running install_lib
[5.701s] copying /home/sunrise/motor_ws/build/motor_control/build/lib/motor_control/motor_node.py -> /home/sunrise/motor_ws/install/motor_control/lib/python3.10/site-packages/motor_control
[5.704s] byte-compiling /home/sunrise/motor_ws/install/motor_control/lib/python3.10/site-packages/motor_control/motor_node.py to motor_node.cpython-310.pyc
[5.710s] running install_data
[5.710s] running install_egg_info
[5.720s] removing '/home/sunrise/motor_ws/install/motor_control/lib/python3.10/site-packages/motor_control-0.0.0-py3.10.egg-info' (and everything under it)
[5.722s] Copying ../../build/motor_control/motor_control.egg-info to /home/sunrise/motor_ws/install/motor_control/lib/python3.10/site-packages/motor_control-0.0.0-py3.10.egg-info
[5.726s] running install_scripts
[5.844s] Installing motor_node script to /home/sunrise/motor_ws/install/motor_control/lib/motor_control
[5.846s] writing list of installed files to '/home/sunrise/motor_ws/build/motor_control/install.log'
[6.062s] Invoked command in '/home/sunrise/motor_ws/src/motor_control' returned '0': PYTHONPATH=/home/sunrise/motor_ws/build/motor_control/prefix_override:/usr/lib/python3/dist-packages/colcon_core/task/python/colcon_distutils_commands:/home/sunrise/motor_ws/install/motor_control/lib/python3.10/site-packages:${PYTHONPATH} /usr/bin/python3 -W ignore:setup.py install is deprecated -W ignore:easy_install command is deprecated setup.py egg_info --egg-base ../../build/motor_control build --build-base /home/sunrise/motor_ws/build/motor_control/build install --record /home/sunrise/motor_ws/build/motor_control/install.log --single-version-externally-managed install_data
