[0.699s] DEBUG:colcon:Command line arguments: ['/usr/bin/colcon', 'build']
[0.699s] DEBUG:colcon:Parsed command line arguments: Namespace(log_base=None, log_level=None, verb_name='build', build_base='build', install_base='install', merge_install=False, symlink_install=False, test_result_base=None, continue_on_error=False, executor='parallel', parallel_workers=8, event_handlers=None, ignore_user_meta=False, metas=['./colcon.meta'], base_paths=['.'], packages_ignore=None, packages_ignore_regex=None, paths=None, packages_up_to=None, packages_up_to_regex=None, packages_above=None, packages_above_and_dependencies=None, packages_above_depth=None, packages_select_by_dep=None, packages_skip_by_dep=None, packages_skip_up_to=None, packages_select_build_failed=False, packages_skip_build_finished=False, packages_select_test_failures=False, packages_skip_test_passed=False, packages_select=None, packages_skip=None, packages_select_regex=None, packages_skip_regex=None, packages_start=None, packages_end=None, allow_overriding=[], cmake_args=None, cmake_target=None, cmake_target_skip_unavailable=False, cmake_clean_cache=False, cmake_clean_first=False, cmake_force_configure=False, ament_cmake_args=None, catkin_cmake_args=None, catkin_skip_building_tests=False, mixin_files=None, mixin=None, verb_parser=<colcon_mixin.mixin.mixin_argument.MixinArgumentDecorator object at 0xffffa7ae9ab0>, verb_extension=<colcon_core.verb.build.BuildVerb object at 0xffffa7bf7ac0>, main=<bound method BuildVerb.main of <colcon_core.verb.build.BuildVerb object at 0xffffa7bf7ac0>>, mixin_verb=('build',))
[1.660s] Level 1:colcon.colcon_core.package_discovery:discover_packages(colcon_meta) check parameters
[1.661s] Level 1:colcon.colcon_core.package_discovery:discover_packages(recursive) check parameters
[1.661s] Level 1:colcon.colcon_core.package_discovery:discover_packages(ignore) check parameters
[1.661s] Level 1:colcon.colcon_core.package_discovery:discover_packages(path) check parameters
[1.662s] Level 1:colcon.colcon_core.package_discovery:discover_packages(colcon_meta) discover
[1.662s] Level 1:colcon.colcon_core.package_discovery:discover_packages(recursive) discover
[1.662s] INFO:colcon.colcon_core.package_discovery:Crawling recursively for packages in '/home/sunrise/flask_robot_arm'
[1.663s] Level 1:colcon.colcon_core.package_identification:_identify(.) by extensions ['ignore', 'ignore_ament_install']
[1.663s] Level 1:colcon.colcon_core.package_identification:_identify(.) by extension 'ignore'
[1.664s] Level 1:colcon.colcon_core.package_identification:_identify(.) by extension 'ignore_ament_install'
[1.664s] Level 1:colcon.colcon_core.package_identification:_identify(.) by extensions ['colcon_pkg']
[1.664s] Level 1:colcon.colcon_core.package_identification:_identify(.) by extension 'colcon_pkg'
[1.664s] Level 1:colcon.colcon_core.package_identification:_identify(.) by extensions ['colcon_meta']
[1.665s] Level 1:colcon.colcon_core.package_identification:_identify(.) by extension 'colcon_meta'
[1.665s] Level 1:colcon.colcon_core.package_identification:_identify(.) by extensions ['ros']
[1.665s] Level 1:colcon.colcon_core.package_identification:_identify(.) by extension 'ros'
[1.730s] Level 1:colcon.colcon_core.package_identification:_identify(.) by extensions ['cmake', 'python']
[1.730s] Level 1:colcon.colcon_core.package_identification:_identify(.) by extension 'cmake'
[1.731s] Level 1:colcon.colcon_core.package_identification:_identify(.) by extension 'python'
[1.731s] Level 1:colcon.colcon_core.package_identification:_identify(.) by extensions ['python_setup_py']
[1.731s] Level 1:colcon.colcon_core.package_identification:_identify(.) by extension 'python_setup_py'
[1.732s] Level 1:colcon.colcon_core.package_identification:_identify(build) by extensions ['ignore', 'ignore_ament_install']
[1.732s] Level 1:colcon.colcon_core.package_identification:_identify(build) by extension 'ignore'
[1.732s] Level 1:colcon.colcon_core.package_identification:_identify(build) ignored
[1.733s] Level 1:colcon.colcon_core.package_identification:_identify(install) by extensions ['ignore', 'ignore_ament_install']
[1.734s] Level 1:colcon.colcon_core.package_identification:_identify(install) by extension 'ignore'
[1.734s] Level 1:colcon.colcon_core.package_identification:_identify(install) ignored
[1.734s] Level 1:colcon.colcon_core.package_identification:_identify(log) by extensions ['ignore', 'ignore_ament_install']
[1.735s] Level 1:colcon.colcon_core.package_identification:_identify(log) by extension 'ignore'
[1.735s] Level 1:colcon.colcon_core.package_identification:_identify(log) ignored
[1.735s] Level 1:colcon.colcon_core.package_identification:_identify(src) by extensions ['ignore', 'ignore_ament_install']
[1.736s] Level 1:colcon.colcon_core.package_identification:_identify(src) by extension 'ignore'
[1.736s] Level 1:colcon.colcon_core.package_identification:_identify(src) by extension 'ignore_ament_install'
[1.736s] Level 1:colcon.colcon_core.package_identification:_identify(src) by extensions ['colcon_pkg']
[1.736s] Level 1:colcon.colcon_core.package_identification:_identify(src) by extension 'colcon_pkg'
[1.737s] Level 1:colcon.colcon_core.package_identification:_identify(src) by extensions ['colcon_meta']
[1.737s] Level 1:colcon.colcon_core.package_identification:_identify(src) by extension 'colcon_meta'
[1.737s] Level 1:colcon.colcon_core.package_identification:_identify(src) by extensions ['ros']
[1.737s] Level 1:colcon.colcon_core.package_identification:_identify(src) by extension 'ros'
[1.738s] Level 1:colcon.colcon_core.package_identification:_identify(src) by extensions ['cmake', 'python']
[1.738s] Level 1:colcon.colcon_core.package_identification:_identify(src) by extension 'cmake'
[1.738s] Level 1:colcon.colcon_core.package_identification:_identify(src) by extension 'python'
[1.739s] Level 1:colcon.colcon_core.package_identification:_identify(src) by extensions ['python_setup_py']
[1.739s] Level 1:colcon.colcon_core.package_identification:_identify(src) by extension 'python_setup_py'
[1.740s] Level 1:colcon.colcon_core.package_identification:_identify(src/httpController) by extensions ['ignore', 'ignore_ament_install']
[1.740s] Level 1:colcon.colcon_core.package_identification:_identify(src/httpController) by extension 'ignore'
[1.740s] Level 1:colcon.colcon_core.package_identification:_identify(src/httpController) by extension 'ignore_ament_install'
[1.741s] Level 1:colcon.colcon_core.package_identification:_identify(src/httpController) by extensions ['colcon_pkg']
[1.741s] Level 1:colcon.colcon_core.package_identification:_identify(src/httpController) by extension 'colcon_pkg'
[1.741s] Level 1:colcon.colcon_core.package_identification:_identify(src/httpController) by extensions ['colcon_meta']
[1.741s] Level 1:colcon.colcon_core.package_identification:_identify(src/httpController) by extension 'colcon_meta'
[1.742s] Level 1:colcon.colcon_core.package_identification:_identify(src/httpController) by extensions ['ros']
[1.742s] Level 1:colcon.colcon_core.package_identification:_identify(src/httpController) by extension 'ros'
[1.759s] DEBUG:colcon.colcon_core.package_identification:Package 'src/httpController' with type 'ros.ament_python' and name 'httpController'
[1.759s] Level 1:colcon.colcon_core.package_discovery:discover_packages(recursive) using defaults
[1.760s] Level 1:colcon.colcon_core.package_discovery:discover_packages(ignore) discover
[1.760s] Level 1:colcon.colcon_core.package_discovery:discover_packages(ignore) using defaults
[1.760s] Level 1:colcon.colcon_core.package_discovery:discover_packages(path) discover
[1.760s] Level 1:colcon.colcon_core.package_discovery:discover_packages(path) using defaults
[1.892s] Level 1:colcon.colcon_core.package_discovery:discover_packages(prefix_path) check parameters
[1.893s] Level 1:colcon.colcon_core.package_discovery:discover_packages(prefix_path) discover
[1.900s] Level 1:colcon.colcon_core.package_discovery:discover_packages(prefix_path) using defaults
[1.908s] Level 5:colcon.colcon_core.verb:set package 'httpController' build argument 'cmake_args' from command line to 'None'
[1.908s] Level 5:colcon.colcon_core.verb:set package 'httpController' build argument 'cmake_target' from command line to 'None'
[1.908s] Level 5:colcon.colcon_core.verb:set package 'httpController' build argument 'cmake_target_skip_unavailable' from command line to 'False'
[1.909s] Level 5:colcon.colcon_core.verb:set package 'httpController' build argument 'cmake_clean_cache' from command line to 'False'
[1.909s] Level 5:colcon.colcon_core.verb:set package 'httpController' build argument 'cmake_clean_first' from command line to 'False'
[1.909s] Level 5:colcon.colcon_core.verb:set package 'httpController' build argument 'cmake_force_configure' from command line to 'False'
[1.909s] Level 5:colcon.colcon_core.verb:set package 'httpController' build argument 'ament_cmake_args' from command line to 'None'
[1.909s] Level 5:colcon.colcon_core.verb:set package 'httpController' build argument 'catkin_cmake_args' from command line to 'None'
[1.909s] Level 5:colcon.colcon_core.verb:set package 'httpController' build argument 'catkin_skip_building_tests' from command line to 'False'
[1.910s] DEBUG:colcon.colcon_core.verb:Building package 'httpController' with the following arguments: {'ament_cmake_args': None, 'build_base': '/home/sunrise/flask_robot_arm/build/httpController', 'catkin_cmake_args': None, 'catkin_skip_building_tests': False, 'cmake_args': None, 'cmake_clean_cache': False, 'cmake_clean_first': False, 'cmake_force_configure': False, 'cmake_target': None, 'cmake_target_skip_unavailable': False, 'install_base': '/home/sunrise/flask_robot_arm/install/httpController', 'merge_install': False, 'path': '/home/sunrise/flask_robot_arm/src/httpController', 'symlink_install': False, 'test_result_base': None}
[1.910s] INFO:colcon.colcon_core.executor:Executing jobs using 'parallel' executor
[1.917s] DEBUG:colcon.colcon_parallel_executor.executor.parallel:run_until_complete
[1.918s] INFO:colcon.colcon_ros.task.ament_python.build:Building ROS package in '/home/sunrise/flask_robot_arm/src/httpController' with build type 'ament_python'
[1.919s] Level 1:colcon.colcon_core.shell:create_environment_hook('httpController', 'ament_prefix_path')
[1.935s] INFO:colcon.colcon_core.plugin_system:Skipping extension 'colcon_core.shell.bat': Not used on non-Windows systems
[1.937s] INFO:colcon.colcon_core.shell:Creating environment hook '/home/sunrise/flask_robot_arm/install/httpController/share/httpController/hook/ament_prefix_path.ps1'
[1.942s] INFO:colcon.colcon_core.shell:Creating environment descriptor '/home/sunrise/flask_robot_arm/install/httpController/share/httpController/hook/ament_prefix_path.dsv'
[1.945s] INFO:colcon.colcon_core.shell:Creating environment hook '/home/sunrise/flask_robot_arm/install/httpController/share/httpController/hook/ament_prefix_path.sh'
[1.950s] INFO:colcon.colcon_core.shell:Skip shell extension 'powershell' for command environment: Not usable outside of PowerShell
[1.950s] DEBUG:colcon.colcon_core.shell:Skip shell extension 'dsv' for command environment
[3.270s] INFO:colcon.colcon_core.task.python.build:Building Python package in '/home/sunrise/flask_robot_arm/src/httpController'
[3.272s] INFO:colcon.colcon_core.shell:Skip shell extension 'powershell' for command environment: Not usable outside of PowerShell
[3.273s] DEBUG:colcon.colcon_core.shell:Skip shell extension 'dsv' for command environment
[5.775s] DEBUG:colcon.colcon_core.event_handler.log_command:Invoking command in '/home/sunrise/flask_robot_arm/src/httpController': CONDA_PROMPT_MODIFIER=(base) PYTHONPATH=/home/sunrise/flask_robot_arm/build/httpController/prefix_override:/usr/lib/python3/dist-packages/colcon_core/task/python/colcon_distutils_commands:/home/sunrise/flask_robot_arm/install/httpController/lib/python3.10/site-packages: /usr/bin/python3 -W ignore:setup.py install is deprecated -W ignore:easy_install command is deprecated setup.py egg_info --egg-base ../../build/httpController build --build-base /home/sunrise/flask_robot_arm/build/httpController/build install --record /home/sunrise/flask_robot_arm/build/httpController/install.log --single-version-externally-managed install_data
[7.321s] DEBUG:colcon.colcon_core.event_handler.log_command:Invoked command in '/home/sunrise/flask_robot_arm/src/httpController' returned '0': CONDA_PROMPT_MODIFIER=(base) PYTHONPATH=/home/sunrise/flask_robot_arm/build/httpController/prefix_override:/usr/lib/python3/dist-packages/colcon_core/task/python/colcon_distutils_commands:/home/sunrise/flask_robot_arm/install/httpController/lib/python3.10/site-packages: /usr/bin/python3 -W ignore:setup.py install is deprecated -W ignore:easy_install command is deprecated setup.py egg_info --egg-base ../../build/httpController build --build-base /home/sunrise/flask_robot_arm/build/httpController/build install --record /home/sunrise/flask_robot_arm/build/httpController/install.log --single-version-externally-managed install_data
[7.344s] Level 1:colcon.colcon_core.environment:checking '/home/sunrise/flask_robot_arm/install/httpController' for CMake module files
[7.347s] Level 1:colcon.colcon_core.environment:checking '/home/sunrise/flask_robot_arm/install/httpController' for CMake config files
[7.350s] Level 1:colcon.colcon_core.environment:checking '/home/sunrise/flask_robot_arm/install/httpController/lib'
[7.351s] Level 1:colcon.colcon_core.environment:checking '/home/sunrise/flask_robot_arm/install/httpController/bin'
[7.351s] Level 1:colcon.colcon_core.environment:checking '/home/sunrise/flask_robot_arm/install/httpController/lib/pkgconfig/httpController.pc'
[7.353s] Level 1:colcon.colcon_core.environment:checking '/home/sunrise/flask_robot_arm/install/httpController/lib/python3.10/site-packages'
[7.353s] Level 1:colcon.colcon_core.shell:create_environment_hook('httpController', 'pythonpath')
[7.355s] INFO:colcon.colcon_core.shell:Creating environment hook '/home/sunrise/flask_robot_arm/install/httpController/share/httpController/hook/pythonpath.ps1'
[7.358s] INFO:colcon.colcon_core.shell:Creating environment descriptor '/home/sunrise/flask_robot_arm/install/httpController/share/httpController/hook/pythonpath.dsv'
[7.360s] INFO:colcon.colcon_core.shell:Creating environment hook '/home/sunrise/flask_robot_arm/install/httpController/share/httpController/hook/pythonpath.sh'
[7.364s] Level 1:colcon.colcon_core.environment:checking '/home/sunrise/flask_robot_arm/install/httpController/bin'
[7.365s] Level 1:colcon.colcon_core.environment:create_environment_scripts_only(httpController)
[7.367s] INFO:colcon.colcon_core.shell:Creating package script '/home/sunrise/flask_robot_arm/install/httpController/share/httpController/package.ps1'
[7.374s] INFO:colcon.colcon_core.shell:Creating package descriptor '/home/sunrise/flask_robot_arm/install/httpController/share/httpController/package.dsv'
[7.379s] INFO:colcon.colcon_core.shell:Creating package script '/home/sunrise/flask_robot_arm/install/httpController/share/httpController/package.sh'
[7.384s] INFO:colcon.colcon_core.shell:Creating package script '/home/sunrise/flask_robot_arm/install/httpController/share/httpController/package.bash'
[7.390s] INFO:colcon.colcon_core.shell:Creating package script '/home/sunrise/flask_robot_arm/install/httpController/share/httpController/package.zsh'
[7.396s] Level 1:colcon.colcon_core.environment:create_file_with_runtime_dependencies(/home/sunrise/flask_robot_arm/install/httpController/share/colcon-core/packages/httpController)
[7.398s] DEBUG:colcon.colcon_parallel_executor.executor.parallel:closing loop
[7.399s] DEBUG:colcon.colcon_parallel_executor.executor.parallel:loop closed
[7.400s] DEBUG:colcon.colcon_parallel_executor.executor.parallel:run_until_complete finished with '0'
[7.400s] DEBUG:colcon.colcon_core.event_reactor:joining thread
[7.431s] INFO:colcon.colcon_core.plugin_system:Skipping extension 'colcon_notification.desktop_notification.terminal_notifier': Not used on non-Darwin systems
[7.432s] INFO:colcon.colcon_core.plugin_system:Skipping extension 'colcon_notification.desktop_notification.win32': Not used on non-Windows systems
[7.432s] INFO:colcon.colcon_notification.desktop_notification:Sending desktop notification using 'notify2'
[7.760s] DEBUG:colcon.colcon_core.event_reactor:joined thread
[7.762s] INFO:colcon.colcon_core.shell:Creating prefix script '/home/sunrise/flask_robot_arm/install/local_setup.ps1'
[7.770s] INFO:colcon.colcon_core.shell:Creating prefix util module '/home/sunrise/flask_robot_arm/install/_local_setup_util_ps1.py'
[7.782s] INFO:colcon.colcon_core.shell:Creating prefix chain script '/home/sunrise/flask_robot_arm/install/setup.ps1'
[7.788s] INFO:colcon.colcon_core.shell:Creating prefix script '/home/sunrise/flask_robot_arm/install/local_setup.sh'
[7.793s] INFO:colcon.colcon_core.shell:Creating prefix util module '/home/sunrise/flask_robot_arm/install/_local_setup_util_sh.py'
[7.797s] INFO:colcon.colcon_core.shell:Creating prefix chain script '/home/sunrise/flask_robot_arm/install/setup.sh'
[7.804s] INFO:colcon.colcon_core.shell:Creating prefix script '/home/sunrise/flask_robot_arm/install/local_setup.bash'
[7.809s] INFO:colcon.colcon_core.shell:Creating prefix chain script '/home/sunrise/flask_robot_arm/install/setup.bash'
[7.815s] INFO:colcon.colcon_core.shell:Creating prefix script '/home/sunrise/flask_robot_arm/install/local_setup.zsh'
[7.819s] INFO:colcon.colcon_core.shell:Creating prefix chain script '/home/sunrise/flask_robot_arm/install/setup.zsh'
