[4.221s] Invoking command in '/home/sunrise/motor_ws/src/motor_control': PYTHONPATH=/home/sunrise/motor_ws/build/motor_control/prefix_override:/usr/lib/python3/dist-packages/colcon_core/task/python/colcon_distutils_commands:/home/sunrise/motor_ws/install/motor_control/lib/python3.10/site-packages:${PYTHONPATH} /usr/bin/python3 -W ignore:setup.py install is deprecated -W ignore:easy_install command is deprecated setup.py egg_info --egg-base ../../build/motor_control build --build-base /home/sunrise/motor_ws/build/motor_control/build install --record /home/sunrise/motor_ws/build/motor_control/install.log --single-version-externally-managed install_data
[5.834s] running egg_info
[5.838s] writing ../../build/motor_control/motor_control.egg-info/PKG-INFO
[5.839s] writing dependency_links to ../../build/motor_control/motor_control.egg-info/dependency_links.txt
[5.840s] writing entry points to ../../build/motor_control/motor_control.egg-info/entry_points.txt
[5.840s] writing requirements to ../../build/motor_control/motor_control.egg-info/requires.txt
[5.841s] writing top-level names to ../../build/motor_control/motor_control.egg-info/top_level.txt
[5.851s] reading manifest file '../../build/motor_control/motor_control.egg-info/SOURCES.txt'
[5.855s] writing manifest file '../../build/motor_control/motor_control.egg-info/SOURCES.txt'
[5.856s] running build
[5.857s] running build_py
[5.857s] copying motor_control/motor_node.py -> /home/sunrise/motor_ws/build/motor_control/build/lib/motor_control
[5.858s] running install
[5.860s] running install_lib
[5.865s] copying /home/sunrise/motor_ws/build/motor_control/build/lib/motor_control/motor_node.py -> /home/sunrise/motor_ws/install/motor_control/lib/python3.10/site-packages/motor_control
[5.868s] byte-compiling /home/sunrise/motor_ws/install/motor_control/lib/python3.10/site-packages/motor_control/motor_node.py to motor_node.cpython-310.pyc
[5.874s] running install_data
[5.875s] running install_egg_info
[5.884s] removing '/home/sunrise/motor_ws/install/motor_control/lib/python3.10/site-packages/motor_control-0.0.0-py3.10.egg-info' (and everything under it)
[5.886s] Copying ../../build/motor_control/motor_control.egg-info to /home/sunrise/motor_ws/install/motor_control/lib/python3.10/site-packages/motor_control-0.0.0-py3.10.egg-info
[5.891s] running install_scripts
[6.014s] Installing motor_node script to /home/sunrise/motor_ws/install/motor_control/lib/motor_control
[6.016s] writing list of installed files to '/home/sunrise/motor_ws/build/motor_control/install.log'
[6.227s] Invoked command in '/home/sunrise/motor_ws/src/motor_control' returned '0': PYTHONPATH=/home/sunrise/motor_ws/build/motor_control/prefix_override:/usr/lib/python3/dist-packages/colcon_core/task/python/colcon_distutils_commands:/home/sunrise/motor_ws/install/motor_control/lib/python3.10/site-packages:${PYTHONPATH} /usr/bin/python3 -W ignore:setup.py install is deprecated -W ignore:easy_install command is deprecated setup.py egg_info --egg-base ../../build/motor_control build --build-base /home/sunrise/motor_ws/build/motor_control/build install --record /home/sunrise/motor_ws/build/motor_control/install.log --single-version-externally-managed install_data
