[0.653s] DEBUG:colcon:Command line arguments: ['/usr/bin/colcon', 'build']
[0.653s] DEBUG:colcon:Parsed command line arguments: Namespace(log_base=None, log_level=None, verb_name='build', build_base='build', install_base='install', merge_install=False, symlink_install=False, test_result_base=None, continue_on_error=False, executor='parallel', parallel_workers=8, event_handlers=None, ignore_user_meta=False, metas=['./colcon.meta'], base_paths=['.'], packages_ignore=None, packages_ignore_regex=None, paths=None, packages_up_to=None, packages_up_to_regex=None, packages_above=None, packages_above_and_dependencies=None, packages_above_depth=None, packages_select_by_dep=None, packages_skip_by_dep=None, packages_skip_up_to=None, packages_select_build_failed=False, packages_skip_build_finished=False, packages_select_test_failures=False, packages_skip_test_passed=False, packages_select=None, packages_skip=None, packages_select_regex=None, packages_skip_regex=None, packages_start=None, packages_end=None, allow_overriding=[], cmake_args=None, cmake_target=None, cmake_target_skip_unavailable=False, cmake_clean_cache=False, cmake_clean_first=False, cmake_force_configure=False, ament_cmake_args=None, catkin_cmake_args=None, catkin_skip_building_tests=False, mixin_files=None, mixin=None, verb_parser=<colcon_mixin.mixin.mixin_argument.MixinArgumentDecorator object at 0xffffa95bd750>, verb_extension=<colcon_core.verb.build.BuildVerb object at 0xffffa96c3760>, main=<bound method BuildVerb.main of <colcon_core.verb.build.BuildVerb object at 0xffffa96c3760>>, mixin_verb=('build',))
[1.710s] Level 1:colcon.colcon_core.package_discovery:discover_packages(colcon_meta) check parameters
[1.711s] Level 1:colcon.colcon_core.package_discovery:discover_packages(recursive) check parameters
[1.711s] Level 1:colcon.colcon_core.package_discovery:discover_packages(ignore) check parameters
[1.711s] Level 1:colcon.colcon_core.package_discovery:discover_packages(path) check parameters
[1.711s] Level 1:colcon.colcon_core.package_discovery:discover_packages(colcon_meta) discover
[1.712s] Level 1:colcon.colcon_core.package_discovery:discover_packages(recursive) discover
[1.712s] INFO:colcon.colcon_core.package_discovery:Crawling recursively for packages in '/home/sunrise/pyListener'
[1.712s] Level 1:colcon.colcon_core.package_identification:_identify(.) by extensions ['ignore', 'ignore_ament_install']
[1.713s] Level 1:colcon.colcon_core.package_identification:_identify(.) by extension 'ignore'
[1.713s] Level 1:colcon.colcon_core.package_identification:_identify(.) by extension 'ignore_ament_install'
[1.714s] Level 1:colcon.colcon_core.package_identification:_identify(.) by extensions ['colcon_pkg']
[1.714s] Level 1:colcon.colcon_core.package_identification:_identify(.) by extension 'colcon_pkg'
[1.714s] Level 1:colcon.colcon_core.package_identification:_identify(.) by extensions ['colcon_meta']
[1.714s] Level 1:colcon.colcon_core.package_identification:_identify(.) by extension 'colcon_meta'
[1.715s] Level 1:colcon.colcon_core.package_identification:_identify(.) by extensions ['ros']
[1.715s] Level 1:colcon.colcon_core.package_identification:_identify(.) by extension 'ros'
[1.788s] Level 1:colcon.colcon_core.package_identification:_identify(.) by extensions ['cmake', 'python']
[1.788s] Level 1:colcon.colcon_core.package_identification:_identify(.) by extension 'cmake'
[1.788s] Level 1:colcon.colcon_core.package_identification:_identify(.) by extension 'python'
[1.789s] Level 1:colcon.colcon_core.package_identification:_identify(.) by extensions ['python_setup_py']
[1.789s] Level 1:colcon.colcon_core.package_identification:_identify(.) by extension 'python_setup_py'
[1.790s] Level 1:colcon.colcon_core.package_identification:_identify(build) by extensions ['ignore', 'ignore_ament_install']
[1.790s] Level 1:colcon.colcon_core.package_identification:_identify(build) by extension 'ignore'
[1.791s] Level 1:colcon.colcon_core.package_identification:_identify(build) ignored
[1.792s] Level 1:colcon.colcon_core.package_identification:_identify(install) by extensions ['ignore', 'ignore_ament_install']
[1.792s] Level 1:colcon.colcon_core.package_identification:_identify(install) by extension 'ignore'
[1.793s] Level 1:colcon.colcon_core.package_identification:_identify(install) ignored
[1.793s] Level 1:colcon.colcon_core.package_identification:_identify(log) by extensions ['ignore', 'ignore_ament_install']
[1.794s] Level 1:colcon.colcon_core.package_identification:_identify(log) by extension 'ignore'
[1.794s] Level 1:colcon.colcon_core.package_identification:_identify(log) ignored
[1.795s] Level 1:colcon.colcon_core.package_identification:_identify(noneRosSolution) by extensions ['ignore', 'ignore_ament_install']
[1.795s] Level 1:colcon.colcon_core.package_identification:_identify(noneRosSolution) by extension 'ignore'
[1.796s] Level 1:colcon.colcon_core.package_identification:_identify(noneRosSolution) by extension 'ignore_ament_install'
[1.796s] Level 1:colcon.colcon_core.package_identification:_identify(noneRosSolution) by extensions ['colcon_pkg']
[1.796s] Level 1:colcon.colcon_core.package_identification:_identify(noneRosSolution) by extension 'colcon_pkg'
[1.796s] Level 1:colcon.colcon_core.package_identification:_identify(noneRosSolution) by extensions ['colcon_meta']
[1.797s] Level 1:colcon.colcon_core.package_identification:_identify(noneRosSolution) by extension 'colcon_meta'
[1.797s] Level 1:colcon.colcon_core.package_identification:_identify(noneRosSolution) by extensions ['ros']
[1.797s] Level 1:colcon.colcon_core.package_identification:_identify(noneRosSolution) by extension 'ros'
[1.798s] Level 1:colcon.colcon_core.package_identification:_identify(noneRosSolution) by extensions ['cmake', 'python']
[1.798s] Level 1:colcon.colcon_core.package_identification:_identify(noneRosSolution) by extension 'cmake'
[1.798s] Level 1:colcon.colcon_core.package_identification:_identify(noneRosSolution) by extension 'python'
[1.798s] Level 1:colcon.colcon_core.package_identification:_identify(noneRosSolution) by extensions ['python_setup_py']
[1.799s] Level 1:colcon.colcon_core.package_identification:_identify(noneRosSolution) by extension 'python_setup_py'
[1.799s] Level 1:colcon.colcon_core.package_identification:_identify(pyListener) by extensions ['ignore', 'ignore_ament_install']
[1.800s] Level 1:colcon.colcon_core.package_identification:_identify(pyListener) by extension 'ignore'
[1.800s] Level 1:colcon.colcon_core.package_identification:_identify(pyListener) by extension 'ignore_ament_install'
[1.800s] Level 1:colcon.colcon_core.package_identification:_identify(pyListener) by extensions ['colcon_pkg']
[1.800s] Level 1:colcon.colcon_core.package_identification:_identify(pyListener) by extension 'colcon_pkg'
[1.801s] Level 1:colcon.colcon_core.package_identification:_identify(pyListener) by extensions ['colcon_meta']
[1.801s] Level 1:colcon.colcon_core.package_identification:_identify(pyListener) by extension 'colcon_meta'
[1.801s] Level 1:colcon.colcon_core.package_identification:_identify(pyListener) by extensions ['ros']
[1.801s] Level 1:colcon.colcon_core.package_identification:_identify(pyListener) by extension 'ros'
[1.817s] DEBUG:colcon.colcon_core.package_identification:Package 'pyListener' with type 'ros.ament_python' and name 'pyListener'
[1.817s] Level 1:colcon.colcon_core.package_discovery:discover_packages(recursive) using defaults
[1.818s] Level 1:colcon.colcon_core.package_discovery:discover_packages(ignore) discover
[1.818s] Level 1:colcon.colcon_core.package_discovery:discover_packages(ignore) using defaults
[1.818s] Level 1:colcon.colcon_core.package_discovery:discover_packages(path) discover
[1.818s] Level 1:colcon.colcon_core.package_discovery:discover_packages(path) using defaults
[1.928s] Level 1:colcon.colcon_core.package_discovery:discover_packages(prefix_path) check parameters
[1.928s] Level 1:colcon.colcon_core.package_discovery:discover_packages(prefix_path) discover
[1.937s] DEBUG:colcon.colcon_installed_package_information.package_discovery:Found 1 installed packages in /home/sunrise/pyListener/install
[1.946s] DEBUG:colcon.colcon_installed_package_information.package_discovery:Found 285 installed packages in /opt/ros/humble
[1.965s] Level 1:colcon.colcon_core.package_discovery:discover_packages(prefix_path) using defaults
[2.290s] Level 5:colcon.colcon_core.verb:set package 'pyListener' build argument 'cmake_args' from command line to 'None'
[2.290s] Level 5:colcon.colcon_core.verb:set package 'pyListener' build argument 'cmake_target' from command line to 'None'
[2.291s] Level 5:colcon.colcon_core.verb:set package 'pyListener' build argument 'cmake_target_skip_unavailable' from command line to 'False'
[2.291s] Level 5:colcon.colcon_core.verb:set package 'pyListener' build argument 'cmake_clean_cache' from command line to 'False'
[2.291s] Level 5:colcon.colcon_core.verb:set package 'pyListener' build argument 'cmake_clean_first' from command line to 'False'
[2.291s] Level 5:colcon.colcon_core.verb:set package 'pyListener' build argument 'cmake_force_configure' from command line to 'False'
[2.291s] Level 5:colcon.colcon_core.verb:set package 'pyListener' build argument 'ament_cmake_args' from command line to 'None'
[2.291s] Level 5:colcon.colcon_core.verb:set package 'pyListener' build argument 'catkin_cmake_args' from command line to 'None'
[2.292s] Level 5:colcon.colcon_core.verb:set package 'pyListener' build argument 'catkin_skip_building_tests' from command line to 'False'
[2.292s] DEBUG:colcon.colcon_core.verb:Building package 'pyListener' with the following arguments: {'ament_cmake_args': None, 'build_base': '/home/sunrise/pyListener/build/pyListener', 'catkin_cmake_args': None, 'catkin_skip_building_tests': False, 'cmake_args': None, 'cmake_clean_cache': False, 'cmake_clean_first': False, 'cmake_force_configure': False, 'cmake_target': None, 'cmake_target_skip_unavailable': False, 'install_base': '/home/sunrise/pyListener/install/pyListener', 'merge_install': False, 'path': '/home/sunrise/pyListener/pyListener', 'symlink_install': False, 'test_result_base': None}
[2.293s] INFO:colcon.colcon_core.executor:Executing jobs using 'parallel' executor
[2.297s] DEBUG:colcon.colcon_parallel_executor.executor.parallel:run_until_complete
[2.298s] INFO:colcon.colcon_ros.task.ament_python.build:Building ROS package in '/home/sunrise/pyListener/pyListener' with build type 'ament_python'
[2.299s] Level 1:colcon.colcon_core.shell:create_environment_hook('pyListener', 'ament_prefix_path')
[2.310s] INFO:colcon.colcon_core.plugin_system:Skipping extension 'colcon_core.shell.bat': Not used on non-Windows systems
[2.311s] INFO:colcon.colcon_core.shell:Creating environment hook '/home/sunrise/pyListener/install/pyListener/share/pyListener/hook/ament_prefix_path.ps1'
[2.315s] INFO:colcon.colcon_core.shell:Creating environment descriptor '/home/sunrise/pyListener/install/pyListener/share/pyListener/hook/ament_prefix_path.dsv'
[2.318s] INFO:colcon.colcon_core.shell:Creating environment hook '/home/sunrise/pyListener/install/pyListener/share/pyListener/hook/ament_prefix_path.sh'
[2.323s] INFO:colcon.colcon_core.shell:Skip shell extension 'powershell' for command environment: Not usable outside of PowerShell
[2.323s] DEBUG:colcon.colcon_core.shell:Skip shell extension 'dsv' for command environment
[4.013s] INFO:colcon.colcon_core.task.python.build:Building Python package in '/home/sunrise/pyListener/pyListener'
[4.015s] INFO:colcon.colcon_core.shell:Skip shell extension 'powershell' for command environment: Not usable outside of PowerShell
[4.015s] DEBUG:colcon.colcon_core.shell:Skip shell extension 'dsv' for command environment
[6.452s] DEBUG:colcon.colcon_core.event_handler.log_command:Invoking command in '/home/sunrise/pyListener/pyListener': CONDA_PROMPT_MODIFIER=(base) PYTHONPATH=/home/sunrise/pyListener/build/pyListener/prefix_override:/usr/lib/python3/dist-packages/colcon_core/task/python/colcon_distutils_commands:/home/sunrise/pyListener/install/pyListener/lib/python3.10/site-packages:${PYTHONPATH} /usr/bin/python3 -W ignore:setup.py install is deprecated -W ignore:easy_install command is deprecated setup.py egg_info --egg-base ../build/pyListener build --build-base /home/sunrise/pyListener/build/pyListener/build install --record /home/sunrise/pyListener/build/pyListener/install.log --single-version-externally-managed install_data
[8.372s] DEBUG:colcon.colcon_core.event_handler.log_command:Invoked command in '/home/sunrise/pyListener/pyListener' returned '0': CONDA_PROMPT_MODIFIER=(base) PYTHONPATH=/home/sunrise/pyListener/build/pyListener/prefix_override:/usr/lib/python3/dist-packages/colcon_core/task/python/colcon_distutils_commands:/home/sunrise/pyListener/install/pyListener/lib/python3.10/site-packages:${PYTHONPATH} /usr/bin/python3 -W ignore:setup.py install is deprecated -W ignore:easy_install command is deprecated setup.py egg_info --egg-base ../build/pyListener build --build-base /home/sunrise/pyListener/build/pyListener/build install --record /home/sunrise/pyListener/build/pyListener/install.log --single-version-externally-managed install_data
[8.401s] Level 1:colcon.colcon_core.environment:checking '/home/sunrise/pyListener/install/pyListener' for CMake module files
[8.408s] Level 1:colcon.colcon_core.environment:checking '/home/sunrise/pyListener/install/pyListener' for CMake config files
[8.418s] Level 1:colcon.colcon_core.environment:checking '/home/sunrise/pyListener/install/pyListener/lib'
[8.419s] Level 1:colcon.colcon_core.environment:checking '/home/sunrise/pyListener/install/pyListener/bin'
[8.419s] Level 1:colcon.colcon_core.environment:checking '/home/sunrise/pyListener/install/pyListener/lib/pkgconfig/pyListener.pc'
[8.420s] Level 1:colcon.colcon_core.environment:checking '/home/sunrise/pyListener/install/pyListener/lib/python3.10/site-packages'
[8.421s] Level 1:colcon.colcon_core.shell:create_environment_hook('pyListener', 'pythonpath')
[8.422s] INFO:colcon.colcon_core.shell:Creating environment hook '/home/sunrise/pyListener/install/pyListener/share/pyListener/hook/pythonpath.ps1'
[8.425s] INFO:colcon.colcon_core.shell:Creating environment descriptor '/home/sunrise/pyListener/install/pyListener/share/pyListener/hook/pythonpath.dsv'
[8.429s] INFO:colcon.colcon_core.shell:Creating environment hook '/home/sunrise/pyListener/install/pyListener/share/pyListener/hook/pythonpath.sh'
[8.436s] Level 1:colcon.colcon_core.environment:checking '/home/sunrise/pyListener/install/pyListener/bin'
[8.436s] Level 1:colcon.colcon_core.environment:create_environment_scripts_only(pyListener)
[8.439s] INFO:colcon.colcon_core.shell:Creating package script '/home/sunrise/pyListener/install/pyListener/share/pyListener/package.ps1'
[8.445s] INFO:colcon.colcon_core.shell:Creating package descriptor '/home/sunrise/pyListener/install/pyListener/share/pyListener/package.dsv'
[8.450s] INFO:colcon.colcon_core.shell:Creating package script '/home/sunrise/pyListener/install/pyListener/share/pyListener/package.sh'
[8.456s] INFO:colcon.colcon_core.shell:Creating package script '/home/sunrise/pyListener/install/pyListener/share/pyListener/package.bash'
[8.460s] INFO:colcon.colcon_core.shell:Creating package script '/home/sunrise/pyListener/install/pyListener/share/pyListener/package.zsh'
[8.466s] Level 1:colcon.colcon_core.environment:create_file_with_runtime_dependencies(/home/sunrise/pyListener/install/pyListener/share/colcon-core/packages/pyListener)
[8.468s] DEBUG:colcon.colcon_parallel_executor.executor.parallel:closing loop
[8.470s] DEBUG:colcon.colcon_parallel_executor.executor.parallel:loop closed
[8.470s] DEBUG:colcon.colcon_parallel_executor.executor.parallel:run_until_complete finished with '0'
[8.471s] DEBUG:colcon.colcon_core.event_reactor:joining thread
[8.500s] INFO:colcon.colcon_core.plugin_system:Skipping extension 'colcon_notification.desktop_notification.terminal_notifier': Not used on non-Darwin systems
[8.501s] INFO:colcon.colcon_core.plugin_system:Skipping extension 'colcon_notification.desktop_notification.win32': Not used on non-Windows systems
[8.501s] INFO:colcon.colcon_notification.desktop_notification:Sending desktop notification using 'notify2'
[33.509s] DEBUG:colcon.colcon_notification.desktop_notification.notify2:Failed to initialize notify2: org.freedesktop.DBus.Error.NoReply: Did not receive a reply. Possible causes include: the remote application did not send a reply, the message bus security policy blocked the reply, the reply timeout expired, or the network connection was broken.
[33.510s] DEBUG:colcon.colcon_core.event_reactor:joined thread
[33.512s] INFO:colcon.colcon_core.shell:Creating prefix script '/home/sunrise/pyListener/install/local_setup.ps1'
[33.519s] INFO:colcon.colcon_core.shell:Creating prefix util module '/home/sunrise/pyListener/install/_local_setup_util_ps1.py'
[33.530s] INFO:colcon.colcon_core.shell:Creating prefix chain script '/home/sunrise/pyListener/install/setup.ps1'
[33.537s] INFO:colcon.colcon_core.shell:Creating prefix script '/home/sunrise/pyListener/install/local_setup.sh'
[33.541s] INFO:colcon.colcon_core.shell:Creating prefix util module '/home/sunrise/pyListener/install/_local_setup_util_sh.py'
[33.546s] INFO:colcon.colcon_core.shell:Creating prefix chain script '/home/sunrise/pyListener/install/setup.sh'
[33.553s] INFO:colcon.colcon_core.shell:Creating prefix script '/home/sunrise/pyListener/install/local_setup.bash'
[33.557s] INFO:colcon.colcon_core.shell:Creating prefix chain script '/home/sunrise/pyListener/install/setup.bash'
[33.563s] INFO:colcon.colcon_core.shell:Creating prefix script '/home/sunrise/pyListener/install/local_setup.zsh'
[33.567s] INFO:colcon.colcon_core.shell:Creating prefix chain script '/home/sunrise/pyListener/install/setup.zsh'
