[3.824s] Invoking command in '/home/sunrise/motor_ws/src/motor_state': AMENT_PREFIX_PATH=/home/sunrise/motor_ws/install/receive_msg:${AMENT_PREFIX_PATH} CMAKE_PREFIX_PATH=/home/sunrise/motor_ws/install/receive_msg LD_LIBRARY_PATH=/home/sunrise/motor_ws/install/receive_msg/lib:/opt/tros/humble/lib/aarch64-linux-gnu:/opt/tros/humble/lib:/opt/ros/humble/lib/aarch64-linux-gnu:/opt/ros/humble/lib:/usr/hobot/lib:/app/lib:/app/pub/lib:/middleware/lib:/middleware/pub/lib:/usr/hobot/lib/sensor:/system/lib:/system/usr/lib:/lib PYTHONPATH=/home/sunrise/motor_ws/build/motor_state/prefix_override:/usr/lib/python3/dist-packages/colcon_core/task/python/colcon_distutils_commands:/home/sunrise/motor_ws/install/motor_state/lib/python3.10/site-packages:/home/sunrise/motor_ws/install/receive_msg/local/lib/python3.10/dist-packages:${PYTHONPATH} /usr/bin/python3 -W ignore:setup.py install is deprecated -W ignore:easy_install command is deprecated setup.py egg_info --egg-base ../../build/motor_state build --build-base /home/sunrise/motor_ws/build/motor_state/build install --record /home/sunrise/motor_ws/build/motor_state/install.log --single-version-externally-managed install_data
[5.209s] running egg_info
[5.213s] writing ../../build/motor_state/motor_state.egg-info/PKG-INFO
[5.214s] writing dependency_links to ../../build/motor_state/motor_state.egg-info/dependency_links.txt
[5.215s] writing entry points to ../../build/motor_state/motor_state.egg-info/entry_points.txt
[5.215s] writing requirements to ../../build/motor_state/motor_state.egg-info/requires.txt
[5.216s] writing top-level names to ../../build/motor_state/motor_state.egg-info/top_level.txt
[5.225s] reading manifest file '../../build/motor_state/motor_state.egg-info/SOURCES.txt'
[5.230s] writing manifest file '../../build/motor_state/motor_state.egg-info/SOURCES.txt'
[5.230s] running build
[5.231s] running build_py
[5.232s] copying motor_state/state_node.py -> /home/sunrise/motor_ws/build/motor_state/build/lib/motor_state
[5.233s] running install
[5.234s] running install_lib
[5.239s] copying /home/sunrise/motor_ws/build/motor_state/build/lib/motor_state/state_node.py -> /home/sunrise/motor_ws/install/motor_state/lib/python3.10/site-packages/motor_state
[5.243s] byte-compiling /home/sunrise/motor_ws/install/motor_state/lib/python3.10/site-packages/motor_state/state_node.py to state_node.cpython-310.pyc
[5.248s] running install_data
[5.249s] running install_egg_info
[5.259s] removing '/home/sunrise/motor_ws/install/motor_state/lib/python3.10/site-packages/motor_state-0.0.0-py3.10.egg-info' (and everything under it)
[5.260s] Copying ../../build/motor_state/motor_state.egg-info to /home/sunrise/motor_ws/install/motor_state/lib/python3.10/site-packages/motor_state-0.0.0-py3.10.egg-info
[5.265s] running install_scripts
[5.379s] Installing state_node script to /home/sunrise/motor_ws/install/motor_state/lib/motor_state
[5.381s] writing list of installed files to '/home/sunrise/motor_ws/build/motor_state/install.log'
[5.588s] Invoked command in '/home/sunrise/motor_ws/src/motor_state' returned '0': AMENT_PREFIX_PATH=/home/sunrise/motor_ws/install/receive_msg:${AMENT_PREFIX_PATH} CMAKE_PREFIX_PATH=/home/sunrise/motor_ws/install/receive_msg LD_LIBRARY_PATH=/home/sunrise/motor_ws/install/receive_msg/lib:/opt/tros/humble/lib/aarch64-linux-gnu:/opt/tros/humble/lib:/opt/ros/humble/lib/aarch64-linux-gnu:/opt/ros/humble/lib:/usr/hobot/lib:/app/lib:/app/pub/lib:/middleware/lib:/middleware/pub/lib:/usr/hobot/lib/sensor:/system/lib:/system/usr/lib:/lib PYTHONPATH=/home/sunrise/motor_ws/build/motor_state/prefix_override:/usr/lib/python3/dist-packages/colcon_core/task/python/colcon_distutils_commands:/home/sunrise/motor_ws/install/motor_state/lib/python3.10/site-packages:/home/sunrise/motor_ws/install/receive_msg/local/lib/python3.10/dist-packages:${PYTHONPATH} /usr/bin/python3 -W ignore:setup.py install is deprecated -W ignore:easy_install command is deprecated setup.py egg_info --egg-base ../../build/motor_state build --build-base /home/sunrise/motor_ws/build/motor_state/build install --record /home/sunrise/motor_ws/build/motor_state/install.log --single-version-externally-managed install_data
