[0.752s] DEBUG:colcon:Command line arguments: ['/usr/bin/colcon', 'build']
[0.753s] DEBUG:colcon:Parsed command line arguments: Namespace(log_base=None, log_level=None, verb_name='build', build_base='build', install_base='install', merge_install=False, symlink_install=False, test_result_base=None, continue_on_error=False, executor='parallel', parallel_workers=8, event_handlers=None, ignore_user_meta=False, metas=['./colcon.meta'], base_paths=['.'], packages_ignore=None, packages_ignore_regex=None, paths=None, packages_up_to=None, packages_up_to_regex=None, packages_above=None, packages_above_and_dependencies=None, packages_above_depth=None, packages_select_by_dep=None, packages_skip_by_dep=None, packages_skip_up_to=None, packages_select_build_failed=False, packages_skip_build_finished=False, packages_select_test_failures=False, packages_skip_test_passed=False, packages_select=None, packages_skip=None, packages_select_regex=None, packages_skip_regex=None, packages_start=None, packages_end=None, allow_overriding=[], cmake_args=None, cmake_target=None, cmake_target_skip_unavailable=False, cmake_clean_cache=False, cmake_clean_first=False, cmake_force_configure=False, ament_cmake_args=None, catkin_cmake_args=None, catkin_skip_building_tests=False, mixin_files=None, mixin=None, verb_parser=<colcon_mixin.mixin.mixin_argument.MixinArgumentDecorator object at 0xffffad8fd720>, verb_extension=<colcon_core.verb.build.BuildVerb object at 0xffffada03730>, main=<bound method BuildVerb.main of <colcon_core.verb.build.BuildVerb object at 0xffffada03730>>, mixin_verb=('build',))
[1.900s] Level 1:colcon.colcon_core.package_discovery:discover_packages(colcon_meta) check parameters
[1.901s] Level 1:colcon.colcon_core.package_discovery:discover_packages(recursive) check parameters
[1.901s] Level 1:colcon.colcon_core.package_discovery:discover_packages(ignore) check parameters
[1.902s] Level 1:colcon.colcon_core.package_discovery:discover_packages(path) check parameters
[1.902s] Level 1:colcon.colcon_core.package_discovery:discover_packages(colcon_meta) discover
[1.902s] Level 1:colcon.colcon_core.package_discovery:discover_packages(recursive) discover
[1.903s] INFO:colcon.colcon_core.package_discovery:Crawling recursively for packages in '/home/sunrise/flask_robot_arm'
[1.903s] Level 1:colcon.colcon_core.package_identification:_identify(.) by extensions ['ignore', 'ignore_ament_install']
[1.904s] Level 1:colcon.colcon_core.package_identification:_identify(.) by extension 'ignore'
[1.904s] Level 1:colcon.colcon_core.package_identification:_identify(.) by extension 'ignore_ament_install'
[1.904s] Level 1:colcon.colcon_core.package_identification:_identify(.) by extensions ['colcon_pkg']
[1.905s] Level 1:colcon.colcon_core.package_identification:_identify(.) by extension 'colcon_pkg'
[1.905s] Level 1:colcon.colcon_core.package_identification:_identify(.) by extensions ['colcon_meta']
[1.905s] Level 1:colcon.colcon_core.package_identification:_identify(.) by extension 'colcon_meta'
[1.905s] Level 1:colcon.colcon_core.package_identification:_identify(.) by extensions ['ros']
[1.906s] Level 1:colcon.colcon_core.package_identification:_identify(.) by extension 'ros'
[1.985s] Level 1:colcon.colcon_core.package_identification:_identify(.) by extensions ['cmake', 'python']
[1.986s] Level 1:colcon.colcon_core.package_identification:_identify(.) by extension 'cmake'
[1.986s] Level 1:colcon.colcon_core.package_identification:_identify(.) by extension 'python'
[1.986s] Level 1:colcon.colcon_core.package_identification:_identify(.) by extensions ['python_setup_py']
[1.987s] Level 1:colcon.colcon_core.package_identification:_identify(.) by extension 'python_setup_py'
[1.987s] Level 1:colcon.colcon_core.package_identification:_identify(build) by extensions ['ignore', 'ignore_ament_install']
[1.988s] Level 1:colcon.colcon_core.package_identification:_identify(build) by extension 'ignore'
[1.988s] Level 1:colcon.colcon_core.package_identification:_identify(build) ignored
[1.989s] Level 1:colcon.colcon_core.package_identification:_identify(install) by extensions ['ignore', 'ignore_ament_install']
[1.989s] Level 1:colcon.colcon_core.package_identification:_identify(install) by extension 'ignore'
[1.989s] Level 1:colcon.colcon_core.package_identification:_identify(install) ignored
[1.990s] Level 1:colcon.colcon_core.package_identification:_identify(log) by extensions ['ignore', 'ignore_ament_install']
[1.990s] Level 1:colcon.colcon_core.package_identification:_identify(log) by extension 'ignore'
[1.991s] Level 1:colcon.colcon_core.package_identification:_identify(log) ignored
[1.991s] Level 1:colcon.colcon_core.package_identification:_identify(src) by extensions ['ignore', 'ignore_ament_install']
[1.992s] Level 1:colcon.colcon_core.package_identification:_identify(src) by extension 'ignore'
[1.992s] Level 1:colcon.colcon_core.package_identification:_identify(src) by extension 'ignore_ament_install'
[1.992s] Level 1:colcon.colcon_core.package_identification:_identify(src) by extensions ['colcon_pkg']
[1.993s] Level 1:colcon.colcon_core.package_identification:_identify(src) by extension 'colcon_pkg'
[1.993s] Level 1:colcon.colcon_core.package_identification:_identify(src) by extensions ['colcon_meta']
[1.993s] Level 1:colcon.colcon_core.package_identification:_identify(src) by extension 'colcon_meta'
[1.993s] Level 1:colcon.colcon_core.package_identification:_identify(src) by extensions ['ros']
[1.993s] Level 1:colcon.colcon_core.package_identification:_identify(src) by extension 'ros'
[1.994s] Level 1:colcon.colcon_core.package_identification:_identify(src) by extensions ['cmake', 'python']
[1.994s] Level 1:colcon.colcon_core.package_identification:_identify(src) by extension 'cmake'
[1.994s] Level 1:colcon.colcon_core.package_identification:_identify(src) by extension 'python'
[1.995s] Level 1:colcon.colcon_core.package_identification:_identify(src) by extensions ['python_setup_py']
[1.995s] Level 1:colcon.colcon_core.package_identification:_identify(src) by extension 'python_setup_py'
[1.995s] Level 1:colcon.colcon_core.package_identification:_identify(src/httpController) by extensions ['ignore', 'ignore_ament_install']
[1.996s] Level 1:colcon.colcon_core.package_identification:_identify(src/httpController) by extension 'ignore'
[1.996s] Level 1:colcon.colcon_core.package_identification:_identify(src/httpController) by extension 'ignore_ament_install'
[1.997s] Level 1:colcon.colcon_core.package_identification:_identify(src/httpController) by extensions ['colcon_pkg']
[1.997s] Level 1:colcon.colcon_core.package_identification:_identify(src/httpController) by extension 'colcon_pkg'
[1.997s] Level 1:colcon.colcon_core.package_identification:_identify(src/httpController) by extensions ['colcon_meta']
[1.997s] Level 1:colcon.colcon_core.package_identification:_identify(src/httpController) by extension 'colcon_meta'
[1.998s] Level 1:colcon.colcon_core.package_identification:_identify(src/httpController) by extensions ['ros']
[1.998s] Level 1:colcon.colcon_core.package_identification:_identify(src/httpController) by extension 'ros'
[2.014s] DEBUG:colcon.colcon_core.package_identification:Package 'src/httpController' with type 'ros.ament_python' and name 'httpController'
[2.014s] Level 1:colcon.colcon_core.package_discovery:discover_packages(recursive) using defaults
[2.014s] Level 1:colcon.colcon_core.package_discovery:discover_packages(ignore) discover
[2.014s] Level 1:colcon.colcon_core.package_discovery:discover_packages(ignore) using defaults
[2.015s] Level 1:colcon.colcon_core.package_discovery:discover_packages(path) discover
[2.015s] Level 1:colcon.colcon_core.package_discovery:discover_packages(path) using defaults
[2.137s] Level 1:colcon.colcon_core.package_discovery:discover_packages(prefix_path) check parameters
[2.137s] Level 1:colcon.colcon_core.package_discovery:discover_packages(prefix_path) discover
[2.147s] DEBUG:colcon.colcon_installed_package_information.package_discovery:Found 1 installed packages in /home/sunrise/flask_robot_arm/install
[2.155s] DEBUG:colcon.colcon_installed_package_information.package_discovery:Found 285 installed packages in /opt/ros/humble
[2.175s] Level 1:colcon.colcon_core.package_discovery:discover_packages(prefix_path) using defaults
[2.518s] Level 5:colcon.colcon_core.verb:set package 'httpController' build argument 'cmake_args' from command line to 'None'
[2.518s] Level 5:colcon.colcon_core.verb:set package 'httpController' build argument 'cmake_target' from command line to 'None'
[2.518s] Level 5:colcon.colcon_core.verb:set package 'httpController' build argument 'cmake_target_skip_unavailable' from command line to 'False'
[2.518s] Level 5:colcon.colcon_core.verb:set package 'httpController' build argument 'cmake_clean_cache' from command line to 'False'
[2.519s] Level 5:colcon.colcon_core.verb:set package 'httpController' build argument 'cmake_clean_first' from command line to 'False'
[2.519s] Level 5:colcon.colcon_core.verb:set package 'httpController' build argument 'cmake_force_configure' from command line to 'False'
[2.519s] Level 5:colcon.colcon_core.verb:set package 'httpController' build argument 'ament_cmake_args' from command line to 'None'
[2.519s] Level 5:colcon.colcon_core.verb:set package 'httpController' build argument 'catkin_cmake_args' from command line to 'None'
[2.519s] Level 5:colcon.colcon_core.verb:set package 'httpController' build argument 'catkin_skip_building_tests' from command line to 'False'
[2.520s] DEBUG:colcon.colcon_core.verb:Building package 'httpController' with the following arguments: {'ament_cmake_args': None, 'build_base': '/home/sunrise/flask_robot_arm/build/httpController', 'catkin_cmake_args': None, 'catkin_skip_building_tests': False, 'cmake_args': None, 'cmake_clean_cache': False, 'cmake_clean_first': False, 'cmake_force_configure': False, 'cmake_target': None, 'cmake_target_skip_unavailable': False, 'install_base': '/home/sunrise/flask_robot_arm/install/httpController', 'merge_install': False, 'path': '/home/sunrise/flask_robot_arm/src/httpController', 'symlink_install': False, 'test_result_base': None}
[2.521s] INFO:colcon.colcon_core.executor:Executing jobs using 'parallel' executor
[2.525s] DEBUG:colcon.colcon_parallel_executor.executor.parallel:run_until_complete
[2.527s] INFO:colcon.colcon_ros.task.ament_python.build:Building ROS package in '/home/sunrise/flask_robot_arm/src/httpController' with build type 'ament_python'
[2.528s] Level 1:colcon.colcon_core.shell:create_environment_hook('httpController', 'ament_prefix_path')
[2.539s] INFO:colcon.colcon_core.plugin_system:Skipping extension 'colcon_core.shell.bat': Not used on non-Windows systems
[2.541s] INFO:colcon.colcon_core.shell:Creating environment hook '/home/sunrise/flask_robot_arm/install/httpController/share/httpController/hook/ament_prefix_path.ps1'
[2.546s] INFO:colcon.colcon_core.shell:Creating environment descriptor '/home/sunrise/flask_robot_arm/install/httpController/share/httpController/hook/ament_prefix_path.dsv'
[2.549s] INFO:colcon.colcon_core.shell:Creating environment hook '/home/sunrise/flask_robot_arm/install/httpController/share/httpController/hook/ament_prefix_path.sh'
[2.554s] INFO:colcon.colcon_core.shell:Skip shell extension 'powershell' for command environment: Not usable outside of PowerShell
[2.555s] DEBUG:colcon.colcon_core.shell:Skip shell extension 'dsv' for command environment
[4.327s] INFO:colcon.colcon_core.task.python.build:Building Python package in '/home/sunrise/flask_robot_arm/src/httpController'
[4.329s] INFO:colcon.colcon_core.shell:Skip shell extension 'powershell' for command environment: Not usable outside of PowerShell
[4.330s] DEBUG:colcon.colcon_core.shell:Skip shell extension 'dsv' for command environment
[6.878s] DEBUG:colcon.colcon_core.event_handler.log_command:Invoking command in '/home/sunrise/flask_robot_arm/src/httpController': CONDA_PROMPT_MODIFIER=(base) PYTHONPATH=/home/sunrise/flask_robot_arm/build/httpController/prefix_override:/usr/lib/python3/dist-packages/colcon_core/task/python/colcon_distutils_commands:/home/sunrise/flask_robot_arm/install/httpController/lib/python3.10/site-packages:${PYTHONPATH} /usr/bin/python3 -W ignore:setup.py install is deprecated -W ignore:easy_install command is deprecated setup.py egg_info --egg-base ../../build/httpController build --build-base /home/sunrise/flask_robot_arm/build/httpController/build install --record /home/sunrise/flask_robot_arm/build/httpController/install.log --single-version-externally-managed install_data
[8.838s] DEBUG:colcon.colcon_core.event_handler.log_command:Invoked command in '/home/sunrise/flask_robot_arm/src/httpController' returned '0': CONDA_PROMPT_MODIFIER=(base) PYTHONPATH=/home/sunrise/flask_robot_arm/build/httpController/prefix_override:/usr/lib/python3/dist-packages/colcon_core/task/python/colcon_distutils_commands:/home/sunrise/flask_robot_arm/install/httpController/lib/python3.10/site-packages:${PYTHONPATH} /usr/bin/python3 -W ignore:setup.py install is deprecated -W ignore:easy_install command is deprecated setup.py egg_info --egg-base ../../build/httpController build --build-base /home/sunrise/flask_robot_arm/build/httpController/build install --record /home/sunrise/flask_robot_arm/build/httpController/install.log --single-version-externally-managed install_data
[8.852s] Level 1:colcon.colcon_core.environment:checking '/home/sunrise/flask_robot_arm/install/httpController' for CMake module files
[8.854s] Level 1:colcon.colcon_core.environment:checking '/home/sunrise/flask_robot_arm/install/httpController' for CMake config files
[8.858s] Level 1:colcon.colcon_core.environment:checking '/home/sunrise/flask_robot_arm/install/httpController/lib'
[8.859s] Level 1:colcon.colcon_core.environment:checking '/home/sunrise/flask_robot_arm/install/httpController/bin'
[8.859s] Level 1:colcon.colcon_core.environment:checking '/home/sunrise/flask_robot_arm/install/httpController/lib/pkgconfig/httpController.pc'
[8.861s] Level 1:colcon.colcon_core.environment:checking '/home/sunrise/flask_robot_arm/install/httpController/lib/python3.10/site-packages'
[8.861s] Level 1:colcon.colcon_core.shell:create_environment_hook('httpController', 'pythonpath')
[8.863s] INFO:colcon.colcon_core.shell:Creating environment hook '/home/sunrise/flask_robot_arm/install/httpController/share/httpController/hook/pythonpath.ps1'
[8.866s] INFO:colcon.colcon_core.shell:Creating environment descriptor '/home/sunrise/flask_robot_arm/install/httpController/share/httpController/hook/pythonpath.dsv'
[8.869s] INFO:colcon.colcon_core.shell:Creating environment hook '/home/sunrise/flask_robot_arm/install/httpController/share/httpController/hook/pythonpath.sh'
[8.873s] Level 1:colcon.colcon_core.environment:checking '/home/sunrise/flask_robot_arm/install/httpController/bin'
[8.873s] Level 1:colcon.colcon_core.environment:create_environment_scripts_only(httpController)
[8.876s] INFO:colcon.colcon_core.shell:Creating package script '/home/sunrise/flask_robot_arm/install/httpController/share/httpController/package.ps1'
[8.881s] INFO:colcon.colcon_core.shell:Creating package descriptor '/home/sunrise/flask_robot_arm/install/httpController/share/httpController/package.dsv'
[8.886s] INFO:colcon.colcon_core.shell:Creating package script '/home/sunrise/flask_robot_arm/install/httpController/share/httpController/package.sh'
[8.893s] INFO:colcon.colcon_core.shell:Creating package script '/home/sunrise/flask_robot_arm/install/httpController/share/httpController/package.bash'
[8.899s] INFO:colcon.colcon_core.shell:Creating package script '/home/sunrise/flask_robot_arm/install/httpController/share/httpController/package.zsh'
[8.905s] Level 1:colcon.colcon_core.environment:create_file_with_runtime_dependencies(/home/sunrise/flask_robot_arm/install/httpController/share/colcon-core/packages/httpController)
[8.906s] DEBUG:colcon.colcon_parallel_executor.executor.parallel:closing loop
[8.908s] DEBUG:colcon.colcon_parallel_executor.executor.parallel:loop closed
[8.908s] DEBUG:colcon.colcon_parallel_executor.executor.parallel:run_until_complete finished with '0'
[8.909s] DEBUG:colcon.colcon_core.event_reactor:joining thread
[8.939s] INFO:colcon.colcon_core.plugin_system:Skipping extension 'colcon_notification.desktop_notification.terminal_notifier': Not used on non-Darwin systems
[8.940s] INFO:colcon.colcon_core.plugin_system:Skipping extension 'colcon_notification.desktop_notification.win32': Not used on non-Windows systems
[8.940s] INFO:colcon.colcon_notification.desktop_notification:Sending desktop notification using 'notify2'
[33.958s] DEBUG:colcon.colcon_notification.desktop_notification.notify2:Failed to initialize notify2: org.freedesktop.DBus.Error.NoReply: Did not receive a reply. Possible causes include: the remote application did not send a reply, the message bus security policy blocked the reply, the reply timeout expired, or the network connection was broken.
[33.959s] DEBUG:colcon.colcon_core.event_reactor:joined thread
[33.961s] INFO:colcon.colcon_core.shell:Creating prefix script '/home/sunrise/flask_robot_arm/install/local_setup.ps1'
[33.966s] INFO:colcon.colcon_core.shell:Creating prefix util module '/home/sunrise/flask_robot_arm/install/_local_setup_util_ps1.py'
[33.992s] INFO:colcon.colcon_core.shell:Creating prefix chain script '/home/sunrise/flask_robot_arm/install/setup.ps1'
[34.000s] INFO:colcon.colcon_core.shell:Creating prefix script '/home/sunrise/flask_robot_arm/install/local_setup.sh'
[34.004s] INFO:colcon.colcon_core.shell:Creating prefix util module '/home/sunrise/flask_robot_arm/install/_local_setup_util_sh.py'
[34.008s] INFO:colcon.colcon_core.shell:Creating prefix chain script '/home/sunrise/flask_robot_arm/install/setup.sh'
[34.015s] INFO:colcon.colcon_core.shell:Creating prefix script '/home/sunrise/flask_robot_arm/install/local_setup.bash'
[34.019s] INFO:colcon.colcon_core.shell:Creating prefix chain script '/home/sunrise/flask_robot_arm/install/setup.bash'
[34.025s] INFO:colcon.colcon_core.shell:Creating prefix script '/home/sunrise/flask_robot_arm/install/local_setup.zsh'
[34.029s] INFO:colcon.colcon_core.shell:Creating prefix chain script '/home/sunrise/flask_robot_arm/install/setup.zsh'
