[0.711s] DEBUG:colcon:Command line arguments: ['/usr/bin/colcon', 'build']
[0.711s] DEBUG:colcon:Parsed command line arguments: Namespace(log_base=None, log_level=None, verb_name='build', build_base='build', install_base='install', merge_install=False, symlink_install=False, test_result_base=None, continue_on_error=False, executor='parallel', parallel_workers=8, event_handlers=None, ignore_user_meta=False, metas=['./colcon.meta'], base_paths=['.'], packages_ignore=None, packages_ignore_regex=None, paths=None, packages_up_to=None, packages_up_to_regex=None, packages_above=None, packages_above_and_dependencies=None, packages_above_depth=None, packages_select_by_dep=None, packages_skip_by_dep=None, packages_skip_up_to=None, packages_select_build_failed=False, packages_skip_build_finished=False, packages_select_test_failures=False, packages_skip_test_passed=False, packages_select=None, packages_skip=None, packages_select_regex=None, packages_skip_regex=None, packages_start=None, packages_end=None, allow_overriding=[], cmake_args=None, cmake_target=None, cmake_target_skip_unavailable=False, cmake_clean_cache=False, cmake_clean_first=False, cmake_force_configure=False, ament_cmake_args=None, catkin_cmake_args=None, catkin_skip_building_tests=False, mixin_files=None, mixin=None, verb_parser=<colcon_mixin.mixin.mixin_argument.MixinArgumentDecorator object at 0xffffb0c1d720>, verb_extension=<colcon_core.verb.build.BuildVerb object at 0xffffb0d23730>, main=<bound method BuildVerb.main of <colcon_core.verb.build.BuildVerb object at 0xffffb0d23730>>, mixin_verb=('build',))
[1.955s] Level 1:colcon.colcon_core.package_discovery:discover_packages(colcon_meta) check parameters
[1.956s] Level 1:colcon.colcon_core.package_discovery:discover_packages(recursive) check parameters
[1.956s] Level 1:colcon.colcon_core.package_discovery:discover_packages(ignore) check parameters
[1.956s] Level 1:colcon.colcon_core.package_discovery:discover_packages(path) check parameters
[1.956s] Level 1:colcon.colcon_core.package_discovery:discover_packages(colcon_meta) discover
[1.957s] Level 1:colcon.colcon_core.package_discovery:discover_packages(recursive) discover
[1.957s] INFO:colcon.colcon_core.package_discovery:Crawling recursively for packages in '/home/sunrise/pyListener'
[1.957s] Level 1:colcon.colcon_core.package_identification:_identify(.) by extensions ['ignore', 'ignore_ament_install']
[1.958s] Level 1:colcon.colcon_core.package_identification:_identify(.) by extension 'ignore'
[1.958s] Level 1:colcon.colcon_core.package_identification:_identify(.) by extension 'ignore_ament_install'
[1.959s] Level 1:colcon.colcon_core.package_identification:_identify(.) by extensions ['colcon_pkg']
[1.959s] Level 1:colcon.colcon_core.package_identification:_identify(.) by extension 'colcon_pkg'
[1.959s] Level 1:colcon.colcon_core.package_identification:_identify(.) by extensions ['colcon_meta']
[1.959s] Level 1:colcon.colcon_core.package_identification:_identify(.) by extension 'colcon_meta'
[1.959s] Level 1:colcon.colcon_core.package_identification:_identify(.) by extensions ['ros']
[1.960s] Level 1:colcon.colcon_core.package_identification:_identify(.) by extension 'ros'
[2.034s] Level 1:colcon.colcon_core.package_identification:_identify(.) by extensions ['cmake', 'python']
[2.035s] Level 1:colcon.colcon_core.package_identification:_identify(.) by extension 'cmake'
[2.035s] Level 1:colcon.colcon_core.package_identification:_identify(.) by extension 'python'
[2.036s] Level 1:colcon.colcon_core.package_identification:_identify(.) by extensions ['python_setup_py']
[2.036s] Level 1:colcon.colcon_core.package_identification:_identify(.) by extension 'python_setup_py'
[2.037s] Level 1:colcon.colcon_core.package_identification:_identify(build) by extensions ['ignore', 'ignore_ament_install']
[2.037s] Level 1:colcon.colcon_core.package_identification:_identify(build) by extension 'ignore'
[2.038s] Level 1:colcon.colcon_core.package_identification:_identify(build) ignored
[2.038s] Level 1:colcon.colcon_core.package_identification:_identify(install) by extensions ['ignore', 'ignore_ament_install']
[2.039s] Level 1:colcon.colcon_core.package_identification:_identify(install) by extension 'ignore'
[2.039s] Level 1:colcon.colcon_core.package_identification:_identify(install) ignored
[2.040s] Level 1:colcon.colcon_core.package_identification:_identify(log) by extensions ['ignore', 'ignore_ament_install']
[2.040s] Level 1:colcon.colcon_core.package_identification:_identify(log) by extension 'ignore'
[2.041s] Level 1:colcon.colcon_core.package_identification:_identify(log) ignored
[2.041s] Level 1:colcon.colcon_core.package_identification:_identify(noneRosSolution) by extensions ['ignore', 'ignore_ament_install']
[2.041s] Level 1:colcon.colcon_core.package_identification:_identify(noneRosSolution) by extension 'ignore'
[2.042s] Level 1:colcon.colcon_core.package_identification:_identify(noneRosSolution) by extension 'ignore_ament_install'
[2.042s] Level 1:colcon.colcon_core.package_identification:_identify(noneRosSolution) by extensions ['colcon_pkg']
[2.042s] Level 1:colcon.colcon_core.package_identification:_identify(noneRosSolution) by extension 'colcon_pkg'
[2.043s] Level 1:colcon.colcon_core.package_identification:_identify(noneRosSolution) by extensions ['colcon_meta']
[2.043s] Level 1:colcon.colcon_core.package_identification:_identify(noneRosSolution) by extension 'colcon_meta'
[2.043s] Level 1:colcon.colcon_core.package_identification:_identify(noneRosSolution) by extensions ['ros']
[2.043s] Level 1:colcon.colcon_core.package_identification:_identify(noneRosSolution) by extension 'ros'
[2.044s] Level 1:colcon.colcon_core.package_identification:_identify(noneRosSolution) by extensions ['cmake', 'python']
[2.044s] Level 1:colcon.colcon_core.package_identification:_identify(noneRosSolution) by extension 'cmake'
[2.044s] Level 1:colcon.colcon_core.package_identification:_identify(noneRosSolution) by extension 'python'
[2.045s] Level 1:colcon.colcon_core.package_identification:_identify(noneRosSolution) by extensions ['python_setup_py']
[2.045s] Level 1:colcon.colcon_core.package_identification:_identify(noneRosSolution) by extension 'python_setup_py'
[2.046s] Level 1:colcon.colcon_core.package_identification:_identify(pyListener) by extensions ['ignore', 'ignore_ament_install']
[2.046s] Level 1:colcon.colcon_core.package_identification:_identify(pyListener) by extension 'ignore'
[2.046s] Level 1:colcon.colcon_core.package_identification:_identify(pyListener) by extension 'ignore_ament_install'
[2.047s] Level 1:colcon.colcon_core.package_identification:_identify(pyListener) by extensions ['colcon_pkg']
[2.047s] Level 1:colcon.colcon_core.package_identification:_identify(pyListener) by extension 'colcon_pkg'
[2.047s] Level 1:colcon.colcon_core.package_identification:_identify(pyListener) by extensions ['colcon_meta']
[2.047s] Level 1:colcon.colcon_core.package_identification:_identify(pyListener) by extension 'colcon_meta'
[2.048s] Level 1:colcon.colcon_core.package_identification:_identify(pyListener) by extensions ['ros']
[2.048s] Level 1:colcon.colcon_core.package_identification:_identify(pyListener) by extension 'ros'
[2.066s] DEBUG:colcon.colcon_core.package_identification:Package 'pyListener' with type 'ros.ament_python' and name 'pyListener'
[2.066s] Level 1:colcon.colcon_core.package_discovery:discover_packages(recursive) using defaults
[2.067s] Level 1:colcon.colcon_core.package_discovery:discover_packages(ignore) discover
[2.067s] Level 1:colcon.colcon_core.package_discovery:discover_packages(ignore) using defaults
[2.067s] Level 1:colcon.colcon_core.package_discovery:discover_packages(path) discover
[2.067s] Level 1:colcon.colcon_core.package_discovery:discover_packages(path) using defaults
[2.187s] Level 1:colcon.colcon_core.package_discovery:discover_packages(prefix_path) check parameters
[2.188s] Level 1:colcon.colcon_core.package_discovery:discover_packages(prefix_path) discover
[2.200s] DEBUG:colcon.colcon_installed_package_information.package_discovery:Found 1 installed packages in /home/sunrise/pyListener/install
[2.208s] DEBUG:colcon.colcon_installed_package_information.package_discovery:Found 285 installed packages in /opt/ros/humble
[2.227s] Level 1:colcon.colcon_core.package_discovery:discover_packages(prefix_path) using defaults
[2.553s] Level 5:colcon.colcon_core.verb:set package 'pyListener' build argument 'cmake_args' from command line to 'None'
[2.553s] Level 5:colcon.colcon_core.verb:set package 'pyListener' build argument 'cmake_target' from command line to 'None'
[2.554s] Level 5:colcon.colcon_core.verb:set package 'pyListener' build argument 'cmake_target_skip_unavailable' from command line to 'False'
[2.554s] Level 5:colcon.colcon_core.verb:set package 'pyListener' build argument 'cmake_clean_cache' from command line to 'False'
[2.554s] Level 5:colcon.colcon_core.verb:set package 'pyListener' build argument 'cmake_clean_first' from command line to 'False'
[2.554s] Level 5:colcon.colcon_core.verb:set package 'pyListener' build argument 'cmake_force_configure' from command line to 'False'
[2.554s] Level 5:colcon.colcon_core.verb:set package 'pyListener' build argument 'ament_cmake_args' from command line to 'None'
[2.554s] Level 5:colcon.colcon_core.verb:set package 'pyListener' build argument 'catkin_cmake_args' from command line to 'None'
[2.555s] Level 5:colcon.colcon_core.verb:set package 'pyListener' build argument 'catkin_skip_building_tests' from command line to 'False'
[2.555s] DEBUG:colcon.colcon_core.verb:Building package 'pyListener' with the following arguments: {'ament_cmake_args': None, 'build_base': '/home/sunrise/pyListener/build/pyListener', 'catkin_cmake_args': None, 'catkin_skip_building_tests': False, 'cmake_args': None, 'cmake_clean_cache': False, 'cmake_clean_first': False, 'cmake_force_configure': False, 'cmake_target': None, 'cmake_target_skip_unavailable': False, 'install_base': '/home/sunrise/pyListener/install/pyListener', 'merge_install': False, 'path': '/home/sunrise/pyListener/pyListener', 'symlink_install': False, 'test_result_base': None}
[2.556s] INFO:colcon.colcon_core.executor:Executing jobs using 'parallel' executor
[2.561s] DEBUG:colcon.colcon_parallel_executor.executor.parallel:run_until_complete
[2.562s] INFO:colcon.colcon_ros.task.ament_python.build:Building ROS package in '/home/sunrise/pyListener/pyListener' with build type 'ament_python'
[2.563s] Level 1:colcon.colcon_core.shell:create_environment_hook('pyListener', 'ament_prefix_path')
[2.578s] INFO:colcon.colcon_core.plugin_system:Skipping extension 'colcon_core.shell.bat': Not used on non-Windows systems
[2.579s] INFO:colcon.colcon_core.shell:Creating environment hook '/home/sunrise/pyListener/install/pyListener/share/pyListener/hook/ament_prefix_path.ps1'
[2.584s] INFO:colcon.colcon_core.shell:Creating environment descriptor '/home/sunrise/pyListener/install/pyListener/share/pyListener/hook/ament_prefix_path.dsv'
[2.587s] INFO:colcon.colcon_core.shell:Creating environment hook '/home/sunrise/pyListener/install/pyListener/share/pyListener/hook/ament_prefix_path.sh'
[2.593s] INFO:colcon.colcon_core.shell:Skip shell extension 'powershell' for command environment: Not usable outside of PowerShell
[2.593s] DEBUG:colcon.colcon_core.shell:Skip shell extension 'dsv' for command environment
[4.254s] INFO:colcon.colcon_core.task.python.build:Building Python package in '/home/sunrise/pyListener/pyListener'
[4.256s] INFO:colcon.colcon_core.shell:Skip shell extension 'powershell' for command environment: Not usable outside of PowerShell
[4.256s] DEBUG:colcon.colcon_core.shell:Skip shell extension 'dsv' for command environment
[6.999s] DEBUG:colcon.colcon_core.event_handler.log_command:Invoking command in '/home/sunrise/pyListener/pyListener': CONDA_PROMPT_MODIFIER=(base) PYTHONPATH=/home/sunrise/pyListener/build/pyListener/prefix_override:/usr/lib/python3/dist-packages/colcon_core/task/python/colcon_distutils_commands:/home/sunrise/pyListener/install/pyListener/lib/python3.10/site-packages:${PYTHONPATH} /usr/bin/python3 -W ignore:setup.py install is deprecated -W ignore:easy_install command is deprecated setup.py egg_info --egg-base ../build/pyListener build --build-base /home/sunrise/pyListener/build/pyListener/build install --record /home/sunrise/pyListener/build/pyListener/install.log --single-version-externally-managed install_data
[8.878s] DEBUG:colcon.colcon_core.event_handler.log_command:Invoked command in '/home/sunrise/pyListener/pyListener' returned '0': CONDA_PROMPT_MODIFIER=(base) PYTHONPATH=/home/sunrise/pyListener/build/pyListener/prefix_override:/usr/lib/python3/dist-packages/colcon_core/task/python/colcon_distutils_commands:/home/sunrise/pyListener/install/pyListener/lib/python3.10/site-packages:${PYTHONPATH} /usr/bin/python3 -W ignore:setup.py install is deprecated -W ignore:easy_install command is deprecated setup.py egg_info --egg-base ../build/pyListener build --build-base /home/sunrise/pyListener/build/pyListener/build install --record /home/sunrise/pyListener/build/pyListener/install.log --single-version-externally-managed install_data
[8.898s] Level 1:colcon.colcon_core.environment:checking '/home/sunrise/pyListener/install/pyListener' for CMake module files
[8.901s] Level 1:colcon.colcon_core.environment:checking '/home/sunrise/pyListener/install/pyListener' for CMake config files
[8.904s] Level 1:colcon.colcon_core.environment:checking '/home/sunrise/pyListener/install/pyListener/lib'
[8.906s] Level 1:colcon.colcon_core.environment:checking '/home/sunrise/pyListener/install/pyListener/bin'
[8.906s] Level 1:colcon.colcon_core.environment:checking '/home/sunrise/pyListener/install/pyListener/lib/pkgconfig/pyListener.pc'
[8.908s] Level 1:colcon.colcon_core.environment:checking '/home/sunrise/pyListener/install/pyListener/lib/python3.10/site-packages'
[8.908s] Level 1:colcon.colcon_core.shell:create_environment_hook('pyListener', 'pythonpath')
[8.910s] INFO:colcon.colcon_core.shell:Creating environment hook '/home/sunrise/pyListener/install/pyListener/share/pyListener/hook/pythonpath.ps1'
[8.912s] INFO:colcon.colcon_core.shell:Creating environment descriptor '/home/sunrise/pyListener/install/pyListener/share/pyListener/hook/pythonpath.dsv'
[8.915s] INFO:colcon.colcon_core.shell:Creating environment hook '/home/sunrise/pyListener/install/pyListener/share/pyListener/hook/pythonpath.sh'
[8.919s] Level 1:colcon.colcon_core.environment:checking '/home/sunrise/pyListener/install/pyListener/bin'
[8.919s] Level 1:colcon.colcon_core.environment:create_environment_scripts_only(pyListener)
[8.922s] INFO:colcon.colcon_core.shell:Creating package script '/home/sunrise/pyListener/install/pyListener/share/pyListener/package.ps1'
[8.928s] INFO:colcon.colcon_core.shell:Creating package descriptor '/home/sunrise/pyListener/install/pyListener/share/pyListener/package.dsv'
[8.932s] INFO:colcon.colcon_core.shell:Creating package script '/home/sunrise/pyListener/install/pyListener/share/pyListener/package.sh'
[8.938s] INFO:colcon.colcon_core.shell:Creating package script '/home/sunrise/pyListener/install/pyListener/share/pyListener/package.bash'
[8.944s] INFO:colcon.colcon_core.shell:Creating package script '/home/sunrise/pyListener/install/pyListener/share/pyListener/package.zsh'
[8.951s] Level 1:colcon.colcon_core.environment:create_file_with_runtime_dependencies(/home/sunrise/pyListener/install/pyListener/share/colcon-core/packages/pyListener)
[8.953s] DEBUG:colcon.colcon_parallel_executor.executor.parallel:closing loop
[8.954s] DEBUG:colcon.colcon_parallel_executor.executor.parallel:loop closed
[8.955s] DEBUG:colcon.colcon_parallel_executor.executor.parallel:run_until_complete finished with '0'
[8.955s] DEBUG:colcon.colcon_core.event_reactor:joining thread
[8.995s] INFO:colcon.colcon_core.plugin_system:Skipping extension 'colcon_notification.desktop_notification.terminal_notifier': Not used on non-Darwin systems
[8.996s] INFO:colcon.colcon_core.plugin_system:Skipping extension 'colcon_notification.desktop_notification.win32': Not used on non-Windows systems
[8.996s] INFO:colcon.colcon_notification.desktop_notification:Sending desktop notification using 'notify2'
[9.018s] DEBUG:colcon.colcon_core.event_reactor:joined thread
[9.020s] INFO:colcon.colcon_core.shell:Creating prefix script '/home/sunrise/pyListener/install/local_setup.ps1'
[9.027s] INFO:colcon.colcon_core.shell:Creating prefix util module '/home/sunrise/pyListener/install/_local_setup_util_ps1.py'
[9.038s] INFO:colcon.colcon_core.shell:Creating prefix chain script '/home/sunrise/pyListener/install/setup.ps1'
[9.045s] INFO:colcon.colcon_core.shell:Creating prefix script '/home/sunrise/pyListener/install/local_setup.sh'
[9.050s] INFO:colcon.colcon_core.shell:Creating prefix util module '/home/sunrise/pyListener/install/_local_setup_util_sh.py'
[9.054s] INFO:colcon.colcon_core.shell:Creating prefix chain script '/home/sunrise/pyListener/install/setup.sh'
[9.061s] INFO:colcon.colcon_core.shell:Creating prefix script '/home/sunrise/pyListener/install/local_setup.bash'
[9.065s] INFO:colcon.colcon_core.shell:Creating prefix chain script '/home/sunrise/pyListener/install/setup.bash'
[9.071s] INFO:colcon.colcon_core.shell:Creating prefix script '/home/sunrise/pyListener/install/local_setup.zsh'
[9.075s] INFO:colcon.colcon_core.shell:Creating prefix chain script '/home/sunrise/pyListener/install/setup.zsh'
