[4.471s] Invoking command in '/home/sunrise/pyListener/pyListener': CONDA_PROMPT_MODIFIER=(base) PYTHONPATH=/home/sunrise/pyListener/build/pyListener/prefix_override:/usr/lib/python3/dist-packages/colcon_core/task/python/colcon_distutils_commands:/home/sunrise/pyListener/install/pyListener/lib/python3.10/site-packages:${PYTHONPATH} /usr/bin/python3 -W ignore:setup.py install is deprecated -W ignore:easy_install command is deprecated setup.py egg_info --egg-base ../build/pyListener build --build-base /home/sunrise/pyListener/build/pyListener/build install --record /home/sunrise/pyListener/build/pyListener/install.log --single-version-externally-managed install_data
[6.071s] running egg_info
[6.075s] writing ../build/pyListener/pyListener.egg-info/PKG-INFO
[6.076s] writing dependency_links to ../build/pyListener/pyListener.egg-info/dependency_links.txt
[6.077s] writing entry points to ../build/pyListener/pyListener.egg-info/entry_points.txt
[6.078s] writing requirements to ../build/pyListener/pyListener.egg-info/requires.txt
[6.079s] writing top-level names to ../build/pyListener/pyListener.egg-info/top_level.txt
[6.089s] reading manifest file '../build/pyListener/pyListener.egg-info/SOURCES.txt'
[6.094s] writing manifest file '../build/pyListener/pyListener.egg-info/SOURCES.txt'
[6.095s] running build
[6.095s] running build_py
[6.096s] copying pyListener/pyListener.py -> /home/sunrise/pyListener/build/pyListener/build/lib/pyListener
[6.097s] running install
[6.099s] running install_lib
[6.104s] copying /home/sunrise/pyListener/build/pyListener/build/lib/pyListener/pyListener.py -> /home/sunrise/pyListener/install/pyListener/lib/python3.10/site-packages/pyListener
[6.107s] byte-compiling /home/sunrise/pyListener/install/pyListener/lib/python3.10/site-packages/pyListener/pyListener.py to pyListener.cpython-310.pyc
[6.113s] running install_data
[6.114s] running install_egg_info
[6.124s] removing '/home/sunrise/pyListener/install/pyListener/lib/python3.10/site-packages/pyListener-0.0.0-py3.10.egg-info' (and everything under it)
[6.126s] Copying ../build/pyListener/pyListener.egg-info to /home/sunrise/pyListener/install/pyListener/lib/python3.10/site-packages/pyListener-0.0.0-py3.10.egg-info
[6.130s] running install_scripts
[6.252s] Installing pyListener script to /home/sunrise/pyListener/install/pyListener/lib/pyListener
[6.254s] writing list of installed files to '/home/sunrise/pyListener/build/pyListener/install.log'
[6.454s] Invoked command in '/home/sunrise/pyListener/pyListener' returned '0': CONDA_PROMPT_MODIFIER=(base) PYTHONPATH=/home/sunrise/pyListener/build/pyListener/prefix_override:/usr/lib/python3/dist-packages/colcon_core/task/python/colcon_distutils_commands:/home/sunrise/pyListener/install/pyListener/lib/python3.10/site-packages:${PYTHONPATH} /usr/bin/python3 -W ignore:setup.py install is deprecated -W ignore:easy_install command is deprecated setup.py egg_info --egg-base ../build/pyListener build --build-base /home/sunrise/pyListener/build/pyListener/build install --record /home/sunrise/pyListener/build/pyListener/install.log --single-version-externally-managed install_data
